MPASM  5.37                           LCD.ASM   1-21-2019  0:30:28         PAGE  1


LOC  OBJECT CODE     LINE SOURCE TEXT
  VALUE

                      00001 #INCLUDE<P16F877A.INC>
                      00001         LIST
                      00002 ; P16F877A.INC  Standard Header File, Version 1.00    Microchip Technology, Inc.
                      00400         LIST
Warning[205]: Found directive in column 1. (__config)
2007   3F31           00002 __config H'3F31'
                      00003 
                      00004 
  00000023            00005 SAYAC1 EQU 0X23
  00000024            00006 SAYAC2 EQU 0X24
  00000025            00007 ZAMAN1 EQU 0X25
  00000026            00008 ZAMAN2 EQU 0X26
  00000027            00009 TEMP EQU 0X27
  00000028            00010 BASAMAKY EQU 0X28
  00000029            00011 BASAMAKO EQU 0X29
  00000030            00012 BASAMAKB EQU 0X30
                      00013 
Warning[205]: Found directive in column 1. (ORG)
0000                  00014 ORG 0X00
0000                  00015 ANAPROGRAM
Warning[205]: Found directive in column 1. (BANKSEL)
0000   1683 1303      00016 BANKSEL TRISA
Warning[203]: Found opcode in column 1. (MOVLW)
0002   30FF           00017 MOVLW D'255'
Warning[203]: Found opcode in column 1. (MOVWF)
Message[302]: Register in operand not in bank 0.  Ensure that bank bits are correct.
0003   0085           00018 MOVWF TRISA
Warning[205]: Found directive in column 1. (BANKSEL)
0004   1683 1303      00019 BANKSEL ADCON1
Warning[203]: Found opcode in column 1. (MOVLW)
0006   3000           00020 MOVLW B'00000000'
Warning[203]: Found opcode in column 1. (MOVWF)
Message[302]: Register in operand not in bank 0.  Ensure that bank bits are correct.
0007   009F           00021 MOVWF ADCON1
Warning[205]: Found directive in column 1. (BANKSEL)
0008   1683 1303      00022 BANKSEL TRISB
Warning[203]: Found opcode in column 1. (CLRF)
Message[302]: Register in operand not in bank 0.  Ensure that bank bits are correct.
000A   0186           00023 CLRF TRISB
Warning[203]: Found opcode in column 1. (CLRF)
Message[302]: Register in operand not in bank 0.  Ensure that bank bits are correct.
000B   0187           00024 CLRF TRISC
Warning[205]: Found directive in column 1. (BANKSEL)
000C   1283 1303      00025 BANKSEL PORTB
Warning[203]: Found opcode in column 1. (CLRF)
000E   0186           00026 CLRF PORTB
Warning[203]: Found opcode in column 1. (CLRF)
000F   0187           00027 CLRF PORTC
Warning[203]: Found opcode in column 1. (CLRF)
0010   01A3           00028 CLRF SAYAC1
Warning[203]: Found opcode in column 1. (CLRF)
0011   01A4           00029 CLRF SAYAC2
                      00030 
MPASM  5.37                           LCD.ASM   1-21-2019  0:30:28         PAGE  2


LOC  OBJECT CODE     LINE SOURCE TEXT
  VALUE

Warning[203]: Found opcode in column 1. (CALL)
0012   204D           00031 CALL TEMIZLE
Warning[203]: Found opcode in column 1. (CALL)
0013   2054           00032 CALL YAZ
                      00033 
0014                  00034 SONSUZ
Warning[203]: Found opcode in column 1. (GOTO)
0014   2814           00035 GOTO SONSUZ
                      00036 
                      00037 
                      00038 
                      00039 
0015                  00040 KONTROL
Warning[205]: Found directive in column 1. (BANKSEL)
0015   1283 1303      00041 BANKSEL ADCON0
Warning[203]: Found opcode in column 1. (MOVLW)
0017   3029           00042 MOVLW B'00101001'
Warning[203]: Found opcode in column 1. (MOVWF)
0018   009F           00043 MOVWF ADCON0
Warning[203]: Found opcode in column 1. (BSF)
0019   151F           00044 BSF ADCON0,GO
                      00045 
Warning[203]: Found opcode in column 1. (BTFSC)
001A   191F           00046 BTFSC ADCON0,GO
Warning[203]: Found opcode in column 1. (GOTO)
001B   281A           00047 GOTO $-1
Warning[205]: Found directive in column 1. (BANKSEL)
001C   1283 1303      00048 BANKSEL ADRESH
Warning[203]: Found opcode in column 1. (MOVF)
001E   081E           00049 MOVF ADRESH,W
Warning[203]: Found opcode in column 1. (MOVWF)
001F   00A7           00050 MOVWF TEMP
Warning[203]: Found opcode in column 1. (CALL)
0020   2022           00051 CALL BASAMAKBULMA
Warning[203]: Found opcode in column 1. (GOTO)
0021   2815           00052 GOTO KONTROL
                      00053 
                      00054 
                      00055 
0022                  00056 BASAMAKBULMA
Warning[203]: Found opcode in column 1. (CLRF)
0022   01A8           00057 CLRF BASAMAKY
Warning[203]: Found opcode in column 1. (CLRF)
0023   01B0           00058 CLRF BASAMAKB
Warning[203]: Found opcode in column 1. (CLRF)
0024   01A9           00059 CLRF BASAMAKO
                      00060 
0025                  00061 YUZLER
Warning[203]: Found opcode in column 1. (MOVLW)
0025   3064           00062 MOVLW D'100'
Warning[203]: Found opcode in column 1. (SUBWF)
0026   02A7           00063 SUBWF TEMP,F
Warning[203]: Found opcode in column 1. (BTFSS)
MPASM  5.37                           LCD.ASM   1-21-2019  0:30:28         PAGE  3


LOC  OBJECT CODE     LINE SOURCE TEXT
  VALUE

0027   1C03           00064 BTFSS STATUS,C
Warning[203]: Found opcode in column 1. (GOTO)
0028   282B           00065 GOTO ONLAR
Warning[203]: Found opcode in column 1. (INCF)
0029   0AA8           00066 INCF BASAMAKY,F
Warning[203]: Found opcode in column 1. (GOTO)
002A   2825           00067 GOTO YUZLER
                      00068 
002B                  00069 ONLAR
Warning[203]: Found opcode in column 1. (MOVLW)
002B   3064           00070 MOVLW D'100'
Warning[203]: Found opcode in column 1. (ADDWF)
002C   07A7           00071 ADDWF TEMP,F
                      00072 
002D                  00073 ONLAR2
Warning[203]: Found opcode in column 1. (MOVLW)
002D   300A           00074 MOVLW D'10'
Warning[203]: Found opcode in column 1. (SUBWF)
002E   02A7           00075 SUBWF TEMP,F
Warning[203]: Found opcode in column 1. (BTFSS)
002F   1C03           00076 BTFSS STATUS,C
Warning[203]: Found opcode in column 1. (GOTO)
0030   2833           00077 GOTO BIRLER
Warning[203]: Found opcode in column 1. (INCF)
0031   0AA9           00078 INCF BASAMAKO,F
Warning[203]: Found opcode in column 1. (GOTO)
0032   282D           00079 GOTO ONLAR2
                      00080 
0033                  00081 BIRLER
Warning[203]: Found opcode in column 1. (MOVLW)
0033   300A           00082 MOVLW D'10'
Warning[203]: Found opcode in column 1. (ADDWF)
0034   07A7           00083 ADDWF TEMP,F
Warning[203]: Found opcode in column 1. (MOVF)
0035   0827           00084 MOVF TEMP,W
Warning[203]: Found opcode in column 1. (MOVWF)
0036   00B0           00085 MOVWF BASAMAKB
                      00086 
                      00087 
                      00088 
0037                  00089 ANALOGYAZ
Warning[203]: Found opcode in column 1. (MOVLW)
0037   3080           00090 MOVLW 0X80
Warning[203]: Found opcode in column 1. (CALL)
0038   2069           00091 CALL KOMUTYAZ
Warning[205]: Found directive in column 1. (BANKSEL)
0039   1283 1303      00092 BANKSEL PORTC
Warning[203]: Found opcode in column 1. (MOVF)
003B   0828           00093 MOVF BASAMAKY,W
Warning[203]: Found opcode in column 1. (ADDLW)
003C   3E30           00094 ADDLW D'48'
Warning[203]: Found opcode in column 1. (CALL)
003D   2071           00095 CALL KARAKTERYAZ
MPASM  5.37                           LCD.ASM   1-21-2019  0:30:28         PAGE  4


LOC  OBJECT CODE     LINE SOURCE TEXT
  VALUE

Warning[203]: Found opcode in column 1. (MOVLW)
003E   3081           00096 MOVLW 0X81
Warning[203]: Found opcode in column 1. (CALL)
003F   2069           00097 CALL KOMUTYAZ
Warning[205]: Found directive in column 1. (BANKSEL)
0040   1283 1303      00098 BANKSEL PORTC
Warning[203]: Found opcode in column 1. (MOVF)
0042   0829           00099 MOVF BASAMAKO,W
Warning[203]: Found opcode in column 1. (ADDLW)
0043   3E30           00100 ADDLW D'48'
Warning[203]: Found opcode in column 1. (CALL)
0044   2071           00101 CALL KARAKTERYAZ
Warning[203]: Found opcode in column 1. (MOVLW)
0045   3082           00102 MOVLW 0X82
Warning[203]: Found opcode in column 1. (CALL)
0046   2069           00103 CALL KOMUTYAZ
Warning[205]: Found directive in column 1. (BANKSEL)
0047   1283 1303      00104 BANKSEL PORTC
Warning[203]: Found opcode in column 1. (MOVF)
0049   0830           00105 MOVF BASAMAKB,W
Warning[203]: Found opcode in column 1. (ADDLW)
004A   3E30           00106 ADDLW D'48'
Warning[203]: Found opcode in column 1. (CALL)
004B   2071           00107 CALL KARAKTERYAZ
Warning[203]: Found opcode in column 1. (RETURN)
004C   0008           00108 RETURN
                      00109 
                      00110 
004D                  00111 TEMIZLE
Warning[203]: Found opcode in column 1. (MOVLW)
004D   3002           00112 MOVLW 0X02
Warning[203]: Found opcode in column 1. (CALL)
004E   2069           00113 CALL KOMUTYAZ
Warning[203]: Found opcode in column 1. (MOVLW)
004F   3038           00114 MOVLW 0X38
Warning[203]: Found opcode in column 1. (CALL)
0050   2069           00115 CALL KOMUTYAZ
Warning[203]: Found opcode in column 1. (MOVLW)
0051   300C           00116 MOVLW 0X0C
Warning[203]: Found opcode in column 1. (CALL)
0052   2069           00117 CALL KOMUTYAZ
Warning[203]: Found opcode in column 1. (RETURN)
0053   0008           00118 RETURN
                      00119 
                      00120 
0054                  00121 YAZ
Warning[205]: Found directive in column 1. (BANKSEL)
0054   1283 1303      00122 BANKSEL PORTC
Warning[203]: Found opcode in column 1. (MOVF)
0056   0823           00123 MOVF SAYAC1,W
Warning[203]: Found opcode in column 1. (CALL)
0057   2079           00124 CALL LOOKUP
Warning[203]: Found opcode in column 1. (CALL)
MPASM  5.37                           LCD.ASM   1-21-2019  0:30:28         PAGE  5


LOC  OBJECT CODE     LINE SOURCE TEXT
  VALUE

0058   2071           00125 CALL KARAKTERYAZ
Warning[203]: Found opcode in column 1. (INCF)
0059   0AA3           00126 INCF SAYAC1,F
Warning[203]: Found opcode in column 1. (MOVF)
005A   0823           00127 MOVF SAYAC1,W
Warning[203]: Found opcode in column 1. (SUBLW)
005B   3C07           00128 SUBLW D'7'
Warning[203]: Found opcode in column 1. (BTFSS)
005C   1D03           00129 BTFSS STATUS,Z
Warning[203]: Found opcode in column 1. (GOTO)
005D   2854           00130 GOTO YAZ
Warning[203]: Found opcode in column 1. (MOVLW)
005E   30C0           00131 MOVLW 0XC0
Warning[203]: Found opcode in column 1. (CALL)
005F   2069           00132 CALL KOMUTYAZ
                      00133 
0060                  00134 YAZ2
Warning[203]: Found opcode in column 1. (MOVF)
0060   0824           00135 MOVF SAYAC2,W
Warning[203]: Found opcode in column 1. (CALL)
0061   2082           00136 CALL LOOKUP2
Warning[203]: Found opcode in column 1. (CALL)
0062   2071           00137 CALL KARAKTERYAZ
Warning[203]: Found opcode in column 1. (INCF)
0063   0AA4           00138 INCF SAYAC2,F
Warning[203]: Found opcode in column 1. (MOVF)
0064   0824           00139 MOVF SAYAC2,W
Warning[203]: Found opcode in column 1. (SUBLW)
0065   3C05           00140 SUBLW D'5'
Warning[203]: Found opcode in column 1. (BTFSS)
0066   1D03           00141 BTFSS STATUS,Z
Warning[203]: Found opcode in column 1. (GOTO)
0067   2860           00142 GOTO YAZ2
Warning[203]: Found opcode in column 1. (RETURN)
0068   0008           00143 RETURN
                      00144 
                      00145 
                      00146 
0069                  00147 KOMUTYAZ
Warning[205]: Found directive in column 1. (BANKSEL)
0069   1283 1303      00148 BANKSEL PORTC
Warning[203]: Found opcode in column 1. (MOVWF)
006B   0087           00149 MOVWF PORTC
Warning[203]: Found opcode in column 1. (BCF)
006C   1206           00150 BCF PORTB,4
Warning[203]: Found opcode in column 1. (BSF)
006D   1706           00151 BSF PORTB,6
Warning[203]: Found opcode in column 1. (CALL)
006E   2089           00152 CALL GECIKME
Warning[203]: Found opcode in column 1. (BCF)
006F   1306           00153 BCF PORTB,6
Warning[203]: Found opcode in column 1. (RETURN)
0070   0008           00154 RETURN
MPASM  5.37                           LCD.ASM   1-21-2019  0:30:28         PAGE  6


LOC  OBJECT CODE     LINE SOURCE TEXT
  VALUE

                      00155 
0071                  00156 KARAKTERYAZ
Warning[205]: Found directive in column 1. (BANKSEL)
0071   1283 1303      00157 BANKSEL PORTC
Warning[203]: Found opcode in column 1. (MOVWF)
0073   0087           00158 MOVWF PORTC
Warning[203]: Found opcode in column 1. (BSF)
0074   1606           00159 BSF PORTB,4
Warning[203]: Found opcode in column 1. (BSF)
0075   1706           00160 BSF PORTB,6
Warning[203]: Found opcode in column 1. (CALL)
0076   2089           00161 CALL GECIKME
Warning[203]: Found opcode in column 1. (BCF)
0077   1306           00162 BCF PORTB,6
Warning[203]: Found opcode in column 1. (RETURN)
0078   0008           00163 RETURN
                      00164 
                      00165 
                      00166 
0079                  00167 LOOKUP
Warning[203]: Found opcode in column 1. (ADDWF)
0079   0782           00168 ADDWF PCL,F
Warning[203]: Found opcode in column 1. (RETLW)
007A   3449           00169 RETLW 'I'
Warning[203]: Found opcode in column 1. (RETLW)
007B   3442           00170 RETLW 'B'
Warning[203]: Found opcode in column 1. (RETLW)
007C   3452           00171 RETLW 'R'
Warning[203]: Found opcode in column 1. (RETLW)
007D   3441           00172 RETLW 'A'
Warning[203]: Found opcode in column 1. (RETLW)
007E   3448           00173 RETLW 'H'
Warning[203]: Found opcode in column 1. (RETLW)
007F   3449           00174 RETLW 'I'
Warning[203]: Found opcode in column 1. (RETLW)
0080   344D           00175 RETLW 'M'
Warning[203]: Found opcode in column 1. (RETURN)
0081   0008           00176 RETURN
                      00177 
0082                  00178 LOOKUP2
Warning[203]: Found opcode in column 1. (ADDWF)
0082   0782           00179 ADDWF PCL,F
Warning[203]: Found opcode in column 1. (RETLW)
0083   3444           00180 RETLW 'D'
Warning[203]: Found opcode in column 1. (RETLW)
0084   3455           00181 RETLW 'U'
Warning[203]: Found opcode in column 1. (RETLW)
0085   3459           00182 RETLW 'Y'
Warning[203]: Found opcode in column 1. (RETLW)
0086   3447           00183 RETLW 'G'
Warning[203]: Found opcode in column 1. (RETLW)
0087   3455           00184 RETLW 'U'
                      00185 
MPASM  5.37                           LCD.ASM   1-21-2019  0:30:28         PAGE  7


LOC  OBJECT CODE     LINE SOURCE TEXT
  VALUE

Warning[203]: Found opcode in column 1. (RETURN)
0088   0008           00186 RETURN
                      00187 
                      00188 
                      00189 
                      00190 
                      00191 
                      00192 
0089                  00193 GECIKME
Warning[203]: Found opcode in column 1. (MOVLW)
0089   30FF           00194 MOVLW D'255'
Warning[203]: Found opcode in column 1. (MOVWF)
008A   00A5           00195 MOVWF ZAMAN1
008B                  00196 GECIKME2
Warning[203]: Found opcode in column 1. (MOVLW)
008B   30FF           00197 MOVLW D'255'
Warning[203]: Found opcode in column 1. (MOVWF)
008C   00A6           00198 MOVWF ZAMAN2
008D                  00199 GECIK
Warning[203]: Found opcode in column 1. (DECFSZ)
008D   0BA6           00200 DECFSZ ZAMAN2,F
Warning[203]: Found opcode in column 1. (GOTO)
008E   288D           00201 GOTO $-1
Warning[203]: Found opcode in column 1. (DECFSZ)
008F   0BA5           00202 DECFSZ ZAMAN1,F
Warning[203]: Found opcode in column 1. (GOTO)
0090   288B           00203 GOTO GECIKME2
Warning[203]: Found opcode in column 1. (RETURN)
0091   0008           00204 RETURN
                      00205 
                      00206 
                      00207 
                      00208 
                      00209 
                      00210 
                      00211 
                      00212 
                      00213 
Warning[205]: Found directive in column 1. (END)
                      00214 END
MPASM  5.37                           LCD.ASM   1-21-2019  0:30:28         PAGE  8


SYMBOL TABLE
  LABEL                             VALUE 

ACKDT                             00000005
ACKEN                             00000004
ACKSTAT                           00000006
ADCON0                            0000001F
ADCON1                            0000009F
ADCS0                             00000006
ADCS1                             00000007
ADCS2                             00000006
ADDEN                             00000003
ADFM                              00000007
ADIE                              00000006
ADIF                              00000006
ADON                              00000000
ADRESH                            0000001E
ADRESL                            0000009E
ANALOGYAZ                         00000037
ANAPROGRAM                        00000000
BASAMAKB                          00000030
BASAMAKBULMA                      00000022
BASAMAKO                          00000029
BASAMAKY                          00000028
BCLIE                             00000003
BCLIF                             00000003
BF                                00000000
BIRLER                            00000033
BRGH                              00000002
C                                 00000000
C1INV                             00000004
C1OUT                             00000006
C2INV                             00000005
C2OUT                             00000007
CCP1CON                           00000017
CCP1IE                            00000002
CCP1IF                            00000002
CCP1M0                            00000000
CCP1M1                            00000001
CCP1M2                            00000002
CCP1M3                            00000003
CCP1X                             00000005
CCP1Y                             00000004
CCP2CON                           0000001D
CCP2IE                            00000000
CCP2IF                            00000000
CCP2M0                            00000000
CCP2M1                            00000001
CCP2M2                            00000002
CCP2M3                            00000003
CCP2X                             00000005
CCP2Y                             00000004
CCPR1H                            00000016
CCPR1L                            00000015
CCPR2H                            0000001C
CCPR2L                            0000001B
MPASM  5.37                           LCD.ASM   1-21-2019  0:30:28         PAGE  9


SYMBOL TABLE
  LABEL                             VALUE 

CHS0                              00000003
CHS1                              00000004
CHS2                              00000005
CIS                               00000003
CKE                               00000006
CKP                               00000004
CM0                               00000000
CM1                               00000001
CM2                               00000002
CMCON                             0000009C
CMIE                              00000006
CMIF                              00000006
CREN                              00000004
CSRC                              00000007
CVR0                              00000000
CVR1                              00000001
CVR2                              00000002
CVR3                              00000003
CVRCON                            0000009D
CVREN                             00000007
CVROE                             00000006
CVRR                              00000005
D                                 00000005
DATA_ADDRESS                      00000005
DC                                00000001
D_A                               00000005
EEADR                             0000010D
EEADRH                            0000010F
EECON1                            0000018C
EECON2                            0000018D
EEDATA                            0000010C
EEDATH                            0000010E
EEIE                              00000004
EEIF                              00000004
EEPGD                             00000007
F                                 00000001
FERR                              00000002
FSR                               00000004
GCEN                              00000007
GECIK                             0000008D
GECIKME                           00000089
GECIKME2                          0000008B
GIE                               00000007
GO                                00000002
GO_DONE                           00000002
I2C_DATA                          00000005
I2C_READ                          00000002
I2C_START                         00000003
I2C_STOP                          00000004
IBF                               00000007
IBOV                              00000005
INDF                              00000000
INTCON                            0000000B
MPASM  5.37                           LCD.ASM   1-21-2019  0:30:28         PAGE 10


SYMBOL TABLE
  LABEL                             VALUE 

INTE                              00000004
INTEDG                            00000006
INTF                              00000001
IRP                               00000007
KARAKTERYAZ                       00000071
KOMUTYAZ                          00000069
KONTROL                           00000015
LOOKUP                            00000079
LOOKUP2                           00000082
NOT_A                             00000005
NOT_ADDRESS                       00000005
NOT_BO                            00000000
NOT_BOR                           00000000
NOT_DONE                          00000002
NOT_PD                            00000003
NOT_POR                           00000001
NOT_RBPU                          00000007
NOT_RC8                           00000006
NOT_T1SYNC                        00000002
NOT_TO                            00000004
NOT_TX8                           00000006
NOT_W                             00000002
NOT_WRITE                         00000002
OBF                               00000006
OERR                              00000001
ONLAR                             0000002B
ONLAR2                            0000002D
OPTION_REG                        00000081
P                                 00000004
PCFG0                             00000000
PCFG1                             00000001
PCFG2                             00000002
PCFG3                             00000003
PCL                               00000002
PCLATH                            0000000A
PCON                              0000008E
PEIE                              00000006
PEN                               00000002
PIE1                              0000008C
PIE2                              0000008D
PIR1                              0000000C
PIR2                              0000000D
PORTA                             00000005
PORTB                             00000006
PORTC                             00000007
PORTD                             00000008
PORTE                             00000009
PR2                               00000092
PS0                               00000000
PS1                               00000001
PS2                               00000002
PSA                               00000003
PSPIE                             00000007
MPASM  5.37                           LCD.ASM   1-21-2019  0:30:28         PAGE 11


SYMBOL TABLE
  LABEL                             VALUE 

PSPIF                             00000007
PSPMODE                           00000004
R                                 00000002
RBIE                              00000003
RBIF                              00000000
RC8_9                             00000006
RC9                               00000006
RCD8                              00000000
RCEN                              00000003
RCIE                              00000005
RCIF                              00000005
RCREG                             0000001A
RCSTA                             00000018
RD                                00000000
READ_WRITE                        00000002
RP0                               00000005
RP1                               00000006
RSEN                              00000001
RX9                               00000006
RX9D                              00000000
R_W                               00000002
S                                 00000003
SAYAC1                            00000023
SAYAC2                            00000024
SEN                               00000000
SMP                               00000007
SONSUZ                            00000014
SPBRG                             00000099
SPEN                              00000007
SREN                              00000005
SSPADD                            00000093
SSPBUF                            00000013
SSPCON                            00000014
SSPCON2                           00000091
SSPEN                             00000005
SSPIE                             00000003
SSPIF                             00000003
SSPM0                             00000000
SSPM1                             00000001
SSPM2                             00000002
SSPM3                             00000003
SSPOV                             00000006
SSPSTAT                           00000094
STATUS                            00000003
SYNC                              00000004
T0CS                              00000005
T0IE                              00000005
T0IF                              00000002
T0SE                              00000004
T1CKPS0                           00000004
T1CKPS1                           00000005
T1CON                             00000010
T1INSYNC                          00000002
MPASM  5.37                           LCD.ASM   1-21-2019  0:30:28         PAGE 12


SYMBOL TABLE
  LABEL                             VALUE 

T1OSCEN                           00000003
T1SYNC                            00000002
T2CKPS0                           00000000
T2CKPS1                           00000001
T2CON                             00000012
TEMIZLE                           0000004D
TEMP                              00000027
TMR0                              00000001
TMR0IE                            00000005
TMR0IF                            00000002
TMR1CS                            00000001
TMR1H                             0000000F
TMR1IE                            00000000
TMR1IF                            00000000
TMR1L                             0000000E
TMR1ON                            00000000
TMR2                              00000011
TMR2IE                            00000001
TMR2IF                            00000001
TMR2ON                            00000002
TOUTPS0                           00000003
TOUTPS1                           00000004
TOUTPS2                           00000005
TOUTPS3                           00000006
TRISA                             00000085
TRISB                             00000086
TRISC                             00000087
TRISD                             00000088
TRISE                             00000089
TRISE0                            00000000
TRISE1                            00000001
TRISE2                            00000002
TRMT                              00000001
TX8_9                             00000006
TX9                               00000006
TX9D                              00000000
TXD8                              00000000
TXEN                              00000005
TXIE                              00000004
TXIF                              00000004
TXREG                             00000019
TXSTA                             00000098
UA                                00000001
W                                 00000000
WCOL                              00000007
WR                                00000001
WREN                              00000002
WRERR                             00000003
YAZ                               00000054
YAZ2                              00000060
YUZLER                            00000025
Z                                 00000002
ZAMAN1                            00000025
MPASM  5.37                           LCD.ASM   1-21-2019  0:30:28         PAGE 13


SYMBOL TABLE
  LABEL                             VALUE 

ZAMAN2                            00000026
_BODEN_OFF                        00003FBF
_BODEN_ON                         00003FFF
_CPD_OFF                          00003FFF
_CPD_ON                           00003EFF
_CP_ALL                           00001FFF
_CP_OFF                           00003FFF
_DEBUG_OFF                        00003FFF
_DEBUG_ON                         000037FF
_HS_OSC                           00003FFE
_LP_OSC                           00003FFC
_LVP_OFF                          00003F7F
_LVP_ON                           00003FFF
_PWRTE_OFF                        00003FFF
_PWRTE_ON                         00003FF7
_RC_OSC                           00003FFF
_WDT_OFF                          00003FFB
_WDT_ON                           00003FFF
_WRT_1FOURTH                      00003BFF
_WRT_256                          00003DFF
_WRT_HALF                         000039FF
_WRT_OFF                          00003FFF
_XT_OSC                           00003FFD
__16F877A                         00000001
__DEBUG                           1


MEMORY USAGE MAP ('X' = Used,  '-' = Unused)

0000 : XXXXXXXXXXXXXXXX XXXXXXXXXXXXXXXX XXXXXXXXXXXXXXXX XXXXXXXXXXXXXXXX
0040 : XXXXXXXXXXXXXXXX XXXXXXXXXXXXXXXX XXXXXXXXXXXXXXXX XXXXXXXXXXXXXXXX
0080 : XXXXXXXXXXXXXXXX XX-------------- ---------------- ----------------
2000 : -------X-------- ---------------- ---------------- ----------------

All other memory blocks unused.

Program Memory Words Used:   146
Program Memory Words Free:  8046


Errors   :     0
Warnings :   137 reported,     0 suppressed
Messages :     4 reported,     0 suppressed

