Warning[205] C:\USERS\RAMAZHAN\DESKTOP\MIKROISLEMCI PROJELER\MIKROBüT\LCD\LCD.ASM 2 : Found directive in column 1. (__config)
Warning[205] C:\USERS\RAMAZHAN\DESKTOP\MIKROISLEMCI PROJELER\MIKROBüT\LCD\LCD.ASM 14 : Found directive in column 1. (ORG)
Warning[205] C:\USERS\RAMAZHAN\DESKTOP\MIKROISLEMCI PROJELER\MIKROBüT\LCD\LCD.ASM 16 : Found directive in column 1. (BANKSEL)
Warning[203] C:\USERS\RAMAZHAN\DESKTOP\MIKROISLEMCI PROJELER\MIKROBüT\LCD\LCD.ASM 17 : Found opcode in column 1. (MOVLW)
Warning[203] C:\USERS\RAMAZHAN\DESKTOP\MIKROISLEMCI PROJELER\MIKROBüT\LCD\LCD.ASM 18 : Found opcode in column 1. (MOVWF)
Message[302] C:\USERS\RAMAZHAN\DESKTOP\MIKROISLEMCI PROJELER\MIKROBüT\LCD\LCD.ASM 18 : Register in operand not in bank 0.  Ensure that bank bits are correct.
Warning[205] C:\USERS\RAMAZHAN\DESKTOP\MIKROISLEMCI PROJELER\MIKROBüT\LCD\LCD.ASM 19 : Found directive in column 1. (BANKSEL)
Warning[203] C:\USERS\RAMAZHAN\DESKTOP\MIKROISLEMCI PROJELER\MIKROBüT\LCD\LCD.ASM 20 : Found opcode in column 1. (MOVLW)
Warning[203] C:\USERS\RAMAZHAN\DESKTOP\MIKROISLEMCI PROJELER\MIKROBüT\LCD\LCD.ASM 21 : Found opcode in column 1. (MOVWF)
Message[302] C:\USERS\RAMAZHAN\DESKTOP\MIKROISLEMCI PROJELER\MIKROBüT\LCD\LCD.ASM 21 : Register in operand not in bank 0.  Ensure that bank bits are correct.
Warning[205] C:\USERS\RAMAZHAN\DESKTOP\MIKROISLEMCI PROJELER\MIKROBüT\LCD\LCD.ASM 22 : Found directive in column 1. (BANKSEL)
Warning[203] C:\USERS\RAMAZHAN\DESKTOP\MIKROISLEMCI PROJELER\MIKROBüT\LCD\LCD.ASM 23 : Found opcode in column 1. (CLRF)
Message[302] C:\USERS\RAMAZHAN\DESKTOP\MIKROISLEMCI PROJELER\MIKROBüT\LCD\LCD.ASM 23 : Register in operand not in bank 0.  Ensure that bank bits are correct.
Warning[203] C:\USERS\RAMAZHAN\DESKTOP\MIKROISLEMCI PROJELER\MIKROBüT\LCD\LCD.ASM 24 : Found opcode in column 1. (CLRF)
Message[302] C:\USERS\RAMAZHAN\DESKTOP\MIKROISLEMCI PROJELER\MIKROBüT\LCD\LCD.ASM 24 : Register in operand not in bank 0.  Ensure that bank bits are correct.
Warning[205] C:\USERS\RAMAZHAN\DESKTOP\MIKROISLEMCI PROJELER\MIKROBüT\LCD\LCD.ASM 25 : Found directive in column 1. (BANKSEL)
Warning[203] C:\USERS\RAMAZHAN\DESKTOP\MIKROISLEMCI PROJELER\MIKROBüT\LCD\LCD.ASM 26 : Found opcode in column 1. (CLRF)
Warning[203] C:\USERS\RAMAZHAN\DESKTOP\MIKROISLEMCI PROJELER\MIKROBüT\LCD\LCD.ASM 27 : Found opcode in column 1. (CLRF)
Warning[203] C:\USERS\RAMAZHAN\DESKTOP\MIKROISLEMCI PROJELER\MIKROBüT\LCD\LCD.ASM 28 : Found opcode in column 1. (CLRF)
Warning[203] C:\USERS\RAMAZHAN\DESKTOP\MIKROISLEMCI PROJELER\MIKROBüT\LCD\LCD.ASM 29 : Found opcode in column 1. (CLRF)
Warning[203] C:\USERS\RAMAZHAN\DESKTOP\MIKROISLEMCI PROJELER\MIKROBüT\LCD\LCD.ASM 31 : Found opcode in column 1. (CALL)
Warning[203] C:\USERS\RAMAZHAN\DESKTOP\MIKROISLEMCI PROJELER\MIKROBüT\LCD\LCD.ASM 32 : Found opcode in column 1. (CALL)
Warning[203] C:\USERS\RAMAZHAN\DESKTOP\MIKROISLEMCI PROJELER\MIKROBüT\LCD\LCD.ASM 35 : Found opcode in column 1. (GOTO)
Warning[205] C:\USERS\RAMAZHAN\DESKTOP\MIKROISLEMCI PROJELER\MIKROBüT\LCD\LCD.ASM 41 : Found directive in column 1. (BANKSEL)
Warning[203] C:\USERS\RAMAZHAN\DESKTOP\MIKROISLEMCI PROJELER\MIKROBüT\LCD\LCD.ASM 42 : Found opcode in column 1. (MOVLW)
Warning[203] C:\USERS\RAMAZHAN\DESKTOP\MIKROISLEMCI PROJELER\MIKROBüT\LCD\LCD.ASM 43 : Found opcode in column 1. (MOVWF)
Warning[203] C:\USERS\RAMAZHAN\DESKTOP\MIKROISLEMCI PROJELER\MIKROBüT\LCD\LCD.ASM 44 : Found opcode in column 1. (BSF)
Warning[203] C:\USERS\RAMAZHAN\DESKTOP\MIKROISLEMCI PROJELER\MIKROBüT\LCD\LCD.ASM 46 : Found opcode in column 1. (BTFSC)
Warning[203] C:\USERS\RAMAZHAN\DESKTOP\MIKROISLEMCI PROJELER\MIKROBüT\LCD\LCD.ASM 47 : Found opcode in column 1. (GOTO)
Warning[205] C:\USERS\RAMAZHAN\DESKTOP\MIKROISLEMCI PROJELER\MIKROBüT\LCD\LCD.ASM 48 : Found directive in column 1. (BANKSEL)
Warning[203] C:\USERS\RAMAZHAN\DESKTOP\MIKROISLEMCI PROJELER\MIKROBüT\LCD\LCD.ASM 49 : Found opcode in column 1. (MOVF)
Warning[203] C:\USERS\RAMAZHAN\DESKTOP\MIKROISLEMCI PROJELER\MIKROBüT\LCD\LCD.ASM 50 : Found opcode in column 1. (MOVWF)
Warning[203] C:\USERS\RAMAZHAN\DESKTOP\MIKROISLEMCI PROJELER\MIKROBüT\LCD\LCD.ASM 51 : Found opcode in column 1. (CALL)
Warning[203] C:\USERS\RAMAZHAN\DESKTOP\MIKROISLEMCI PROJELER\MIKROBüT\LCD\LCD.ASM 52 : Found opcode in column 1. (GOTO)
Warning[203] C:\USERS\RAMAZHAN\DESKTOP\MIKROISLEMCI PROJELER\MIKROBüT\LCD\LCD.ASM 57 : Found opcode in column 1. (CLRF)
Warning[203] C:\USERS\RAMAZHAN\DESKTOP\MIKROISLEMCI PROJELER\MIKROBüT\LCD\LCD.ASM 58 : Found opcode in column 1. (CLRF)
Warning[203] C:\USERS\RAMAZHAN\DESKTOP\MIKROISLEMCI PROJELER\MIKROBüT\LCD\LCD.ASM 59 : Found opcode in column 1. (CLRF)
Warning[203] C:\USERS\RAMAZHAN\DESKTOP\MIKROISLEMCI PROJELER\MIKROBüT\LCD\LCD.ASM 62 : Found opcode in column 1. (MOVLW)
Warning[203] C:\USERS\RAMAZHAN\DESKTOP\MIKROISLEMCI PROJELER\MIKROBüT\LCD\LCD.ASM 63 : Found opcode in column 1. (SUBWF)
Warning[203] C:\USERS\RAMAZHAN\DESKTOP\MIKROISLEMCI PROJELER\MIKROBüT\LCD\LCD.ASM 64 : Found opcode in column 1. (BTFSS)
Warning[203] C:\USERS\RAMAZHAN\DESKTOP\MIKROISLEMCI PROJELER\MIKROBüT\LCD\LCD.ASM 65 : Found opcode in column 1. (GOTO)
Warning[203] C:\USERS\RAMAZHAN\DESKTOP\MIKROISLEMCI PROJELER\MIKROBüT\LCD\LCD.ASM 66 : Found opcode in column 1. (INCF)
Warning[203] C:\USERS\RAMAZHAN\DESKTOP\MIKROISLEMCI PROJELER\MIKROBüT\LCD\LCD.ASM 67 : Found opcode in column 1. (GOTO)
Warning[203] C:\USERS\RAMAZHAN\DESKTOP\MIKROISLEMCI PROJELER\MIKROBüT\LCD\LCD.ASM 70 : Found opcode in column 1. (MOVLW)
Warning[203] C:\USERS\RAMAZHAN\DESKTOP\MIKROISLEMCI PROJELER\MIKROBüT\LCD\LCD.ASM 71 : Found opcode in column 1. (ADDWF)
Warning[203] C:\USERS\RAMAZHAN\DESKTOP\MIKROISLEMCI PROJELER\MIKROBüT\LCD\LCD.ASM 74 : Found opcode in column 1. (MOVLW)
Warning[203] C:\USERS\RAMAZHAN\DESKTOP\MIKROISLEMCI PROJELER\MIKROBüT\LCD\LCD.ASM 75 : Found opcode in column 1. (SUBWF)
Warning[203] C:\USERS\RAMAZHAN\DESKTOP\MIKROISLEMCI PROJELER\MIKROBüT\LCD\LCD.ASM 76 : Found opcode in column 1. (BTFSS)
Warning[203] C:\USERS\RAMAZHAN\DESKTOP\MIKROISLEMCI PROJELER\MIKROBüT\LCD\LCD.ASM 77 : Found opcode in column 1. (GOTO)
Warning[203] C:\USERS\RAMAZHAN\DESKTOP\MIKROISLEMCI PROJELER\MIKROBüT\LCD\LCD.ASM 78 : Found opcode in column 1. (INCF)
Warning[203] C:\USERS\RAMAZHAN\DESKTOP\MIKROISLEMCI PROJELER\MIKROBüT\LCD\LCD.ASM 79 : Found opcode in column 1. (GOTO)
Warning[203] C:\USERS\RAMAZHAN\DESKTOP\MIKROISLEMCI PROJELER\MIKROBüT\LCD\LCD.ASM 82 : Found opcode in column 1. (MOVLW)
Warning[203] C:\USERS\RAMAZHAN\DESKTOP\MIKROISLEMCI PROJELER\MIKROBüT\LCD\LCD.ASM 83 : Found opcode in column 1. (ADDWF)
Warning[203] C:\USERS\RAMAZHAN\DESKTOP\MIKROISLEMCI PROJELER\MIKROBüT\LCD\LCD.ASM 84 : Found opcode in column 1. (MOVF)
Warning[203] C:\USERS\RAMAZHAN\DESKTOP\MIKROISLEMCI PROJELER\MIKROBüT\LCD\LCD.ASM 85 : Found opcode in column 1. (MOVWF)
Warning[203] C:\USERS\RAMAZHAN\DESKTOP\MIKROISLEMCI PROJELER\MIKROBüT\LCD\LCD.ASM 90 : Found opcode in column 1. (MOVLW)
Warning[203] C:\USERS\RAMAZHAN\DESKTOP\MIKROISLEMCI PROJELER\MIKROBüT\LCD\LCD.ASM 91 : Found opcode in column 1. (CALL)
Warning[205] C:\USERS\RAMAZHAN\DESKTOP\MIKROISLEMCI PROJELER\MIKROBüT\LCD\LCD.ASM 92 : Found directive in column 1. (BANKSEL)
Warning[203] C:\USERS\RAMAZHAN\DESKTOP\MIKROISLEMCI PROJELER\MIKROBüT\LCD\LCD.ASM 93 : Found opcode in column 1. (MOVF)
Warning[203] C:\USERS\RAMAZHAN\DESKTOP\MIKROISLEMCI PROJELER\MIKROBüT\LCD\LCD.ASM 94 : Found opcode in column 1. (ADDLW)
Warning[203] C:\USERS\RAMAZHAN\DESKTOP\MIKROISLEMCI PROJELER\MIKROBüT\LCD\LCD.ASM 95 : Found opcode in column 1. (CALL)
Warning[203] C:\USERS\RAMAZHAN\DESKTOP\MIKROISLEMCI PROJELER\MIKROBüT\LCD\LCD.ASM 96 : Found opcode in column 1. (MOVLW)
Warning[203] C:\USERS\RAMAZHAN\DESKTOP\MIKROISLEMCI PROJELER\MIKROBüT\LCD\LCD.ASM 97 : Found opcode in column 1. (CALL)
Warning[205] C:\USERS\RAMAZHAN\DESKTOP\MIKROISLEMCI PROJELER\MIKROBüT\LCD\LCD.ASM 98 : Found directive in column 1. (BANKSEL)
Warning[203] C:\USERS\RAMAZHAN\DESKTOP\MIKROISLEMCI PROJELER\MIKROBüT\LCD\LCD.ASM 99 : Found opcode in column 1. (MOVF)
Warning[203] C:\USERS\RAMAZHAN\DESKTOP\MIKROISLEMCI PROJELER\MIKROBüT\LCD\LCD.ASM 100 : Found opcode in column 1. (ADDLW)
Warning[203] C:\USERS\RAMAZHAN\DESKTOP\MIKROISLEMCI PROJELER\MIKROBüT\LCD\LCD.ASM 101 : Found opcode in column 1. (CALL)
Warning[203] C:\USERS\RAMAZHAN\DESKTOP\MIKROISLEMCI PROJELER\MIKROBüT\LCD\LCD.ASM 102 : Found opcode in column 1. (MOVLW)
Warning[203] C:\USERS\RAMAZHAN\DESKTOP\MIKROISLEMCI PROJELER\MIKROBüT\LCD\LCD.ASM 103 : Found opcode in column 1. (CALL)
Warning[205] C:\USERS\RAMAZHAN\DESKTOP\MIKROISLEMCI PROJELER\MIKROBüT\LCD\LCD.ASM 104 : Found directive in column 1. (BANKSEL)
Warning[203] C:\USERS\RAMAZHAN\DESKTOP\MIKROISLEMCI PROJELER\MIKROBüT\LCD\LCD.ASM 105 : Found opcode in column 1. (MOVF)
Warning[203] C:\USERS\RAMAZHAN\DESKTOP\MIKROISLEMCI PROJELER\MIKROBüT\LCD\LCD.ASM 106 : Found opcode in column 1. (ADDLW)
Warning[203] C:\USERS\RAMAZHAN\DESKTOP\MIKROISLEMCI PROJELER\MIKROBüT\LCD\LCD.ASM 107 : Found opcode in column 1. (CALL)
Warning[203] C:\USERS\RAMAZHAN\DESKTOP\MIKROISLEMCI PROJELER\MIKROBüT\LCD\LCD.ASM 108 : Found opcode in column 1. (RETURN)
Warning[203] C:\USERS\RAMAZHAN\DESKTOP\MIKROISLEMCI PROJELER\MIKROBüT\LCD\LCD.ASM 112 : Found opcode in column 1. (MOVLW)
Warning[203] C:\USERS\RAMAZHAN\DESKTOP\MIKROISLEMCI PROJELER\MIKROBüT\LCD\LCD.ASM 113 : Found opcode in column 1. (CALL)
Warning[203] C:\USERS\RAMAZHAN\DESKTOP\MIKROISLEMCI PROJELER\MIKROBüT\LCD\LCD.ASM 114 : Found opcode in column 1. (MOVLW)
Warning[203] C:\USERS\RAMAZHAN\DESKTOP\MIKROISLEMCI PROJELER\MIKROBüT\LCD\LCD.ASM 115 : Found opcode in column 1. (CALL)
Warning[203] C:\USERS\RAMAZHAN\DESKTOP\MIKROISLEMCI PROJELER\MIKROBüT\LCD\LCD.ASM 116 : Found opcode in column 1. (MOVLW)
Warning[203] C:\USERS\RAMAZHAN\DESKTOP\MIKROISLEMCI PROJELER\MIKROBüT\LCD\LCD.ASM 117 : Found opcode in column 1. (CALL)
Warning[203] C:\USERS\RAMAZHAN\DESKTOP\MIKROISLEMCI PROJELER\MIKROBüT\LCD\LCD.ASM 118 : Found opcode in column 1. (RETURN)
Warning[205] C:\USERS\RAMAZHAN\DESKTOP\MIKROISLEMCI PROJELER\MIKROBüT\LCD\LCD.ASM 122 : Found directive in column 1. (BANKSEL)
Warning[203] C:\USERS\RAMAZHAN\DESKTOP\MIKROISLEMCI PROJELER\MIKROBüT\LCD\LCD.ASM 123 : Found opcode in column 1. (MOVF)
Warning[203] C:\USERS\RAMAZHAN\DESKTOP\MIKROISLEMCI PROJELER\MIKROBüT\LCD\LCD.ASM 124 : Found opcode in column 1. (CALL)
Warning[203] C:\USERS\RAMAZHAN\DESKTOP\MIKROISLEMCI PROJELER\MIKROBüT\LCD\LCD.ASM 125 : Found opcode in column 1. (CALL)
Warning[203] C:\USERS\RAMAZHAN\DESKTOP\MIKROISLEMCI PROJELER\MIKROBüT\LCD\LCD.ASM 126 : Found opcode in column 1. (INCF)
Warning[203] C:\USERS\RAMAZHAN\DESKTOP\MIKROISLEMCI PROJELER\MIKROBüT\LCD\LCD.ASM 127 : Found opcode in column 1. (MOVF)
Warning[203] C:\USERS\RAMAZHAN\DESKTOP\MIKROISLEMCI PROJELER\MIKROBüT\LCD\LCD.ASM 128 : Found opcode in column 1. (SUBLW)
Warning[203] C:\USERS\RAMAZHAN\DESKTOP\MIKROISLEMCI PROJELER\MIKROBüT\LCD\LCD.ASM 129 : Found opcode in column 1. (BTFSS)
Warning[203] C:\USERS\RAMAZHAN\DESKTOP\MIKROISLEMCI PROJELER\MIKROBüT\LCD\LCD.ASM 130 : Found opcode in column 1. (GOTO)
Warning[203] C:\USERS\RAMAZHAN\DESKTOP\MIKROISLEMCI PROJELER\MIKROBüT\LCD\LCD.ASM 131 : Found opcode in column 1. (MOVLW)
Warning[203] C:\USERS\RAMAZHAN\DESKTOP\MIKROISLEMCI PROJELER\MIKROBüT\LCD\LCD.ASM 132 : Found opcode in column 1. (CALL)
Warning[203] C:\USERS\RAMAZHAN\DESKTOP\MIKROISLEMCI PROJELER\MIKROBüT\LCD\LCD.ASM 135 : Found opcode in column 1. (MOVF)
Warning[203] C:\USERS\RAMAZHAN\DESKTOP\MIKROISLEMCI PROJELER\MIKROBüT\LCD\LCD.ASM 136 : Found opcode in column 1. (CALL)
Warning[203] C:\USERS\RAMAZHAN\DESKTOP\MIKROISLEMCI PROJELER\MIKROBüT\LCD\LCD.ASM 137 : Found opcode in column 1. (CALL)
Warning[203] C:\USERS\RAMAZHAN\DESKTOP\MIKROISLEMCI PROJELER\MIKROBüT\LCD\LCD.ASM 138 : Found opcode in column 1. (INCF)
Warning[203] C:\USERS\RAMAZHAN\DESKTOP\MIKROISLEMCI PROJELER\MIKROBüT\LCD\LCD.ASM 139 : Found opcode in column 1. (MOVF)
Warning[203] C:\USERS\RAMAZHAN\DESKTOP\MIKROISLEMCI PROJELER\MIKROBüT\LCD\LCD.ASM 140 : Found opcode in column 1. (SUBLW)
Warning[203] C:\USERS\RAMAZHAN\DESKTOP\MIKROISLEMCI PROJELER\MIKROBüT\LCD\LCD.ASM 141 : Found opcode in column 1. (BTFSS)
Warning[203] C:\USERS\RAMAZHAN\DESKTOP\MIKROISLEMCI PROJELER\MIKROBüT\LCD\LCD.ASM 142 : Found opcode in column 1. (GOTO)
Warning[203] C:\USERS\RAMAZHAN\DESKTOP\MIKROISLEMCI PROJELER\MIKROBüT\LCD\LCD.ASM 143 : Found opcode in column 1. (RETURN)
Warning[205] C:\USERS\RAMAZHAN\DESKTOP\MIKROISLEMCI PROJELER\MIKROBüT\LCD\LCD.ASM 148 : Found directive in column 1. (BANKSEL)
Warning[203] C:\USERS\RAMAZHAN\DESKTOP\MIKROISLEMCI PROJELER\MIKROBüT\LCD\LCD.ASM 149 : Found opcode in column 1. (MOVWF)
Warning[203] C:\USERS\RAMAZHAN\DESKTOP\MIKROISLEMCI PROJELER\MIKROBüT\LCD\LCD.ASM 150 : Found opcode in column 1. (BCF)
Warning[203] C:\USERS\RAMAZHAN\DESKTOP\MIKROISLEMCI PROJELER\MIKROBüT\LCD\LCD.ASM 151 : Found opcode in column 1. (BSF)
Warning[203] C:\USERS\RAMAZHAN\DESKTOP\MIKROISLEMCI PROJELER\MIKROBüT\LCD\LCD.ASM 152 : Found opcode in column 1. (CALL)
Warning[203] C:\USERS\RAMAZHAN\DESKTOP\MIKROISLEMCI PROJELER\MIKROBüT\LCD\LCD.ASM 153 : Found opcode in column 1. (BCF)
Warning[203] C:\USERS\RAMAZHAN\DESKTOP\MIKROISLEMCI PROJELER\MIKROBüT\LCD\LCD.ASM 154 : Found opcode in column 1. (RETURN)
Warning[205] C:\USERS\RAMAZHAN\DESKTOP\MIKROISLEMCI PROJELER\MIKROBüT\LCD\LCD.ASM 157 : Found directive in column 1. (BANKSEL)
Warning[203] C:\USERS\RAMAZHAN\DESKTOP\MIKROISLEMCI PROJELER\MIKROBüT\LCD\LCD.ASM 158 : Found opcode in column 1. (MOVWF)
Warning[203] C:\USERS\RAMAZHAN\DESKTOP\MIKROISLEMCI PROJELER\MIKROBüT\LCD\LCD.ASM 159 : Found opcode in column 1. (BSF)
Warning[203] C:\USERS\RAMAZHAN\DESKTOP\MIKROISLEMCI PROJELER\MIKROBüT\LCD\LCD.ASM 160 : Found opcode in column 1. (BSF)
Warning[203] C:\USERS\RAMAZHAN\DESKTOP\MIKROISLEMCI PROJELER\MIKROBüT\LCD\LCD.ASM 161 : Found opcode in column 1. (CALL)
Warning[203] C:\USERS\RAMAZHAN\DESKTOP\MIKROISLEMCI PROJELER\MIKROBüT\LCD\LCD.ASM 162 : Found opcode in column 1. (BCF)
Warning[203] C:\USERS\RAMAZHAN\DESKTOP\MIKROISLEMCI PROJELER\MIKROBüT\LCD\LCD.ASM 163 : Found opcode in column 1. (RETURN)
Warning[203] C:\USERS\RAMAZHAN\DESKTOP\MIKROISLEMCI PROJELER\MIKROBüT\LCD\LCD.ASM 168 : Found opcode in column 1. (ADDWF)
Warning[203] C:\USERS\RAMAZHAN\DESKTOP\MIKROISLEMCI PROJELER\MIKROBüT\LCD\LCD.ASM 169 : Found opcode in column 1. (RETLW)
Warning[203] C:\USERS\RAMAZHAN\DESKTOP\MIKROISLEMCI PROJELER\MIKROBüT\LCD\LCD.ASM 170 : Found opcode in column 1. (RETLW)
Warning[203] C:\USERS\RAMAZHAN\DESKTOP\MIKROISLEMCI PROJELER\MIKROBüT\LCD\LCD.ASM 171 : Found opcode in column 1. (RETLW)
Warning[203] C:\USERS\RAMAZHAN\DESKTOP\MIKROISLEMCI PROJELER\MIKROBüT\LCD\LCD.ASM 172 : Found opcode in column 1. (RETLW)
Warning[203] C:\USERS\RAMAZHAN\DESKTOP\MIKROISLEMCI PROJELER\MIKROBüT\LCD\LCD.ASM 173 : Found opcode in column 1. (RETLW)
Warning[203] C:\USERS\RAMAZHAN\DESKTOP\MIKROISLEMCI PROJELER\MIKROBüT\LCD\LCD.ASM 174 : Found opcode in column 1. (RETLW)
Warning[203] C:\USERS\RAMAZHAN\DESKTOP\MIKROISLEMCI PROJELER\MIKROBüT\LCD\LCD.ASM 175 : Found opcode in column 1. (RETLW)
Warning[203] C:\USERS\RAMAZHAN\DESKTOP\MIKROISLEMCI PROJELER\MIKROBüT\LCD\LCD.ASM 176 : Found opcode in column 1. (RETURN)
Warning[203] C:\USERS\RAMAZHAN\DESKTOP\MIKROISLEMCI PROJELER\MIKROBüT\LCD\LCD.ASM 179 : Found opcode in column 1. (ADDWF)
Warning[203] C:\USERS\RAMAZHAN\DESKTOP\MIKROISLEMCI PROJELER\MIKROBüT\LCD\LCD.ASM 180 : Found opcode in column 1. (RETLW)
Warning[203] C:\USERS\RAMAZHAN\DESKTOP\MIKROISLEMCI PROJELER\MIKROBüT\LCD\LCD.ASM 181 : Found opcode in column 1. (RETLW)
Warning[203] C:\USERS\RAMAZHAN\DESKTOP\MIKROISLEMCI PROJELER\MIKROBüT\LCD\LCD.ASM 182 : Found opcode in column 1. (RETLW)
Warning[203] C:\USERS\RAMAZHAN\DESKTOP\MIKROISLEMCI PROJELER\MIKROBüT\LCD\LCD.ASM 183 : Found opcode in column 1. (RETLW)
Warning[203] C:\USERS\RAMAZHAN\DESKTOP\MIKROISLEMCI PROJELER\MIKROBüT\LCD\LCD.ASM 184 : Found opcode in column 1. (RETLW)
Warning[203] C:\USERS\RAMAZHAN\DESKTOP\MIKROISLEMCI PROJELER\MIKROBüT\LCD\LCD.ASM 186 : Found opcode in column 1. (RETURN)
Warning[203] C:\USERS\RAMAZHAN\DESKTOP\MIKROISLEMCI PROJELER\MIKROBüT\LCD\LCD.ASM 194 : Found opcode in column 1. (MOVLW)
Warning[203] C:\USERS\RAMAZHAN\DESKTOP\MIKROISLEMCI PROJELER\MIKROBüT\LCD\LCD.ASM 195 : Found opcode in column 1. (MOVWF)
Warning[203] C:\USERS\RAMAZHAN\DESKTOP\MIKROISLEMCI PROJELER\MIKROBüT\LCD\LCD.ASM 197 : Found opcode in column 1. (MOVLW)
Warning[203] C:\USERS\RAMAZHAN\DESKTOP\MIKROISLEMCI PROJELER\MIKROBüT\LCD\LCD.ASM 198 : Found opcode in column 1. (MOVWF)
Warning[203] C:\USERS\RAMAZHAN\DESKTOP\MIKROISLEMCI PROJELER\MIKROBüT\LCD\LCD.ASM 200 : Found opcode in column 1. (DECFSZ)
Warning[203] C:\USERS\RAMAZHAN\DESKTOP\MIKROISLEMCI PROJELER\MIKROBüT\LCD\LCD.ASM 201 : Found opcode in column 1. (GOTO)
Warning[203] C:\USERS\RAMAZHAN\DESKTOP\MIKROISLEMCI PROJELER\MIKROBüT\LCD\LCD.ASM 202 : Found opcode in column 1. (DECFSZ)
Warning[203] C:\USERS\RAMAZHAN\DESKTOP\MIKROISLEMCI PROJELER\MIKROBüT\LCD\LCD.ASM 203 : Found opcode in column 1. (GOTO)
Warning[203] C:\USERS\RAMAZHAN\DESKTOP\MIKROISLEMCI PROJELER\MIKROBüT\LCD\LCD.ASM 204 : Found opcode in column 1. (RETURN)
Warning[205] C:\USERS\RAMAZHAN\DESKTOP\MIKROISLEMCI PROJELER\MIKROBüT\LCD\LCD.ASM 214 : Found directive in column 1. (END)
