MPASM  5.37                        SAYICI.ASM   1-6-2019  21:58:15         PAGE  1


LOC  OBJECT CODE     LINE SOURCE TEXT
  VALUE

Warning[205]: Found directive in column 1. (INCLUDE)
                      00001 INCLUDE <P16F877A.INC>
                      00001         LIST
                      00002 ; P16F877A.INC  Standard Header File, Version 1.00    Microchip Technology, Inc.
                      00400         LIST
                      00002 
  00000023            00003 SAY EQU 0X23
  00000024            00004 ZAMAN1 EQU 0X24
  00000025            00005 ZAMAN2 EQU 0X25
                      00006 
Warning[205]: Found directive in column 1. (ORG)
0000                  00007 ORG 0X00
Warning[203]: Found opcode in column 1. (GOTO)
0000   2805           00008 GOTO anaprogram
Warning[205]: Found directive in column 1. (ORG)
0004                  00009 ORG 0X04
0004                  00010 KESME
Warning[203]: Found opcode in column 1. (RETFIE)
0004   0009           00011 RETFIE
                      00012 
                      00013 
0005                  00014 anaprogram
Warning[205]: Found directive in column 1. (BANKSEL)
0005   1683 1303      00015 BANKSEL TRISB
Warning[203]: Found opcode in column 1. (CLRF)
Message[302]: Register in operand not in bank 0.  Ensure that bank bits are correct.
0007   0186           00016 CLRF TRISB
Warning[205]: Found directive in column 1. (BANKSEL)
0008   1283 1303      00017 BANKSEL PORTB
Warning[203]: Found opcode in column 1. (CLRF)
000A   0186           00018 CLRF PORTB
Warning[203]: Found opcode in column 1. (CLRF)
000B   01A3           00019 CLRF SAY
                      00020 
                      00021 
000C                  00022 KONTROL
Warning[203]: Found opcode in column 1. (MOVF)
000C   0823           00023 MOVF SAY,W
Warning[203]: Found opcode in column 1. (SUBLW)
000D   3C0A           00024 SUBLW D'10'
Warning[203]: Found opcode in column 1. (BTFSC)
000E   1903           00025 BTFSC STATUS,Z
Warning[203]: Found opcode in column 1. (GOTO)
000F   2816           00026 GOTO SIFIRLA
Warning[203]: Found opcode in column 1. (MOVF)
0010   0823           00027 MOVF SAY,W
Warning[203]: Found opcode in column 1. (CALL)
0011   2019           00028 CALL LOOKUP
Warning[203]: Found opcode in column 1. (MOVWF)
0012   0086           00029 MOVWF PORTB
Warning[203]: Found opcode in column 1. (CALL)
0013   2025           00030 CALL GECIKME
Warning[203]: Found opcode in column 1. (INCF)
MPASM  5.37                        SAYICI.ASM   1-6-2019  21:58:15         PAGE  2


LOC  OBJECT CODE     LINE SOURCE TEXT
  VALUE

0014   0AA3           00031 INCF SAY,F
Warning[203]: Found opcode in column 1. (GOTO)
0015   280C           00032 GOTO KONTROL
                      00033 
0016                  00034 SIFIRLA
Warning[203]: Found opcode in column 1. (MOVLW)
0016   3000           00035 MOVLW D'0'
Warning[203]: Found opcode in column 1. (MOVWF)
0017   00A3           00036 MOVWF SAY
Warning[203]: Found opcode in column 1. (GOTO)
0018   280C           00037 GOTO KONTROL
                      00038 
                      00039 
                      00040 
                      00041 
0019                  00042 LOOKUP
Warning[203]: Found opcode in column 1. (ADDWF)
0019   0782           00043 ADDWF PCL,F
Warning[203]: Found opcode in column 1. (RETLW)
001A   343F           00044 RETLW B'00111111'  ;0  
Warning[203]: Found opcode in column 1. (RETLW)
001B   3406           00045 RETLW B'00000110'  ;1
Warning[203]: Found opcode in column 1. (RETLW)
001C   345B           00046 RETLW B'01011011'  ;2
Warning[203]: Found opcode in column 1. (RETLW)
001D   344F           00047 RETLW B'01001111'  ;3
Warning[203]: Found opcode in column 1. (RETLW)
001E   3466           00048 RETLW B'01100110'  ;4
Warning[203]: Found opcode in column 1. (RETLW)
001F   346D           00049 RETLW B'01101101'  ;5
Warning[203]: Found opcode in column 1. (RETLW)
0020   347D           00050 RETLW B'01111101'  ;6
Warning[203]: Found opcode in column 1. (RETLW)
0021   3407           00051 RETLW B'00000111'  ;7
Warning[203]: Found opcode in column 1. (RETLW)
0022   347F           00052 RETLW B'01111111'  ;8
Warning[203]: Found opcode in column 1. (RETLW)
0023   346F           00053 RETLW B'01101111'  ;9
Warning[203]: Found opcode in column 1. (RETURN)
0024   0008           00054 RETURN
                      00055 
                      00056 
                      00057 
                      00058 
0025                  00059 GECIKME
Warning[203]: Found opcode in column 1. (MOVLW)
0025   30FF           00060 MOVLW D'255'
Warning[203]: Found opcode in column 1. (MOVWF)
0026   00A4           00061 MOVWF ZAMAN1
                      00062 
0027                  00063 GECIKME1
Warning[203]: Found opcode in column 1. (MOVLW)
0027   30FF           00064 MOVLW D'255'
MPASM  5.37                        SAYICI.ASM   1-6-2019  21:58:15         PAGE  3


LOC  OBJECT CODE     LINE SOURCE TEXT
  VALUE

Warning[203]: Found opcode in column 1. (MOVWF)
0028   00A5           00065 MOVWF ZAMAN2
                      00066 
0029                  00067 GECIKME2
Warning[203]: Found opcode in column 1. (DECFSZ)
0029   0BA5           00068 DECFSZ ZAMAN2,F
Warning[203]: Found opcode in column 1. (GOTO)
002A   2829           00069 GOTO $-1
Warning[203]: Found opcode in column 1. (DECFSZ)
002B   0BA4           00070 DECFSZ ZAMAN1,F
Warning[203]: Found opcode in column 1. (GOTO)
002C   2827           00071 GOTO GECIKME1
Warning[203]: Found opcode in column 1. (RETURN)
002D   0008           00072 RETURN
                      00073 
                      00074 
                      00075 
                      00076 
Warning[205]: Found directive in column 1. (END)
                      00077 END
MPASM  5.37                        SAYICI.ASM   1-6-2019  21:58:15         PAGE  4


SYMBOL TABLE
  LABEL                             VALUE 

ACKDT                             00000005
ACKEN                             00000004
ACKSTAT                           00000006
ADCON0                            0000001F
ADCON1                            0000009F
ADCS0                             00000006
ADCS1                             00000007
ADCS2                             00000006
ADDEN                             00000003
ADFM                              00000007
ADIE                              00000006
ADIF                              00000006
ADON                              00000000
ADRESH                            0000001E
ADRESL                            0000009E
BCLIE                             00000003
BCLIF                             00000003
BF                                00000000
BRGH                              00000002
C                                 00000000
C1INV                             00000004
C1OUT                             00000006
C2INV                             00000005
C2OUT                             00000007
CCP1CON                           00000017
CCP1IE                            00000002
CCP1IF                            00000002
CCP1M0                            00000000
CCP1M1                            00000001
CCP1M2                            00000002
CCP1M3                            00000003
CCP1X                             00000005
CCP1Y                             00000004
CCP2CON                           0000001D
CCP2IE                            00000000
CCP2IF                            00000000
CCP2M0                            00000000
CCP2M1                            00000001
CCP2M2                            00000002
CCP2M3                            00000003
CCP2X                             00000005
CCP2Y                             00000004
CCPR1H                            00000016
CCPR1L                            00000015
CCPR2H                            0000001C
CCPR2L                            0000001B
CHS0                              00000003
CHS1                              00000004
CHS2                              00000005
CIS                               00000003
CKE                               00000006
CKP                               00000004
CM0                               00000000
MPASM  5.37                        SAYICI.ASM   1-6-2019  21:58:15         PAGE  5


SYMBOL TABLE
  LABEL                             VALUE 

CM1                               00000001
CM2                               00000002
CMCON                             0000009C
CMIE                              00000006
CMIF                              00000006
CREN                              00000004
CSRC                              00000007
CVR0                              00000000
CVR1                              00000001
CVR2                              00000002
CVR3                              00000003
CVRCON                            0000009D
CVREN                             00000007
CVROE                             00000006
CVRR                              00000005
D                                 00000005
DATA_ADDRESS                      00000005
DC                                00000001
D_A                               00000005
EEADR                             0000010D
EEADRH                            0000010F
EECON1                            0000018C
EECON2                            0000018D
EEDATA                            0000010C
EEDATH                            0000010E
EEIE                              00000004
EEIF                              00000004
EEPGD                             00000007
F                                 00000001
FERR                              00000002
FSR                               00000004
GCEN                              00000007
GECIKME                           00000025
GECIKME1                          00000027
GECIKME2                          00000029
GIE                               00000007
GO                                00000002
GO_DONE                           00000002
I2C_DATA                          00000005
I2C_READ                          00000002
I2C_START                         00000003
I2C_STOP                          00000004
IBF                               00000007
IBOV                              00000005
INDF                              00000000
INTCON                            0000000B
INTE                              00000004
INTEDG                            00000006
INTF                              00000001
IRP                               00000007
KESME                             00000004
KONTROL                           0000000C
LOOKUP                            00000019
MPASM  5.37                        SAYICI.ASM   1-6-2019  21:58:15         PAGE  6


SYMBOL TABLE
  LABEL                             VALUE 

NOT_A                             00000005
NOT_ADDRESS                       00000005
NOT_BO                            00000000
NOT_BOR                           00000000
NOT_DONE                          00000002
NOT_PD                            00000003
NOT_POR                           00000001
NOT_RBPU                          00000007
NOT_RC8                           00000006
NOT_T1SYNC                        00000002
NOT_TO                            00000004
NOT_TX8                           00000006
NOT_W                             00000002
NOT_WRITE                         00000002
OBF                               00000006
OERR                              00000001
OPTION_REG                        00000081
P                                 00000004
PCFG0                             00000000
PCFG1                             00000001
PCFG2                             00000002
PCFG3                             00000003
PCL                               00000002
PCLATH                            0000000A
PCON                              0000008E
PEIE                              00000006
PEN                               00000002
PIE1                              0000008C
PIE2                              0000008D
PIR1                              0000000C
PIR2                              0000000D
PORTA                             00000005
PORTB                             00000006
PORTC                             00000007
PORTD                             00000008
PORTE                             00000009
PR2                               00000092
PS0                               00000000
PS1                               00000001
PS2                               00000002
PSA                               00000003
PSPIE                             00000007
PSPIF                             00000007
PSPMODE                           00000004
R                                 00000002
RBIE                              00000003
RBIF                              00000000
RC8_9                             00000006
RC9                               00000006
RCD8                              00000000
RCEN                              00000003
RCIE                              00000005
RCIF                              00000005
MPASM  5.37                        SAYICI.ASM   1-6-2019  21:58:15         PAGE  7


SYMBOL TABLE
  LABEL                             VALUE 

RCREG                             0000001A
RCSTA                             00000018
RD                                00000000
READ_WRITE                        00000002
RP0                               00000005
RP1                               00000006
RSEN                              00000001
RX9                               00000006
RX9D                              00000000
R_W                               00000002
S                                 00000003
SAY                               00000023
SEN                               00000000
SIFIRLA                           00000016
SMP                               00000007
SPBRG                             00000099
SPEN                              00000007
SREN                              00000005
SSPADD                            00000093
SSPBUF                            00000013
SSPCON                            00000014
SSPCON2                           00000091
SSPEN                             00000005
SSPIE                             00000003
SSPIF                             00000003
SSPM0                             00000000
SSPM1                             00000001
SSPM2                             00000002
SSPM3                             00000003
SSPOV                             00000006
SSPSTAT                           00000094
STATUS                            00000003
SYNC                              00000004
T0CS                              00000005
T0IE                              00000005
T0IF                              00000002
T0SE                              00000004
T1CKPS0                           00000004
T1CKPS1                           00000005
T1CON                             00000010
T1INSYNC                          00000002
T1OSCEN                           00000003
T1SYNC                            00000002
T2CKPS0                           00000000
T2CKPS1                           00000001
T2CON                             00000012
TMR0                              00000001
TMR0IE                            00000005
TMR0IF                            00000002
TMR1CS                            00000001
TMR1H                             0000000F
TMR1IE                            00000000
TMR1IF                            00000000
MPASM  5.37                        SAYICI.ASM   1-6-2019  21:58:15         PAGE  8


SYMBOL TABLE
  LABEL                             VALUE 

TMR1L                             0000000E
TMR1ON                            00000000
TMR2                              00000011
TMR2IE                            00000001
TMR2IF                            00000001
TMR2ON                            00000002
TOUTPS0                           00000003
TOUTPS1                           00000004
TOUTPS2                           00000005
TOUTPS3                           00000006
TRISA                             00000085
TRISB                             00000086
TRISC                             00000087
TRISD                             00000088
TRISE                             00000089
TRISE0                            00000000
TRISE1                            00000001
TRISE2                            00000002
TRMT                              00000001
TX8_9                             00000006
TX9                               00000006
TX9D                              00000000
TXD8                              00000000
TXEN                              00000005
TXIE                              00000004
TXIF                              00000004
TXREG                             00000019
TXSTA                             00000098
UA                                00000001
W                                 00000000
WCOL                              00000007
WR                                00000001
WREN                              00000002
WRERR                             00000003
Z                                 00000002
ZAMAN1                            00000024
ZAMAN2                            00000025
_BODEN_OFF                        00003FBF
_BODEN_ON                         00003FFF
_CPD_OFF                          00003FFF
_CPD_ON                           00003EFF
_CP_ALL                           00001FFF
_CP_OFF                           00003FFF
_DEBUG_OFF                        00003FFF
_DEBUG_ON                         000037FF
_HS_OSC                           00003FFE
_LP_OSC                           00003FFC
_LVP_OFF                          00003F7F
_LVP_ON                           00003FFF
_PWRTE_OFF                        00003FFF
_PWRTE_ON                         00003FF7
_RC_OSC                           00003FFF
_WDT_OFF                          00003FFB
MPASM  5.37                        SAYICI.ASM   1-6-2019  21:58:15         PAGE  9


SYMBOL TABLE
  LABEL                             VALUE 

_WDT_ON                           00003FFF
_WRT_1FOURTH                      00003BFF
_WRT_256                          00003DFF
_WRT_HALF                         000039FF
_WRT_OFF                          00003FFF
_XT_OSC                           00003FFD
__16F877A                         00000001
__DEBUG                           1
anaprogram                        00000005


MEMORY USAGE MAP ('X' = Used,  '-' = Unused)

0000 : X---XXXXXXXXXXXX XXXXXXXXXXXXXXXX XXXXXXXXXXXXXX-- ----------------

All other memory blocks unused.

Program Memory Words Used:    43
Program Memory Words Free:  8149


Errors   :     0
Warnings :    45 reported,     0 suppressed
Messages :     1 reported,     0 suppressed

