Warning[205] C:\USERS\RAMAZHAN\DESKTOP\MIKROISLEMCI PROJELER\0-9SAYICI\SAYICI.ASM 1 : Found directive in column 1. (INCLUDE)
Warning[205] C:\USERS\RAMAZHAN\DESKTOP\MIKROISLEMCI PROJELER\0-9SAYICI\SAYICI.ASM 7 : Found directive in column 1. (ORG)
Warning[203] C:\USERS\RAMAZHAN\DESKTOP\MIKROISLEMCI PROJELER\0-9SAYICI\SAYICI.ASM 8 : Found opcode in column 1. (GOTO)
Warning[205] C:\USERS\RAMAZHAN\DESKTOP\MIKROISLEMCI PROJELER\0-9SAYICI\SAYICI.ASM 9 : Found directive in column 1. (ORG)
Warning[203] C:\USERS\RAMAZHAN\DESKTOP\MIKROISLEMCI PROJELER\0-9SAYICI\SAYICI.ASM 11 : Found opcode in column 1. (RETFIE)
Warning[205] C:\USERS\RAMAZHAN\DESKTOP\MIKROISLEMCI PROJELER\0-9SAYICI\SAYICI.ASM 15 : Found directive in column 1. (BANKSEL)
Warning[203] C:\USERS\RAMAZHAN\DESKTOP\MIKROISLEMCI PROJELER\0-9SAYICI\SAYICI.ASM 16 : Found opcode in column 1. (CLRF)
Message[302] C:\USERS\RAMAZHAN\DESKTOP\MIKROISLEMCI PROJELER\0-9SAYICI\SAYICI.ASM 16 : Register in operand not in bank 0.  Ensure that bank bits are correct.
Warning[205] C:\USERS\RAMAZHAN\DESKTOP\MIKROISLEMCI PROJELER\0-9SAYICI\SAYICI.ASM 17 : Found directive in column 1. (BANKSEL)
Warning[203] C:\USERS\RAMAZHAN\DESKTOP\MIKROISLEMCI PROJELER\0-9SAYICI\SAYICI.ASM 18 : Found opcode in column 1. (CLRF)
Warning[203] C:\USERS\RAMAZHAN\DESKTOP\MIKROISLEMCI PROJELER\0-9SAYICI\SAYICI.ASM 19 : Found opcode in column 1. (CLRF)
Warning[203] C:\USERS\RAMAZHAN\DESKTOP\MIKROISLEMCI PROJELER\0-9SAYICI\SAYICI.ASM 23 : Found opcode in column 1. (MOVF)
Warning[203] C:\USERS\RAMAZHAN\DESKTOP\MIKROISLEMCI PROJELER\0-9SAYICI\SAYICI.ASM 24 : Found opcode in column 1. (SUBLW)
Warning[203] C:\USERS\RAMAZHAN\DESKTOP\MIKROISLEMCI PROJELER\0-9SAYICI\SAYICI.ASM 25 : Found opcode in column 1. (BTFSC)
Warning[203] C:\USERS\RAMAZHAN\DESKTOP\MIKROISLEMCI PROJELER\0-9SAYICI\SAYICI.ASM 26 : Found opcode in column 1. (GOTO)
Warning[203] C:\USERS\RAMAZHAN\DESKTOP\MIKROISLEMCI PROJELER\0-9SAYICI\SAYICI.ASM 27 : Found opcode in column 1. (MOVF)
Warning[203] C:\USERS\RAMAZHAN\DESKTOP\MIKROISLEMCI PROJELER\0-9SAYICI\SAYICI.ASM 28 : Found opcode in column 1. (CALL)
Warning[203] C:\USERS\RAMAZHAN\DESKTOP\MIKROISLEMCI PROJELER\0-9SAYICI\SAYICI.ASM 29 : Found opcode in column 1. (MOVWF)
Warning[203] C:\USERS\RAMAZHAN\DESKTOP\MIKROISLEMCI PROJELER\0-9SAYICI\SAYICI.ASM 30 : Found opcode in column 1. (CALL)
Warning[203] C:\USERS\RAMAZHAN\DESKTOP\MIKROISLEMCI PROJELER\0-9SAYICI\SAYICI.ASM 31 : Found opcode in column 1. (INCF)
Warning[203] C:\USERS\RAMAZHAN\DESKTOP\MIKROISLEMCI PROJELER\0-9SAYICI\SAYICI.ASM 32 : Found opcode in column 1. (GOTO)
Warning[203] C:\USERS\RAMAZHAN\DESKTOP\MIKROISLEMCI PROJELER\0-9SAYICI\SAYICI.ASM 35 : Found opcode in column 1. (MOVLW)
Warning[203] C:\USERS\RAMAZHAN\DESKTOP\MIKROISLEMCI PROJELER\0-9SAYICI\SAYICI.ASM 36 : Found opcode in column 1. (MOVWF)
Warning[203] C:\USERS\RAMAZHAN\DESKTOP\MIKROISLEMCI PROJELER\0-9SAYICI\SAYICI.ASM 37 : Found opcode in column 1. (GOTO)
Warning[203] C:\USERS\RAMAZHAN\DESKTOP\MIKROISLEMCI PROJELER\0-9SAYICI\SAYICI.ASM 43 : Found opcode in column 1. (ADDWF)
Warning[203] C:\USERS\RAMAZHAN\DESKTOP\MIKROISLEMCI PROJELER\0-9SAYICI\SAYICI.ASM 44 : Found opcode in column 1. (RETLW)
Warning[203] C:\USERS\RAMAZHAN\DESKTOP\MIKROISLEMCI PROJELER\0-9SAYICI\SAYICI.ASM 45 : Found opcode in column 1. (RETLW)
Warning[203] C:\USERS\RAMAZHAN\DESKTOP\MIKROISLEMCI PROJELER\0-9SAYICI\SAYICI.ASM 46 : Found opcode in column 1. (RETLW)
Warning[203] C:\USERS\RAMAZHAN\DESKTOP\MIKROISLEMCI PROJELER\0-9SAYICI\SAYICI.ASM 47 : Found opcode in column 1. (RETLW)
Warning[203] C:\USERS\RAMAZHAN\DESKTOP\MIKROISLEMCI PROJELER\0-9SAYICI\SAYICI.ASM 48 : Found opcode in column 1. (RETLW)
Warning[203] C:\USERS\RAMAZHAN\DESKTOP\MIKROISLEMCI PROJELER\0-9SAYICI\SAYICI.ASM 49 : Found opcode in column 1. (RETLW)
Warning[203] C:\USERS\RAMAZHAN\DESKTOP\MIKROISLEMCI PROJELER\0-9SAYICI\SAYICI.ASM 50 : Found opcode in column 1. (RETLW)
Warning[203] C:\USERS\RAMAZHAN\DESKTOP\MIKROISLEMCI PROJELER\0-9SAYICI\SAYICI.ASM 51 : Found opcode in column 1. (RETLW)
Warning[203] C:\USERS\RAMAZHAN\DESKTOP\MIKROISLEMCI PROJELER\0-9SAYICI\SAYICI.ASM 52 : Found opcode in column 1. (RETLW)
Warning[203] C:\USERS\RAMAZHAN\DESKTOP\MIKROISLEMCI PROJELER\0-9SAYICI\SAYICI.ASM 53 : Found opcode in column 1. (RETLW)
Warning[203] C:\USERS\RAMAZHAN\DESKTOP\MIKROISLEMCI PROJELER\0-9SAYICI\SAYICI.ASM 54 : Found opcode in column 1. (RETURN)
Warning[203] C:\USERS\RAMAZHAN\DESKTOP\MIKROISLEMCI PROJELER\0-9SAYICI\SAYICI.ASM 60 : Found opcode in column 1. (MOVLW)
Warning[203] C:\USERS\RAMAZHAN\DESKTOP\MIKROISLEMCI PROJELER\0-9SAYICI\SAYICI.ASM 61 : Found opcode in column 1. (MOVWF)
Warning[203] C:\USERS\RAMAZHAN\DESKTOP\MIKROISLEMCI PROJELER\0-9SAYICI\SAYICI.ASM 64 : Found opcode in column 1. (MOVLW)
Warning[203] C:\USERS\RAMAZHAN\DESKTOP\MIKROISLEMCI PROJELER\0-9SAYICI\SAYICI.ASM 65 : Found opcode in column 1. (MOVWF)
Warning[203] C:\USERS\RAMAZHAN\DESKTOP\MIKROISLEMCI PROJELER\0-9SAYICI\SAYICI.ASM 68 : Found opcode in column 1. (DECFSZ)
Warning[203] C:\USERS\RAMAZHAN\DESKTOP\MIKROISLEMCI PROJELER\0-9SAYICI\SAYICI.ASM 69 : Found opcode in column 1. (GOTO)
Warning[203] C:\USERS\RAMAZHAN\DESKTOP\MIKROISLEMCI PROJELER\0-9SAYICI\SAYICI.ASM 70 : Found opcode in column 1. (DECFSZ)
Warning[203] C:\USERS\RAMAZHAN\DESKTOP\MIKROISLEMCI PROJELER\0-9SAYICI\SAYICI.ASM 71 : Found opcode in column 1. (GOTO)
Warning[203] C:\USERS\RAMAZHAN\DESKTOP\MIKROISLEMCI PROJELER\0-9SAYICI\SAYICI.ASM 72 : Found opcode in column 1. (RETURN)
Warning[205] C:\USERS\RAMAZHAN\DESKTOP\MIKROISLEMCI PROJELER\0-9SAYICI\SAYICI.ASM 77 : Found directive in column 1. (END)
