Warning[205] C:\USERS\RAMAZHAN\DESKTOP\MIKROISLEMCI PROJELER\DENEME.ASM 1 : Found directive in column 1. (INCLUDE)
Warning[205] C:\USERS\RAMAZHAN\DESKTOP\MIKROISLEMCI PROJELER\DENEME.ASM 4 : Found directive in column 1. (ORG)
Warning[205] C:\USERS\RAMAZHAN\DESKTOP\MIKROISLEMCI PROJELER\DENEME.ASM 5 : Found directive in column 1. (BANKSEL)
Warning[203] C:\USERS\RAMAZHAN\DESKTOP\MIKROISLEMCI PROJELER\DENEME.ASM 6 : Found opcode in column 1. (MOVLW)
Warning[203] C:\USERS\RAMAZHAN\DESKTOP\MIKROISLEMCI PROJELER\DENEME.ASM 7 : Found opcode in column 1. (MOVWF)
Message[302] C:\USERS\RAMAZHAN\DESKTOP\MIKROISLEMCI PROJELER\DENEME.ASM 7 : Register in operand not in bank 0.  Ensure that bank bits are correct.
Warning[205] C:\USERS\RAMAZHAN\DESKTOP\MIKROISLEMCI PROJELER\DENEME.ASM 8 : Found directive in column 1. (BANKSEL)
Warning[203] C:\USERS\RAMAZHAN\DESKTOP\MIKROISLEMCI PROJELER\DENEME.ASM 9 : Found opcode in column 1. (MOVLW)
Warning[203] C:\USERS\RAMAZHAN\DESKTOP\MIKROISLEMCI PROJELER\DENEME.ASM 10 : Found opcode in column 1. (MOVWF)
Message[302] C:\USERS\RAMAZHAN\DESKTOP\MIKROISLEMCI PROJELER\DENEME.ASM 10 : Register in operand not in bank 0.  Ensure that bank bits are correct.
Warning[205] C:\USERS\RAMAZHAN\DESKTOP\MIKROISLEMCI PROJELER\DENEME.ASM 11 : Found directive in column 1. (BANKSEL)
Warning[203] C:\USERS\RAMAZHAN\DESKTOP\MIKROISLEMCI PROJELER\DENEME.ASM 12 : Found opcode in column 1. (CLRF)
Message[302] C:\USERS\RAMAZHAN\DESKTOP\MIKROISLEMCI PROJELER\DENEME.ASM 12 : Register in operand not in bank 0.  Ensure that bank bits are correct.
Warning[205] C:\USERS\RAMAZHAN\DESKTOP\MIKROISLEMCI PROJELER\DENEME.ASM 13 : Found directive in column 1. (BANKSEL)
Warning[203] C:\USERS\RAMAZHAN\DESKTOP\MIKROISLEMCI PROJELER\DENEME.ASM 14 : Found opcode in column 1. (MOVLW)
Warning[203] C:\USERS\RAMAZHAN\DESKTOP\MIKROISLEMCI PROJELER\DENEME.ASM 15 : Found opcode in column 1. (MOVWF)
Warning[203] C:\USERS\RAMAZHAN\DESKTOP\MIKROISLEMCI PROJELER\DENEME.ASM 17 : Found opcode in column 1. (CALL)
Warning[203] C:\USERS\RAMAZHAN\DESKTOP\MIKROISLEMCI PROJELER\DENEME.ASM 18 : Found opcode in column 1. (BTFSC)
Warning[203] C:\USERS\RAMAZHAN\DESKTOP\MIKROISLEMCI PROJELER\DENEME.ASM 19 : Found opcode in column 1. (GOTO)
Warning[203] C:\USERS\RAMAZHAN\DESKTOP\MIKROISLEMCI PROJELER\DENEME.ASM 20 : Found opcode in column 1. (RRF)
Warning[203] C:\USERS\RAMAZHAN\DESKTOP\MIKROISLEMCI PROJELER\DENEME.ASM 21 : Found opcode in column 1. (GOTO)
Warning[203] C:\USERS\RAMAZHAN\DESKTOP\MIKROISLEMCI PROJELER\DENEME.ASM 23 : Found opcode in column 1. (CALL)
Warning[203] C:\USERS\RAMAZHAN\DESKTOP\MIKROISLEMCI PROJELER\DENEME.ASM 24 : Found opcode in column 1. (BTFSC)
Warning[203] C:\USERS\RAMAZHAN\DESKTOP\MIKROISLEMCI PROJELER\DENEME.ASM 25 : Found opcode in column 1. (GOTO)
Warning[203] C:\USERS\RAMAZHAN\DESKTOP\MIKROISLEMCI PROJELER\DENEME.ASM 26 : Found opcode in column 1. (RLF)
Warning[203] C:\USERS\RAMAZHAN\DESKTOP\MIKROISLEMCI PROJELER\DENEME.ASM 27 : Found opcode in column 1. (GOTO)
Warning[203] C:\USERS\RAMAZHAN\DESKTOP\MIKROISLEMCI PROJELER\DENEME.ASM 29 : Found opcode in column 1. (MOVLW)
Warning[203] C:\USERS\RAMAZHAN\DESKTOP\MIKROISLEMCI PROJELER\DENEME.ASM 30 : Found opcode in column 1. (MOVWF)
Warning[203] C:\USERS\RAMAZHAN\DESKTOP\MIKROISLEMCI PROJELER\DENEME.ASM 32 : Found opcode in column 1. (MOVLW)
Warning[203] C:\USERS\RAMAZHAN\DESKTOP\MIKROISLEMCI PROJELER\DENEME.ASM 33 : Found opcode in column 1. (MOVWF)
Warning[203] C:\USERS\RAMAZHAN\DESKTOP\MIKROISLEMCI PROJELER\DENEME.ASM 35 : Found opcode in column 1. (DECFSZ)
Warning[203] C:\USERS\RAMAZHAN\DESKTOP\MIKROISLEMCI PROJELER\DENEME.ASM 36 : Found opcode in column 1. (GOTO)
Warning[203] C:\USERS\RAMAZHAN\DESKTOP\MIKROISLEMCI PROJELER\DENEME.ASM 37 : Found opcode in column 1. (DECFSZ)
Warning[203] C:\USERS\RAMAZHAN\DESKTOP\MIKROISLEMCI PROJELER\DENEME.ASM 38 : Found opcode in column 1. (GOTO)
Warning[203] C:\USERS\RAMAZHAN\DESKTOP\MIKROISLEMCI PROJELER\DENEME.ASM 39 : Found opcode in column 1. (RETURN)
Warning[205] C:\USERS\RAMAZHAN\DESKTOP\MIKROISLEMCI PROJELER\DENEME.ASM 40 : Found directive in column 1. (END)
