Warning[205] C:\USERS\RAMAZ\ONEDRIVE\MASAüSTü\MIKROISLEMCI PROJELER\TIMER1SAYICI_HAFTA2\TIMER1SAYICI.ASM 1 : Found directive in column 1. (LIST)
Warning[205] C:\USERS\RAMAZ\ONEDRIVE\MASAüSTü\MIKROISLEMCI PROJELER\TIMER1SAYICI_HAFTA2\TIMER1SAYICI.ASM 3 : Found directive in column 1. (__config)
Warning[205] C:\USERS\RAMAZ\ONEDRIVE\MASAüSTü\MIKROISLEMCI PROJELER\TIMER1SAYICI_HAFTA2\TIMER1SAYICI.ASM 8 : Found directive in column 1. (ORG)
Warning[203] C:\USERS\RAMAZ\ONEDRIVE\MASAüSTü\MIKROISLEMCI PROJELER\TIMER1SAYICI_HAFTA2\TIMER1SAYICI.ASM 9 : Found opcode in column 1. (GOTO)
Warning[205] C:\USERS\RAMAZ\ONEDRIVE\MASAüSTü\MIKROISLEMCI PROJELER\TIMER1SAYICI_HAFTA2\TIMER1SAYICI.ASM 11 : Found directive in column 1. (ORG)
Warning[205] C:\USERS\RAMAZ\ONEDRIVE\MASAüSTü\MIKROISLEMCI PROJELER\TIMER1SAYICI_HAFTA2\TIMER1SAYICI.ASM 13 : Found directive in column 1. (BANKSEL)
Warning[203] C:\USERS\RAMAZ\ONEDRIVE\MASAüSTü\MIKROISLEMCI PROJELER\TIMER1SAYICI_HAFTA2\TIMER1SAYICI.ASM 14 : Found opcode in column 1. (BTFSS)
Warning[203] C:\USERS\RAMAZ\ONEDRIVE\MASAüSTü\MIKROISLEMCI PROJELER\TIMER1SAYICI_HAFTA2\TIMER1SAYICI.ASM 15 : Found opcode in column 1. (RETFIE)
Warning[203] C:\USERS\RAMAZ\ONEDRIVE\MASAüSTü\MIKROISLEMCI PROJELER\TIMER1SAYICI_HAFTA2\TIMER1SAYICI.ASM 16 : Found opcode in column 1. (INCF)
Message[305] C:\USERS\RAMAZ\ONEDRIVE\MASAüSTü\MIKROISLEMCI PROJELER\TIMER1SAYICI_HAFTA2\TIMER1SAYICI.ASM 16 : Using default destination of 1 (file).
Warning[203] C:\USERS\RAMAZ\ONEDRIVE\MASAüSTü\MIKROISLEMCI PROJELER\TIMER1SAYICI_HAFTA2\TIMER1SAYICI.ASM 17 : Found opcode in column 1. (MOVF)
Warning[203] C:\USERS\RAMAZ\ONEDRIVE\MASAüSTü\MIKROISLEMCI PROJELER\TIMER1SAYICI_HAFTA2\TIMER1SAYICI.ASM 18 : Found opcode in column 1. (SUBWF)
Warning[203] C:\USERS\RAMAZ\ONEDRIVE\MASAüSTü\MIKROISLEMCI PROJELER\TIMER1SAYICI_HAFTA2\TIMER1SAYICI.ASM 19 : Found opcode in column 1. (BTFSS)
Warning[203] C:\USERS\RAMAZ\ONEDRIVE\MASAüSTü\MIKROISLEMCI PROJELER\TIMER1SAYICI_HAFTA2\TIMER1SAYICI.ASM 20 : Found opcode in column 1. (GOTO)
Warning[203] C:\USERS\RAMAZ\ONEDRIVE\MASAüSTü\MIKROISLEMCI PROJELER\TIMER1SAYICI_HAFTA2\TIMER1SAYICI.ASM 21 : Found opcode in column 1. (CLRF)
Warning[203] C:\USERS\RAMAZ\ONEDRIVE\MASAüSTü\MIKROISLEMCI PROJELER\TIMER1SAYICI_HAFTA2\TIMER1SAYICI.ASM 22 : Found opcode in column 1. (INCF)
Message[305] C:\USERS\RAMAZ\ONEDRIVE\MASAüSTü\MIKROISLEMCI PROJELER\TIMER1SAYICI_HAFTA2\TIMER1SAYICI.ASM 22 : Using default destination of 1 (file).
Warning[205] C:\USERS\RAMAZ\ONEDRIVE\MASAüSTü\MIKROISLEMCI PROJELER\TIMER1SAYICI_HAFTA2\TIMER1SAYICI.ASM 25 : Found directive in column 1. (BANKSEL)
Warning[203] C:\USERS\RAMAZ\ONEDRIVE\MASAüSTü\MIKROISLEMCI PROJELER\TIMER1SAYICI_HAFTA2\TIMER1SAYICI.ASM 26 : Found opcode in column 1. (MOVLW)
Warning[203] C:\USERS\RAMAZ\ONEDRIVE\MASAüSTü\MIKROISLEMCI PROJELER\TIMER1SAYICI_HAFTA2\TIMER1SAYICI.ASM 27 : Found opcode in column 1. (MOVWF)
Warning[203] C:\USERS\RAMAZ\ONEDRIVE\MASAüSTü\MIKROISLEMCI PROJELER\TIMER1SAYICI_HAFTA2\TIMER1SAYICI.ASM 28 : Found opcode in column 1. (MOVLW)
Warning[203] C:\USERS\RAMAZ\ONEDRIVE\MASAüSTü\MIKROISLEMCI PROJELER\TIMER1SAYICI_HAFTA2\TIMER1SAYICI.ASM 29 : Found opcode in column 1. (MOVWF)
Warning[203] C:\USERS\RAMAZ\ONEDRIVE\MASAüSTü\MIKROISLEMCI PROJELER\TIMER1SAYICI_HAFTA2\TIMER1SAYICI.ASM 31 : Found opcode in column 1. (BCF)
Warning[203] C:\USERS\RAMAZ\ONEDRIVE\MASAüSTü\MIKROISLEMCI PROJELER\TIMER1SAYICI_HAFTA2\TIMER1SAYICI.ASM 32 : Found opcode in column 1. (RETFIE)
Warning[203] C:\USERS\RAMAZ\ONEDRIVE\MASAüSTü\MIKROISLEMCI PROJELER\TIMER1SAYICI_HAFTA2\TIMER1SAYICI.ASM 35 : Found opcode in column 1. (BSF)
Warning[203] C:\USERS\RAMAZ\ONEDRIVE\MASAüSTü\MIKROISLEMCI PROJELER\TIMER1SAYICI_HAFTA2\TIMER1SAYICI.ASM 36 : Found opcode in column 1. (MOVLW)
Warning[203] C:\USERS\RAMAZ\ONEDRIVE\MASAüSTü\MIKROISLEMCI PROJELER\TIMER1SAYICI_HAFTA2\TIMER1SAYICI.ASM 37 : Found opcode in column 1. (MOVWF)
Message[302] C:\USERS\RAMAZ\ONEDRIVE\MASAüSTü\MIKROISLEMCI PROJELER\TIMER1SAYICI_HAFTA2\TIMER1SAYICI.ASM 37 : Register in operand not in bank 0.  Ensure that bank bits are correct.
Warning[203] C:\USERS\RAMAZ\ONEDRIVE\MASAüSTü\MIKROISLEMCI PROJELER\TIMER1SAYICI_HAFTA2\TIMER1SAYICI.ASM 38 : Found opcode in column 1. (MOVLW)
Warning[203] C:\USERS\RAMAZ\ONEDRIVE\MASAüSTü\MIKROISLEMCI PROJELER\TIMER1SAYICI_HAFTA2\TIMER1SAYICI.ASM 39 : Found opcode in column 1. (MOVWF)
Message[302] C:\USERS\RAMAZ\ONEDRIVE\MASAüSTü\MIKROISLEMCI PROJELER\TIMER1SAYICI_HAFTA2\TIMER1SAYICI.ASM 39 : Register in operand not in bank 0.  Ensure that bank bits are correct.
Warning[205] C:\USERS\RAMAZ\ONEDRIVE\MASAüSTü\MIKROISLEMCI PROJELER\TIMER1SAYICI_HAFTA2\TIMER1SAYICI.ASM 40 : Found directive in column 1. (BANKSEL)
Warning[203] C:\USERS\RAMAZ\ONEDRIVE\MASAüSTü\MIKROISLEMCI PROJELER\TIMER1SAYICI_HAFTA2\TIMER1SAYICI.ASM 41 : Found opcode in column 1. (CLRF)
Message[302] C:\USERS\RAMAZ\ONEDRIVE\MASAüSTü\MIKROISLEMCI PROJELER\TIMER1SAYICI_HAFTA2\TIMER1SAYICI.ASM 41 : Register in operand not in bank 0.  Ensure that bank bits are correct.
Warning[203] C:\USERS\RAMAZ\ONEDRIVE\MASAüSTü\MIKROISLEMCI PROJELER\TIMER1SAYICI_HAFTA2\TIMER1SAYICI.ASM 42 : Found opcode in column 1. (CLRF)
Message[302] C:\USERS\RAMAZ\ONEDRIVE\MASAüSTü\MIKROISLEMCI PROJELER\TIMER1SAYICI_HAFTA2\TIMER1SAYICI.ASM 42 : Register in operand not in bank 0.  Ensure that bank bits are correct.
Warning[205] C:\USERS\RAMAZ\ONEDRIVE\MASAüSTü\MIKROISLEMCI PROJELER\TIMER1SAYICI_HAFTA2\TIMER1SAYICI.ASM 44 : Found directive in column 1. (BANKSEL)
Warning[203] C:\USERS\RAMAZ\ONEDRIVE\MASAüSTü\MIKROISLEMCI PROJELER\TIMER1SAYICI_HAFTA2\TIMER1SAYICI.ASM 45 : Found opcode in column 1. (CLRF)
Warning[203] C:\USERS\RAMAZ\ONEDRIVE\MASAüSTü\MIKROISLEMCI PROJELER\TIMER1SAYICI_HAFTA2\TIMER1SAYICI.ASM 46 : Found opcode in column 1. (CLRF)
Warning[203] C:\USERS\RAMAZ\ONEDRIVE\MASAüSTü\MIKROISLEMCI PROJELER\TIMER1SAYICI_HAFTA2\TIMER1SAYICI.ASM 47 : Found opcode in column 1. (CLRF)
Warning[203] C:\USERS\RAMAZ\ONEDRIVE\MASAüSTü\MIKROISLEMCI PROJELER\TIMER1SAYICI_HAFTA2\TIMER1SAYICI.ASM 48 : Found opcode in column 1. (CLRF)
Warning[203] C:\USERS\RAMAZ\ONEDRIVE\MASAüSTü\MIKROISLEMCI PROJELER\TIMER1SAYICI_HAFTA2\TIMER1SAYICI.ASM 49 : Found opcode in column 1. (MOVLW)
Warning[203] C:\USERS\RAMAZ\ONEDRIVE\MASAüSTü\MIKROISLEMCI PROJELER\TIMER1SAYICI_HAFTA2\TIMER1SAYICI.ASM 50 : Found opcode in column 1. (MOVWF)
Warning[205] C:\USERS\RAMAZ\ONEDRIVE\MASAüSTü\MIKROISLEMCI PROJELER\TIMER1SAYICI_HAFTA2\TIMER1SAYICI.ASM 53 : Found directive in column 1. (BANKSEL)
Warning[203] C:\USERS\RAMAZ\ONEDRIVE\MASAüSTü\MIKROISLEMCI PROJELER\TIMER1SAYICI_HAFTA2\TIMER1SAYICI.ASM 54 : Found opcode in column 1. (MOVLW)
Warning[203] C:\USERS\RAMAZ\ONEDRIVE\MASAüSTü\MIKROISLEMCI PROJELER\TIMER1SAYICI_HAFTA2\TIMER1SAYICI.ASM 55 : Found opcode in column 1. (MOVWF)
Warning[205] C:\USERS\RAMAZ\ONEDRIVE\MASAüSTü\MIKROISLEMCI PROJELER\TIMER1SAYICI_HAFTA2\TIMER1SAYICI.ASM 57 : Found directive in column 1. (BANKSEL)
Warning[203] C:\USERS\RAMAZ\ONEDRIVE\MASAüSTü\MIKROISLEMCI PROJELER\TIMER1SAYICI_HAFTA2\TIMER1SAYICI.ASM 58 : Found opcode in column 1. (MOVLW)
Warning[203] C:\USERS\RAMAZ\ONEDRIVE\MASAüSTü\MIKROISLEMCI PROJELER\TIMER1SAYICI_HAFTA2\TIMER1SAYICI.ASM 59 : Found opcode in column 1. (MOVWF)
Warning[203] C:\USERS\RAMAZ\ONEDRIVE\MASAüSTü\MIKROISLEMCI PROJELER\TIMER1SAYICI_HAFTA2\TIMER1SAYICI.ASM 60 : Found opcode in column 1. (MOVLW)
Warning[203] C:\USERS\RAMAZ\ONEDRIVE\MASAüSTü\MIKROISLEMCI PROJELER\TIMER1SAYICI_HAFTA2\TIMER1SAYICI.ASM 61 : Found opcode in column 1. (MOVWF)
Warning[205] C:\USERS\RAMAZ\ONEDRIVE\MASAüSTü\MIKROISLEMCI PROJELER\TIMER1SAYICI_HAFTA2\TIMER1SAYICI.ASM 63 : Found directive in column 1. (BANKSEL)
Warning[203] C:\USERS\RAMAZ\ONEDRIVE\MASAüSTü\MIKROISLEMCI PROJELER\TIMER1SAYICI_HAFTA2\TIMER1SAYICI.ASM 64 : Found opcode in column 1. (BCF)
Warning[205] C:\USERS\RAMAZ\ONEDRIVE\MASAüSTü\MIKROISLEMCI PROJELER\TIMER1SAYICI_HAFTA2\TIMER1SAYICI.ASM 66 : Found directive in column 1. (BANKSEL)
Warning[203] C:\USERS\RAMAZ\ONEDRIVE\MASAüSTü\MIKROISLEMCI PROJELER\TIMER1SAYICI_HAFTA2\TIMER1SAYICI.ASM 67 : Found opcode in column 1. (BSF)
Message[302] C:\USERS\RAMAZ\ONEDRIVE\MASAüSTü\MIKROISLEMCI PROJELER\TIMER1SAYICI_HAFTA2\TIMER1SAYICI.ASM 67 : Register in operand not in bank 0.  Ensure that bank bits are correct.
Warning[203] C:\USERS\RAMAZ\ONEDRIVE\MASAüSTü\MIKROISLEMCI PROJELER\TIMER1SAYICI_HAFTA2\TIMER1SAYICI.ASM 68 : Found opcode in column 1. (BSF)
Warning[203] C:\USERS\RAMAZ\ONEDRIVE\MASAüSTü\MIKROISLEMCI PROJELER\TIMER1SAYICI_HAFTA2\TIMER1SAYICI.ASM 69 : Found opcode in column 1. (BSF)
Warning[203] C:\USERS\RAMAZ\ONEDRIVE\MASAüSTü\MIKROISLEMCI PROJELER\TIMER1SAYICI_HAFTA2\TIMER1SAYICI.ASM 72 : Found opcode in column 1. (BTFSC)
Warning[203] C:\USERS\RAMAZ\ONEDRIVE\MASAüSTü\MIKROISLEMCI PROJELER\TIMER1SAYICI_HAFTA2\TIMER1SAYICI.ASM 73 : Found opcode in column 1. (GOTO)
Warning[203] C:\USERS\RAMAZ\ONEDRIVE\MASAüSTü\MIKROISLEMCI PROJELER\TIMER1SAYICI_HAFTA2\TIMER1SAYICI.ASM 74 : Found opcode in column 1. (BTFSC)
Warning[203] C:\USERS\RAMAZ\ONEDRIVE\MASAüSTü\MIKROISLEMCI PROJELER\TIMER1SAYICI_HAFTA2\TIMER1SAYICI.ASM 75 : Found opcode in column 1. (GOTO)
Warning[203] C:\USERS\RAMAZ\ONEDRIVE\MASAüSTü\MIKROISLEMCI PROJELER\TIMER1SAYICI_HAFTA2\TIMER1SAYICI.ASM 76 : Found opcode in column 1. (GOTO)
Warning[203] C:\USERS\RAMAZ\ONEDRIVE\MASAüSTü\MIKROISLEMCI PROJELER\TIMER1SAYICI_HAFTA2\TIMER1SAYICI.ASM 80 : Found opcode in column 1. (CLRF)
Warning[203] C:\USERS\RAMAZ\ONEDRIVE\MASAüSTü\MIKROISLEMCI PROJELER\TIMER1SAYICI_HAFTA2\TIMER1SAYICI.ASM 81 : Found opcode in column 1. (MOVF)
Warning[203] C:\USERS\RAMAZ\ONEDRIVE\MASAüSTü\MIKROISLEMCI PROJELER\TIMER1SAYICI_HAFTA2\TIMER1SAYICI.ASM 82 : Found opcode in column 1. (MOVWF)
Warning[203] C:\USERS\RAMAZ\ONEDRIVE\MASAüSTü\MIKROISLEMCI PROJELER\TIMER1SAYICI_HAFTA2\TIMER1SAYICI.ASM 83 : Found opcode in column 1. (MOVF)
Warning[203] C:\USERS\RAMAZ\ONEDRIVE\MASAüSTü\MIKROISLEMCI PROJELER\TIMER1SAYICI_HAFTA2\TIMER1SAYICI.ASM 84 : Found opcode in column 1. (BTFSC)
Warning[203] C:\USERS\RAMAZ\ONEDRIVE\MASAüSTü\MIKROISLEMCI PROJELER\TIMER1SAYICI_HAFTA2\TIMER1SAYICI.ASM 85 : Found opcode in column 1. (GOTO)
Warning[203] C:\USERS\RAMAZ\ONEDRIVE\MASAüSTü\MIKROISLEMCI PROJELER\TIMER1SAYICI_HAFTA2\TIMER1SAYICI.ASM 86 : Found opcode in column 1. (INCF)
Message[305] C:\USERS\RAMAZ\ONEDRIVE\MASAüSTü\MIKROISLEMCI PROJELER\TIMER1SAYICI_HAFTA2\TIMER1SAYICI.ASM 86 : Using default destination of 1 (file).
Warning[203] C:\USERS\RAMAZ\ONEDRIVE\MASAüSTü\MIKROISLEMCI PROJELER\TIMER1SAYICI_HAFTA2\TIMER1SAYICI.ASM 87 : Found opcode in column 1. (GOTO)
Warning[203] C:\USERS\RAMAZ\ONEDRIVE\MASAüSTü\MIKROISLEMCI PROJELER\TIMER1SAYICI_HAFTA2\TIMER1SAYICI.ASM 92 : Found opcode in column 1. (CLRF)
Warning[203] C:\USERS\RAMAZ\ONEDRIVE\MASAüSTü\MIKROISLEMCI PROJELER\TIMER1SAYICI_HAFTA2\TIMER1SAYICI.ASM 93 : Found opcode in column 1. (MOVF)
Warning[203] C:\USERS\RAMAZ\ONEDRIVE\MASAüSTü\MIKROISLEMCI PROJELER\TIMER1SAYICI_HAFTA2\TIMER1SAYICI.ASM 94 : Found opcode in column 1. (MOVWF)
Warning[203] C:\USERS\RAMAZ\ONEDRIVE\MASAüSTü\MIKROISLEMCI PROJELER\TIMER1SAYICI_HAFTA2\TIMER1SAYICI.ASM 95 : Found opcode in column 1. (MOVLW)
Warning[203] C:\USERS\RAMAZ\ONEDRIVE\MASAüSTü\MIKROISLEMCI PROJELER\TIMER1SAYICI_HAFTA2\TIMER1SAYICI.ASM 96 : Found opcode in column 1. (SUBWF)
Warning[203] C:\USERS\RAMAZ\ONEDRIVE\MASAüSTü\MIKROISLEMCI PROJELER\TIMER1SAYICI_HAFTA2\TIMER1SAYICI.ASM 97 : Found opcode in column 1. (BTFSC)
Warning[203] C:\USERS\RAMAZ\ONEDRIVE\MASAüSTü\MIKROISLEMCI PROJELER\TIMER1SAYICI_HAFTA2\TIMER1SAYICI.ASM 98 : Found opcode in column 1. (GOTO)
Warning[203] C:\USERS\RAMAZ\ONEDRIVE\MASAüSTü\MIKROISLEMCI PROJELER\TIMER1SAYICI_HAFTA2\TIMER1SAYICI.ASM 99 : Found opcode in column 1. (MOVLW)
Warning[203] C:\USERS\RAMAZ\ONEDRIVE\MASAüSTü\MIKROISLEMCI PROJELER\TIMER1SAYICI_HAFTA2\TIMER1SAYICI.ASM 100 : Found opcode in column 1. (MOVWF)
Warning[203] C:\USERS\RAMAZ\ONEDRIVE\MASAüSTü\MIKROISLEMCI PROJELER\TIMER1SAYICI_HAFTA2\TIMER1SAYICI.ASM 101 : Found opcode in column 1. (GOTO)
Warning[203] C:\USERS\RAMAZ\ONEDRIVE\MASAüSTü\MIKROISLEMCI PROJELER\TIMER1SAYICI_HAFTA2\TIMER1SAYICI.ASM 104 : Found opcode in column 1. (DECF)
Message[305] C:\USERS\RAMAZ\ONEDRIVE\MASAüSTü\MIKROISLEMCI PROJELER\TIMER1SAYICI_HAFTA2\TIMER1SAYICI.ASM 104 : Using default destination of 1 (file).
Warning[203] C:\USERS\RAMAZ\ONEDRIVE\MASAüSTü\MIKROISLEMCI PROJELER\TIMER1SAYICI_HAFTA2\TIMER1SAYICI.ASM 105 : Found opcode in column 1. (GOTO)
Warning[203] C:\USERS\RAMAZ\ONEDRIVE\MASAüSTü\MIKROISLEMCI PROJELER\TIMER1SAYICI_HAFTA2\TIMER1SAYICI.ASM 108 : Found opcode in column 1. (BTFSS)
Warning[203] C:\USERS\RAMAZ\ONEDRIVE\MASAüSTü\MIKROISLEMCI PROJELER\TIMER1SAYICI_HAFTA2\TIMER1SAYICI.ASM 109 : Found opcode in column 1. (GOTO)
Warning[203] C:\USERS\RAMAZ\ONEDRIVE\MASAüSTü\MIKROISLEMCI PROJELER\TIMER1SAYICI_HAFTA2\TIMER1SAYICI.ASM 110 : Found opcode in column 1. (GOTO)
Warning[203] C:\USERS\RAMAZ\ONEDRIVE\MASAüSTü\MIKROISLEMCI PROJELER\TIMER1SAYICI_HAFTA2\TIMER1SAYICI.ASM 113 : Found opcode in column 1. (BTFSS)
Warning[203] C:\USERS\RAMAZ\ONEDRIVE\MASAüSTü\MIKROISLEMCI PROJELER\TIMER1SAYICI_HAFTA2\TIMER1SAYICI.ASM 114 : Found opcode in column 1. (GOTO)
Warning[203] C:\USERS\RAMAZ\ONEDRIVE\MASAüSTü\MIKROISLEMCI PROJELER\TIMER1SAYICI_HAFTA2\TIMER1SAYICI.ASM 115 : Found opcode in column 1. (GOTO)
Warning[205] C:\USERS\RAMAZ\ONEDRIVE\MASAüSTü\MIKROISLEMCI PROJELER\TIMER1SAYICI_HAFTA2\TIMER1SAYICI.ASM 118 : Found directive in column 1. (END)
