MPASM  5.37                  TIMER1SAYICI.ASM   10-29-2018  22:15:26         PAGE  1


LOC  OBJECT CODE     LINE SOURCE TEXT
  VALUE

Warning[205]: Found directive in column 1. (LIST)
                      00001 LIST P=16F877A
                      00002 #INCLUDE <P16F877A.INC>
                      00001         LIST
                      00002 ; P16F877A.INC  Standard Header File, Version 1.00    Microchip Technology, Inc.
                      00400         LIST
Warning[205]: Found directive in column 1. (__config)
2007   3F31           00003 __config H'3F31'
                      00004 
  00000023            00005 SAYAC EQU 0X23
  00000024            00006 SURE EQU 0X24
                      00007 
Warning[205]: Found directive in column 1. (ORG)
0000                  00008 ORG 0X00
Warning[203]: Found opcode in column 1. (GOTO)
0000   2817           00009 GOTO anaprogram
                      00010 
Warning[205]: Found directive in column 1. (ORG)
0004                  00011 ORG 0X04
0004                  00012 KESME
Warning[205]: Found directive in column 1. (BANKSEL)
0004   1283 1303      00013 BANKSEL PIR1
Warning[203]: Found opcode in column 1. (BTFSS)
0006   1C0C           00014 BTFSS PIR1,TMR1IF
Warning[203]: Found opcode in column 1. (RETFIE)
0007   0009           00015 RETFIE
Warning[203]: Found opcode in column 1. (INCF)
Message[305]: Using default destination of 1 (file).
0008   0AA3           00016 INCF SAYAC
Warning[203]: Found opcode in column 1. (MOVF)
0009   0823           00017 MOVF SAYAC,W
Warning[203]: Found opcode in column 1. (SUBWF)
000A   0224           00018 SUBWF SURE,W          ;
Warning[203]: Found opcode in column 1. (BTFSS)
000B   1D03           00019 BTFSS STATUS,Z
Warning[203]: Found opcode in column 1. (GOTO)
000C   280F           00020 GOTO BITIR
Warning[203]: Found opcode in column 1. (CLRF)
000D   01A3           00021 CLRF SAYAC
Warning[203]: Found opcode in column 1. (INCF)
Message[305]: Using default destination of 1 (file).
000E   0A86           00022 INCF PORTB
                      00023 
000F                  00024 BITIR
Warning[205]: Found directive in column 1. (BANKSEL)
000F   1283 1303      00025 BANKSEL TMR1L
Warning[203]: Found opcode in column 1. (MOVLW)
0011   303C           00026 MOVLW 0X3C
Warning[203]: Found opcode in column 1. (MOVWF)
0012   008F           00027 MOVWF TMR1H
Warning[203]: Found opcode in column 1. (MOVLW)
0013   30B0           00028 MOVLW 0XB0
Warning[203]: Found opcode in column 1. (MOVWF)
MPASM  5.37                  TIMER1SAYICI.ASM   10-29-2018  22:15:26         PAGE  2


LOC  OBJECT CODE     LINE SOURCE TEXT
  VALUE

0014   008E           00029 MOVWF TMR1L
                      00030 
Warning[203]: Found opcode in column 1. (BCF)
0015   100C           00031 BCF PIR1,TMR1IF
Warning[203]: Found opcode in column 1. (RETFIE)
0016   0009           00032 RETFIE
                      00033 
0017                  00034 anaprogram
Warning[203]: Found opcode in column 1. (BSF)
0017   1683           00035 BSF STATUS,RP0
Warning[203]: Found opcode in column 1. (MOVLW)
0018   3006           00036 MOVLW 0X06
Warning[203]: Found opcode in column 1. (MOVWF)
Message[302]: Register in operand not in bank 0.  Ensure that bank bits are correct.
0019   009F           00037 MOVWF ADCON1
Warning[203]: Found opcode in column 1. (MOVLW)
001A   30CF           00038 MOVLW 0XCF
Warning[203]: Found opcode in column 1. (MOVWF)
Message[302]: Register in operand not in bank 0.  Ensure that bank bits are correct.
001B   0085           00039 MOVWF TRISA
Warning[205]: Found directive in column 1. (BANKSEL)
001C   1683 1303      00040 BANKSEL TRISB
Warning[203]: Found opcode in column 1. (CLRF)
Message[302]: Register in operand not in bank 0.  Ensure that bank bits are correct.
001E   0186           00041 CLRF TRISB
Warning[203]: Found opcode in column 1. (CLRF)
Message[302]: Register in operand not in bank 0.  Ensure that bank bits are correct.
001F   0187           00042 CLRF TRISC
                      00043 
Warning[205]: Found directive in column 1. (BANKSEL)
0020   1283 1303      00044 BANKSEL PORTB
Warning[203]: Found opcode in column 1. (CLRF)
0022   01A3           00045 CLRF SAYAC
Warning[203]: Found opcode in column 1. (CLRF)
0023   0186           00046 CLRF PORTB
Warning[203]: Found opcode in column 1. (CLRF)
0024   0185           00047 CLRF PORTA
Warning[203]: Found opcode in column 1. (CLRF)
0025   0187           00048 CLRF PORTC
Warning[203]: Found opcode in column 1. (MOVLW)
0026   300A           00049 MOVLW d'10'
Warning[203]: Found opcode in column 1. (MOVWF)
0027   00A4           00050 MOVWF SURE
                      00051 
                      00052 
Warning[205]: Found directive in column 1. (BANKSEL)
0028   1283 1303      00053 BANKSEL T1CON   ;TM1L TM1H HEPSI BUNLARIN SIFIRINCI BANKDA
Warning[203]: Found opcode in column 1. (MOVLW)
002A   3011           00054 MOVLW B'00010001' ;PRESCALER 1:2 SECILDI TMR1=ON YAPILDI
Warning[203]: Found opcode in column 1. (MOVWF)
002B   0090           00055 MOVWF T1CON
                      00056 
Warning[205]: Found directive in column 1. (BANKSEL)
MPASM  5.37                  TIMER1SAYICI.ASM   10-29-2018  22:15:26         PAGE  3


LOC  OBJECT CODE     LINE SOURCE TEXT
  VALUE

002C   1283 1303      00057 BANKSEL TMR1H
Warning[203]: Found opcode in column 1. (MOVLW)
002E   303C           00058 MOVLW 0X3C                      ;HEPSI BANK1DE
Warning[203]: Found opcode in column 1. (MOVWF)
002F   008F           00059 MOVWF TMR1H
Warning[203]: Found opcode in column 1. (MOVLW)
0030   30B0           00060 MOVLW 0XB0
Warning[203]: Found opcode in column 1. (MOVWF)
0031   008E           00061 MOVWF TMR1L             ;
                      00062 
Warning[205]: Found directive in column 1. (BANKSEL)
0032   1283 1303      00063 BANKSEL PIR1
Warning[203]: Found opcode in column 1. (BCF)
0034   100C           00064 BCF PIR1,TMR1IF         ;TMR1IF CLEARLA
                      00065 
Warning[205]: Found directive in column 1. (BANKSEL)
0035   1683 1303      00066 BANKSEL PIE1
Warning[203]: Found opcode in column 1. (BSF)
Message[302]: Register in operand not in bank 0.  Ensure that bank bits are correct.
0037   140C           00067 BSF PIE1,TMR1IE
Warning[203]: Found opcode in column 1. (BSF)
0038   178B           00068 BSF INTCON,GIE
Warning[203]: Found opcode in column 1. (BSF)
0039   170B           00069 BSF INTCON,PEIE
                      00070 
003A                  00071 KESMEBEKLE
Warning[203]: Found opcode in column 1. (BTFSC)
003A   1805           00072 BTFSC PORTA,0
Warning[203]: Found opcode in column 1. (GOTO)
003B   283F           00073 GOTO ARTIR
Warning[203]: Found opcode in column 1. (BTFSC)
003C   1885           00074 BTFSC PORTA,1
Warning[203]: Found opcode in column 1. (GOTO)
003D   2847           00075 GOTO AZALT
Warning[203]: Found opcode in column 1. (GOTO)
003E   283A           00076 GOTO KESMEBEKLE
                      00077 
                      00078 
003F                  00079 ARTIR
Warning[203]: Found opcode in column 1. (CLRF)
003F   01A3           00080 CLRF SAYAC
Warning[203]: Found opcode in column 1. (MOVF)
0040   0824           00081 MOVF SURE,W
Warning[203]: Found opcode in column 1. (MOVWF)
0041   0087           00082 MOVWF PORTC
Warning[203]: Found opcode in column 1. (MOVF)
0042   0824           00083 MOVF SURE,W
Warning[203]: Found opcode in column 1. (BTFSC)
0043   1A24           00084 BTFSC SURE,4
Warning[203]: Found opcode in column 1. (GOTO)
0044   283A           00085 GOTO KESMEBEKLE
Warning[203]: Found opcode in column 1. (INCF)
Message[305]: Using default destination of 1 (file).
MPASM  5.37                  TIMER1SAYICI.ASM   10-29-2018  22:15:26         PAGE  4


LOC  OBJECT CODE     LINE SOURCE TEXT
  VALUE

0045   0AA4           00086 INCF SURE
Warning[203]: Found opcode in column 1. (GOTO)
0046   2853           00087 GOTO DONGU1
                      00088 
                      00089 
                      00090 
0047                  00091 AZALT
Warning[203]: Found opcode in column 1. (CLRF)
0047   01A3           00092 CLRF SAYAC
Warning[203]: Found opcode in column 1. (MOVF)
0048   0824           00093 MOVF SURE,W
Warning[203]: Found opcode in column 1. (MOVWF)
0049   0087           00094 MOVWF PORTC
Warning[203]: Found opcode in column 1. (MOVLW)
004A   3005           00095 MOVLW D'5'
Warning[203]: Found opcode in column 1. (SUBWF)
004B   0224           00096 SUBWF SURE,W
Warning[203]: Found opcode in column 1. (BTFSC)
004C   1803           00097 BTFSC STATUS,C
Warning[203]: Found opcode in column 1. (GOTO)
004D   2851           00098 GOTO AZALT2
Warning[203]: Found opcode in column 1. (MOVLW)
004E   3005           00099 MOVLW D'5'
Warning[203]: Found opcode in column 1. (MOVWF)
004F   00A4           00100 MOVWF SURE
Warning[203]: Found opcode in column 1. (GOTO)
0050   283A           00101 GOTO KESMEBEKLE
                      00102 
0051                  00103 AZALT2
Warning[203]: Found opcode in column 1. (DECF)
Message[305]: Using default destination of 1 (file).
0051   03A4           00104 DECF SURE
Warning[203]: Found opcode in column 1. (GOTO)
0052   2856           00105 GOTO DONGU2
                      00106 
0053                  00107 DONGU1
Warning[203]: Found opcode in column 1. (BTFSS)
0053   1C05           00108 BTFSS PORTA,0
Warning[203]: Found opcode in column 1. (GOTO)
0054   283A           00109 GOTO KESMEBEKLE
Warning[203]: Found opcode in column 1. (GOTO)
0055   2853           00110 GOTO DONGU1
                      00111 
0056                  00112 DONGU2
Warning[203]: Found opcode in column 1. (BTFSS)
0056   1C85           00113 BTFSS PORTA,1
Warning[203]: Found opcode in column 1. (GOTO)
0057   283A           00114 GOTO KESMEBEKLE
Warning[203]: Found opcode in column 1. (GOTO)
0058   2856           00115 GOTO DONGU2
                      00116 
                      00117 
Warning[205]: Found directive in column 1. (END)
MPASM  5.37                  TIMER1SAYICI.ASM   10-29-2018  22:15:26         PAGE  5


LOC  OBJECT CODE     LINE SOURCE TEXT
  VALUE

                      00118 END
MPASM  5.37                  TIMER1SAYICI.ASM   10-29-2018  22:15:26         PAGE  6


SYMBOL TABLE
  LABEL                             VALUE 

ACKDT                             00000005
ACKEN                             00000004
ACKSTAT                           00000006
ADCON0                            0000001F
ADCON1                            0000009F
ADCS0                             00000006
ADCS1                             00000007
ADCS2                             00000006
ADDEN                             00000003
ADFM                              00000007
ADIE                              00000006
ADIF                              00000006
ADON                              00000000
ADRESH                            0000001E
ADRESL                            0000009E
ARTIR                             0000003F
AZALT                             00000047
AZALT2                            00000051
BCLIE                             00000003
BCLIF                             00000003
BF                                00000000
BITIR                             0000000F
BRGH                              00000002
C                                 00000000
C1INV                             00000004
C1OUT                             00000006
C2INV                             00000005
C2OUT                             00000007
CCP1CON                           00000017
CCP1IE                            00000002
CCP1IF                            00000002
CCP1M0                            00000000
CCP1M1                            00000001
CCP1M2                            00000002
CCP1M3                            00000003
CCP1X                             00000005
CCP1Y                             00000004
CCP2CON                           0000001D
CCP2IE                            00000000
CCP2IF                            00000000
CCP2M0                            00000000
CCP2M1                            00000001
CCP2M2                            00000002
CCP2M3                            00000003
CCP2X                             00000005
CCP2Y                             00000004
CCPR1H                            00000016
CCPR1L                            00000015
CCPR2H                            0000001C
CCPR2L                            0000001B
CHS0                              00000003
CHS1                              00000004
CHS2                              00000005
MPASM  5.37                  TIMER1SAYICI.ASM   10-29-2018  22:15:26         PAGE  7


SYMBOL TABLE
  LABEL                             VALUE 

CIS                               00000003
CKE                               00000006
CKP                               00000004
CM0                               00000000
CM1                               00000001
CM2                               00000002
CMCON                             0000009C
CMIE                              00000006
CMIF                              00000006
CREN                              00000004
CSRC                              00000007
CVR0                              00000000
CVR1                              00000001
CVR2                              00000002
CVR3                              00000003
CVRCON                            0000009D
CVREN                             00000007
CVROE                             00000006
CVRR                              00000005
D                                 00000005
DATA_ADDRESS                      00000005
DC                                00000001
DONGU1                            00000053
DONGU2                            00000056
D_A                               00000005
EEADR                             0000010D
EEADRH                            0000010F
EECON1                            0000018C
EECON2                            0000018D
EEDATA                            0000010C
EEDATH                            0000010E
EEIE                              00000004
EEIF                              00000004
EEPGD                             00000007
F                                 00000001
FERR                              00000002
FSR                               00000004
GCEN                              00000007
GIE                               00000007
GO                                00000002
GO_DONE                           00000002
I2C_DATA                          00000005
I2C_READ                          00000002
I2C_START                         00000003
I2C_STOP                          00000004
IBF                               00000007
IBOV                              00000005
INDF                              00000000
INTCON                            0000000B
INTE                              00000004
INTEDG                            00000006
INTF                              00000001
IRP                               00000007
MPASM  5.37                  TIMER1SAYICI.ASM   10-29-2018  22:15:26         PAGE  8


SYMBOL TABLE
  LABEL                             VALUE 

KESME                             00000004
KESMEBEKLE                        0000003A
NOT_A                             00000005
NOT_ADDRESS                       00000005
NOT_BO                            00000000
NOT_BOR                           00000000
NOT_DONE                          00000002
NOT_PD                            00000003
NOT_POR                           00000001
NOT_RBPU                          00000007
NOT_RC8                           00000006
NOT_T1SYNC                        00000002
NOT_TO                            00000004
NOT_TX8                           00000006
NOT_W                             00000002
NOT_WRITE                         00000002
OBF                               00000006
OERR                              00000001
OPTION_REG                        00000081
P                                 00000004
PCFG0                             00000000
PCFG1                             00000001
PCFG2                             00000002
PCFG3                             00000003
PCL                               00000002
PCLATH                            0000000A
PCON                              0000008E
PEIE                              00000006
PEN                               00000002
PIE1                              0000008C
PIE2                              0000008D
PIR1                              0000000C
PIR2                              0000000D
PORTA                             00000005
PORTB                             00000006
PORTC                             00000007
PORTD                             00000008
PORTE                             00000009
PR2                               00000092
PS0                               00000000
PS1                               00000001
PS2                               00000002
PSA                               00000003
PSPIE                             00000007
PSPIF                             00000007
PSPMODE                           00000004
R                                 00000002
RBIE                              00000003
RBIF                              00000000
RC8_9                             00000006
RC9                               00000006
RCD8                              00000000
RCEN                              00000003
MPASM  5.37                  TIMER1SAYICI.ASM   10-29-2018  22:15:26         PAGE  9


SYMBOL TABLE
  LABEL                             VALUE 

RCIE                              00000005
RCIF                              00000005
RCREG                             0000001A
RCSTA                             00000018
RD                                00000000
READ_WRITE                        00000002
RP0                               00000005
RP1                               00000006
RSEN                              00000001
RX9                               00000006
RX9D                              00000000
R_W                               00000002
S                                 00000003
SAYAC                             00000023
SEN                               00000000
SMP                               00000007
SPBRG                             00000099
SPEN                              00000007
SREN                              00000005
SSPADD                            00000093
SSPBUF                            00000013
SSPCON                            00000014
SSPCON2                           00000091
SSPEN                             00000005
SSPIE                             00000003
SSPIF                             00000003
SSPM0                             00000000
SSPM1                             00000001
SSPM2                             00000002
SSPM3                             00000003
SSPOV                             00000006
SSPSTAT                           00000094
STATUS                            00000003
SURE                              00000024
SYNC                              00000004
T0CS                              00000005
T0IE                              00000005
T0IF                              00000002
T0SE                              00000004
T1CKPS0                           00000004
T1CKPS1                           00000005
T1CON                             00000010
T1INSYNC                          00000002
T1OSCEN                           00000003
T1SYNC                            00000002
T2CKPS0                           00000000
T2CKPS1                           00000001
T2CON                             00000012
TMR0                              00000001
TMR0IE                            00000005
TMR0IF                            00000002
TMR1CS                            00000001
TMR1H                             0000000F
MPASM  5.37                  TIMER1SAYICI.ASM   10-29-2018  22:15:26         PAGE 10


SYMBOL TABLE
  LABEL                             VALUE 

TMR1IE                            00000000
TMR1IF                            00000000
TMR1L                             0000000E
TMR1ON                            00000000
TMR2                              00000011
TMR2IE                            00000001
TMR2IF                            00000001
TMR2ON                            00000002
TOUTPS0                           00000003
TOUTPS1                           00000004
TOUTPS2                           00000005
TOUTPS3                           00000006
TRISA                             00000085
TRISB                             00000086
TRISC                             00000087
TRISD                             00000088
TRISE                             00000089
TRISE0                            00000000
TRISE1                            00000001
TRISE2                            00000002
TRMT                              00000001
TX8_9                             00000006
TX9                               00000006
TX9D                              00000000
TXD8                              00000000
TXEN                              00000005
TXIE                              00000004
TXIF                              00000004
TXREG                             00000019
TXSTA                             00000098
UA                                00000001
W                                 00000000
WCOL                              00000007
WR                                00000001
WREN                              00000002
WRERR                             00000003
Z                                 00000002
_BODEN_OFF                        00003FBF
_BODEN_ON                         00003FFF
_CPD_OFF                          00003FFF
_CPD_ON                           00003EFF
_CP_ALL                           00001FFF
_CP_OFF                           00003FFF
_DEBUG_OFF                        00003FFF
_DEBUG_ON                         000037FF
_HS_OSC                           00003FFE
_LP_OSC                           00003FFC
_LVP_OFF                          00003F7F
_LVP_ON                           00003FFF
_PWRTE_OFF                        00003FFF
_PWRTE_ON                         00003FF7
_RC_OSC                           00003FFF
_WDT_OFF                          00003FFB
MPASM  5.37                  TIMER1SAYICI.ASM   10-29-2018  22:15:26         PAGE 11


SYMBOL TABLE
  LABEL                             VALUE 

_WDT_ON                           00003FFF
_WRT_1FOURTH                      00003BFF
_WRT_256                          00003DFF
_WRT_HALF                         000039FF
_WRT_OFF                          00003FFF
_XT_OSC                           00003FFD
__16F877A                         00000001
__DEBUG                           1
anaprogram                        00000017


MEMORY USAGE MAP ('X' = Used,  '-' = Unused)

0000 : X---XXXXXXXXXXXX XXXXXXXXXXXXXXXX XXXXXXXXXXXXXXXX XXXXXXXXXXXXXXXX
0040 : XXXXXXXXXXXXXXXX XXXXXXXXX------- ---------------- ----------------
2000 : -------X-------- ---------------- ---------------- ----------------

All other memory blocks unused.

Program Memory Words Used:    86
Program Memory Words Free:  8106


Errors   :     0
Warnings :    83 reported,     0 suppressed
Messages :     9 reported,     0 suppressed

