Warning[205] C:\USERS\RAMAZHAN\DESKTOP\MIKROPROJE\LCDSAAT\LCDSAAT.ASM 18 : Found directive in column 1. (ORG)
Warning[203] C:\USERS\RAMAZHAN\DESKTOP\MIKROPROJE\LCDSAAT\LCDSAAT.ASM 19 : Found opcode in column 1. (GOTO)
Warning[205] C:\USERS\RAMAZHAN\DESKTOP\MIKROPROJE\LCDSAAT\LCDSAAT.ASM 20 : Found directive in column 1. (ORG)
Warning[205] C:\USERS\RAMAZHAN\DESKTOP\MIKROPROJE\LCDSAAT\LCDSAAT.ASM 22 : Found directive in column 1. (BANKSEL)
Warning[203] C:\USERS\RAMAZHAN\DESKTOP\MIKROPROJE\LCDSAAT\LCDSAAT.ASM 23 : Found opcode in column 1. (BCF)
Warning[205] C:\USERS\RAMAZHAN\DESKTOP\MIKROPROJE\LCDSAAT\LCDSAAT.ASM 24 : Found directive in column 1. (BANKSEL)
Warning[203] C:\USERS\RAMAZHAN\DESKTOP\MIKROPROJE\LCDSAAT\LCDSAAT.ASM 25 : Found opcode in column 1. (INCF)
Warning[203] C:\USERS\RAMAZHAN\DESKTOP\MIKROPROJE\LCDSAAT\LCDSAAT.ASM 26 : Found opcode in column 1. (MOVF)
Warning[203] C:\USERS\RAMAZHAN\DESKTOP\MIKROPROJE\LCDSAAT\LCDSAAT.ASM 27 : Found opcode in column 1. (SUBLW)
Warning[203] C:\USERS\RAMAZHAN\DESKTOP\MIKROPROJE\LCDSAAT\LCDSAAT.ASM 28 : Found opcode in column 1. (BTFSS)
Warning[203] C:\USERS\RAMAZHAN\DESKTOP\MIKROPROJE\LCDSAAT\LCDSAAT.ASM 29 : Found opcode in column 1. (RETFIE)
Warning[203] C:\USERS\RAMAZHAN\DESKTOP\MIKROPROJE\LCDSAAT\LCDSAAT.ASM 30 : Found opcode in column 1. (CLRF)
Warning[203] C:\USERS\RAMAZHAN\DESKTOP\MIKROPROJE\LCDSAAT\LCDSAAT.ASM 31 : Found opcode in column 1. (DECF)
Warning[203] C:\USERS\RAMAZHAN\DESKTOP\MIKROPROJE\LCDSAAT\LCDSAAT.ASM 32 : Found opcode in column 1. (CLRF)
Warning[203] C:\USERS\RAMAZHAN\DESKTOP\MIKROPROJE\LCDSAAT\LCDSAAT.ASM 33 : Found opcode in column 1. (CLRF)
Warning[203] C:\USERS\RAMAZHAN\DESKTOP\MIKROPROJE\LCDSAAT\LCDSAAT.ASM 34 : Found opcode in column 1. (MOVF)
Warning[203] C:\USERS\RAMAZHAN\DESKTOP\MIKROPROJE\LCDSAAT\LCDSAAT.ASM 35 : Found opcode in column 1. (SUBLW)
Warning[203] C:\USERS\RAMAZHAN\DESKTOP\MIKROPROJE\LCDSAAT\LCDSAAT.ASM 36 : Found opcode in column 1. (BTFSS)
Warning[203] C:\USERS\RAMAZHAN\DESKTOP\MIKROPROJE\LCDSAAT\LCDSAAT.ASM 37 : Found opcode in column 1. (GOTO)
Warning[203] C:\USERS\RAMAZHAN\DESKTOP\MIKROPROJE\LCDSAAT\LCDSAAT.ASM 38 : Found opcode in column 1. (MOVLW)
Warning[203] C:\USERS\RAMAZHAN\DESKTOP\MIKROPROJE\LCDSAAT\LCDSAAT.ASM 39 : Found opcode in column 1. (MOVWF)
Warning[203] C:\USERS\RAMAZHAN\DESKTOP\MIKROPROJE\LCDSAAT\LCDSAAT.ASM 40 : Found opcode in column 1. (DECF)
Warning[203] C:\USERS\RAMAZHAN\DESKTOP\MIKROPROJE\LCDSAAT\LCDSAAT.ASM 41 : Found opcode in column 1. (CLRF)
Warning[203] C:\USERS\RAMAZHAN\DESKTOP\MIKROPROJE\LCDSAAT\LCDSAAT.ASM 42 : Found opcode in column 1. (CLRF)
Warning[203] C:\USERS\RAMAZHAN\DESKTOP\MIKROPROJE\LCDSAAT\LCDSAAT.ASM 43 : Found opcode in column 1. (MOVF)
Warning[203] C:\USERS\RAMAZHAN\DESKTOP\MIKROPROJE\LCDSAAT\LCDSAAT.ASM 44 : Found opcode in column 1. (SUBLW)
Warning[203] C:\USERS\RAMAZHAN\DESKTOP\MIKROPROJE\LCDSAAT\LCDSAAT.ASM 45 : Found opcode in column 1. (BTFSS)
Warning[203] C:\USERS\RAMAZHAN\DESKTOP\MIKROPROJE\LCDSAAT\LCDSAAT.ASM 46 : Found opcode in column 1. (GOTO)
Warning[203] C:\USERS\RAMAZHAN\DESKTOP\MIKROPROJE\LCDSAAT\LCDSAAT.ASM 47 : Found opcode in column 1. (MOVLW)
Warning[203] C:\USERS\RAMAZHAN\DESKTOP\MIKROPROJE\LCDSAAT\LCDSAAT.ASM 48 : Found opcode in column 1. (MOVWF)
Warning[203] C:\USERS\RAMAZHAN\DESKTOP\MIKROPROJE\LCDSAAT\LCDSAAT.ASM 49 : Found opcode in column 1. (CALL)
Warning[203] C:\USERS\RAMAZHAN\DESKTOP\MIKROPROJE\LCDSAAT\LCDSAAT.ASM 50 : Found opcode in column 1. (DECF)
Warning[203] C:\USERS\RAMAZHAN\DESKTOP\MIKROPROJE\LCDSAAT\LCDSAAT.ASM 51 : Found opcode in column 1. (CLRF)
Warning[203] C:\USERS\RAMAZHAN\DESKTOP\MIKROPROJE\LCDSAAT\LCDSAAT.ASM 52 : Found opcode in column 1. (CLRF)
Warning[203] C:\USERS\RAMAZHAN\DESKTOP\MIKROPROJE\LCDSAAT\LCDSAAT.ASM 53 : Found opcode in column 1. (MOVF)
Warning[203] C:\USERS\RAMAZHAN\DESKTOP\MIKROPROJE\LCDSAAT\LCDSAAT.ASM 54 : Found opcode in column 1. (SUBLW)
Warning[203] C:\USERS\RAMAZHAN\DESKTOP\MIKROPROJE\LCDSAAT\LCDSAAT.ASM 55 : Found opcode in column 1. (BTFSS)
Warning[203] C:\USERS\RAMAZHAN\DESKTOP\MIKROPROJE\LCDSAAT\LCDSAAT.ASM 56 : Found opcode in column 1. (GOTO)
Warning[203] C:\USERS\RAMAZHAN\DESKTOP\MIKROPROJE\LCDSAAT\LCDSAAT.ASM 57 : Found opcode in column 1. (CLRF)
Warning[203] C:\USERS\RAMAZHAN\DESKTOP\MIKROPROJE\LCDSAAT\LCDSAAT.ASM 58 : Found opcode in column 1. (RETFIE)
Warning[203] C:\USERS\RAMAZHAN\DESKTOP\MIKROPROJE\LCDSAAT\LCDSAAT.ASM 62 : Found opcode in column 1. (MOVF)
Warning[203] C:\USERS\RAMAZHAN\DESKTOP\MIKROPROJE\LCDSAAT\LCDSAAT.ASM 63 : Found opcode in column 1. (MOVWF)
Warning[203] C:\USERS\RAMAZHAN\DESKTOP\MIKROPROJE\LCDSAAT\LCDSAAT.ASM 64 : Found opcode in column 1. (INCF)
Message[305] C:\USERS\RAMAZHAN\DESKTOP\MIKROPROJE\LCDSAAT\LCDSAAT.ASM 64 : Using default destination of 1 (file).
Warning[203] C:\USERS\RAMAZHAN\DESKTOP\MIKROPROJE\LCDSAAT\LCDSAAT.ASM 65 : Found opcode in column 1. (MOVLW)
Warning[203] C:\USERS\RAMAZHAN\DESKTOP\MIKROPROJE\LCDSAAT\LCDSAAT.ASM 66 : Found opcode in column 1. (SUBWF)
Warning[203] C:\USERS\RAMAZHAN\DESKTOP\MIKROPROJE\LCDSAAT\LCDSAAT.ASM 67 : Found opcode in column 1. (BTFSC)
Warning[203] C:\USERS\RAMAZHAN\DESKTOP\MIKROPROJE\LCDSAAT\LCDSAAT.ASM 68 : Found opcode in column 1. (GOTO)
Warning[203] C:\USERS\RAMAZHAN\DESKTOP\MIKROPROJE\LCDSAAT\LCDSAAT.ASM 69 : Found opcode in column 1. (MOVLW)
Warning[203] C:\USERS\RAMAZHAN\DESKTOP\MIKROPROJE\LCDSAAT\LCDSAAT.ASM 70 : Found opcode in column 1. (ADDWF)
Warning[203] C:\USERS\RAMAZHAN\DESKTOP\MIKROPROJE\LCDSAAT\LCDSAAT.ASM 71 : Found opcode in column 1. (DECF)
Warning[203] C:\USERS\RAMAZHAN\DESKTOP\MIKROPROJE\LCDSAAT\LCDSAAT.ASM 72 : Found opcode in column 1. (RETFIE)
Warning[203] C:\USERS\RAMAZHAN\DESKTOP\MIKROPROJE\LCDSAAT\LCDSAAT.ASM 76 : Found opcode in column 1. (MOVF)
Warning[203] C:\USERS\RAMAZHAN\DESKTOP\MIKROPROJE\LCDSAAT\LCDSAAT.ASM 77 : Found opcode in column 1. (MOVWF)
Warning[203] C:\USERS\RAMAZHAN\DESKTOP\MIKROPROJE\LCDSAAT\LCDSAAT.ASM 78 : Found opcode in column 1. (INCF)
Warning[203] C:\USERS\RAMAZHAN\DESKTOP\MIKROPROJE\LCDSAAT\LCDSAAT.ASM 79 : Found opcode in column 1. (MOVLW)
Warning[203] C:\USERS\RAMAZHAN\DESKTOP\MIKROPROJE\LCDSAAT\LCDSAAT.ASM 80 : Found opcode in column 1. (SUBWF)
Warning[203] C:\USERS\RAMAZHAN\DESKTOP\MIKROPROJE\LCDSAAT\LCDSAAT.ASM 81 : Found opcode in column 1. (BTFSC)
Warning[203] C:\USERS\RAMAZHAN\DESKTOP\MIKROPROJE\LCDSAAT\LCDSAAT.ASM 82 : Found opcode in column 1. (GOTO)
Warning[203] C:\USERS\RAMAZHAN\DESKTOP\MIKROPROJE\LCDSAAT\LCDSAAT.ASM 83 : Found opcode in column 1. (MOVLW)
Warning[203] C:\USERS\RAMAZHAN\DESKTOP\MIKROPROJE\LCDSAAT\LCDSAAT.ASM 84 : Found opcode in column 1. (ADDWF)
Warning[203] C:\USERS\RAMAZHAN\DESKTOP\MIKROPROJE\LCDSAAT\LCDSAAT.ASM 85 : Found opcode in column 1. (DECF)
Warning[203] C:\USERS\RAMAZHAN\DESKTOP\MIKROPROJE\LCDSAAT\LCDSAAT.ASM 86 : Found opcode in column 1. (RETFIE)
Warning[203] C:\USERS\RAMAZHAN\DESKTOP\MIKROPROJE\LCDSAAT\LCDSAAT.ASM 89 : Found opcode in column 1. (MOVF)
Warning[203] C:\USERS\RAMAZHAN\DESKTOP\MIKROPROJE\LCDSAAT\LCDSAAT.ASM 90 : Found opcode in column 1. (MOVWF)
Warning[203] C:\USERS\RAMAZHAN\DESKTOP\MIKROPROJE\LCDSAAT\LCDSAAT.ASM 91 : Found opcode in column 1. (INCF)
Warning[203] C:\USERS\RAMAZHAN\DESKTOP\MIKROPROJE\LCDSAAT\LCDSAAT.ASM 92 : Found opcode in column 1. (MOVLW)
Warning[203] C:\USERS\RAMAZHAN\DESKTOP\MIKROPROJE\LCDSAAT\LCDSAAT.ASM 93 : Found opcode in column 1. (SUBWF)
Warning[203] C:\USERS\RAMAZHAN\DESKTOP\MIKROPROJE\LCDSAAT\LCDSAAT.ASM 94 : Found opcode in column 1. (BTFSC)
Warning[203] C:\USERS\RAMAZHAN\DESKTOP\MIKROPROJE\LCDSAAT\LCDSAAT.ASM 95 : Found opcode in column 1. (GOTO)
Warning[203] C:\USERS\RAMAZHAN\DESKTOP\MIKROPROJE\LCDSAAT\LCDSAAT.ASM 96 : Found opcode in column 1. (MOVLW)
Warning[203] C:\USERS\RAMAZHAN\DESKTOP\MIKROPROJE\LCDSAAT\LCDSAAT.ASM 97 : Found opcode in column 1. (ADDWF)
Warning[203] C:\USERS\RAMAZHAN\DESKTOP\MIKROPROJE\LCDSAAT\LCDSAAT.ASM 98 : Found opcode in column 1. (DECF)
Warning[203] C:\USERS\RAMAZHAN\DESKTOP\MIKROPROJE\LCDSAAT\LCDSAAT.ASM 99 : Found opcode in column 1. (RETFIE)
Warning[205] C:\USERS\RAMAZHAN\DESKTOP\MIKROPROJE\LCDSAAT\LCDSAAT.ASM 103 : Found directive in column 1. (BANKSEL)
Warning[203] C:\USERS\RAMAZHAN\DESKTOP\MIKROPROJE\LCDSAAT\LCDSAAT.ASM 104 : Found opcode in column 1. (CLRF)
Message[302] C:\USERS\RAMAZHAN\DESKTOP\MIKROPROJE\LCDSAAT\LCDSAAT.ASM 104 : Register in operand not in bank 0.  Ensure that bank bits are correct.
Warning[203] C:\USERS\RAMAZHAN\DESKTOP\MIKROPROJE\LCDSAAT\LCDSAAT.ASM 105 : Found opcode in column 1. (CLRF)
Message[302] C:\USERS\RAMAZHAN\DESKTOP\MIKROPROJE\LCDSAAT\LCDSAAT.ASM 105 : Register in operand not in bank 0.  Ensure that bank bits are correct.
Warning[203] C:\USERS\RAMAZHAN\DESKTOP\MIKROPROJE\LCDSAAT\LCDSAAT.ASM 106 : Found opcode in column 1. (CLRF)
Message[302] C:\USERS\RAMAZHAN\DESKTOP\MIKROPROJE\LCDSAAT\LCDSAAT.ASM 106 : Register in operand not in bank 0.  Ensure that bank bits are correct.
Warning[205] C:\USERS\RAMAZHAN\DESKTOP\MIKROPROJE\LCDSAAT\LCDSAAT.ASM 108 : Found directive in column 1. (BANKSEL)
Warning[203] C:\USERS\RAMAZHAN\DESKTOP\MIKROPROJE\LCDSAAT\LCDSAAT.ASM 109 : Found opcode in column 1. (CLRF)
Warning[203] C:\USERS\RAMAZHAN\DESKTOP\MIKROPROJE\LCDSAAT\LCDSAAT.ASM 112 : Found opcode in column 1. (MOVLW)
Warning[203] C:\USERS\RAMAZHAN\DESKTOP\MIKROPROJE\LCDSAAT\LCDSAAT.ASM 113 : Found opcode in column 1. (MOVWF)
Warning[203] C:\USERS\RAMAZHAN\DESKTOP\MIKROPROJE\LCDSAAT\LCDSAAT.ASM 114 : Found opcode in column 1. (MOVLW)
Warning[203] C:\USERS\RAMAZHAN\DESKTOP\MIKROPROJE\LCDSAAT\LCDSAAT.ASM 115 : Found opcode in column 1. (MOVWF)
Warning[203] C:\USERS\RAMAZHAN\DESKTOP\MIKROPROJE\LCDSAAT\LCDSAAT.ASM 116 : Found opcode in column 1. (MOVLW)
Warning[203] C:\USERS\RAMAZHAN\DESKTOP\MIKROPROJE\LCDSAAT\LCDSAAT.ASM 117 : Found opcode in column 1. (MOVWF)
Warning[203] C:\USERS\RAMAZHAN\DESKTOP\MIKROPROJE\LCDSAAT\LCDSAAT.ASM 120 : Found opcode in column 1. (MOVF)
Warning[203] C:\USERS\RAMAZHAN\DESKTOP\MIKROPROJE\LCDSAAT\LCDSAAT.ASM 121 : Found opcode in column 1. (MOVWF)
Warning[203] C:\USERS\RAMAZHAN\DESKTOP\MIKROPROJE\LCDSAAT\LCDSAAT.ASM 122 : Found opcode in column 1. (INCF)
Message[305] C:\USERS\RAMAZHAN\DESKTOP\MIKROPROJE\LCDSAAT\LCDSAAT.ASM 122 : Using default destination of 1 (file).
Warning[203] C:\USERS\RAMAZHAN\DESKTOP\MIKROPROJE\LCDSAAT\LCDSAAT.ASM 123 : Found opcode in column 1. (MOVLW)
Warning[203] C:\USERS\RAMAZHAN\DESKTOP\MIKROPROJE\LCDSAAT\LCDSAAT.ASM 124 : Found opcode in column 1. (SUBWF)
Warning[203] C:\USERS\RAMAZHAN\DESKTOP\MIKROPROJE\LCDSAAT\LCDSAAT.ASM 125 : Found opcode in column 1. (BTFSC)
Warning[203] C:\USERS\RAMAZHAN\DESKTOP\MIKROPROJE\LCDSAAT\LCDSAAT.ASM 126 : Found opcode in column 1. (GOTO)
Warning[203] C:\USERS\RAMAZHAN\DESKTOP\MIKROPROJE\LCDSAAT\LCDSAAT.ASM 127 : Found opcode in column 1. (MOVLW)
Warning[203] C:\USERS\RAMAZHAN\DESKTOP\MIKROPROJE\LCDSAAT\LCDSAAT.ASM 128 : Found opcode in column 1. (ADDWF)
Warning[203] C:\USERS\RAMAZHAN\DESKTOP\MIKROPROJE\LCDSAAT\LCDSAAT.ASM 129 : Found opcode in column 1. (DECF)
Warning[203] C:\USERS\RAMAZHAN\DESKTOP\MIKROPROJE\LCDSAAT\LCDSAAT.ASM 131 : Found opcode in column 1. (MOVF)
Warning[203] C:\USERS\RAMAZHAN\DESKTOP\MIKROPROJE\LCDSAAT\LCDSAAT.ASM 132 : Found opcode in column 1. (MOVWF)
Warning[203] C:\USERS\RAMAZHAN\DESKTOP\MIKROPROJE\LCDSAAT\LCDSAAT.ASM 133 : Found opcode in column 1. (INCF)
Warning[203] C:\USERS\RAMAZHAN\DESKTOP\MIKROPROJE\LCDSAAT\LCDSAAT.ASM 134 : Found opcode in column 1. (MOVLW)
Warning[203] C:\USERS\RAMAZHAN\DESKTOP\MIKROPROJE\LCDSAAT\LCDSAAT.ASM 135 : Found opcode in column 1. (SUBWF)
Warning[203] C:\USERS\RAMAZHAN\DESKTOP\MIKROPROJE\LCDSAAT\LCDSAAT.ASM 136 : Found opcode in column 1. (BTFSC)
Warning[203] C:\USERS\RAMAZHAN\DESKTOP\MIKROPROJE\LCDSAAT\LCDSAAT.ASM 137 : Found opcode in column 1. (GOTO)
Warning[203] C:\USERS\RAMAZHAN\DESKTOP\MIKROPROJE\LCDSAAT\LCDSAAT.ASM 138 : Found opcode in column 1. (MOVLW)
Warning[203] C:\USERS\RAMAZHAN\DESKTOP\MIKROPROJE\LCDSAAT\LCDSAAT.ASM 139 : Found opcode in column 1. (ADDWF)
Warning[203] C:\USERS\RAMAZHAN\DESKTOP\MIKROPROJE\LCDSAAT\LCDSAAT.ASM 140 : Found opcode in column 1. (DECF)
Warning[203] C:\USERS\RAMAZHAN\DESKTOP\MIKROPROJE\LCDSAAT\LCDSAAT.ASM 143 : Found opcode in column 1. (MOVF)
Warning[203] C:\USERS\RAMAZHAN\DESKTOP\MIKROPROJE\LCDSAAT\LCDSAAT.ASM 144 : Found opcode in column 1. (MOVWF)
Warning[203] C:\USERS\RAMAZHAN\DESKTOP\MIKROPROJE\LCDSAAT\LCDSAAT.ASM 145 : Found opcode in column 1. (INCF)
Warning[203] C:\USERS\RAMAZHAN\DESKTOP\MIKROPROJE\LCDSAAT\LCDSAAT.ASM 146 : Found opcode in column 1. (MOVLW)
Warning[203] C:\USERS\RAMAZHAN\DESKTOP\MIKROPROJE\LCDSAAT\LCDSAAT.ASM 147 : Found opcode in column 1. (SUBWF)
Warning[203] C:\USERS\RAMAZHAN\DESKTOP\MIKROPROJE\LCDSAAT\LCDSAAT.ASM 148 : Found opcode in column 1. (BTFSC)
Warning[203] C:\USERS\RAMAZHAN\DESKTOP\MIKROPROJE\LCDSAAT\LCDSAAT.ASM 149 : Found opcode in column 1. (GOTO)
Warning[203] C:\USERS\RAMAZHAN\DESKTOP\MIKROPROJE\LCDSAAT\LCDSAAT.ASM 150 : Found opcode in column 1. (MOVLW)
Warning[203] C:\USERS\RAMAZHAN\DESKTOP\MIKROPROJE\LCDSAAT\LCDSAAT.ASM 151 : Found opcode in column 1. (ADDWF)
Warning[203] C:\USERS\RAMAZHAN\DESKTOP\MIKROPROJE\LCDSAAT\LCDSAAT.ASM 152 : Found opcode in column 1. (DECF)
Warning[205] C:\USERS\RAMAZHAN\DESKTOP\MIKROPROJE\LCDSAAT\LCDSAAT.ASM 156 : Found directive in column 1. (BANKSEL)
Warning[203] C:\USERS\RAMAZHAN\DESKTOP\MIKROPROJE\LCDSAAT\LCDSAAT.ASM 157 : Found opcode in column 1. (MOVLW)
Warning[203] C:\USERS\RAMAZHAN\DESKTOP\MIKROPROJE\LCDSAAT\LCDSAAT.ASM 159 : Found opcode in column 1. (MOVWF)
Warning[205] C:\USERS\RAMAZHAN\DESKTOP\MIKROPROJE\LCDSAAT\LCDSAAT.ASM 161 : Found directive in column 1. (BANKSEL)
Warning[203] C:\USERS\RAMAZHAN\DESKTOP\MIKROPROJE\LCDSAAT\LCDSAAT.ASM 162 : Found opcode in column 1. (MOVLW)
Warning[203] C:\USERS\RAMAZHAN\DESKTOP\MIKROPROJE\LCDSAAT\LCDSAAT.ASM 163 : Found opcode in column 1. (MOVWF)
Message[302] C:\USERS\RAMAZHAN\DESKTOP\MIKROPROJE\LCDSAAT\LCDSAAT.ASM 163 : Register in operand not in bank 0.  Ensure that bank bits are correct.
Warning[205] C:\USERS\RAMAZHAN\DESKTOP\MIKROPROJE\LCDSAAT\LCDSAAT.ASM 165 : Found directive in column 1. (BANKSEL)
Warning[203] C:\USERS\RAMAZHAN\DESKTOP\MIKROPROJE\LCDSAAT\LCDSAAT.ASM 166 : Found opcode in column 1. (BSF)
Warning[203] C:\USERS\RAMAZHAN\DESKTOP\MIKROPROJE\LCDSAAT\LCDSAAT.ASM 167 : Found opcode in column 1. (BSF)
Warning[205] C:\USERS\RAMAZHAN\DESKTOP\MIKROPROJE\LCDSAAT\LCDSAAT.ASM 169 : Found directive in column 1. (BANKSEL)
Warning[203] C:\USERS\RAMAZHAN\DESKTOP\MIKROPROJE\LCDSAAT\LCDSAAT.ASM 170 : Found opcode in column 1. (BSF)
Message[302] C:\USERS\RAMAZHAN\DESKTOP\MIKROPROJE\LCDSAAT\LCDSAAT.ASM 170 : Register in operand not in bank 0.  Ensure that bank bits are correct.
Warning[203] C:\USERS\RAMAZHAN\DESKTOP\MIKROPROJE\LCDSAAT\LCDSAAT.ASM 177 : Found opcode in column 1. (CALL)
Warning[203] C:\USERS\RAMAZHAN\DESKTOP\MIKROPROJE\LCDSAAT\LCDSAAT.ASM 178 : Found opcode in column 1. (CALL)
Warning[203] C:\USERS\RAMAZHAN\DESKTOP\MIKROPROJE\LCDSAAT\LCDSAAT.ASM 179 : Found opcode in column 1. (GOTO)
Warning[203] C:\USERS\RAMAZHAN\DESKTOP\MIKROPROJE\LCDSAAT\LCDSAAT.ASM 184 : Found opcode in column 1. (MOVLW)
Warning[203] C:\USERS\RAMAZHAN\DESKTOP\MIKROPROJE\LCDSAAT\LCDSAAT.ASM 185 : Found opcode in column 1. (CALL)
Warning[203] C:\USERS\RAMAZHAN\DESKTOP\MIKROPROJE\LCDSAAT\LCDSAAT.ASM 187 : Found opcode in column 1. (MOVLW)
Warning[203] C:\USERS\RAMAZHAN\DESKTOP\MIKROPROJE\LCDSAAT\LCDSAAT.ASM 188 : Found opcode in column 1. (CALL)
Warning[203] C:\USERS\RAMAZHAN\DESKTOP\MIKROPROJE\LCDSAAT\LCDSAAT.ASM 190 : Found opcode in column 1. (MOVLW)
Warning[203] C:\USERS\RAMAZHAN\DESKTOP\MIKROPROJE\LCDSAAT\LCDSAAT.ASM 191 : Found opcode in column 1. (CALL)
Warning[203] C:\USERS\RAMAZHAN\DESKTOP\MIKROPROJE\LCDSAAT\LCDSAAT.ASM 194 : Found opcode in column 1. (MOVLW)
Warning[203] C:\USERS\RAMAZHAN\DESKTOP\MIKROPROJE\LCDSAAT\LCDSAAT.ASM 195 : Found opcode in column 1. (CALL)
Warning[203] C:\USERS\RAMAZHAN\DESKTOP\MIKROPROJE\LCDSAAT\LCDSAAT.ASM 198 : Found opcode in column 1. (MOVLW)
Warning[203] C:\USERS\RAMAZHAN\DESKTOP\MIKROPROJE\LCDSAAT\LCDSAAT.ASM 199 : Found opcode in column 1. (CALL)
Warning[203] C:\USERS\RAMAZHAN\DESKTOP\MIKROPROJE\LCDSAAT\LCDSAAT.ASM 204 : Found opcode in column 1. (MOVLW)
Warning[203] C:\USERS\RAMAZHAN\DESKTOP\MIKROPROJE\LCDSAAT\LCDSAAT.ASM 205 : Found opcode in column 1. (ADDWF)
Warning[203] C:\USERS\RAMAZHAN\DESKTOP\MIKROPROJE\LCDSAAT\LCDSAAT.ASM 206 : Found opcode in column 1. (CALL)
Warning[203] C:\USERS\RAMAZHAN\DESKTOP\MIKROPROJE\LCDSAAT\LCDSAAT.ASM 208 : Found opcode in column 1. (MOVLW)
Warning[203] C:\USERS\RAMAZHAN\DESKTOP\MIKROPROJE\LCDSAAT\LCDSAAT.ASM 209 : Found opcode in column 1. (ADDWF)
Warning[203] C:\USERS\RAMAZHAN\DESKTOP\MIKROPROJE\LCDSAAT\LCDSAAT.ASM 210 : Found opcode in column 1. (CALL)
Warning[203] C:\USERS\RAMAZHAN\DESKTOP\MIKROPROJE\LCDSAAT\LCDSAAT.ASM 212 : Found opcode in column 1. (MOVLW)
Warning[203] C:\USERS\RAMAZHAN\DESKTOP\MIKROPROJE\LCDSAAT\LCDSAAT.ASM 213 : Found opcode in column 1. (CALL)
Warning[203] C:\USERS\RAMAZHAN\DESKTOP\MIKROPROJE\LCDSAAT\LCDSAAT.ASM 215 : Found opcode in column 1. (MOVLW)
Warning[203] C:\USERS\RAMAZHAN\DESKTOP\MIKROPROJE\LCDSAAT\LCDSAAT.ASM 216 : Found opcode in column 1. (ADDWF)
Warning[203] C:\USERS\RAMAZHAN\DESKTOP\MIKROPROJE\LCDSAAT\LCDSAAT.ASM 217 : Found opcode in column 1. (CALL)
Warning[203] C:\USERS\RAMAZHAN\DESKTOP\MIKROPROJE\LCDSAAT\LCDSAAT.ASM 219 : Found opcode in column 1. (MOVLW)
Warning[203] C:\USERS\RAMAZHAN\DESKTOP\MIKROPROJE\LCDSAAT\LCDSAAT.ASM 220 : Found opcode in column 1. (ADDWF)
Warning[203] C:\USERS\RAMAZHAN\DESKTOP\MIKROPROJE\LCDSAAT\LCDSAAT.ASM 221 : Found opcode in column 1. (CALL)
Warning[203] C:\USERS\RAMAZHAN\DESKTOP\MIKROPROJE\LCDSAAT\LCDSAAT.ASM 224 : Found opcode in column 1. (MOVLW)
Warning[203] C:\USERS\RAMAZHAN\DESKTOP\MIKROPROJE\LCDSAAT\LCDSAAT.ASM 225 : Found opcode in column 1. (CALL)
Warning[203] C:\USERS\RAMAZHAN\DESKTOP\MIKROPROJE\LCDSAAT\LCDSAAT.ASM 228 : Found opcode in column 1. (MOVLW)
Warning[203] C:\USERS\RAMAZHAN\DESKTOP\MIKROPROJE\LCDSAAT\LCDSAAT.ASM 229 : Found opcode in column 1. (ADDWF)
Warning[203] C:\USERS\RAMAZHAN\DESKTOP\MIKROPROJE\LCDSAAT\LCDSAAT.ASM 230 : Found opcode in column 1. (CALL)
Warning[203] C:\USERS\RAMAZHAN\DESKTOP\MIKROPROJE\LCDSAAT\LCDSAAT.ASM 232 : Found opcode in column 1. (MOVLW)
Warning[203] C:\USERS\RAMAZHAN\DESKTOP\MIKROPROJE\LCDSAAT\LCDSAAT.ASM 233 : Found opcode in column 1. (ADDWF)
Warning[203] C:\USERS\RAMAZHAN\DESKTOP\MIKROPROJE\LCDSAAT\LCDSAAT.ASM 234 : Found opcode in column 1. (CALL)
Warning[203] C:\USERS\RAMAZHAN\DESKTOP\MIKROPROJE\LCDSAAT\LCDSAAT.ASM 237 : Found opcode in column 1. (RETURN)
Warning[203] C:\USERS\RAMAZHAN\DESKTOP\MIKROPROJE\LCDSAAT\LCDSAAT.ASM 244 : Found opcode in column 1. (MOVLW)
Warning[203] C:\USERS\RAMAZHAN\DESKTOP\MIKROPROJE\LCDSAAT\LCDSAAT.ASM 245 : Found opcode in column 1. (CALL)
Warning[203] C:\USERS\RAMAZHAN\DESKTOP\MIKROPROJE\LCDSAAT\LCDSAAT.ASM 246 : Found opcode in column 1. (MOVLW)
Warning[203] C:\USERS\RAMAZHAN\DESKTOP\MIKROPROJE\LCDSAAT\LCDSAAT.ASM 247 : Found opcode in column 1. (CALL)
Warning[203] C:\USERS\RAMAZHAN\DESKTOP\MIKROPROJE\LCDSAAT\LCDSAAT.ASM 248 : Found opcode in column 1. (MOVLW)
Warning[203] C:\USERS\RAMAZHAN\DESKTOP\MIKROPROJE\LCDSAAT\LCDSAAT.ASM 249 : Found opcode in column 1. (CALL)
Warning[203] C:\USERS\RAMAZHAN\DESKTOP\MIKROPROJE\LCDSAAT\LCDSAAT.ASM 250 : Found opcode in column 1. (MOVLW)
Warning[203] C:\USERS\RAMAZHAN\DESKTOP\MIKROPROJE\LCDSAAT\LCDSAAT.ASM 251 : Found opcode in column 1. (CALL)
Warning[203] C:\USERS\RAMAZHAN\DESKTOP\MIKROPROJE\LCDSAAT\LCDSAAT.ASM 252 : Found opcode in column 1. (RETURN)
Warning[205] C:\USERS\RAMAZHAN\DESKTOP\MIKROPROJE\LCDSAAT\LCDSAAT.ASM 256 : Found directive in column 1. (BANKSEL)
Warning[203] C:\USERS\RAMAZHAN\DESKTOP\MIKROPROJE\LCDSAAT\LCDSAAT.ASM 257 : Found opcode in column 1. (MOVWF)
Warning[203] C:\USERS\RAMAZHAN\DESKTOP\MIKROPROJE\LCDSAAT\LCDSAAT.ASM 258 : Found opcode in column 1. (BCF)
Warning[203] C:\USERS\RAMAZHAN\DESKTOP\MIKROPROJE\LCDSAAT\LCDSAAT.ASM 259 : Found opcode in column 1. (BSF)
Warning[203] C:\USERS\RAMAZHAN\DESKTOP\MIKROPROJE\LCDSAAT\LCDSAAT.ASM 260 : Found opcode in column 1. (CALL)
Warning[203] C:\USERS\RAMAZHAN\DESKTOP\MIKROPROJE\LCDSAAT\LCDSAAT.ASM 261 : Found opcode in column 1. (BCF)
Warning[203] C:\USERS\RAMAZHAN\DESKTOP\MIKROPROJE\LCDSAAT\LCDSAAT.ASM 262 : Found opcode in column 1. (RETURN)
Warning[205] C:\USERS\RAMAZHAN\DESKTOP\MIKROPROJE\LCDSAAT\LCDSAAT.ASM 266 : Found directive in column 1. (BANKSEL)
Warning[203] C:\USERS\RAMAZHAN\DESKTOP\MIKROPROJE\LCDSAAT\LCDSAAT.ASM 267 : Found opcode in column 1. (MOVWF)
Warning[203] C:\USERS\RAMAZHAN\DESKTOP\MIKROPROJE\LCDSAAT\LCDSAAT.ASM 268 : Found opcode in column 1. (BSF)
Warning[203] C:\USERS\RAMAZHAN\DESKTOP\MIKROPROJE\LCDSAAT\LCDSAAT.ASM 269 : Found opcode in column 1. (BSF)
Warning[203] C:\USERS\RAMAZHAN\DESKTOP\MIKROPROJE\LCDSAAT\LCDSAAT.ASM 270 : Found opcode in column 1. (CALL)
Warning[203] C:\USERS\RAMAZHAN\DESKTOP\MIKROPROJE\LCDSAAT\LCDSAAT.ASM 271 : Found opcode in column 1. (BCF)
Warning[203] C:\USERS\RAMAZHAN\DESKTOP\MIKROPROJE\LCDSAAT\LCDSAAT.ASM 272 : Found opcode in column 1. (RETURN)
Warning[203] C:\USERS\RAMAZHAN\DESKTOP\MIKROPROJE\LCDSAAT\LCDSAAT.ASM 276 : Found opcode in column 1. (ADDWF)
Warning[203] C:\USERS\RAMAZHAN\DESKTOP\MIKROPROJE\LCDSAAT\LCDSAAT.ASM 277 : Found opcode in column 1. (RETLW)
Warning[203] C:\USERS\RAMAZHAN\DESKTOP\MIKROPROJE\LCDSAAT\LCDSAAT.ASM 278 : Found opcode in column 1. (RETLW)
Warning[203] C:\USERS\RAMAZHAN\DESKTOP\MIKROPROJE\LCDSAAT\LCDSAAT.ASM 279 : Found opcode in column 1. (RETLW)
Warning[203] C:\USERS\RAMAZHAN\DESKTOP\MIKROPROJE\LCDSAAT\LCDSAAT.ASM 280 : Found opcode in column 1. (RETLW)
Warning[203] C:\USERS\RAMAZHAN\DESKTOP\MIKROPROJE\LCDSAAT\LCDSAAT.ASM 281 : Found opcode in column 1. (RETLW)
Warning[203] C:\USERS\RAMAZHAN\DESKTOP\MIKROPROJE\LCDSAAT\LCDSAAT.ASM 282 : Found opcode in column 1. (RETLW)
Warning[203] C:\USERS\RAMAZHAN\DESKTOP\MIKROPROJE\LCDSAAT\LCDSAAT.ASM 283 : Found opcode in column 1. (RETLW)
Warning[203] C:\USERS\RAMAZHAN\DESKTOP\MIKROPROJE\LCDSAAT\LCDSAAT.ASM 284 : Found opcode in column 1. (RETLW)
Warning[203] C:\USERS\RAMAZHAN\DESKTOP\MIKROPROJE\LCDSAAT\LCDSAAT.ASM 285 : Found opcode in column 1. (RETLW)
Warning[203] C:\USERS\RAMAZHAN\DESKTOP\MIKROPROJE\LCDSAAT\LCDSAAT.ASM 286 : Found opcode in column 1. (RETLW)
Warning[203] C:\USERS\RAMAZHAN\DESKTOP\MIKROPROJE\LCDSAAT\LCDSAAT.ASM 287 : Found opcode in column 1. (RETURN)
Warning[203] C:\USERS\RAMAZHAN\DESKTOP\MIKROPROJE\LCDSAAT\LCDSAAT.ASM 298 : Found opcode in column 1. (MOVLW)
Warning[203] C:\USERS\RAMAZHAN\DESKTOP\MIKROPROJE\LCDSAAT\LCDSAAT.ASM 299 : Found opcode in column 1. (MOVWF)
Warning[203] C:\USERS\RAMAZHAN\DESKTOP\MIKROPROJE\LCDSAAT\LCDSAAT.ASM 302 : Found opcode in column 1. (MOVLW)
Warning[203] C:\USERS\RAMAZHAN\DESKTOP\MIKROPROJE\LCDSAAT\LCDSAAT.ASM 303 : Found opcode in column 1. (MOVWF)
Warning[203] C:\USERS\RAMAZHAN\DESKTOP\MIKROPROJE\LCDSAAT\LCDSAAT.ASM 306 : Found opcode in column 1. (DECFSZ)
Warning[203] C:\USERS\RAMAZHAN\DESKTOP\MIKROPROJE\LCDSAAT\LCDSAAT.ASM 307 : Found opcode in column 1. (GOTO)
Warning[203] C:\USERS\RAMAZHAN\DESKTOP\MIKROPROJE\LCDSAAT\LCDSAAT.ASM 308 : Found opcode in column 1. (DECFSZ)
Warning[203] C:\USERS\RAMAZHAN\DESKTOP\MIKROPROJE\LCDSAAT\LCDSAAT.ASM 309 : Found opcode in column 1. (GOTO)
Warning[203] C:\USERS\RAMAZHAN\DESKTOP\MIKROPROJE\LCDSAAT\LCDSAAT.ASM 310 : Found opcode in column 1. (RETURN)
Warning[205] C:\USERS\RAMAZHAN\DESKTOP\MIKROPROJE\LCDSAAT\LCDSAAT.ASM 316 : Found directive in column 1. (END)
