MPASM  5.37                      CARPMA16.ASM   10-23-2018  9:49:47         PAGE  1


LOC  OBJECT CODE     LINE SOURCE TEXT
  VALUE

Warning[205]: Found directive in column 1. (LIST)
                      00001 LIST P=16F877A
                      00002 #INCLUDE <P16F877A.INC>
                      00001         LIST
                      00002 ; P16F877A.INC  Standard Header File, Version 1.00    Microchip Technology, Inc.
                      00400         LIST
Warning[205]: Found directive in column 1. (__config)
2007   3F31           00003 __config H'3F31'
                      00004 
                      00005 
  00000023            00006 sayi1 EQU 0X23
  00000024            00007 sayi2 EQU 0X24
  00000025            00008 sayilow EQU 0x25
  00000026            00009 sayihigh EQU 0X26
  00000027            00010 bool EQU 0X27
                      00011 
                      00012 
Warning[205]: Found directive in column 1. (ORG)
0000                  00013 ORG 0X00
Warning[203]: Found opcode in column 1. (goto)
0000   2805           00014 goto anaprogram
                      00015 
Warning[205]: Found directive in column 1. (ORG)
0004                  00016 ORG 0X04
                      00017 
0004                  00018 kesme
Warning[203]: Found opcode in column 1. (retfie)
0004   0009           00019 retfie
                      00020 
                      00021 
0005                  00022 anaprogram
Warning[203]: Found opcode in column 1. (BSF)
0005   1683           00023 BSF STATUS,RP0 
Warning[203]: Found opcode in column 1. (MOVLW)
0006   3006           00024 MOVLW 0X06
Warning[203]: Found opcode in column 1. (MOVWF)
Message[302]: Register in operand not in bank 0.  Ensure that bank bits are correct.
0007   009F           00025 MOVWF ADCON1    ;Burada porta giriï¿½ yaptï¿½k;
Warning[203]: Found opcode in column 1. (MOVLW)
0008   30CF           00026 MOVLW 0XCF
Warning[203]: Found opcode in column 1. (MOVWF)
Message[302]: Register in operand not in bank 0.  Ensure that bank bits are correct.
0009   0085           00027 MOVWF TRISA
                      00028 
Warning[205]: Found directive in column 1. (BANKSEL)
000A   1683 1303      00029 BANKSEL TRISB   ;Burada portb yi cï¿½kï¿½s yaptï¿½k
Warning[203]: Found opcode in column 1. (CLRF)
Message[302]: Register in operand not in bank 0.  Ensure that bank bits are correct.
000C   0186           00030 CLRF TRISB
                      00031 
Warning[205]: Found directive in column 1. (BANKSEL)
000D   1283 1303      00032 BANKSEL PORTB   ; Portb yi temizledik
Warning[203]: Found opcode in column 1. (CLRF)
MPASM  5.37                      CARPMA16.ASM   10-23-2018  9:49:47         PAGE  2


LOC  OBJECT CODE     LINE SOURCE TEXT
  VALUE

000F   0186           00033 CLRF PORTB
                      00034 
Warning[203]: Found opcode in column 1. (MOVLW)
0010   304B           00035 MOVLW D'75'
Warning[203]: Found opcode in column 1. (MOVWF)
0011   00A3           00036 MOVWF sayi1
Warning[203]: Found opcode in column 1. (MOVLW)
0012   3021           00037 MOVLW D'33'
Warning[203]: Found opcode in column 1. (MOVWF)
0013   00A4           00038 MOVWF sayi2
Warning[203]: Found opcode in column 1. (BCF)
0014   1003           00039 BCF STATUS,C
Warning[203]: Found opcode in column 1. (CLRF)
0015   01A5           00040 CLRF sayilow
Warning[203]: Found opcode in column 1. (CLRF)
0016   01A6           00041 CLRF sayihigh
Warning[203]: Found opcode in column 1. (CLRF)
0017   01A7           00042 CLRF bool
Warning[203]: Found opcode in column 1. (CLRW)
0018   0103           00043 CLRW
                      00044 
0019                  00045 TOPLAMA 
Warning[203]: Found opcode in column 1. (ADDWF)
0019   0723           00046 ADDWF sayi1,w
Warning[203]: Found opcode in column 1. (DECFSZ)
001A   0BA4           00047 DECFSZ sayi2,f                          ;burada once sayiyi topluoz 
Warning[203]: Found opcode in column 1. (GOTO)
001B   281E           00048 GOTO TASMA                              ;sonra tasma varmi kontrol edioz
Warning[203]: Found opcode in column 1. (MOVWF)
001C   00A5           00049 MOVWF sayilow
Warning[203]: Found opcode in column 1. (GOTO)
001D   2823           00050 GOTO SONTASMA
                      00051 
                      00052 
001E                  00053 TASMA
Warning[203]: Found opcode in column 1. (BTFSS)
001E   1C03           00054 BTFSS STATUS,C
Warning[203]: Found opcode in column 1. (GOTO)
001F   2819           00055 GOTO TOPLAMA
Warning[203]: Found opcode in column 1. (INCF)
Message[305]: Using default destination of 1 (file).
0020   0AA6           00056 INCF sayihigh     ;burada her tasmada sayihigh artýyoruz
Warning[203]: Found opcode in column 1. (BCF)
0021   1003           00057 BCF STATUS,C
Warning[203]: Found opcode in column 1. (GOTO)
0022   2819           00058 GOTO TOPLAMA
                      00059 
0023                  00060 SONTASMA
Warning[203]: Found opcode in column 1. (BTFSS)
0023   1C03           00061 BTFSS STATUS,C          ;Burada sayý bittimi ve tasma varsa onun kontrolunu yapýyoruz
Warning[203]: Found opcode in column 1. (GOTO)
0024   2827           00062 GOTO YAZDIR                     
Warning[203]: Found opcode in column 1. (INCF)
MPASM  5.37                      CARPMA16.ASM   10-23-2018  9:49:47         PAGE  3


LOC  OBJECT CODE     LINE SOURCE TEXT
  VALUE

Message[305]: Using default destination of 1 (file).
0025   0AA6           00063 INCF sayihigh           ; sayihigh artýyoruz
Warning[203]: Found opcode in column 1. (GOTO)
0026   2827           00064 GOTO YAZDIR
                      00065 
0027                  00066 YAZDIR
Warning[203]: Found opcode in column 1. (BTFSS)
0027   1C05           00067 BTFSS PORTA,0   
Warning[203]: Found opcode in column 1. (GOTO)
0028   2827           00068 GOTO YAZDIR
Warning[203]: Found opcode in column 1. (INCF)
Message[305]: Using default destination of 1 (file).
0029   0AA7           00069 INCF bool
Warning[203]: Found opcode in column 1. (GOTO)
002A   282B           00070 GOTO SEC
                      00071 
                      00072 
002B                  00073 SEC
Warning[203]: Found opcode in column 1. (BTFSS)
002B   1C27           00074 BTFSS bool,0            ;Burada sayý tekse highi yak 
Warning[203]: Found opcode in column 1. (GOTO)
002C   282E           00075 GOTO  LOWYAK            ;çiftse low u yak
Warning[203]: Found opcode in column 1. (GOTO)
002D   2831           00076 GOTO HÝGHYAK
                      00077 
                      00078 
002E                  00079 LOWYAK
Warning[203]: Found opcode in column 1. (MOVF)
002E   0825           00080 MOVF sayilow,w
Warning[203]: Found opcode in column 1. (MOVWF)
002F   0086           00081 MOVWF PORTB
Warning[203]: Found opcode in column 1. (GOTO)
0030   2834           00082 GOTO DONGU
                      00083 
0031                  00084 HÝGHYAK
Warning[203]: Found opcode in column 1. (MOVF)
0031   0826           00085 MOVF sayihigh,w
Warning[203]: Found opcode in column 1. (MOVWF)
0032   0086           00086 MOVWF PORTB
Warning[203]: Found opcode in column 1. (GOTO)
0033   2834           00087 GOTO DONGU
                      00088 
                      00089 
0034                  00090 DONGU
Warning[203]: Found opcode in column 1. (BTFSS)
0034   1C05           00091 BTFSS PORTA,0           ;burada el butonda basýlý kaldýgý surece ledler yansýn
Warning[203]: Found opcode in column 1. (GOTO)
0035   2827           00092 GOTO YAZDIR
Warning[203]: Found opcode in column 1. (GOTO)
0036   2834           00093 GOTO DONGU
                      00094 
Warning[205]: Found directive in column 1. (END)
                      00095 END
MPASM  5.37                      CARPMA16.ASM   10-23-2018  9:49:47         PAGE  4


SYMBOL TABLE
  LABEL                             VALUE 

ACKDT                             00000005
ACKEN                             00000004
ACKSTAT                           00000006
ADCON0                            0000001F
ADCON1                            0000009F
ADCS0                             00000006
ADCS1                             00000007
ADCS2                             00000006
ADDEN                             00000003
ADFM                              00000007
ADIE                              00000006
ADIF                              00000006
ADON                              00000000
ADRESH                            0000001E
ADRESL                            0000009E
BCLIE                             00000003
BCLIF                             00000003
BF                                00000000
BRGH                              00000002
C                                 00000000
C1INV                             00000004
C1OUT                             00000006
C2INV                             00000005
C2OUT                             00000007
CCP1CON                           00000017
CCP1IE                            00000002
CCP1IF                            00000002
CCP1M0                            00000000
CCP1M1                            00000001
CCP1M2                            00000002
CCP1M3                            00000003
CCP1X                             00000005
CCP1Y                             00000004
CCP2CON                           0000001D
CCP2IE                            00000000
CCP2IF                            00000000
CCP2M0                            00000000
CCP2M1                            00000001
CCP2M2                            00000002
CCP2M3                            00000003
CCP2X                             00000005
CCP2Y                             00000004
CCPR1H                            00000016
CCPR1L                            00000015
CCPR2H                            0000001C
CCPR2L                            0000001B
CHS0                              00000003
CHS1                              00000004
CHS2                              00000005
CIS                               00000003
CKE                               00000006
CKP                               00000004
CM0                               00000000
MPASM  5.37                      CARPMA16.ASM   10-23-2018  9:49:47         PAGE  5


SYMBOL TABLE
  LABEL                             VALUE 

CM1                               00000001
CM2                               00000002
CMCON                             0000009C
CMIE                              00000006
CMIF                              00000006
CREN                              00000004
CSRC                              00000007
CVR0                              00000000
CVR1                              00000001
CVR2                              00000002
CVR3                              00000003
CVRCON                            0000009D
CVREN                             00000007
CVROE                             00000006
CVRR                              00000005
D                                 00000005
DATA_ADDRESS                      00000005
DC                                00000001
DONGU                             00000034
D_A                               00000005
EEADR                             0000010D
EEADRH                            0000010F
EECON1                            0000018C
EECON2                            0000018D
EEDATA                            0000010C
EEDATH                            0000010E
EEIE                              00000004
EEIF                              00000004
EEPGD                             00000007
F                                 00000001
FERR                              00000002
FSR                               00000004
GCEN                              00000007
GIE                               00000007
GO                                00000002
GO_DONE                           00000002
HÝGHYAK                           00000031
I2C_DATA                          00000005
I2C_READ                          00000002
I2C_START                         00000003
I2C_STOP                          00000004
IBF                               00000007
IBOV                              00000005
INDF                              00000000
INTCON                            0000000B
INTE                              00000004
INTEDG                            00000006
INTF                              00000001
IRP                               00000007
LOWYAK                            0000002E
NOT_A                             00000005
NOT_ADDRESS                       00000005
NOT_BO                            00000000
MPASM  5.37                      CARPMA16.ASM   10-23-2018  9:49:47         PAGE  6


SYMBOL TABLE
  LABEL                             VALUE 

NOT_BOR                           00000000
NOT_DONE                          00000002
NOT_PD                            00000003
NOT_POR                           00000001
NOT_RBPU                          00000007
NOT_RC8                           00000006
NOT_T1SYNC                        00000002
NOT_TO                            00000004
NOT_TX8                           00000006
NOT_W                             00000002
NOT_WRITE                         00000002
OBF                               00000006
OERR                              00000001
OPTION_REG                        00000081
P                                 00000004
PCFG0                             00000000
PCFG1                             00000001
PCFG2                             00000002
PCFG3                             00000003
PCL                               00000002
PCLATH                            0000000A
PCON                              0000008E
PEIE                              00000006
PEN                               00000002
PIE1                              0000008C
PIE2                              0000008D
PIR1                              0000000C
PIR2                              0000000D
PORTA                             00000005
PORTB                             00000006
PORTC                             00000007
PORTD                             00000008
PORTE                             00000009
PR2                               00000092
PS0                               00000000
PS1                               00000001
PS2                               00000002
PSA                               00000003
PSPIE                             00000007
PSPIF                             00000007
PSPMODE                           00000004
R                                 00000002
RBIE                              00000003
RBIF                              00000000
RC8_9                             00000006
RC9                               00000006
RCD8                              00000000
RCEN                              00000003
RCIE                              00000005
RCIF                              00000005
RCREG                             0000001A
RCSTA                             00000018
RD                                00000000
MPASM  5.37                      CARPMA16.ASM   10-23-2018  9:49:47         PAGE  7


SYMBOL TABLE
  LABEL                             VALUE 

READ_WRITE                        00000002
RP0                               00000005
RP1                               00000006
RSEN                              00000001
RX9                               00000006
RX9D                              00000000
R_W                               00000002
S                                 00000003
SEC                               0000002B
SEN                               00000000
SMP                               00000007
SONTASMA                          00000023
SPBRG                             00000099
SPEN                              00000007
SREN                              00000005
SSPADD                            00000093
SSPBUF                            00000013
SSPCON                            00000014
SSPCON2                           00000091
SSPEN                             00000005
SSPIE                             00000003
SSPIF                             00000003
SSPM0                             00000000
SSPM1                             00000001
SSPM2                             00000002
SSPM3                             00000003
SSPOV                             00000006
SSPSTAT                           00000094
STATUS                            00000003
SYNC                              00000004
T0CS                              00000005
T0IE                              00000005
T0IF                              00000002
T0SE                              00000004
T1CKPS0                           00000004
T1CKPS1                           00000005
T1CON                             00000010
T1INSYNC                          00000002
T1OSCEN                           00000003
T1SYNC                            00000002
T2CKPS0                           00000000
T2CKPS1                           00000001
T2CON                             00000012
TASMA                             0000001E
TMR0                              00000001
TMR0IE                            00000005
TMR0IF                            00000002
TMR1CS                            00000001
TMR1H                             0000000F
TMR1IE                            00000000
TMR1IF                            00000000
TMR1L                             0000000E
TMR1ON                            00000000
MPASM  5.37                      CARPMA16.ASM   10-23-2018  9:49:47         PAGE  8


SYMBOL TABLE
  LABEL                             VALUE 

TMR2                              00000011
TMR2IE                            00000001
TMR2IF                            00000001
TMR2ON                            00000002
TOPLAMA                           00000019
TOUTPS0                           00000003
TOUTPS1                           00000004
TOUTPS2                           00000005
TOUTPS3                           00000006
TRISA                             00000085
TRISB                             00000086
TRISC                             00000087
TRISD                             00000088
TRISE                             00000089
TRISE0                            00000000
TRISE1                            00000001
TRISE2                            00000002
TRMT                              00000001
TX8_9                             00000006
TX9                               00000006
TX9D                              00000000
TXD8                              00000000
TXEN                              00000005
TXIE                              00000004
TXIF                              00000004
TXREG                             00000019
TXSTA                             00000098
UA                                00000001
W                                 00000000
WCOL                              00000007
WR                                00000001
WREN                              00000002
WRERR                             00000003
YAZDIR                            00000027
Z                                 00000002
_BODEN_OFF                        00003FBF
_BODEN_ON                         00003FFF
_CPD_OFF                          00003FFF
_CPD_ON                           00003EFF
_CP_ALL                           00001FFF
_CP_OFF                           00003FFF
_DEBUG_OFF                        00003FFF
_DEBUG_ON                         000037FF
_HS_OSC                           00003FFE
_LP_OSC                           00003FFC
_LVP_OFF                          00003F7F
_LVP_ON                           00003FFF
_PWRTE_OFF                        00003FFF
_PWRTE_ON                         00003FF7
_RC_OSC                           00003FFF
_WDT_OFF                          00003FFB
_WDT_ON                           00003FFF
_WRT_1FOURTH                      00003BFF
MPASM  5.37                      CARPMA16.ASM   10-23-2018  9:49:47         PAGE  9


SYMBOL TABLE
  LABEL                             VALUE 

_WRT_256                          00003DFF
_WRT_HALF                         000039FF
_WRT_OFF                          00003FFF
_XT_OSC                           00003FFD
__16F877A                         00000001
__DEBUG                           1
anaprogram                        00000005
bool                              00000027
kesme                             00000004
sayi1                             00000023
sayi2                             00000024
sayihigh                          00000026
sayilow                           00000025


MEMORY USAGE MAP ('X' = Used,  '-' = Unused)

0000 : X---XXXXXXXXXXXX XXXXXXXXXXXXXXXX XXXXXXXXXXXXXXXX XXXXXXX---------
2000 : -------X-------- ---------------- ---------------- ----------------

All other memory blocks unused.

Program Memory Words Used:    52
Program Memory Words Free:  8140


Errors   :     0
Warnings :    55 reported,     0 suppressed
Messages :     6 reported,     0 suppressed

