Warning[205] C:\USERS\RAMAZ\ONEDRIVE\MASAüSTü\MIKROISLEMCI PROJELER\16BITLIKCARPMA\CARPMA16.ASM 1 : Found directive in column 1. (LIST)
Warning[205] C:\USERS\RAMAZ\ONEDRIVE\MASAüSTü\MIKROISLEMCI PROJELER\16BITLIKCARPMA\CARPMA16.ASM 3 : Found directive in column 1. (__config)
Warning[205] C:\USERS\RAMAZ\ONEDRIVE\MASAüSTü\MIKROISLEMCI PROJELER\16BITLIKCARPMA\CARPMA16.ASM 13 : Found directive in column 1. (ORG)
Warning[203] C:\USERS\RAMAZ\ONEDRIVE\MASAüSTü\MIKROISLEMCI PROJELER\16BITLIKCARPMA\CARPMA16.ASM 14 : Found opcode in column 1. (goto)
Warning[205] C:\USERS\RAMAZ\ONEDRIVE\MASAüSTü\MIKROISLEMCI PROJELER\16BITLIKCARPMA\CARPMA16.ASM 16 : Found directive in column 1. (ORG)
Warning[203] C:\USERS\RAMAZ\ONEDRIVE\MASAüSTü\MIKROISLEMCI PROJELER\16BITLIKCARPMA\CARPMA16.ASM 19 : Found opcode in column 1. (retfie)
Warning[203] C:\USERS\RAMAZ\ONEDRIVE\MASAüSTü\MIKROISLEMCI PROJELER\16BITLIKCARPMA\CARPMA16.ASM 23 : Found opcode in column 1. (BSF)
Warning[203] C:\USERS\RAMAZ\ONEDRIVE\MASAüSTü\MIKROISLEMCI PROJELER\16BITLIKCARPMA\CARPMA16.ASM 24 : Found opcode in column 1. (MOVLW)
Warning[203] C:\USERS\RAMAZ\ONEDRIVE\MASAüSTü\MIKROISLEMCI PROJELER\16BITLIKCARPMA\CARPMA16.ASM 25 : Found opcode in column 1. (MOVWF)
Message[302] C:\USERS\RAMAZ\ONEDRIVE\MASAüSTü\MIKROISLEMCI PROJELER\16BITLIKCARPMA\CARPMA16.ASM 25 : Register in operand not in bank 0.  Ensure that bank bits are correct.
Warning[203] C:\USERS\RAMAZ\ONEDRIVE\MASAüSTü\MIKROISLEMCI PROJELER\16BITLIKCARPMA\CARPMA16.ASM 26 : Found opcode in column 1. (MOVLW)
Warning[203] C:\USERS\RAMAZ\ONEDRIVE\MASAüSTü\MIKROISLEMCI PROJELER\16BITLIKCARPMA\CARPMA16.ASM 27 : Found opcode in column 1. (MOVWF)
Message[302] C:\USERS\RAMAZ\ONEDRIVE\MASAüSTü\MIKROISLEMCI PROJELER\16BITLIKCARPMA\CARPMA16.ASM 27 : Register in operand not in bank 0.  Ensure that bank bits are correct.
Warning[205] C:\USERS\RAMAZ\ONEDRIVE\MASAüSTü\MIKROISLEMCI PROJELER\16BITLIKCARPMA\CARPMA16.ASM 29 : Found directive in column 1. (BANKSEL)
Warning[203] C:\USERS\RAMAZ\ONEDRIVE\MASAüSTü\MIKROISLEMCI PROJELER\16BITLIKCARPMA\CARPMA16.ASM 30 : Found opcode in column 1. (CLRF)
Message[302] C:\USERS\RAMAZ\ONEDRIVE\MASAüSTü\MIKROISLEMCI PROJELER\16BITLIKCARPMA\CARPMA16.ASM 30 : Register in operand not in bank 0.  Ensure that bank bits are correct.
Warning[205] C:\USERS\RAMAZ\ONEDRIVE\MASAüSTü\MIKROISLEMCI PROJELER\16BITLIKCARPMA\CARPMA16.ASM 32 : Found directive in column 1. (BANKSEL)
Warning[203] C:\USERS\RAMAZ\ONEDRIVE\MASAüSTü\MIKROISLEMCI PROJELER\16BITLIKCARPMA\CARPMA16.ASM 33 : Found opcode in column 1. (CLRF)
Warning[203] C:\USERS\RAMAZ\ONEDRIVE\MASAüSTü\MIKROISLEMCI PROJELER\16BITLIKCARPMA\CARPMA16.ASM 35 : Found opcode in column 1. (MOVLW)
Warning[203] C:\USERS\RAMAZ\ONEDRIVE\MASAüSTü\MIKROISLEMCI PROJELER\16BITLIKCARPMA\CARPMA16.ASM 36 : Found opcode in column 1. (MOVWF)
Warning[203] C:\USERS\RAMAZ\ONEDRIVE\MASAüSTü\MIKROISLEMCI PROJELER\16BITLIKCARPMA\CARPMA16.ASM 37 : Found opcode in column 1. (MOVLW)
Warning[203] C:\USERS\RAMAZ\ONEDRIVE\MASAüSTü\MIKROISLEMCI PROJELER\16BITLIKCARPMA\CARPMA16.ASM 38 : Found opcode in column 1. (MOVWF)
Warning[203] C:\USERS\RAMAZ\ONEDRIVE\MASAüSTü\MIKROISLEMCI PROJELER\16BITLIKCARPMA\CARPMA16.ASM 39 : Found opcode in column 1. (BCF)
Warning[203] C:\USERS\RAMAZ\ONEDRIVE\MASAüSTü\MIKROISLEMCI PROJELER\16BITLIKCARPMA\CARPMA16.ASM 40 : Found opcode in column 1. (CLRF)
Warning[203] C:\USERS\RAMAZ\ONEDRIVE\MASAüSTü\MIKROISLEMCI PROJELER\16BITLIKCARPMA\CARPMA16.ASM 41 : Found opcode in column 1. (CLRF)
Warning[203] C:\USERS\RAMAZ\ONEDRIVE\MASAüSTü\MIKROISLEMCI PROJELER\16BITLIKCARPMA\CARPMA16.ASM 42 : Found opcode in column 1. (CLRF)
Warning[203] C:\USERS\RAMAZ\ONEDRIVE\MASAüSTü\MIKROISLEMCI PROJELER\16BITLIKCARPMA\CARPMA16.ASM 43 : Found opcode in column 1. (CLRW)
Warning[203] C:\USERS\RAMAZ\ONEDRIVE\MASAüSTü\MIKROISLEMCI PROJELER\16BITLIKCARPMA\CARPMA16.ASM 46 : Found opcode in column 1. (ADDWF)
Warning[203] C:\USERS\RAMAZ\ONEDRIVE\MASAüSTü\MIKROISLEMCI PROJELER\16BITLIKCARPMA\CARPMA16.ASM 47 : Found opcode in column 1. (DECFSZ)
Warning[203] C:\USERS\RAMAZ\ONEDRIVE\MASAüSTü\MIKROISLEMCI PROJELER\16BITLIKCARPMA\CARPMA16.ASM 48 : Found opcode in column 1. (GOTO)
Warning[203] C:\USERS\RAMAZ\ONEDRIVE\MASAüSTü\MIKROISLEMCI PROJELER\16BITLIKCARPMA\CARPMA16.ASM 49 : Found opcode in column 1. (MOVWF)
Warning[203] C:\USERS\RAMAZ\ONEDRIVE\MASAüSTü\MIKROISLEMCI PROJELER\16BITLIKCARPMA\CARPMA16.ASM 50 : Found opcode in column 1. (GOTO)
Warning[203] C:\USERS\RAMAZ\ONEDRIVE\MASAüSTü\MIKROISLEMCI PROJELER\16BITLIKCARPMA\CARPMA16.ASM 54 : Found opcode in column 1. (BTFSS)
Warning[203] C:\USERS\RAMAZ\ONEDRIVE\MASAüSTü\MIKROISLEMCI PROJELER\16BITLIKCARPMA\CARPMA16.ASM 55 : Found opcode in column 1. (GOTO)
Warning[203] C:\USERS\RAMAZ\ONEDRIVE\MASAüSTü\MIKROISLEMCI PROJELER\16BITLIKCARPMA\CARPMA16.ASM 56 : Found opcode in column 1. (INCF)
Message[305] C:\USERS\RAMAZ\ONEDRIVE\MASAüSTü\MIKROISLEMCI PROJELER\16BITLIKCARPMA\CARPMA16.ASM 56 : Using default destination of 1 (file).
Warning[203] C:\USERS\RAMAZ\ONEDRIVE\MASAüSTü\MIKROISLEMCI PROJELER\16BITLIKCARPMA\CARPMA16.ASM 57 : Found opcode in column 1. (BCF)
Warning[203] C:\USERS\RAMAZ\ONEDRIVE\MASAüSTü\MIKROISLEMCI PROJELER\16BITLIKCARPMA\CARPMA16.ASM 58 : Found opcode in column 1. (GOTO)
Warning[203] C:\USERS\RAMAZ\ONEDRIVE\MASAüSTü\MIKROISLEMCI PROJELER\16BITLIKCARPMA\CARPMA16.ASM 61 : Found opcode in column 1. (BTFSS)
Warning[203] C:\USERS\RAMAZ\ONEDRIVE\MASAüSTü\MIKROISLEMCI PROJELER\16BITLIKCARPMA\CARPMA16.ASM 62 : Found opcode in column 1. (GOTO)
Warning[203] C:\USERS\RAMAZ\ONEDRIVE\MASAüSTü\MIKROISLEMCI PROJELER\16BITLIKCARPMA\CARPMA16.ASM 63 : Found opcode in column 1. (INCF)
Message[305] C:\USERS\RAMAZ\ONEDRIVE\MASAüSTü\MIKROISLEMCI PROJELER\16BITLIKCARPMA\CARPMA16.ASM 63 : Using default destination of 1 (file).
Warning[203] C:\USERS\RAMAZ\ONEDRIVE\MASAüSTü\MIKROISLEMCI PROJELER\16BITLIKCARPMA\CARPMA16.ASM 64 : Found opcode in column 1. (GOTO)
Warning[203] C:\USERS\RAMAZ\ONEDRIVE\MASAüSTü\MIKROISLEMCI PROJELER\16BITLIKCARPMA\CARPMA16.ASM 67 : Found opcode in column 1. (BTFSS)
Warning[203] C:\USERS\RAMAZ\ONEDRIVE\MASAüSTü\MIKROISLEMCI PROJELER\16BITLIKCARPMA\CARPMA16.ASM 68 : Found opcode in column 1. (GOTO)
Warning[203] C:\USERS\RAMAZ\ONEDRIVE\MASAüSTü\MIKROISLEMCI PROJELER\16BITLIKCARPMA\CARPMA16.ASM 69 : Found opcode in column 1. (INCF)
Message[305] C:\USERS\RAMAZ\ONEDRIVE\MASAüSTü\MIKROISLEMCI PROJELER\16BITLIKCARPMA\CARPMA16.ASM 69 : Using default destination of 1 (file).
Warning[203] C:\USERS\RAMAZ\ONEDRIVE\MASAüSTü\MIKROISLEMCI PROJELER\16BITLIKCARPMA\CARPMA16.ASM 70 : Found opcode in column 1. (GOTO)
Warning[203] C:\USERS\RAMAZ\ONEDRIVE\MASAüSTü\MIKROISLEMCI PROJELER\16BITLIKCARPMA\CARPMA16.ASM 74 : Found opcode in column 1. (BTFSS)
Warning[203] C:\USERS\RAMAZ\ONEDRIVE\MASAüSTü\MIKROISLEMCI PROJELER\16BITLIKCARPMA\CARPMA16.ASM 75 : Found opcode in column 1. (GOTO)
Warning[203] C:\USERS\RAMAZ\ONEDRIVE\MASAüSTü\MIKROISLEMCI PROJELER\16BITLIKCARPMA\CARPMA16.ASM 76 : Found opcode in column 1. (GOTO)
Warning[203] C:\USERS\RAMAZ\ONEDRIVE\MASAüSTü\MIKROISLEMCI PROJELER\16BITLIKCARPMA\CARPMA16.ASM 80 : Found opcode in column 1. (MOVF)
Warning[203] C:\USERS\RAMAZ\ONEDRIVE\MASAüSTü\MIKROISLEMCI PROJELER\16BITLIKCARPMA\CARPMA16.ASM 81 : Found opcode in column 1. (MOVWF)
Warning[203] C:\USERS\RAMAZ\ONEDRIVE\MASAüSTü\MIKROISLEMCI PROJELER\16BITLIKCARPMA\CARPMA16.ASM 82 : Found opcode in column 1. (GOTO)
Warning[203] C:\USERS\RAMAZ\ONEDRIVE\MASAüSTü\MIKROISLEMCI PROJELER\16BITLIKCARPMA\CARPMA16.ASM 85 : Found opcode in column 1. (MOVF)
Warning[203] C:\USERS\RAMAZ\ONEDRIVE\MASAüSTü\MIKROISLEMCI PROJELER\16BITLIKCARPMA\CARPMA16.ASM 86 : Found opcode in column 1. (MOVWF)
Warning[203] C:\USERS\RAMAZ\ONEDRIVE\MASAüSTü\MIKROISLEMCI PROJELER\16BITLIKCARPMA\CARPMA16.ASM 87 : Found opcode in column 1. (GOTO)
Warning[203] C:\USERS\RAMAZ\ONEDRIVE\MASAüSTü\MIKROISLEMCI PROJELER\16BITLIKCARPMA\CARPMA16.ASM 91 : Found opcode in column 1. (BTFSS)
Warning[203] C:\USERS\RAMAZ\ONEDRIVE\MASAüSTü\MIKROISLEMCI PROJELER\16BITLIKCARPMA\CARPMA16.ASM 92 : Found opcode in column 1. (GOTO)
Warning[203] C:\USERS\RAMAZ\ONEDRIVE\MASAüSTü\MIKROISLEMCI PROJELER\16BITLIKCARPMA\CARPMA16.ASM 93 : Found opcode in column 1. (GOTO)
Warning[205] C:\USERS\RAMAZ\ONEDRIVE\MASAüSTü\MIKROISLEMCI PROJELER\16BITLIKCARPMA\CARPMA16.ASM 95 : Found directive in column 1. (END)
