Warning[205] C:\USERS\FERHAT\DESKTOP\öRNEKLER\LCDISIM\UNTITLED.ASM 2 : Found directive in column 1. (__CONFIG)
Warning[205] C:\USERS\FERHAT\DESKTOP\öRNEKLER\LCDISIM\UNTITLED.ASM 8 : Found directive in column 1. (ORG)
Warning[205] C:\USERS\FERHAT\DESKTOP\öRNEKLER\LCDISIM\UNTITLED.ASM 10 : Found directive in column 1. (BANKSEL)
Warning[203] C:\USERS\FERHAT\DESKTOP\öRNEKLER\LCDISIM\UNTITLED.ASM 11 : Found opcode in column 1. (CLRF)
Message[302] C:\USERS\FERHAT\DESKTOP\öRNEKLER\LCDISIM\UNTITLED.ASM 11 : Register in operand not in bank 0.  Ensure that bank bits are correct.
Warning[203] C:\USERS\FERHAT\DESKTOP\öRNEKLER\LCDISIM\UNTITLED.ASM 12 : Found opcode in column 1. (CLRF)
Message[302] C:\USERS\FERHAT\DESKTOP\öRNEKLER\LCDISIM\UNTITLED.ASM 12 : Register in operand not in bank 0.  Ensure that bank bits are correct.
Warning[203] C:\USERS\FERHAT\DESKTOP\öRNEKLER\LCDISIM\UNTITLED.ASM 13 : Found opcode in column 1. (MOVLW)
Warning[203] C:\USERS\FERHAT\DESKTOP\öRNEKLER\LCDISIM\UNTITLED.ASM 14 : Found opcode in column 1. (CALL)
Warning[203] C:\USERS\FERHAT\DESKTOP\öRNEKLER\LCDISIM\UNTITLED.ASM 15 : Found opcode in column 1. (MOVLW)
Warning[203] C:\USERS\FERHAT\DESKTOP\öRNEKLER\LCDISIM\UNTITLED.ASM 16 : Found opcode in column 1. (CALL)
Warning[203] C:\USERS\FERHAT\DESKTOP\öRNEKLER\LCDISIM\UNTITLED.ASM 17 : Found opcode in column 1. (MOVLW)
Warning[203] C:\USERS\FERHAT\DESKTOP\öRNEKLER\LCDISIM\UNTITLED.ASM 18 : Found opcode in column 1. (CALL)
Warning[203] C:\USERS\FERHAT\DESKTOP\öRNEKLER\LCDISIM\UNTITLED.ASM 19 : Found opcode in column 1. (MOVLW)
Warning[203] C:\USERS\FERHAT\DESKTOP\öRNEKLER\LCDISIM\UNTITLED.ASM 20 : Found opcode in column 1. (CALL)
Warning[205] C:\USERS\FERHAT\DESKTOP\öRNEKLER\LCDISIM\UNTITLED.ASM 21 : Found directive in column 1. (BANKSEL)
Warning[203] C:\USERS\FERHAT\DESKTOP\öRNEKLER\LCDISIM\UNTITLED.ASM 25 : Found opcode in column 1. (GOTO)
Warning[205] C:\USERS\FERHAT\DESKTOP\öRNEKLER\LCDISIM\UNTITLED.ASM 27 : Found directive in column 1. (BANKSEL)
Warning[203] C:\USERS\FERHAT\DESKTOP\öRNEKLER\LCDISIM\UNTITLED.ASM 28 : Found opcode in column 1. (MOVWF)
Warning[203] C:\USERS\FERHAT\DESKTOP\öRNEKLER\LCDISIM\UNTITLED.ASM 29 : Found opcode in column 1. (BCF)
Warning[203] C:\USERS\FERHAT\DESKTOP\öRNEKLER\LCDISIM\UNTITLED.ASM 30 : Found opcode in column 1. (BSF)
Warning[203] C:\USERS\FERHAT\DESKTOP\öRNEKLER\LCDISIM\UNTITLED.ASM 31 : Found opcode in column 1. (CALL)
Warning[203] C:\USERS\FERHAT\DESKTOP\öRNEKLER\LCDISIM\UNTITLED.ASM 32 : Found opcode in column 1. (BCF)
Warning[203] C:\USERS\FERHAT\DESKTOP\öRNEKLER\LCDISIM\UNTITLED.ASM 33 : Found opcode in column 1. (RETURN)
Warning[205] C:\USERS\FERHAT\DESKTOP\öRNEKLER\LCDISIM\UNTITLED.ASM 36 : Found directive in column 1. (BANKSEL)
Warning[203] C:\USERS\FERHAT\DESKTOP\öRNEKLER\LCDISIM\UNTITLED.ASM 37 : Found opcode in column 1. (MOVWF)
Warning[203] C:\USERS\FERHAT\DESKTOP\öRNEKLER\LCDISIM\UNTITLED.ASM 38 : Found opcode in column 1. (BSF)
Warning[203] C:\USERS\FERHAT\DESKTOP\öRNEKLER\LCDISIM\UNTITLED.ASM 39 : Found opcode in column 1. (BSF)
Warning[203] C:\USERS\FERHAT\DESKTOP\öRNEKLER\LCDISIM\UNTITLED.ASM 40 : Found opcode in column 1. (CALL)
Warning[203] C:\USERS\FERHAT\DESKTOP\öRNEKLER\LCDISIM\UNTITLED.ASM 41 : Found opcode in column 1. (BCF)
Warning[203] C:\USERS\FERHAT\DESKTOP\öRNEKLER\LCDISIM\UNTITLED.ASM 42 : Found opcode in column 1. (RETURN)
Warning[203] C:\USERS\FERHAT\DESKTOP\öRNEKLER\LCDISIM\UNTITLED.ASM 48 : Found opcode in column 1. (MOVF)
Warning[203] C:\USERS\FERHAT\DESKTOP\öRNEKLER\LCDISIM\UNTITLED.ASM 49 : Found opcode in column 1. (CALL)
Warning[203] C:\USERS\FERHAT\DESKTOP\öRNEKLER\LCDISIM\UNTITLED.ASM 50 : Found opcode in column 1. (CALL)
Warning[203] C:\USERS\FERHAT\DESKTOP\öRNEKLER\LCDISIM\UNTITLED.ASM 51 : Found opcode in column 1. (INCF)
Warning[203] C:\USERS\FERHAT\DESKTOP\öRNEKLER\LCDISIM\UNTITLED.ASM 52 : Found opcode in column 1. (MOVF)
Warning[203] C:\USERS\FERHAT\DESKTOP\öRNEKLER\LCDISIM\UNTITLED.ASM 53 : Found opcode in column 1. (SUBLW)
Warning[203] C:\USERS\FERHAT\DESKTOP\öRNEKLER\LCDISIM\UNTITLED.ASM 54 : Found opcode in column 1. (BTFSS)
Warning[203] C:\USERS\FERHAT\DESKTOP\öRNEKLER\LCDISIM\UNTITLED.ASM 55 : Found opcode in column 1. (GOTO)
Warning[203] C:\USERS\FERHAT\DESKTOP\öRNEKLER\LCDISIM\UNTITLED.ASM 56 : Found opcode in column 1. (MOVLW)
Warning[203] C:\USERS\FERHAT\DESKTOP\öRNEKLER\LCDISIM\UNTITLED.ASM 57 : Found opcode in column 1. (CALL)
Warning[203] C:\USERS\FERHAT\DESKTOP\öRNEKLER\LCDISIM\UNTITLED.ASM 60 : Found opcode in column 1. (MOVF)
Warning[203] C:\USERS\FERHAT\DESKTOP\öRNEKLER\LCDISIM\UNTITLED.ASM 61 : Found opcode in column 1. (CALL)
Warning[203] C:\USERS\FERHAT\DESKTOP\öRNEKLER\LCDISIM\UNTITLED.ASM 62 : Found opcode in column 1. (CALL)
Warning[203] C:\USERS\FERHAT\DESKTOP\öRNEKLER\LCDISIM\UNTITLED.ASM 63 : Found opcode in column 1. (INCF)
Warning[203] C:\USERS\FERHAT\DESKTOP\öRNEKLER\LCDISIM\UNTITLED.ASM 64 : Found opcode in column 1. (MOVF)
Warning[203] C:\USERS\FERHAT\DESKTOP\öRNEKLER\LCDISIM\UNTITLED.ASM 65 : Found opcode in column 1. (SUBLW)
Warning[203] C:\USERS\FERHAT\DESKTOP\öRNEKLER\LCDISIM\UNTITLED.ASM 66 : Found opcode in column 1. (BTFSS)
Warning[203] C:\USERS\FERHAT\DESKTOP\öRNEKLER\LCDISIM\UNTITLED.ASM 67 : Found opcode in column 1. (GOTO)
Warning[203] C:\USERS\FERHAT\DESKTOP\öRNEKLER\LCDISIM\UNTITLED.ASM 68 : Found opcode in column 1. (GOTO)
Warning[203] C:\USERS\FERHAT\DESKTOP\öRNEKLER\LCDISIM\UNTITLED.ASM 69 : Found opcode in column 1. (GOTO)
Warning[203] C:\USERS\FERHAT\DESKTOP\öRNEKLER\LCDISIM\UNTITLED.ASM 73 : Found opcode in column 1. (GOTO)
Warning[203] C:\USERS\FERHAT\DESKTOP\öRNEKLER\LCDISIM\UNTITLED.ASM 75 : Found opcode in column 1. (ADDWF)
Warning[203] C:\USERS\FERHAT\DESKTOP\öRNEKLER\LCDISIM\UNTITLED.ASM 76 : Found opcode in column 1. (RETLW)
Warning[203] C:\USERS\FERHAT\DESKTOP\öRNEKLER\LCDISIM\UNTITLED.ASM 77 : Found opcode in column 1. (RETLW)
Warning[203] C:\USERS\FERHAT\DESKTOP\öRNEKLER\LCDISIM\UNTITLED.ASM 78 : Found opcode in column 1. (RETLW)
Warning[203] C:\USERS\FERHAT\DESKTOP\öRNEKLER\LCDISIM\UNTITLED.ASM 79 : Found opcode in column 1. (RETLW)
Warning[203] C:\USERS\FERHAT\DESKTOP\öRNEKLER\LCDISIM\UNTITLED.ASM 80 : Found opcode in column 1. (RETLW)
Warning[203] C:\USERS\FERHAT\DESKTOP\öRNEKLER\LCDISIM\UNTITLED.ASM 81 : Found opcode in column 1. (RETLW)
Warning[203] C:\USERS\FERHAT\DESKTOP\öRNEKLER\LCDISIM\UNTITLED.ASM 82 : Found opcode in column 1. (RETURN)
Warning[203] C:\USERS\FERHAT\DESKTOP\öRNEKLER\LCDISIM\UNTITLED.ASM 84 : Found opcode in column 1. (ADDWF)
Warning[203] C:\USERS\FERHAT\DESKTOP\öRNEKLER\LCDISIM\UNTITLED.ASM 85 : Found opcode in column 1. (RETLW)
Warning[203] C:\USERS\FERHAT\DESKTOP\öRNEKLER\LCDISIM\UNTITLED.ASM 86 : Found opcode in column 1. (RETLW)
Warning[203] C:\USERS\FERHAT\DESKTOP\öRNEKLER\LCDISIM\UNTITLED.ASM 87 : Found opcode in column 1. (RETURN)
Warning[203] C:\USERS\FERHAT\DESKTOP\öRNEKLER\LCDISIM\UNTITLED.ASM 90 : Found opcode in column 1. (MOVLW)
Warning[203] C:\USERS\FERHAT\DESKTOP\öRNEKLER\LCDISIM\UNTITLED.ASM 91 : Found opcode in column 1. (MOVWF)
Warning[203] C:\USERS\FERHAT\DESKTOP\öRNEKLER\LCDISIM\UNTITLED.ASM 93 : Found opcode in column 1. (MOVLW)
Warning[203] C:\USERS\FERHAT\DESKTOP\öRNEKLER\LCDISIM\UNTITLED.ASM 94 : Found opcode in column 1. (MOVWF)
Warning[203] C:\USERS\FERHAT\DESKTOP\öRNEKLER\LCDISIM\UNTITLED.ASM 96 : Found opcode in column 1. (DECFSZ)
Warning[203] C:\USERS\FERHAT\DESKTOP\öRNEKLER\LCDISIM\UNTITLED.ASM 97 : Found opcode in column 1. (GOTO)
Warning[203] C:\USERS\FERHAT\DESKTOP\öRNEKLER\LCDISIM\UNTITLED.ASM 98 : Found opcode in column 1. (DECFSZ)
Warning[203] C:\USERS\FERHAT\DESKTOP\öRNEKLER\LCDISIM\UNTITLED.ASM 99 : Found opcode in column 1. (GOTO)
Warning[203] C:\USERS\FERHAT\DESKTOP\öRNEKLER\LCDISIM\UNTITLED.ASM 100 : Found opcode in column 1. (RETURN)
Warning[205] C:\USERS\FERHAT\DESKTOP\öRNEKLER\LCDISIM\UNTITLED.ASM 104 : Found directive in column 1. (END)
