MPASM  5.50                      UNTITLED.ASM   1-20-2019  17:12:47         PAGE  1


LOC  OBJECT CODE     LINE SOURCE TEXT
  VALUE

                      00001 #INCLUDE <P16F877A.INC>
                      00001         LIST
                      00002 
                      00003 ;==========================================================================
                      00004 ;  MPASM PIC16F877A processor include
                      00005 ; 
                      00006 ;  (c) Copyright 1999-2013 Microchip Technology, All rights reserved
                      00007 ;==========================================================================
                      00008 
                      00566         LIST
Warning[205]: Found directive in column 1. (__CONFIG)
2007   3F31           00002 __CONFIG 3F31
  00000020            00003 L1 EQU 0X20
  00000021            00004 L2 EQU 0X21
  00000022            00005 SATIR EQU 0X22
  00000023            00006 S1 EQU 0X23
  00000024            00007 S2 EQU 0X24
Warning[205]: Found directive in column 1. (ORG)
0000                  00008 ORG 0X00
                      00009 
Warning[205]: Found directive in column 1. (BANKSEL)
0000   1683 1303      00010 BANKSEL TRISB
Warning[203]: Found opcode in column 1. (CLRF)
Message[302]: Register in operand not in bank 0.  Ensure that bank bits are correct.
0002   0186           00011 CLRF TRISB
Warning[203]: Found opcode in column 1. (CLRF)
Message[302]: Register in operand not in bank 0.  Ensure that bank bits are correct.
0003   0187           00012 CLRF TRISC
Warning[203]: Found opcode in column 1. (MOVLW)
0004   3002           00013 MOVLW 0X02
Warning[203]: Found opcode in column 1. (CALL)
0005   200F           00014 CALL KOMUT
Warning[203]: Found opcode in column 1. (MOVLW)
0006   3038           00015 MOVLW 0X38
Warning[203]: Found opcode in column 1. (CALL)
0007   200F           00016 CALL KOMUT 
Warning[203]: Found opcode in column 1. (MOVLW)
0008   300C           00017 MOVLW 0X0C
Warning[203]: Found opcode in column 1. (CALL)
0009   200F           00018 CALL KOMUT
Warning[203]: Found opcode in column 1. (MOVLW)
000A   3080           00019 MOVLW 0X80
Warning[203]: Found opcode in column 1. (CALL)
000B   200F           00020 CALL KOMUT
Warning[205]: Found directive in column 1. (BANKSEL)
000C   1283 1303      00021 BANKSEL PORTB
                      00022 
                      00023 
                      00024 
Warning[203]: Found opcode in column 1. (GOTO)
000E   281F           00025 GOTO DONGU
000F                  00026 KOMUT
Warning[205]: Found directive in column 1. (BANKSEL)
MPASM  5.50                      UNTITLED.ASM   1-20-2019  17:12:47         PAGE  2


LOC  OBJECT CODE     LINE SOURCE TEXT
  VALUE

000F   1283 1303      00027 BANKSEL PORTC
Warning[203]: Found opcode in column 1. (MOVWF)
0011   0087           00028 MOVWF PORTC
Warning[203]: Found opcode in column 1. (BCF)
0012   1206           00029 BCF PORTB,4
Warning[203]: Found opcode in column 1. (BSF)
0013   1706           00030 BSF PORTB,6
Warning[203]: Found opcode in column 1. (CALL)
0014   2040           00031 CALL GECIKME
Warning[203]: Found opcode in column 1. (BCF)
0015   1306           00032 BCF PORTB,6
Warning[203]: Found opcode in column 1. (RETURN)
0016   0008           00033 RETURN
                      00034 
0017                  00035 KARAKTER
Warning[205]: Found directive in column 1. (BANKSEL)
0017   1283 1303      00036 BANKSEL PORTC
Warning[203]: Found opcode in column 1. (MOVWF)
0019   0087           00037 MOVWF PORTC
Warning[203]: Found opcode in column 1. (BSF)
001A   1606           00038 BSF PORTB,4
Warning[203]: Found opcode in column 1. (BSF)
001B   1706           00039 BSF PORTB,6
Warning[203]: Found opcode in column 1. (CALL)
001C   2040           00040 CALL GECIKME
Warning[203]: Found opcode in column 1. (BCF)
001D   1306           00041 BCF PORTB,6
Warning[203]: Found opcode in column 1. (RETURN)
001E   0008           00042 RETURN
                      00043 
                      00044 
                      00045 
001F                  00046 DONGU
                      00047 
Warning[203]: Found opcode in column 1. (MOVF)
001F   0820           00048 MOVF L1,W
Warning[203]: Found opcode in column 1. (CALL)
0020   2034           00049 CALL ISIM
Warning[203]: Found opcode in column 1. (CALL)
0021   2017           00050 CALL KARAKTER
Warning[203]: Found opcode in column 1. (INCF)
0022   0AA0           00051 INCF L1,F
Warning[203]: Found opcode in column 1. (MOVF)
0023   0820           00052 MOVF L1,W
Warning[203]: Found opcode in column 1. (SUBLW)
0024   3C06           00053 SUBLW D'6'
Warning[203]: Found opcode in column 1. (BTFSS)
0025   1D03           00054 BTFSS STATUS,Z
Warning[203]: Found opcode in column 1. (GOTO)
0026   281F           00055 GOTO DONGU
Warning[203]: Found opcode in column 1. (MOVLW)
0027   30C0           00056 MOVLW 0XC0
Warning[203]: Found opcode in column 1. (CALL)
MPASM  5.50                      UNTITLED.ASM   1-20-2019  17:12:47         PAGE  3


LOC  OBJECT CODE     LINE SOURCE TEXT
  VALUE

0028   200F           00057 CALL KOMUT
                      00058 
0029                  00059 DON
Warning[203]: Found opcode in column 1. (MOVF)
0029   0821           00060 MOVF L2,W
Warning[203]: Found opcode in column 1. (CALL)
002A   203C           00061 CALL SOYISIM
Warning[203]: Found opcode in column 1. (CALL)
002B   2017           00062 CALL KARAKTER
Warning[203]: Found opcode in column 1. (INCF)
002C   0AA1           00063 INCF L2,F
Warning[203]: Found opcode in column 1. (MOVF)
002D   0821           00064 MOVF L2,W
Warning[203]: Found opcode in column 1. (SUBLW)
002E   3C02           00065 SUBLW D'2'
Warning[203]: Found opcode in column 1. (BTFSS)
002F   1D03           00066 BTFSS STATUS,Z
Warning[203]: Found opcode in column 1. (GOTO)
0030   2829           00067 GOTO DON
Warning[203]: Found opcode in column 1. (GOTO)
0031   2833           00068 GOTO BOS
Warning[203]: Found opcode in column 1. (GOTO)
0032   281F           00069 GOTO DONGU
                      00070 
0033                  00071 BOS
                      00072 
Warning[203]: Found opcode in column 1. (GOTO)
0033   2833           00073 GOTO BOS
0034                  00074 ISIM
Warning[203]: Found opcode in column 1. (ADDWF)
0034   0782           00075 ADDWF PCL,F
Warning[203]: Found opcode in column 1. (RETLW)
0035   344D           00076 RETLW 'M'
Warning[203]: Found opcode in column 1. (RETLW)
0036   3445           00077 RETLW 'E'
Warning[203]: Found opcode in column 1. (RETLW)
0037   3448           00078 RETLW 'H'
Warning[203]: Found opcode in column 1. (RETLW)
0038   344D           00079 RETLW 'M'
Warning[203]: Found opcode in column 1. (RETLW)
0039   3445           00080 RETLW 'E'
Warning[203]: Found opcode in column 1. (RETLW)
003A   3454           00081 RETLW 'T'
Warning[203]: Found opcode in column 1. (RETURN)
003B   0008           00082 RETURN
003C                  00083 SOYISIM
Warning[203]: Found opcode in column 1. (ADDWF)
003C   0782           00084 ADDWF PCL,F
Warning[203]: Found opcode in column 1. (RETLW)
003D   3441           00085 RETLW 'A'
Warning[203]: Found opcode in column 1. (RETLW)
003E   344B           00086 RETLW 'K'
Warning[203]: Found opcode in column 1. (RETURN)
MPASM  5.50                      UNTITLED.ASM   1-20-2019  17:12:47         PAGE  4


LOC  OBJECT CODE     LINE SOURCE TEXT
  VALUE

003F   0008           00087 RETURN
                      00088 
0040                  00089 GECIKME
Warning[203]: Found opcode in column 1. (MOVLW)
0040   30FF           00090 MOVLW 0XFF
Warning[203]: Found opcode in column 1. (MOVWF)
0041   00A3           00091 MOVWF S1
0042                  00092 DHH
Warning[203]: Found opcode in column 1. (MOVLW)
0042   30FF           00093 MOVLW 0XFF
Warning[203]: Found opcode in column 1. (MOVWF)
0043   00A4           00094 MOVWF S2
0044                  00095 DHH2
Warning[203]: Found opcode in column 1. (DECFSZ)
0044   0BA4           00096 DECFSZ S2,F
Warning[203]: Found opcode in column 1. (GOTO)
0045   2844           00097 GOTO DHH2
Warning[203]: Found opcode in column 1. (DECFSZ)
0046   0BA3           00098 DECFSZ S1,F
Warning[203]: Found opcode in column 1. (GOTO)
0047   2842           00099 GOTO DHH
Warning[203]: Found opcode in column 1. (RETURN)
0048   0008           00100 RETURN
                      00101 
                      00102 
                      00103 
Warning[205]: Found directive in column 1. (END)
                      00104 END
MPASM  5.50                      UNTITLED.ASM   1-20-2019  17:12:47         PAGE  5


SYMBOL TABLE
  LABEL                             VALUE 

ACKDT                             00000005
ACKEN                             00000004
ACKSTAT                           00000006
ADCON0                            0000001F
ADCON1                            0000009F
ADCS0                             00000006
ADCS1                             00000007
ADCS2                             00000006
ADDEN                             00000003
ADFM                              00000007
ADIE                              00000006
ADIF                              00000006
ADON                              00000000
ADRESH                            0000001E
ADRESL                            0000009E
BCLIE                             00000003
BCLIF                             00000003
BF                                00000000
BOS                               00000033
BRGH                              00000002
C                                 00000000
C1INV                             00000004
C1OUT                             00000006
C2INV                             00000005
C2OUT                             00000007
CCP1CON                           00000017
CCP1IE                            00000002
CCP1IF                            00000002
CCP1M0                            00000000
CCP1M1                            00000001
CCP1M2                            00000002
CCP1M3                            00000003
CCP1X                             00000005
CCP1Y                             00000004
CCP2CON                           0000001D
CCP2IE                            00000000
CCP2IF                            00000000
CCP2M0                            00000000
CCP2M1                            00000001
CCP2M2                            00000002
CCP2M3                            00000003
CCP2X                             00000005
CCP2Y                             00000004
CCPR1                             00000015
CCPR1H                            00000016
CCPR1L                            00000015
CCPR2                             0000001B
CCPR2H                            0000001C
CCPR2L                            0000001B
CHS0                              00000003
CHS1                              00000004
CHS2                              00000005
CIS                               00000003
MPASM  5.50                      UNTITLED.ASM   1-20-2019  17:12:47         PAGE  6


SYMBOL TABLE
  LABEL                             VALUE 

CKE                               00000006
CKP                               00000004
CM0                               00000000
CM1                               00000001
CM2                               00000002
CMCON                             0000009C
CMIE                              00000006
CMIF                              00000006
CREN                              00000004
CSRC                              00000007
CVR0                              00000000
CVR1                              00000001
CVR2                              00000002
CVR3                              00000003
CVRCON                            0000009D
CVREN                             00000007
CVROE                             00000006
CVRR                              00000005
D                                 00000005
DATA_ADDRESS                      00000005
DC                                00000001
DHH                               00000042
DHH2                              00000044
DON                               00000029
DONGU                             0000001F
D_A                               00000005
D_NOT_A                           00000005
EEADR                             0000010D
EEADRH                            0000010F
EECON1                            0000018C
EECON2                            0000018D
EEDATA                            0000010C
EEDATH                            0000010E
EEIE                              00000004
EEIF                              00000004
EEPGD                             00000007
F                                 00000001
FERR                              00000002
FSR                               00000004
GCEN                              00000007
GECIKME                           00000040
GIE                               00000007
GO                                00000002
GO_DONE                           00000002
GO_NOT_DONE                       00000002
I2C_DATA                          00000005
I2C_READ                          00000002
I2C_START                         00000003
I2C_STOP                          00000004
IBF                               00000007
IBOV                              00000005
INDF                              00000000
INTCON                            0000000B
MPASM  5.50                      UNTITLED.ASM   1-20-2019  17:12:47         PAGE  7


SYMBOL TABLE
  LABEL                             VALUE 

INTE                              00000004
INTEDG                            00000006
INTF                              00000001
IRP                               00000007
ISIM                              00000034
KARAKTER                          00000017
KOMUT                             0000000F
L1                                00000020
L2                                00000021
NOT_A                             00000005
NOT_ADDRESS                       00000005
NOT_BO                            00000000
NOT_BOR                           00000000
NOT_DONE                          00000002
NOT_PD                            00000003
NOT_POR                           00000001
NOT_RBPU                          00000007
NOT_RC8                           00000006
NOT_T1SYNC                        00000002
NOT_TO                            00000004
NOT_TX8                           00000006
NOT_W                             00000002
NOT_WRITE                         00000002
OBF                               00000006
OERR                              00000001
OPTION_REG                        00000081
P                                 00000004
PCFG0                             00000000
PCFG1                             00000001
PCFG2                             00000002
PCFG3                             00000003
PCL                               00000002
PCLATH                            0000000A
PCON                              0000008E
PEIE                              00000006
PEN                               00000002
PIE1                              0000008C
PIE2                              0000008D
PIR1                              0000000C
PIR2                              0000000D
PORTA                             00000005
PORTB                             00000006
PORTC                             00000007
PORTD                             00000008
PORTE                             00000009
PR2                               00000092
PS0                               00000000
PS1                               00000001
PS2                               00000002
PSA                               00000003
PSPIE                             00000007
PSPIF                             00000007
PSPMODE                           00000004
MPASM  5.50                      UNTITLED.ASM   1-20-2019  17:12:47         PAGE  8


SYMBOL TABLE
  LABEL                             VALUE 

R                                 00000002
RA0                               00000000
RA1                               00000001
RA2                               00000002
RA3                               00000003
RA4                               00000004
RA5                               00000005
RB0                               00000000
RB1                               00000001
RB2                               00000002
RB3                               00000003
RB4                               00000004
RB5                               00000005
RB6                               00000006
RB7                               00000007
RBIE                              00000003
RBIF                              00000000
RC0                               00000000
RC1                               00000001
RC2                               00000002
RC3                               00000003
RC4                               00000004
RC5                               00000005
RC6                               00000006
RC7                               00000007
RC8_9                             00000006
RC9                               00000006
RCD8                              00000000
RCEN                              00000003
RCIE                              00000005
RCIF                              00000005
RCREG                             0000001A
RCSTA                             00000018
RD                                00000000
RD0                               00000000
RD1                               00000001
RD2                               00000002
RD3                               00000003
RD4                               00000004
RD5                               00000005
RD6                               00000006
RD7                               00000007
RE0                               00000000
RE1                               00000001
RE2                               00000002
READ_WRITE                        00000002
RP0                               00000005
RP1                               00000006
RSEN                              00000001
RX9                               00000006
RX9D                              00000000
R_NOT_W                           00000002
R_W                               00000002
MPASM  5.50                      UNTITLED.ASM   1-20-2019  17:12:47         PAGE  9


SYMBOL TABLE
  LABEL                             VALUE 

S                                 00000003
S1                                00000023
S2                                00000024
SATIR                             00000022
SEN                               00000000
SMP                               00000007
SOYISIM                           0000003C
SPBRG                             00000099
SPEN                              00000007
SREN                              00000005
SSPADD                            00000093
SSPBUF                            00000013
SSPCON                            00000014
SSPCON2                           00000091
SSPEN                             00000005
SSPIE                             00000003
SSPIF                             00000003
SSPM0                             00000000
SSPM1                             00000001
SSPM2                             00000002
SSPM3                             00000003
SSPOV                             00000006
SSPSTAT                           00000094
STATUS                            00000003
SYNC                              00000004
T0CS                              00000005
T0IE                              00000005
T0IF                              00000002
T0SE                              00000004
T1CKPS0                           00000004
T1CKPS1                           00000005
T1CON                             00000010
T1INSYNC                          00000002
T1OSCEN                           00000003
T1SYNC                            00000002
T2CKPS0                           00000000
T2CKPS1                           00000001
T2CON                             00000012
TMR0                              00000001
TMR0IE                            00000005
TMR0IF                            00000002
TMR1                              0000000E
TMR1CS                            00000001
TMR1H                             0000000F
TMR1IE                            00000000
TMR1IF                            00000000
TMR1L                             0000000E
TMR1ON                            00000000
TMR2                              00000011
TMR2IE                            00000001
TMR2IF                            00000001
TMR2ON                            00000002
TOUTPS0                           00000003
MPASM  5.50                      UNTITLED.ASM   1-20-2019  17:12:47         PAGE 10


SYMBOL TABLE
  LABEL                             VALUE 

TOUTPS1                           00000004
TOUTPS2                           00000005
TOUTPS3                           00000006
TRISA                             00000085
TRISA0                            00000000
TRISA1                            00000001
TRISA2                            00000002
TRISA3                            00000003
TRISA4                            00000004
TRISA5                            00000005
TRISB                             00000086
TRISB0                            00000000
TRISB1                            00000001
TRISB2                            00000002
TRISB3                            00000003
TRISB4                            00000004
TRISB5                            00000005
TRISB6                            00000006
TRISB7                            00000007
TRISC                             00000087
TRISC0                            00000000
TRISC1                            00000001
TRISC2                            00000002
TRISC3                            00000003
TRISC4                            00000004
TRISC5                            00000005
TRISC6                            00000006
TRISC7                            00000007
TRISD                             00000088
TRISD0                            00000000
TRISD1                            00000001
TRISD2                            00000002
TRISD3                            00000003
TRISD4                            00000004
TRISD5                            00000005
TRISD6                            00000006
TRISD7                            00000007
TRISE                             00000089
TRISE0                            00000000
TRISE1                            00000001
TRISE2                            00000002
TRMT                              00000001
TX8_9                             00000006
TX9                               00000006
TX9D                              00000000
TXD8                              00000000
TXEN                              00000005
TXIE                              00000004
TXIF                              00000004
TXREG                             00000019
TXSTA                             00000098
UA                                00000001
W                                 00000000
MPASM  5.50                      UNTITLED.ASM   1-20-2019  17:12:47         PAGE 11


SYMBOL TABLE
  LABEL                             VALUE 

WCOL                              00000007
WR                                00000001
WREN                              00000002
WRERR                             00000003
Z                                 00000002
_BODEN_OFF                        00003FBF
_BODEN_ON                         00003FFF
_BOREN_OFF                        00003FBF
_BOREN_ON                         00003FFF
_CONFIG                           00002007
_CPD_OFF                          00003FFF
_CPD_ON                           00003EFF
_CP_ALL                           00001FFF
_CP_OFF                           00003FFF
_CP_ON                            00001FFF
_DEBUG_OFF                        00003FFF
_DEBUG_ON                         000037FF
_DEVID1                           00002006
_FOSC_EXTRC                       00003FFF
_FOSC_HS                          00003FFE
_FOSC_LP                          00003FFC
_FOSC_XT                          00003FFD
_HS_OSC                           00003FFE
_IDLOC0                           00002000
_IDLOC1                           00002001
_IDLOC2                           00002002
_IDLOC3                           00002003
_LP_OSC                           00003FFC
_LVP_OFF                          00003F7F
_LVP_ON                           00003FFF
_PWRTE_OFF                        00003FFF
_PWRTE_ON                         00003FF7
_RC_OSC                           00003FFF
_WDTE_OFF                         00003FFB
_WDTE_ON                          00003FFF
_WDT_OFF                          00003FFB
_WDT_ON                           00003FFF
_WRT_1FOURTH                      00003BFF
_WRT_256                          00003DFF
_WRT_HALF                         000039FF
_WRT_OFF                          00003FFF
_XT_OSC                           00003FFD
__16F877A                         00000001
__DEBUG                           1
MPASM  5.50                      UNTITLED.ASM   1-20-2019  17:12:47         PAGE 12


MEMORY USAGE MAP ('X' = Used,  '-' = Unused)


0000 : XXXXXXXXXXXXXXXX XXXXXXXXXXXXXXXX XXXXXXXXXXXXXXXX XXXXXXXXXXXXXXXX
0040 : XXXXXXXXX------- ---------------- ---------------- ----------------
2000 : -------X-------- ---------------- ---------------- ----------------

All other memory blocks unused.

Program Memory Words Used:    73
Program Memory Words Free:  8119


Errors   :     0
Warnings :    72 reported,     0 suppressed
Messages :     2 reported,     0 suppressed

