Warning[205] C:\USERS\RAMAZHAN\DESKTOP\MIKROISLEMCI PROJELER\MIKROBüT\PWM\PWM.ASM 1 : Found directive in column 1. (INCLUDE)
Warning[205] C:\USERS\RAMAZHAN\DESKTOP\MIKROISLEMCI PROJELER\MIKROBüT\PWM\PWM.ASM 2 : Found directive in column 1. (__config)
Warning[205] C:\USERS\RAMAZHAN\DESKTOP\MIKROISLEMCI PROJELER\MIKROBüT\PWM\PWM.ASM 8 : Found directive in column 1. (ORG)
Warning[203] C:\USERS\RAMAZHAN\DESKTOP\MIKROISLEMCI PROJELER\MIKROBüT\PWM\PWM.ASM 9 : Found opcode in column 1. (goto)
Warning[205] C:\USERS\RAMAZHAN\DESKTOP\MIKROISLEMCI PROJELER\MIKROBüT\PWM\PWM.ASM 10 : Found directive in column 1. (ORG)
Warning[205] C:\USERS\RAMAZHAN\DESKTOP\MIKROISLEMCI PROJELER\MIKROBüT\PWM\PWM.ASM 16 : Found directive in column 1. (BANKSEL)
Warning[203] C:\USERS\RAMAZHAN\DESKTOP\MIKROISLEMCI PROJELER\MIKROBüT\PWM\PWM.ASM 17 : Found opcode in column 1. (MOVLW)
Warning[203] C:\USERS\RAMAZHAN\DESKTOP\MIKROISLEMCI PROJELER\MIKROBüT\PWM\PWM.ASM 18 : Found opcode in column 1. (MOVWF)
Message[302] C:\USERS\RAMAZHAN\DESKTOP\MIKROISLEMCI PROJELER\MIKROBüT\PWM\PWM.ASM 18 : Register in operand not in bank 0.  Ensure that bank bits are correct.
Warning[203] C:\USERS\RAMAZHAN\DESKTOP\MIKROISLEMCI PROJELER\MIKROBüT\PWM\PWM.ASM 19 : Found opcode in column 1. (MOVLW)
Warning[203] C:\USERS\RAMAZHAN\DESKTOP\MIKROISLEMCI PROJELER\MIKROBüT\PWM\PWM.ASM 20 : Found opcode in column 1. (MOVWF)
Message[302] C:\USERS\RAMAZHAN\DESKTOP\MIKROISLEMCI PROJELER\MIKROBüT\PWM\PWM.ASM 20 : Register in operand not in bank 0.  Ensure that bank bits are correct.
Warning[203] C:\USERS\RAMAZHAN\DESKTOP\MIKROISLEMCI PROJELER\MIKROBüT\PWM\PWM.ASM 21 : Found opcode in column 1. (CLRF)
Message[302] C:\USERS\RAMAZHAN\DESKTOP\MIKROISLEMCI PROJELER\MIKROBüT\PWM\PWM.ASM 21 : Register in operand not in bank 0.  Ensure that bank bits are correct.
Warning[205] C:\USERS\RAMAZHAN\DESKTOP\MIKROISLEMCI PROJELER\MIKROBüT\PWM\PWM.ASM 23 : Found directive in column 1. (BANKSEL)
Warning[203] C:\USERS\RAMAZHAN\DESKTOP\MIKROISLEMCI PROJELER\MIKROBüT\PWM\PWM.ASM 24 : Found opcode in column 1. (BSF)
Warning[203] C:\USERS\RAMAZHAN\DESKTOP\MIKROISLEMCI PROJELER\MIKROBüT\PWM\PWM.ASM 25 : Found opcode in column 1. (BSF)
Warning[205] C:\USERS\RAMAZHAN\DESKTOP\MIKROISLEMCI PROJELER\MIKROBüT\PWM\PWM.ASM 26 : Found directive in column 1. (BANKSEL)
Warning[203] C:\USERS\RAMAZHAN\DESKTOP\MIKROISLEMCI PROJELER\MIKROBüT\PWM\PWM.ASM 27 : Found opcode in column 1. (BSF)
Warning[203] C:\USERS\RAMAZHAN\DESKTOP\MIKROISLEMCI PROJELER\MIKROBüT\PWM\PWM.ASM 28 : Found opcode in column 1. (BCF)
Warning[203] C:\USERS\RAMAZHAN\DESKTOP\MIKROISLEMCI PROJELER\MIKROBüT\PWM\PWM.ASM 29 : Found opcode in column 1. (BSF)
Warning[205] C:\USERS\RAMAZHAN\DESKTOP\MIKROISLEMCI PROJELER\MIKROBüT\PWM\PWM.ASM 30 : Found directive in column 1. (BANKSEL)
Warning[203] C:\USERS\RAMAZHAN\DESKTOP\MIKROISLEMCI PROJELER\MIKROBüT\PWM\PWM.ASM 31 : Found opcode in column 1. (MOVLW)
Warning[203] C:\USERS\RAMAZHAN\DESKTOP\MIKROISLEMCI PROJELER\MIKROBüT\PWM\PWM.ASM 32 : Found opcode in column 1. (MOVWF)
Message[302] C:\USERS\RAMAZHAN\DESKTOP\MIKROISLEMCI PROJELER\MIKROBüT\PWM\PWM.ASM 32 : Register in operand not in bank 0.  Ensure that bank bits are correct.
Warning[205] C:\USERS\RAMAZHAN\DESKTOP\MIKROISLEMCI PROJELER\MIKROBüT\PWM\PWM.ASM 34 : Found directive in column 1. (BANKSEL)
Warning[203] C:\USERS\RAMAZHAN\DESKTOP\MIKROISLEMCI PROJELER\MIKROBüT\PWM\PWM.ASM 35 : Found opcode in column 1. (MOVLW)
Warning[203] C:\USERS\RAMAZHAN\DESKTOP\MIKROISLEMCI PROJELER\MIKROBüT\PWM\PWM.ASM 36 : Found opcode in column 1. (MOVWF)
Warning[203] C:\USERS\RAMAZHAN\DESKTOP\MIKROISLEMCI PROJELER\MIKROBüT\PWM\PWM.ASM 37 : Found opcode in column 1. (MOVLW)
Warning[203] C:\USERS\RAMAZHAN\DESKTOP\MIKROISLEMCI PROJELER\MIKROBüT\PWM\PWM.ASM 38 : Found opcode in column 1. (MOVWF)
Warning[203] C:\USERS\RAMAZHAN\DESKTOP\MIKROISLEMCI PROJELER\MIKROBüT\PWM\PWM.ASM 42 : Found opcode in column 1. (BTFSC)
Warning[203] C:\USERS\RAMAZHAN\DESKTOP\MIKROISLEMCI PROJELER\MIKROBüT\PWM\PWM.ASM 43 : Found opcode in column 1. (GOTO)
Warning[203] C:\USERS\RAMAZHAN\DESKTOP\MIKROISLEMCI PROJELER\MIKROBüT\PWM\PWM.ASM 44 : Found opcode in column 1. (GOTO)
Warning[203] C:\USERS\RAMAZHAN\DESKTOP\MIKROISLEMCI PROJELER\MIKROBüT\PWM\PWM.ASM 48 : Found opcode in column 1. (MOVF)
Warning[203] C:\USERS\RAMAZHAN\DESKTOP\MIKROISLEMCI PROJELER\MIKROBüT\PWM\PWM.ASM 49 : Found opcode in column 1. (SUBLW)
Warning[203] C:\USERS\RAMAZHAN\DESKTOP\MIKROISLEMCI PROJELER\MIKROBüT\PWM\PWM.ASM 50 : Found opcode in column 1. (BTFSC)
Warning[203] C:\USERS\RAMAZHAN\DESKTOP\MIKROISLEMCI PROJELER\MIKROBüT\PWM\PWM.ASM 51 : Found opcode in column 1. (RETURN)
Warning[203] C:\USERS\RAMAZHAN\DESKTOP\MIKROISLEMCI PROJELER\MIKROBüT\PWM\PWM.ASM 52 : Found opcode in column 1. (MOVLW)
Warning[203] C:\USERS\RAMAZHAN\DESKTOP\MIKROISLEMCI PROJELER\MIKROBüT\PWM\PWM.ASM 53 : Found opcode in column 1. (ADDWF)
Warning[203] C:\USERS\RAMAZHAN\DESKTOP\MIKROISLEMCI PROJELER\MIKROBüT\PWM\PWM.ASM 54 : Found opcode in column 1. (GOTO)
Warning[203] C:\USERS\RAMAZHAN\DESKTOP\MIKROISLEMCI PROJELER\MIKROBüT\PWM\PWM.ASM 55 : Found opcode in column 1. (RETURN)
Warning[203] C:\USERS\RAMAZHAN\DESKTOP\MIKROISLEMCI PROJELER\MIKROBüT\PWM\PWM.ASM 59 : Found opcode in column 1. (BTFSS)
Warning[203] C:\USERS\RAMAZHAN\DESKTOP\MIKROISLEMCI PROJELER\MIKROBüT\PWM\PWM.ASM 60 : Found opcode in column 1. (GOTO)
Warning[203] C:\USERS\RAMAZHAN\DESKTOP\MIKROISLEMCI PROJELER\MIKROBüT\PWM\PWM.ASM 61 : Found opcode in column 1. (GOTO)
Warning[203] C:\USERS\RAMAZHAN\DESKTOP\MIKROISLEMCI PROJELER\MIKROBüT\PWM\PWM.ASM 64 : Found opcode in column 1. (MOVLW)
Warning[203] C:\USERS\RAMAZHAN\DESKTOP\MIKROISLEMCI PROJELER\MIKROBüT\PWM\PWM.ASM 65 : Found opcode in column 1. (MOVWF)
Warning[203] C:\USERS\RAMAZHAN\DESKTOP\MIKROISLEMCI PROJELER\MIKROBüT\PWM\PWM.ASM 68 : Found opcode in column 1. (MOVLW)
Warning[203] C:\USERS\RAMAZHAN\DESKTOP\MIKROISLEMCI PROJELER\MIKROBüT\PWM\PWM.ASM 69 : Found opcode in column 1. (MOVWF)
Warning[203] C:\USERS\RAMAZHAN\DESKTOP\MIKROISLEMCI PROJELER\MIKROBüT\PWM\PWM.ASM 70 : Found opcode in column 1. (DECFSZ)
Warning[203] C:\USERS\RAMAZHAN\DESKTOP\MIKROISLEMCI PROJELER\MIKROBüT\PWM\PWM.ASM 71 : Found opcode in column 1. (GOTO)
Warning[203] C:\USERS\RAMAZHAN\DESKTOP\MIKROISLEMCI PROJELER\MIKROBüT\PWM\PWM.ASM 72 : Found opcode in column 1. (DECFSZ)
Warning[203] C:\USERS\RAMAZHAN\DESKTOP\MIKROISLEMCI PROJELER\MIKROBüT\PWM\PWM.ASM 73 : Found opcode in column 1. (GOTO)
Warning[203] C:\USERS\RAMAZHAN\DESKTOP\MIKROISLEMCI PROJELER\MIKROBüT\PWM\PWM.ASM 74 : Found opcode in column 1. (RETURN)
Warning[205] C:\USERS\RAMAZHAN\DESKTOP\MIKROISLEMCI PROJELER\MIKROBüT\PWM\PWM.ASM 78 : Found directive in column 1. (END)
