Warning[205] C:\USERS\FERHAT\DESKTOP\öRNEKLER\LCD\UNTITLED.ASM 2 : Found directive in column 1. (__CONFIG)
Warning[205] C:\USERS\FERHAT\DESKTOP\öRNEKLER\LCD\UNTITLED.ASM 7 : Found directive in column 1. (ORG)
Warning[203] C:\USERS\FERHAT\DESKTOP\öRNEKLER\LCD\UNTITLED.ASM 8 : Found opcode in column 1. (GOTO)
Warning[205] C:\USERS\FERHAT\DESKTOP\öRNEKLER\LCD\UNTITLED.ASM 13 : Found directive in column 1. (BANKSEL)
Warning[203] C:\USERS\FERHAT\DESKTOP\öRNEKLER\LCD\UNTITLED.ASM 14 : Found opcode in column 1. (MOVLW)
Warning[203] C:\USERS\FERHAT\DESKTOP\öRNEKLER\LCD\UNTITLED.ASM 15 : Found opcode in column 1. (MOVWF)
Message[302] C:\USERS\FERHAT\DESKTOP\öRNEKLER\LCD\UNTITLED.ASM 15 : Register in operand not in bank 0.  Ensure that bank bits are correct.
Warning[203] C:\USERS\FERHAT\DESKTOP\öRNEKLER\LCD\UNTITLED.ASM 16 : Found opcode in column 1. (CLRF)
Message[302] C:\USERS\FERHAT\DESKTOP\öRNEKLER\LCD\UNTITLED.ASM 16 : Register in operand not in bank 0.  Ensure that bank bits are correct.
Warning[203] C:\USERS\FERHAT\DESKTOP\öRNEKLER\LCD\UNTITLED.ASM 17 : Found opcode in column 1. (CLRF)
Message[302] C:\USERS\FERHAT\DESKTOP\öRNEKLER\LCD\UNTITLED.ASM 17 : Register in operand not in bank 0.  Ensure that bank bits are correct.
Warning[203] C:\USERS\FERHAT\DESKTOP\öRNEKLER\LCD\UNTITLED.ASM 18 : Found opcode in column 1. (CLRF)
Message[302] C:\USERS\FERHAT\DESKTOP\öRNEKLER\LCD\UNTITLED.ASM 18 : Register in operand not in bank 0.  Ensure that bank bits are correct.
Warning[205] C:\USERS\FERHAT\DESKTOP\öRNEKLER\LCD\UNTITLED.ASM 19 : Found directive in column 1. (BANKSEL)
Warning[203] C:\USERS\FERHAT\DESKTOP\öRNEKLER\LCD\UNTITLED.ASM 20 : Found opcode in column 1. (CLRF)
Warning[203] C:\USERS\FERHAT\DESKTOP\öRNEKLER\LCD\UNTITLED.ASM 21 : Found opcode in column 1. (CLRF)
Warning[203] C:\USERS\FERHAT\DESKTOP\öRNEKLER\LCD\UNTITLED.ASM 22 : Found opcode in column 1. (CLRF)
Warning[205] C:\USERS\FERHAT\DESKTOP\öRNEKLER\LCD\UNTITLED.ASM 25 : Found directive in column 1. (BANKSEL)
Warning[203] C:\USERS\FERHAT\DESKTOP\öRNEKLER\LCD\UNTITLED.ASM 26 : Found opcode in column 1. (MOVLW)
Warning[203] C:\USERS\FERHAT\DESKTOP\öRNEKLER\LCD\UNTITLED.ASM 27 : Found opcode in column 1. (MOVWF)
Message[302] C:\USERS\FERHAT\DESKTOP\öRNEKLER\LCD\UNTITLED.ASM 27 : Register in operand not in bank 0.  Ensure that bank bits are correct.
Warning[203] C:\USERS\FERHAT\DESKTOP\öRNEKLER\LCD\UNTITLED.ASM 29 : Found opcode in column 1. (MOVLW)
Warning[203] C:\USERS\FERHAT\DESKTOP\öRNEKLER\LCD\UNTITLED.ASM 30 : Found opcode in column 1. (CALL)
Warning[203] C:\USERS\FERHAT\DESKTOP\öRNEKLER\LCD\UNTITLED.ASM 31 : Found opcode in column 1. (MOVLW)
Warning[203] C:\USERS\FERHAT\DESKTOP\öRNEKLER\LCD\UNTITLED.ASM 32 : Found opcode in column 1. (CALL)
Warning[203] C:\USERS\FERHAT\DESKTOP\öRNEKLER\LCD\UNTITLED.ASM 33 : Found opcode in column 1. (MOVLW)
Warning[203] C:\USERS\FERHAT\DESKTOP\öRNEKLER\LCD\UNTITLED.ASM 34 : Found opcode in column 1. (CALL)
Warning[205] C:\USERS\FERHAT\DESKTOP\öRNEKLER\LCD\UNTITLED.ASM 37 : Found directive in column 1. (BANKSEL)
Warning[203] C:\USERS\FERHAT\DESKTOP\öRNEKLER\LCD\UNTITLED.ASM 38 : Found opcode in column 1. (MOVLW)
Warning[203] C:\USERS\FERHAT\DESKTOP\öRNEKLER\LCD\UNTITLED.ASM 39 : Found opcode in column 1. (MOVWF)
Warning[203] C:\USERS\FERHAT\DESKTOP\öRNEKLER\LCD\UNTITLED.ASM 41 : Found opcode in column 1. (BSF)
Warning[203] C:\USERS\FERHAT\DESKTOP\öRNEKLER\LCD\UNTITLED.ASM 43 : Found opcode in column 1. (BTFSC)
Warning[203] C:\USERS\FERHAT\DESKTOP\öRNEKLER\LCD\UNTITLED.ASM 44 : Found opcode in column 1. (GOTO)
Warning[205] C:\USERS\FERHAT\DESKTOP\öRNEKLER\LCD\UNTITLED.ASM 45 : Found directive in column 1. (BANKSEL)
Warning[203] C:\USERS\FERHAT\DESKTOP\öRNEKLER\LCD\UNTITLED.ASM 46 : Found opcode in column 1. (MOVF)
Warning[205] C:\USERS\FERHAT\DESKTOP\öRNEKLER\LCD\UNTITLED.ASM 47 : Found directive in column 1. (BANKSEL)
Warning[203] C:\USERS\FERHAT\DESKTOP\öRNEKLER\LCD\UNTITLED.ASM 48 : Found opcode in column 1. (MOVWF)
Warning[205] C:\USERS\FERHAT\DESKTOP\öRNEKLER\LCD\UNTITLED.ASM 51 : Found directive in column 1. (BANKSEL)
Warning[203] C:\USERS\FERHAT\DESKTOP\öRNEKLER\LCD\UNTITLED.ASM 52 : Found opcode in column 1. (MOVLW)
Warning[203] C:\USERS\FERHAT\DESKTOP\öRNEKLER\LCD\UNTITLED.ASM 53 : Found opcode in column 1. (MOVWF)
Warning[203] C:\USERS\FERHAT\DESKTOP\öRNEKLER\LCD\UNTITLED.ASM 54 : Found opcode in column 1. (BSF)
Warning[203] C:\USERS\FERHAT\DESKTOP\öRNEKLER\LCD\UNTITLED.ASM 56 : Found opcode in column 1. (BTFSC)
Warning[203] C:\USERS\FERHAT\DESKTOP\öRNEKLER\LCD\UNTITLED.ASM 57 : Found opcode in column 1. (GOTO)
Warning[205] C:\USERS\FERHAT\DESKTOP\öRNEKLER\LCD\UNTITLED.ASM 58 : Found directive in column 1. (BANKSEL)
Warning[203] C:\USERS\FERHAT\DESKTOP\öRNEKLER\LCD\UNTITLED.ASM 59 : Found opcode in column 1. (MOVF)
Warning[205] C:\USERS\FERHAT\DESKTOP\öRNEKLER\LCD\UNTITLED.ASM 60 : Found directive in column 1. (BANKSEL)
Warning[203] C:\USERS\FERHAT\DESKTOP\öRNEKLER\LCD\UNTITLED.ASM 61 : Found opcode in column 1. (MOVWF)
Warning[203] C:\USERS\FERHAT\DESKTOP\öRNEKLER\LCD\UNTITLED.ASM 63 : Found opcode in column 1. (MOVF)
Warning[203] C:\USERS\FERHAT\DESKTOP\öRNEKLER\LCD\UNTITLED.ASM 64 : Found opcode in column 1. (SUBWF)
Warning[203] C:\USERS\FERHAT\DESKTOP\öRNEKLER\LCD\UNTITLED.ASM 65 : Found opcode in column 1. (BTFSC)
Warning[203] C:\USERS\FERHAT\DESKTOP\öRNEKLER\LCD\UNTITLED.ASM 66 : Found opcode in column 1. (GOTO)
Warning[203] C:\USERS\FERHAT\DESKTOP\öRNEKLER\LCD\UNTITLED.ASM 67 : Found opcode in column 1. (BTFSC)
Warning[203] C:\USERS\FERHAT\DESKTOP\öRNEKLER\LCD\UNTITLED.ASM 68 : Found opcode in column 1. (GOTO)
Warning[203] C:\USERS\FERHAT\DESKTOP\öRNEKLER\LCD\UNTITLED.ASM 69 : Found opcode in column 1. (GOTO)
Warning[203] C:\USERS\FERHAT\DESKTOP\öRNEKLER\LCD\UNTITLED.ASM 72 : Found opcode in column 1. (MOVLW)
Warning[203] C:\USERS\FERHAT\DESKTOP\öRNEKLER\LCD\UNTITLED.ASM 73 : Found opcode in column 1. (CALL)
Warning[203] C:\USERS\FERHAT\DESKTOP\öRNEKLER\LCD\UNTITLED.ASM 74 : Found opcode in column 1. (MOVLW)
Warning[203] C:\USERS\FERHAT\DESKTOP\öRNEKLER\LCD\UNTITLED.ASM 75 : Found opcode in column 1. (CALL)
Warning[203] C:\USERS\FERHAT\DESKTOP\öRNEKLER\LCD\UNTITLED.ASM 76 : Found opcode in column 1. (CALL)
Warning[203] C:\USERS\FERHAT\DESKTOP\öRNEKLER\LCD\UNTITLED.ASM 77 : Found opcode in column 1. (BSF)
Warning[203] C:\USERS\FERHAT\DESKTOP\öRNEKLER\LCD\UNTITLED.ASM 78 : Found opcode in column 1. (GOTO)
Warning[203] C:\USERS\FERHAT\DESKTOP\öRNEKLER\LCD\UNTITLED.ASM 82 : Found opcode in column 1. (MOVLW)
Warning[203] C:\USERS\FERHAT\DESKTOP\öRNEKLER\LCD\UNTITLED.ASM 83 : Found opcode in column 1. (CALL)
Warning[203] C:\USERS\FERHAT\DESKTOP\öRNEKLER\LCD\UNTITLED.ASM 84 : Found opcode in column 1. (MOVLW)
Warning[203] C:\USERS\FERHAT\DESKTOP\öRNEKLER\LCD\UNTITLED.ASM 85 : Found opcode in column 1. (CALL)
Warning[203] C:\USERS\FERHAT\DESKTOP\öRNEKLER\LCD\UNTITLED.ASM 86 : Found opcode in column 1. (CALL)
Warning[203] C:\USERS\FERHAT\DESKTOP\öRNEKLER\LCD\UNTITLED.ASM 88 : Found opcode in column 1. (BSF)
Warning[203] C:\USERS\FERHAT\DESKTOP\öRNEKLER\LCD\UNTITLED.ASM 89 : Found opcode in column 1. (GOTO)
Warning[203] C:\USERS\FERHAT\DESKTOP\öRNEKLER\LCD\UNTITLED.ASM 93 : Found opcode in column 1. (MOVLW)
Warning[203] C:\USERS\FERHAT\DESKTOP\öRNEKLER\LCD\UNTITLED.ASM 94 : Found opcode in column 1. (CALL)
Warning[203] C:\USERS\FERHAT\DESKTOP\öRNEKLER\LCD\UNTITLED.ASM 95 : Found opcode in column 1. (MOVLW)
Warning[203] C:\USERS\FERHAT\DESKTOP\öRNEKLER\LCD\UNTITLED.ASM 96 : Found opcode in column 1. (CALL)
Warning[203] C:\USERS\FERHAT\DESKTOP\öRNEKLER\LCD\UNTITLED.ASM 97 : Found opcode in column 1. (CALL)
Warning[203] C:\USERS\FERHAT\DESKTOP\öRNEKLER\LCD\UNTITLED.ASM 99 : Found opcode in column 1. (BSF)
Warning[203] C:\USERS\FERHAT\DESKTOP\öRNEKLER\LCD\UNTITLED.ASM 100 : Found opcode in column 1. (GOTO)
Warning[205] C:\USERS\FERHAT\DESKTOP\öRNEKLER\LCD\UNTITLED.ASM 105 : Found directive in column 1. (BANKSEL)
Warning[203] C:\USERS\FERHAT\DESKTOP\öRNEKLER\LCD\UNTITLED.ASM 106 : Found opcode in column 1. (MOVWF)
Warning[203] C:\USERS\FERHAT\DESKTOP\öRNEKLER\LCD\UNTITLED.ASM 107 : Found opcode in column 1. (BCF)
Warning[203] C:\USERS\FERHAT\DESKTOP\öRNEKLER\LCD\UNTITLED.ASM 108 : Found opcode in column 1. (BSF)
Warning[203] C:\USERS\FERHAT\DESKTOP\öRNEKLER\LCD\UNTITLED.ASM 109 : Found opcode in column 1. (CALL)
Warning[203] C:\USERS\FERHAT\DESKTOP\öRNEKLER\LCD\UNTITLED.ASM 110 : Found opcode in column 1. (BCF)
Warning[203] C:\USERS\FERHAT\DESKTOP\öRNEKLER\LCD\UNTITLED.ASM 111 : Found opcode in column 1. (RETURN)
Warning[205] C:\USERS\FERHAT\DESKTOP\öRNEKLER\LCD\UNTITLED.ASM 114 : Found directive in column 1. (BANKSEL)
Warning[203] C:\USERS\FERHAT\DESKTOP\öRNEKLER\LCD\UNTITLED.ASM 115 : Found opcode in column 1. (MOVWF)
Warning[203] C:\USERS\FERHAT\DESKTOP\öRNEKLER\LCD\UNTITLED.ASM 116 : Found opcode in column 1. (BSF)
Warning[203] C:\USERS\FERHAT\DESKTOP\öRNEKLER\LCD\UNTITLED.ASM 117 : Found opcode in column 1. (BSF)
Warning[203] C:\USERS\FERHAT\DESKTOP\öRNEKLER\LCD\UNTITLED.ASM 118 : Found opcode in column 1. (CALL)
Warning[203] C:\USERS\FERHAT\DESKTOP\öRNEKLER\LCD\UNTITLED.ASM 119 : Found opcode in column 1. (BCF)
Warning[203] C:\USERS\FERHAT\DESKTOP\öRNEKLER\LCD\UNTITLED.ASM 120 : Found opcode in column 1. (RETURN)
Warning[203] C:\USERS\FERHAT\DESKTOP\öRNEKLER\LCD\UNTITLED.ASM 123 : Found opcode in column 1. (MOVLW)
Warning[203] C:\USERS\FERHAT\DESKTOP\öRNEKLER\LCD\UNTITLED.ASM 124 : Found opcode in column 1. (MOVWF)
Warning[203] C:\USERS\FERHAT\DESKTOP\öRNEKLER\LCD\UNTITLED.ASM 127 : Found opcode in column 1. (MOVLW)
Warning[203] C:\USERS\FERHAT\DESKTOP\öRNEKLER\LCD\UNTITLED.ASM 128 : Found opcode in column 1. (MOVWF)
Warning[203] C:\USERS\FERHAT\DESKTOP\öRNEKLER\LCD\UNTITLED.ASM 130 : Found opcode in column 1. (DECFSZ)
Warning[203] C:\USERS\FERHAT\DESKTOP\öRNEKLER\LCD\UNTITLED.ASM 131 : Found opcode in column 1. (GOTO)
Warning[203] C:\USERS\FERHAT\DESKTOP\öRNEKLER\LCD\UNTITLED.ASM 132 : Found opcode in column 1. (DECFSZ)
Warning[203] C:\USERS\FERHAT\DESKTOP\öRNEKLER\LCD\UNTITLED.ASM 133 : Found opcode in column 1. (GOTO)
Warning[203] C:\USERS\FERHAT\DESKTOP\öRNEKLER\LCD\UNTITLED.ASM 134 : Found opcode in column 1. (RETURN)
Warning[205] C:\USERS\FERHAT\DESKTOP\öRNEKLER\LCD\UNTITLED.ASM 136 : Found directive in column 1. (END)
