MPASM  5.50                      UNTITLED.ASM   1-20-2019  16:26:58         PAGE  1


LOC  OBJECT CODE     LINE SOURCE TEXT
  VALUE

                      00001 #INCLUDE<P16F877A.INC>
                      00001         LIST
                      00002 
                      00003 ;==========================================================================
                      00004 ;  MPASM PIC16F877A processor include
                      00005 ; 
                      00006 ;  (c) Copyright 1999-2013 Microchip Technology, All rights reserved
                      00007 ;==========================================================================
                      00008 
                      00566         LIST
Warning[205]: Found directive in column 1. (__CONFIG)
2007   3F31           00002 __CONFIG H'3F31'
  00000023            00003 SAYI1 EQU 0X23
  00000024            00004 SAYI2 EQU 0X24
  00000025            00005 SAYI3 EQU 0X25
  00000026            00006 SAYI4 EQU 0X26
Warning[205]: Found directive in column 1. (ORG)
                      00007 ORG 0X00
Warning[203]: Found opcode in column 1. (GOTO)
0000   2???           00008 GOTO AYAR
                      00009 
                      00010 
                      00011 
0001                  00012 AYAR
Warning[205]: Found directive in column 1. (BANKSEL)
0001   1683 1303      00013 BANKSEL TRISA
Warning[203]: Found opcode in column 1. (MOVLW)
0003   30FF           00014 MOVLW D'255'
Warning[203]: Found opcode in column 1. (MOVWF)
Message[302]: Register in operand not in bank 0.  Ensure that bank bits are correct.
0004   0085           00015 MOVWF TRISA
Warning[203]: Found opcode in column 1. (CLRF)
Message[302]: Register in operand not in bank 0.  Ensure that bank bits are correct.
0005   0186           00016 CLRF TRISB
Warning[203]: Found opcode in column 1. (CLRF)
Message[302]: Register in operand not in bank 0.  Ensure that bank bits are correct.
0006   0187           00017 CLRF TRISC
Warning[203]: Found opcode in column 1. (CLRF)
Message[302]: Register in operand not in bank 0.  Ensure that bank bits are correct.
0007   0188           00018 CLRF TRISD
Warning[205]: Found directive in column 1. (BANKSEL)
0008   1283 1303      00019 BANKSEL PORTB
Warning[203]: Found opcode in column 1. (CLRF)
000A   0186           00020 CLRF PORTB
Warning[203]: Found opcode in column 1. (CLRF)
000B   0187           00021 CLRF PORTC
Warning[203]: Found opcode in column 1. (CLRF)
000C   0188           00022 CLRF PORTD
                      00023 
                      00024 
Warning[205]: Found directive in column 1. (BANKSEL)
000D   1683 1303      00025 BANKSEL ADCON1
Warning[203]: Found opcode in column 1. (MOVLW)
MPASM  5.50                      UNTITLED.ASM   1-20-2019  16:26:58         PAGE  2


LOC  OBJECT CODE     LINE SOURCE TEXT
  VALUE

000F   3000           00026 MOVLW B'00000000'
Warning[203]: Found opcode in column 1. (MOVWF)
Message[302]: Register in operand not in bank 0.  Ensure that bank bits are correct.
0010   009F           00027 MOVWF ADCON1
                      00028 
Warning[203]: Found opcode in column 1. (MOVLW)
0011   3002           00029 MOVLW 0X02
Warning[203]: Found opcode in column 1. (CALL)
0012   2???           00030 CALL KOMUTYAZ
Warning[203]: Found opcode in column 1. (MOVLW)
0013   3038           00031 MOVLW 0X38
Warning[203]: Found opcode in column 1. (CALL)
0014   2???           00032 CALL KOMUTYAZ
Warning[203]: Found opcode in column 1. (MOVLW)
0015   300C           00033 MOVLW 0X0C
Warning[203]: Found opcode in column 1. (CALL)
0016   2???           00034 CALL KOMUTYAZ
                      00035 
0017                  00036 KONTROL
Warning[205]: Found directive in column 1. (BANKSEL)
0017   1283 1303      00037 BANKSEL ADCON0
Warning[203]: Found opcode in column 1. (MOVLW)
0019   3029           00038 MOVLW B'00101001'
Warning[203]: Found opcode in column 1. (MOVWF)
001A   009F           00039 MOVWF ADCON0
                      00040 
Warning[203]: Found opcode in column 1. (BSF)
001B   151F           00041 BSF ADCON0,GO
                      00042 
Warning[203]: Found opcode in column 1. (BTFSC)
001C   191F           00043 BTFSC ADCON0,GO
Warning[203]: Found opcode in column 1. (GOTO)
001D   2???           00044 GOTO $-1
Warning[205]: Found directive in column 1. (BANKSEL)
001E   1283 1303      00045 BANKSEL ADRESH
Warning[203]: Found opcode in column 1. (MOVF)
0020   081E           00046 MOVF ADRESH,W
Warning[205]: Found directive in column 1. (BANKSEL)
0021   1283 1303      00047 BANKSEL SAYI1
Warning[203]: Found opcode in column 1. (MOVWF)
0023   00A3           00048 MOVWF SAYI1
                      00049 
                      00050 
Warning[205]: Found directive in column 1. (BANKSEL)
0024   1283 1303      00051 BANKSEL ADCON0
Warning[203]: Found opcode in column 1. (MOVLW)
0026   3031           00052 MOVLW B'00110001'
Warning[203]: Found opcode in column 1. (MOVWF)
0027   009F           00053 MOVWF ADCON0
Warning[203]: Found opcode in column 1. (BSF)
0028   151F           00054 BSF ADCON0,GO
                      00055 
Warning[203]: Found opcode in column 1. (BTFSC)
MPASM  5.50                      UNTITLED.ASM   1-20-2019  16:26:58         PAGE  3


LOC  OBJECT CODE     LINE SOURCE TEXT
  VALUE

0029   191F           00056 BTFSC ADCON0,GO
Warning[203]: Found opcode in column 1. (GOTO)
002A   2???           00057 GOTO $-1
Warning[205]: Found directive in column 1. (BANKSEL)
002B   1283 1303      00058 BANKSEL ADRESH
Warning[203]: Found opcode in column 1. (MOVF)
002D   081E           00059 MOVF ADRESH,W
Warning[205]: Found directive in column 1. (BANKSEL)
002E   1283 1303      00060 BANKSEL SAYI2
Warning[203]: Found opcode in column 1. (MOVWF)
0030   00A4           00061 MOVWF SAYI2
                      00062 
Warning[203]: Found opcode in column 1. (MOVF)
0031   0823           00063 MOVF SAYI1,W
Warning[203]: Found opcode in column 1. (SUBWF)
0032   0224           00064 SUBWF SAYI2,W
Warning[203]: Found opcode in column 1. (BTFSC)
0033   1903           00065 BTFSC STATUS,Z
Warning[203]: Found opcode in column 1. (GOTO)
0034   2???           00066 GOTO ESIT
Warning[203]: Found opcode in column 1. (BTFSC)
0035   1803           00067 BTFSC STATUS,C
Warning[203]: Found opcode in column 1. (GOTO)
0036   2???           00068 GOTO BUYUK
Warning[203]: Found opcode in column 1. (GOTO)
0037   2???           00069 GOTO KUCUK 
                      00070 
0038                  00071 ESIT
Warning[203]: Found opcode in column 1. (MOVLW)
0038   3080           00072 MOVLW 0X80
Warning[203]: Found opcode in column 1. (CALL)
0039   2???           00073 CALL KOMUTYAZ
Warning[203]: Found opcode in column 1. (MOVLW)
003A   3045           00074 MOVLW'E'
Warning[203]: Found opcode in column 1. (CALL)
003B   2???           00075 CALL KARAKTERYAZ
Warning[203]: Found opcode in column 1. (CALL)
003C   2???           00076 CALL GECIKME
Warning[203]: Found opcode in column 1. (BSF)
003D   151F           00077 BSF ADCON0,GO
Warning[203]: Found opcode in column 1. (GOTO)
003E   2???           00078 GOTO KONTROL
                      00079 
                      00080 
003F                  00081 KUCUK
Warning[203]: Found opcode in column 1. (MOVLW)
003F   3080           00082 MOVLW 0X80
Warning[203]: Found opcode in column 1. (CALL)
0040   2???           00083 CALL KOMUTYAZ
Warning[203]: Found opcode in column 1. (MOVLW)
0041   304B           00084 MOVLW 'K'
Warning[203]: Found opcode in column 1. (CALL)
0042   2???           00085 CALL KARAKTERYAZ
MPASM  5.50                      UNTITLED.ASM   1-20-2019  16:26:58         PAGE  4


LOC  OBJECT CODE     LINE SOURCE TEXT
  VALUE

Warning[203]: Found opcode in column 1. (CALL)
0043   2???           00086 CALL GECIKME
                      00087 
Warning[203]: Found opcode in column 1. (BSF)
0044   151F           00088 BSF ADCON0,GO
Warning[203]: Found opcode in column 1. (GOTO)
0045   2???           00089 GOTO KONTROL
                      00090 
                      00091 
0046                  00092 BUYUK
Warning[203]: Found opcode in column 1. (MOVLW)
0046   3080           00093 MOVLW 0X80
Warning[203]: Found opcode in column 1. (CALL)
0047   2???           00094 CALL KOMUTYAZ
Warning[203]: Found opcode in column 1. (MOVLW)
0048   3042           00095 MOVLW 'B'
Warning[203]: Found opcode in column 1. (CALL)
0049   2???           00096 CALL KARAKTERYAZ
Warning[203]: Found opcode in column 1. (CALL)
004A   2???           00097 CALL GECIKME
                      00098 
Warning[203]: Found opcode in column 1. (BSF)
004B   151F           00099 BSF ADCON0,GO
Warning[203]: Found opcode in column 1. (GOTO)
004C   2???           00100 GOTO KONTROL
                      00101 
                      00102 
                      00103 
004D                  00104 KOMUTYAZ
Warning[205]: Found directive in column 1. (BANKSEL)
004D   1283 1303      00105 BANKSEL PORTC
Warning[203]: Found opcode in column 1. (MOVWF)
004F   0087           00106 MOVWF PORTC
Warning[203]: Found opcode in column 1. (BCF)
0050   1206           00107 BCF PORTB,4
Warning[203]: Found opcode in column 1. (BSF)
0051   1706           00108 BSF PORTB,6
Warning[203]: Found opcode in column 1. (CALL)
0052   2???           00109 CALL GECIKME
Warning[203]: Found opcode in column 1. (BCF)
0053   1306           00110 BCF PORTB,6
Warning[203]: Found opcode in column 1. (RETURN)
0054   0008           00111 RETURN
                      00112 
0055                  00113 KARAKTERYAZ
Warning[205]: Found directive in column 1. (BANKSEL)
0055   1283 1303      00114 BANKSEL PORTC
Warning[203]: Found opcode in column 1. (MOVWF)
0057   0087           00115 MOVWF PORTC
Warning[203]: Found opcode in column 1. (BSF)
0058   1606           00116 BSF PORTB,4
Warning[203]: Found opcode in column 1. (BSF)
0059   1706           00117 BSF PORTB,6
MPASM  5.50                      UNTITLED.ASM   1-20-2019  16:26:58         PAGE  5


LOC  OBJECT CODE     LINE SOURCE TEXT
  VALUE

Warning[203]: Found opcode in column 1. (CALL)
005A   2???           00118 CALL GECIKME
Warning[203]: Found opcode in column 1. (BCF)
005B   1306           00119 BCF PORTB,6
Warning[203]: Found opcode in column 1. (RETURN)
005C   0008           00120 RETURN
                      00121 
005D                  00122 GECIKME
Warning[203]: Found opcode in column 1. (MOVLW)
005D   30FF           00123 MOVLW 0XFF
Warning[203]: Found opcode in column 1. (MOVWF)
005E   00A5           00124 MOVWF SAYI3
                      00125 
005F                  00126 GECIK1
Warning[203]: Found opcode in column 1. (MOVLW)
005F   30FF           00127 MOVLW 0XFF
Warning[203]: Found opcode in column 1. (MOVWF)
0060   00A6           00128 MOVWF SAYI4
                      00129 
Warning[203]: Found opcode in column 1. (DECFSZ)
0061   0BA6           00130 DECFSZ SAYI4,F
Warning[203]: Found opcode in column 1. (GOTO)
0062   2???           00131 GOTO $-1
Warning[203]: Found opcode in column 1. (DECFSZ)
0063   0BA5           00132 DECFSZ SAYI3,F
Warning[203]: Found opcode in column 1. (GOTO)
0064   2???           00133 GOTO GECIK1
Warning[203]: Found opcode in column 1. (RETURN)
0065   0008           00134 RETURN
                      00135 
Warning[205]: Found directive in column 1. (END)
3F31                  00136 END
MPASM  5.50                      UNTITLED.ASM   1-20-2019  16:26:58         PAGE  6


SYMBOL TABLE
  LABEL                             VALUE 

ACKDT                             00000005
ACKEN                             00000004
ACKSTAT                           00000006
ADCON0                            0000001F
ADCON1                            0000009F
ADCS0                             00000006
ADCS1                             00000007
ADCS2                             00000006
ADDEN                             00000003
ADFM                              00000007
ADIE                              00000006
ADIF                              00000006
ADON                              00000000
ADRESH                            0000001E
ADRESL                            0000009E
AYAR                              00000001
BCLIE                             00000003
BCLIF                             00000003
BF                                00000000
BRGH                              00000002
BUYUK                             00000046
C                                 00000000
C1INV                             00000004
C1OUT                             00000006
C2INV                             00000005
C2OUT                             00000007
CCP1CON                           00000017
CCP1IE                            00000002
CCP1IF                            00000002
CCP1M0                            00000000
CCP1M1                            00000001
CCP1M2                            00000002
CCP1M3                            00000003
CCP1X                             00000005
CCP1Y                             00000004
CCP2CON                           0000001D
CCP2IE                            00000000
CCP2IF                            00000000
CCP2M0                            00000000
CCP2M1                            00000001
CCP2M2                            00000002
CCP2M3                            00000003
CCP2X                             00000005
CCP2Y                             00000004
CCPR1                             00000015
CCPR1H                            00000016
CCPR1L                            00000015
CCPR2                             0000001B
CCPR2H                            0000001C
CCPR2L                            0000001B
CHS0                              00000003
CHS1                              00000004
CHS2                              00000005
MPASM  5.50                      UNTITLED.ASM   1-20-2019  16:26:58         PAGE  7


SYMBOL TABLE
  LABEL                             VALUE 

CIS                               00000003
CKE                               00000006
CKP                               00000004
CM0                               00000000
CM1                               00000001
CM2                               00000002
CMCON                             0000009C
CMIE                              00000006
CMIF                              00000006
CREN                              00000004
CSRC                              00000007
CVR0                              00000000
CVR1                              00000001
CVR2                              00000002
CVR3                              00000003
CVRCON                            0000009D
CVREN                             00000007
CVROE                             00000006
CVRR                              00000005
D                                 00000005
DATA_ADDRESS                      00000005
DC                                00000001
D_A                               00000005
D_NOT_A                           00000005
EEADR                             0000010D
EEADRH                            0000010F
EECON1                            0000018C
EECON2                            0000018D
EEDATA                            0000010C
EEDATH                            0000010E
EEIE                              00000004
EEIF                              00000004
EEPGD                             00000007
ESIT                              00000038
F                                 00000001
FERR                              00000002
FSR                               00000004
GCEN                              00000007
GECIK1                            0000005F
GECIKME                           0000005D
GIE                               00000007
GO                                00000002
GO_DONE                           00000002
GO_NOT_DONE                       00000002
I2C_DATA                          00000005
I2C_READ                          00000002
I2C_START                         00000003
I2C_STOP                          00000004
IBF                               00000007
IBOV                              00000005
INDF                              00000000
INTCON                            0000000B
INTE                              00000004
MPASM  5.50                      UNTITLED.ASM   1-20-2019  16:26:58         PAGE  8


SYMBOL TABLE
  LABEL                             VALUE 

INTEDG                            00000006
INTF                              00000001
IRP                               00000007
KARAKTERYAZ                       00000055
KOMUTYAZ                          0000004D
KONTROL                           00000017
KUCUK                             0000003F
NOT_A                             00000005
NOT_ADDRESS                       00000005
NOT_BO                            00000000
NOT_BOR                           00000000
NOT_DONE                          00000002
NOT_PD                            00000003
NOT_POR                           00000001
NOT_RBPU                          00000007
NOT_RC8                           00000006
NOT_T1SYNC                        00000002
NOT_TO                            00000004
NOT_TX8                           00000006
NOT_W                             00000002
NOT_WRITE                         00000002
OBF                               00000006
OERR                              00000001
OPTION_REG                        00000081
P                                 00000004
PCFG0                             00000000
PCFG1                             00000001
PCFG2                             00000002
PCFG3                             00000003
PCL                               00000002
PCLATH                            0000000A
PCON                              0000008E
PEIE                              00000006
PEN                               00000002
PIE1                              0000008C
PIE2                              0000008D
PIR1                              0000000C
PIR2                              0000000D
PORTA                             00000005
PORTB                             00000006
PORTC                             00000007
PORTD                             00000008
PORTE                             00000009
PR2                               00000092
PS0                               00000000
PS1                               00000001
PS2                               00000002
PSA                               00000003
PSPIE                             00000007
PSPIF                             00000007
PSPMODE                           00000004
R                                 00000002
RA0                               00000000
MPASM  5.50                      UNTITLED.ASM   1-20-2019  16:26:58         PAGE  9


SYMBOL TABLE
  LABEL                             VALUE 

RA1                               00000001
RA2                               00000002
RA3                               00000003
RA4                               00000004
RA5                               00000005
RB0                               00000000
RB1                               00000001
RB2                               00000002
RB3                               00000003
RB4                               00000004
RB5                               00000005
RB6                               00000006
RB7                               00000007
RBIE                              00000003
RBIF                              00000000
RC0                               00000000
RC1                               00000001
RC2                               00000002
RC3                               00000003
RC4                               00000004
RC5                               00000005
RC6                               00000006
RC7                               00000007
RC8_9                             00000006
RC9                               00000006
RCD8                              00000000
RCEN                              00000003
RCIE                              00000005
RCIF                              00000005
RCREG                             0000001A
RCSTA                             00000018
RD                                00000000
RD0                               00000000
RD1                               00000001
RD2                               00000002
RD3                               00000003
RD4                               00000004
RD5                               00000005
RD6                               00000006
RD7                               00000007
RE0                               00000000
RE1                               00000001
RE2                               00000002
READ_WRITE                        00000002
RP0                               00000005
RP1                               00000006
RSEN                              00000001
RX9                               00000006
RX9D                              00000000
R_NOT_W                           00000002
R_W                               00000002
S                                 00000003
SAYI1                             00000023
MPASM  5.50                      UNTITLED.ASM   1-20-2019  16:26:58         PAGE 10


SYMBOL TABLE
  LABEL                             VALUE 

SAYI2                             00000024
SAYI3                             00000025
SAYI4                             00000026
SEN                               00000000
SMP                               00000007
SPBRG                             00000099
SPEN                              00000007
SREN                              00000005
SSPADD                            00000093
SSPBUF                            00000013
SSPCON                            00000014
SSPCON2                           00000091
SSPEN                             00000005
SSPIE                             00000003
SSPIF                             00000003
SSPM0                             00000000
SSPM1                             00000001
SSPM2                             00000002
SSPM3                             00000003
SSPOV                             00000006
SSPSTAT                           00000094
STATUS                            00000003
SYNC                              00000004
T0CS                              00000005
T0IE                              00000005
T0IF                              00000002
T0SE                              00000004
T1CKPS0                           00000004
T1CKPS1                           00000005
T1CON                             00000010
T1INSYNC                          00000002
T1OSCEN                           00000003
T1SYNC                            00000002
T2CKPS0                           00000000
T2CKPS1                           00000001
T2CON                             00000012
TMR0                              00000001
TMR0IE                            00000005
TMR0IF                            00000002
TMR1                              0000000E
TMR1CS                            00000001
TMR1H                             0000000F
TMR1IE                            00000000
TMR1IF                            00000000
TMR1L                             0000000E
TMR1ON                            00000000
TMR2                              00000011
TMR2IE                            00000001
TMR2IF                            00000001
TMR2ON                            00000002
TOUTPS0                           00000003
TOUTPS1                           00000004
TOUTPS2                           00000005
MPASM  5.50                      UNTITLED.ASM   1-20-2019  16:26:58         PAGE 11


SYMBOL TABLE
  LABEL                             VALUE 

TOUTPS3                           00000006
TRISA                             00000085
TRISA0                            00000000
TRISA1                            00000001
TRISA2                            00000002
TRISA3                            00000003
TRISA4                            00000004
TRISA5                            00000005
TRISB                             00000086
TRISB0                            00000000
TRISB1                            00000001
TRISB2                            00000002
TRISB3                            00000003
TRISB4                            00000004
TRISB5                            00000005
TRISB6                            00000006
TRISB7                            00000007
TRISC                             00000087
TRISC0                            00000000
TRISC1                            00000001
TRISC2                            00000002
TRISC3                            00000003
TRISC4                            00000004
TRISC5                            00000005
TRISC6                            00000006
TRISC7                            00000007
TRISD                             00000088
TRISD0                            00000000
TRISD1                            00000001
TRISD2                            00000002
TRISD3                            00000003
TRISD4                            00000004
TRISD5                            00000005
TRISD6                            00000006
TRISD7                            00000007
TRISE                             00000089
TRISE0                            00000000
TRISE1                            00000001
TRISE2                            00000002
TRMT                              00000001
TX8_9                             00000006
TX9                               00000006
TX9D                              00000000
TXD8                              00000000
TXEN                              00000005
TXIE                              00000004
TXIF                              00000004
TXREG                             00000019
TXSTA                             00000098
UA                                00000001
W                                 00000000
WCOL                              00000007
WR                                00000001
MPASM  5.50                      UNTITLED.ASM   1-20-2019  16:26:58         PAGE 12


SYMBOL TABLE
  LABEL                             VALUE 

WREN                              00000002
WRERR                             00000003
Z                                 00000002
_.org_0_001D                      0000001D
_.org_0_002A                      0000002A
_.org_0_0062                      00000062
_BODEN_OFF                        00003FBF
_BODEN_ON                         00003FFF
_BOREN_OFF                        00003FBF
_BOREN_ON                         00003FFF
_CONFIG                           00002007
_CPD_OFF                          00003FFF
_CPD_ON                           00003EFF
_CP_ALL                           00001FFF
_CP_OFF                           00003FFF
_CP_ON                            00001FFF
_DEBUG_OFF                        00003FFF
_DEBUG_ON                         000037FF
_DEVID1                           00002006
_FOSC_EXTRC                       00003FFF
_FOSC_HS                          00003FFE
_FOSC_LP                          00003FFC
_FOSC_XT                          00003FFD
_HS_OSC                           00003FFE
_IDLOC0                           00002000
_IDLOC1                           00002001
_IDLOC2                           00002002
_IDLOC3                           00002003
_LP_OSC                           00003FFC
_LVP_OFF                          00003F7F
_LVP_ON                           00003FFF
_PWRTE_OFF                        00003FFF
_PWRTE_ON                         00003FF7
_RC_OSC                           00003FFF
_WDTE_OFF                         00003FFB
_WDTE_ON                          00003FFF
_WDT_OFF                          00003FFB
_WDT_ON                           00003FFF
_WRT_1FOURTH                      00003BFF
_WRT_256                          00003DFF
_WRT_HALF                         000039FF
_WRT_OFF                          00003FFF
_XT_OSC                           00003FFD
__16F877A                         00000001
__DEBUG                           1

Errors   :     0
Warnings :    94 reported,     0 suppressed
Messages :     5 reported,     0 suppressed

