Warning[205] C:\USERS\RAMAZ\ONEDRIVE\MASAüSTü\MIKROISLEMCI PROJELER\DISPLAYDENEME\DISPLAYDENEME.ASM 1 : Found directive in column 1. (INCLUDE)
Warning[205] C:\USERS\RAMAZ\ONEDRIVE\MASAüSTü\MIKROISLEMCI PROJELER\DISPLAYDENEME\DISPLAYDENEME.ASM 2 : Found directive in column 1. (__config)
Warning[205] C:\USERS\RAMAZ\ONEDRIVE\MASAüSTü\MIKROISLEMCI PROJELER\DISPLAYDENEME\DISPLAYDENEME.ASM 7 : Found directive in column 1. (ORG)
Warning[203] C:\USERS\RAMAZ\ONEDRIVE\MASAüSTü\MIKROISLEMCI PROJELER\DISPLAYDENEME\DISPLAYDENEME.ASM 8 : Found opcode in column 1. (goto)
Warning[205] C:\USERS\RAMAZ\ONEDRIVE\MASAüSTü\MIKROISLEMCI PROJELER\DISPLAYDENEME\DISPLAYDENEME.ASM 10 : Found directive in column 1. (ORG)
Warning[203] C:\USERS\RAMAZ\ONEDRIVE\MASAüSTü\MIKROISLEMCI PROJELER\DISPLAYDENEME\DISPLAYDENEME.ASM 12 : Found opcode in column 1. (RETFIE)
Warning[205] C:\USERS\RAMAZ\ONEDRIVE\MASAüSTü\MIKROISLEMCI PROJELER\DISPLAYDENEME\DISPLAYDENEME.ASM 17 : Found directive in column 1. (BANKSEL)
Warning[203] C:\USERS\RAMAZ\ONEDRIVE\MASAüSTü\MIKROISLEMCI PROJELER\DISPLAYDENEME\DISPLAYDENEME.ASM 18 : Found opcode in column 1. (CLRF)
Message[302] C:\USERS\RAMAZ\ONEDRIVE\MASAüSTü\MIKROISLEMCI PROJELER\DISPLAYDENEME\DISPLAYDENEME.ASM 18 : Register in operand not in bank 0.  Ensure that bank bits are correct.
Warning[203] C:\USERS\RAMAZ\ONEDRIVE\MASAüSTü\MIKROISLEMCI PROJELER\DISPLAYDENEME\DISPLAYDENEME.ASM 19 : Found opcode in column 1. (CLRF)
Message[302] C:\USERS\RAMAZ\ONEDRIVE\MASAüSTü\MIKROISLEMCI PROJELER\DISPLAYDENEME\DISPLAYDENEME.ASM 19 : Register in operand not in bank 0.  Ensure that bank bits are correct.
Warning[203] C:\USERS\RAMAZ\ONEDRIVE\MASAüSTü\MIKROISLEMCI PROJELER\DISPLAYDENEME\DISPLAYDENEME.ASM 20 : Found opcode in column 1. (movlw)
Warning[203] C:\USERS\RAMAZ\ONEDRIVE\MASAüSTü\MIKROISLEMCI PROJELER\DISPLAYDENEME\DISPLAYDENEME.ASM 21 : Found opcode in column 1. (movwf)
Message[302] C:\USERS\RAMAZ\ONEDRIVE\MASAüSTü\MIKROISLEMCI PROJELER\DISPLAYDENEME\DISPLAYDENEME.ASM 21 : Register in operand not in bank 0.  Ensure that bank bits are correct.
Warning[203] C:\USERS\RAMAZ\ONEDRIVE\MASAüSTü\MIKROISLEMCI PROJELER\DISPLAYDENEME\DISPLAYDENEME.ASM 22 : Found opcode in column 1. (MOVLW)
Warning[203] C:\USERS\RAMAZ\ONEDRIVE\MASAüSTü\MIKROISLEMCI PROJELER\DISPLAYDENEME\DISPLAYDENEME.ASM 23 : Found opcode in column 1. (MOVWF)
Message[302] C:\USERS\RAMAZ\ONEDRIVE\MASAüSTü\MIKROISLEMCI PROJELER\DISPLAYDENEME\DISPLAYDENEME.ASM 23 : Register in operand not in bank 0.  Ensure that bank bits are correct.
Warning[205] C:\USERS\RAMAZ\ONEDRIVE\MASAüSTü\MIKROISLEMCI PROJELER\DISPLAYDENEME\DISPLAYDENEME.ASM 24 : Found directive in column 1. (BANKSEL)
Warning[203] C:\USERS\RAMAZ\ONEDRIVE\MASAüSTü\MIKROISLEMCI PROJELER\DISPLAYDENEME\DISPLAYDENEME.ASM 25 : Found opcode in column 1. (CLRF)
Warning[203] C:\USERS\RAMAZ\ONEDRIVE\MASAüSTü\MIKROISLEMCI PROJELER\DISPLAYDENEME\DISPLAYDENEME.ASM 26 : Found opcode in column 1. (CLRF)
Warning[203] C:\USERS\RAMAZ\ONEDRIVE\MASAüSTü\MIKROISLEMCI PROJELER\DISPLAYDENEME\DISPLAYDENEME.ASM 27 : Found opcode in column 1. (clrf)
Warning[203] C:\USERS\RAMAZ\ONEDRIVE\MASAüSTü\MIKROISLEMCI PROJELER\DISPLAYDENEME\DISPLAYDENEME.ASM 31 : Found opcode in column 1. (MOVLW)
Warning[203] C:\USERS\RAMAZ\ONEDRIVE\MASAüSTü\MIKROISLEMCI PROJELER\DISPLAYDENEME\DISPLAYDENEME.ASM 32 : Found opcode in column 1. (MOVWF)
Warning[203] C:\USERS\RAMAZ\ONEDRIVE\MASAüSTü\MIKROISLEMCI PROJELER\DISPLAYDENEME\DISPLAYDENEME.ASM 33 : Found opcode in column 1. (MOVLW)
Warning[203] C:\USERS\RAMAZ\ONEDRIVE\MASAüSTü\MIKROISLEMCI PROJELER\DISPLAYDENEME\DISPLAYDENEME.ASM 34 : Found opcode in column 1. (MOVWF)
Warning[203] C:\USERS\RAMAZ\ONEDRIVE\MASAüSTü\MIKROISLEMCI PROJELER\DISPLAYDENEME\DISPLAYDENEME.ASM 35 : Found opcode in column 1. (call)
Warning[203] C:\USERS\RAMAZ\ONEDRIVE\MASAüSTü\MIKROISLEMCI PROJELER\DISPLAYDENEME\DISPLAYDENEME.ASM 37 : Found opcode in column 1. (MOVLW)
Warning[203] C:\USERS\RAMAZ\ONEDRIVE\MASAüSTü\MIKROISLEMCI PROJELER\DISPLAYDENEME\DISPLAYDENEME.ASM 38 : Found opcode in column 1. (MOVWF)
Warning[203] C:\USERS\RAMAZ\ONEDRIVE\MASAüSTü\MIKROISLEMCI PROJELER\DISPLAYDENEME\DISPLAYDENEME.ASM 39 : Found opcode in column 1. (MOVLW)
Warning[203] C:\USERS\RAMAZ\ONEDRIVE\MASAüSTü\MIKROISLEMCI PROJELER\DISPLAYDENEME\DISPLAYDENEME.ASM 40 : Found opcode in column 1. (MOVWF)
Warning[203] C:\USERS\RAMAZ\ONEDRIVE\MASAüSTü\MIKROISLEMCI PROJELER\DISPLAYDENEME\DISPLAYDENEME.ASM 41 : Found opcode in column 1. (call)
Warning[203] C:\USERS\RAMAZ\ONEDRIVE\MASAüSTü\MIKROISLEMCI PROJELER\DISPLAYDENEME\DISPLAYDENEME.ASM 42 : Found opcode in column 1. (goto)
Warning[203] C:\USERS\RAMAZ\ONEDRIVE\MASAüSTü\MIKROISLEMCI PROJELER\DISPLAYDENEME\DISPLAYDENEME.ASM 46 : Found opcode in column 1. (MOVLW)
Warning[203] C:\USERS\RAMAZ\ONEDRIVE\MASAüSTü\MIKROISLEMCI PROJELER\DISPLAYDENEME\DISPLAYDENEME.ASM 47 : Found opcode in column 1. (MOVWF)
Warning[203] C:\USERS\RAMAZ\ONEDRIVE\MASAüSTü\MIKROISLEMCI PROJELER\DISPLAYDENEME\DISPLAYDENEME.ASM 48 : Found opcode in column 1. (DECFSZ)
Warning[203] C:\USERS\RAMAZ\ONEDRIVE\MASAüSTü\MIKROISLEMCI PROJELER\DISPLAYDENEME\DISPLAYDENEME.ASM 49 : Found opcode in column 1. (GOTO)
Warning[203] C:\USERS\RAMAZ\ONEDRIVE\MASAüSTü\MIKROISLEMCI PROJELER\DISPLAYDENEME\DISPLAYDENEME.ASM 50 : Found opcode in column 1. (RETURN)
Warning[205] C:\USERS\RAMAZ\ONEDRIVE\MASAüSTü\MIKROISLEMCI PROJELER\DISPLAYDENEME\DISPLAYDENEME.ASM 57 : Found directive in column 1. (END)
