Warning[205] C:\USERS\RAMAZHAN\DESKTOP\MIKROISLEMCI PROJELER\MIKROBüT\TIMER\UNTITLED.ASM 1 : Found directive in column 1. (INCLUDE)
Warning[205] C:\USERS\RAMAZHAN\DESKTOP\MIKROISLEMCI PROJELER\MIKROBüT\TIMER\UNTITLED.ASM 9 : Found directive in column 1. (ORG)
Warning[203] C:\USERS\RAMAZHAN\DESKTOP\MIKROISLEMCI PROJELER\MIKROBüT\TIMER\UNTITLED.ASM 10 : Found opcode in column 1. (GOTO)
Warning[205] C:\USERS\RAMAZHAN\DESKTOP\MIKROISLEMCI PROJELER\MIKROBüT\TIMER\UNTITLED.ASM 11 : Found directive in column 1. (ORG)
Warning[203] C:\USERS\RAMAZHAN\DESKTOP\MIKROISLEMCI PROJELER\MIKROBüT\TIMER\UNTITLED.ASM 13 : Found opcode in column 1. (BTFSS)
Warning[203] C:\USERS\RAMAZHAN\DESKTOP\MIKROISLEMCI PROJELER\MIKROBüT\TIMER\UNTITLED.ASM 14 : Found opcode in column 1. (RETFIE)
Warning[203] C:\USERS\RAMAZHAN\DESKTOP\MIKROISLEMCI PROJELER\MIKROBüT\TIMER\UNTITLED.ASM 15 : Found opcode in column 1. (BCF)
Warning[203] C:\USERS\RAMAZHAN\DESKTOP\MIKROISLEMCI PROJELER\MIKROBüT\TIMER\UNTITLED.ASM 16 : Found opcode in column 1. (MOVLW)
Warning[203] C:\USERS\RAMAZHAN\DESKTOP\MIKROISLEMCI PROJELER\MIKROBüT\TIMER\UNTITLED.ASM 17 : Found opcode in column 1. (MOVWF)
Warning[203] C:\USERS\RAMAZHAN\DESKTOP\MIKROISLEMCI PROJELER\MIKROBüT\TIMER\UNTITLED.ASM 18 : Found opcode in column 1. (MOVLW)
Warning[203] C:\USERS\RAMAZHAN\DESKTOP\MIKROISLEMCI PROJELER\MIKROBüT\TIMER\UNTITLED.ASM 19 : Found opcode in column 1. (MOVWF)
Warning[203] C:\USERS\RAMAZHAN\DESKTOP\MIKROISLEMCI PROJELER\MIKROBüT\TIMER\UNTITLED.ASM 21 : Found opcode in column 1. (INCF)
Warning[203] C:\USERS\RAMAZHAN\DESKTOP\MIKROISLEMCI PROJELER\MIKROBüT\TIMER\UNTITLED.ASM 22 : Found opcode in column 1. (MOVF)
Warning[203] C:\USERS\RAMAZHAN\DESKTOP\MIKROISLEMCI PROJELER\MIKROBüT\TIMER\UNTITLED.ASM 23 : Found opcode in column 1. (SUBLW)
Warning[203] C:\USERS\RAMAZHAN\DESKTOP\MIKROISLEMCI PROJELER\MIKROBüT\TIMER\UNTITLED.ASM 24 : Found opcode in column 1. (BTFSS)
Warning[203] C:\USERS\RAMAZHAN\DESKTOP\MIKROISLEMCI PROJELER\MIKROBüT\TIMER\UNTITLED.ASM 25 : Found opcode in column 1. (RETFIE)
Warning[203] C:\USERS\RAMAZHAN\DESKTOP\MIKROISLEMCI PROJELER\MIKROBüT\TIMER\UNTITLED.ASM 26 : Found opcode in column 1. (CLRF)
Warning[203] C:\USERS\RAMAZHAN\DESKTOP\MIKROISLEMCI PROJELER\MIKROBüT\TIMER\UNTITLED.ASM 27 : Found opcode in column 1. (INCF)
Warning[203] C:\USERS\RAMAZHAN\DESKTOP\MIKROISLEMCI PROJELER\MIKROBüT\TIMER\UNTITLED.ASM 28 : Found opcode in column 1. (MOVF)
Warning[203] C:\USERS\RAMAZHAN\DESKTOP\MIKROISLEMCI PROJELER\MIKROBüT\TIMER\UNTITLED.ASM 29 : Found opcode in column 1. (SUBLW)
Warning[203] C:\USERS\RAMAZHAN\DESKTOP\MIKROISLEMCI PROJELER\MIKROBüT\TIMER\UNTITLED.ASM 30 : Found opcode in column 1. (BTFSS)
Warning[203] C:\USERS\RAMAZHAN\DESKTOP\MIKROISLEMCI PROJELER\MIKROBüT\TIMER\UNTITLED.ASM 31 : Found opcode in column 1. (RETFIE)
Warning[203] C:\USERS\RAMAZHAN\DESKTOP\MIKROISLEMCI PROJELER\MIKROBüT\TIMER\UNTITLED.ASM 32 : Found opcode in column 1. (INCF)
Warning[203] C:\USERS\RAMAZHAN\DESKTOP\MIKROISLEMCI PROJELER\MIKROBüT\TIMER\UNTITLED.ASM 33 : Found opcode in column 1. (CLRF)
Warning[203] C:\USERS\RAMAZHAN\DESKTOP\MIKROISLEMCI PROJELER\MIKROBüT\TIMER\UNTITLED.ASM 34 : Found opcode in column 1. (RETFIE)
Warning[205] C:\USERS\RAMAZHAN\DESKTOP\MIKROISLEMCI PROJELER\MIKROBüT\TIMER\UNTITLED.ASM 40 : Found directive in column 1. (BANKSEL)
Warning[203] C:\USERS\RAMAZHAN\DESKTOP\MIKROISLEMCI PROJELER\MIKROBüT\TIMER\UNTITLED.ASM 41 : Found opcode in column 1. (CLRF)
Message[302] C:\USERS\RAMAZHAN\DESKTOP\MIKROISLEMCI PROJELER\MIKROBüT\TIMER\UNTITLED.ASM 41 : Register in operand not in bank 0.  Ensure that bank bits are correct.
Warning[203] C:\USERS\RAMAZHAN\DESKTOP\MIKROISLEMCI PROJELER\MIKROBüT\TIMER\UNTITLED.ASM 42 : Found opcode in column 1. (CLRF)
Message[302] C:\USERS\RAMAZHAN\DESKTOP\MIKROISLEMCI PROJELER\MIKROBüT\TIMER\UNTITLED.ASM 42 : Register in operand not in bank 0.  Ensure that bank bits are correct.
Warning[205] C:\USERS\RAMAZHAN\DESKTOP\MIKROISLEMCI PROJELER\MIKROBüT\TIMER\UNTITLED.ASM 43 : Found directive in column 1. (BANKSEL)
Warning[203] C:\USERS\RAMAZHAN\DESKTOP\MIKROISLEMCI PROJELER\MIKROBüT\TIMER\UNTITLED.ASM 44 : Found opcode in column 1. (CLRF)
Warning[203] C:\USERS\RAMAZHAN\DESKTOP\MIKROISLEMCI PROJELER\MIKROBüT\TIMER\UNTITLED.ASM 45 : Found opcode in column 1. (CLRF)
Warning[205] C:\USERS\RAMAZHAN\DESKTOP\MIKROISLEMCI PROJELER\MIKROBüT\TIMER\UNTITLED.ASM 46 : Found directive in column 1. (BANKSEL)
Warning[203] C:\USERS\RAMAZHAN\DESKTOP\MIKROISLEMCI PROJELER\MIKROBüT\TIMER\UNTITLED.ASM 47 : Found opcode in column 1. (BCF)
Warning[203] C:\USERS\RAMAZHAN\DESKTOP\MIKROISLEMCI PROJELER\MIKROBüT\TIMER\UNTITLED.ASM 48 : Found opcode in column 1. (BSF)
Warning[203] C:\USERS\RAMAZHAN\DESKTOP\MIKROISLEMCI PROJELER\MIKROBüT\TIMER\UNTITLED.ASM 49 : Found opcode in column 1. (BSF)
Warning[205] C:\USERS\RAMAZHAN\DESKTOP\MIKROISLEMCI PROJELER\MIKROBüT\TIMER\UNTITLED.ASM 50 : Found directive in column 1. (BANKSEL)
Warning[203] C:\USERS\RAMAZHAN\DESKTOP\MIKROISLEMCI PROJELER\MIKROBüT\TIMER\UNTITLED.ASM 51 : Found opcode in column 1. (MOVLW)
Warning[203] C:\USERS\RAMAZHAN\DESKTOP\MIKROISLEMCI PROJELER\MIKROBüT\TIMER\UNTITLED.ASM 52 : Found opcode in column 1. (MOVWF)
Warning[203] C:\USERS\RAMAZHAN\DESKTOP\MIKROISLEMCI PROJELER\MIKROBüT\TIMER\UNTITLED.ASM 53 : Found opcode in column 1. (MOVLW)
Warning[203] C:\USERS\RAMAZHAN\DESKTOP\MIKROISLEMCI PROJELER\MIKROBüT\TIMER\UNTITLED.ASM 54 : Found opcode in column 1. (MOVWF)
Warning[205] C:\USERS\RAMAZHAN\DESKTOP\MIKROISLEMCI PROJELER\MIKROBüT\TIMER\UNTITLED.ASM 55 : Found directive in column 1. (BANKSEL)
Warning[203] C:\USERS\RAMAZHAN\DESKTOP\MIKROISLEMCI PROJELER\MIKROBüT\TIMER\UNTITLED.ASM 56 : Found opcode in column 1. (BCF)
Warning[205] C:\USERS\RAMAZHAN\DESKTOP\MIKROISLEMCI PROJELER\MIKROBüT\TIMER\UNTITLED.ASM 57 : Found directive in column 1. (BANKSEL)
Warning[203] C:\USERS\RAMAZHAN\DESKTOP\MIKROISLEMCI PROJELER\MIKROBüT\TIMER\UNTITLED.ASM 58 : Found opcode in column 1. (BSF)
Warning[203] C:\USERS\RAMAZHAN\DESKTOP\MIKROISLEMCI PROJELER\MIKROBüT\TIMER\UNTITLED.ASM 59 : Found opcode in column 1. (BSF)
Warning[203] C:\USERS\RAMAZHAN\DESKTOP\MIKROISLEMCI PROJELER\MIKROBüT\TIMER\UNTITLED.ASM 60 : Found opcode in column 1. (BSF)
Message[302] C:\USERS\RAMAZHAN\DESKTOP\MIKROISLEMCI PROJELER\MIKROBüT\TIMER\UNTITLED.ASM 60 : Register in operand not in bank 0.  Ensure that bank bits are correct.
Warning[205] C:\USERS\RAMAZHAN\DESKTOP\MIKROISLEMCI PROJELER\MIKROBüT\TIMER\UNTITLED.ASM 61 : Found directive in column 1. (BANKSEL)
Warning[203] C:\USERS\RAMAZHAN\DESKTOP\MIKROISLEMCI PROJELER\MIKROBüT\TIMER\UNTITLED.ASM 65 : Found opcode in column 1. (MOVLW)
Warning[203] C:\USERS\RAMAZHAN\DESKTOP\MIKROISLEMCI PROJELER\MIKROBüT\TIMER\UNTITLED.ASM 66 : Found opcode in column 1. (MOVWF)
Warning[203] C:\USERS\RAMAZHAN\DESKTOP\MIKROISLEMCI PROJELER\MIKROBüT\TIMER\UNTITLED.ASM 67 : Found opcode in column 1. (MOVF)
Warning[203] C:\USERS\RAMAZHAN\DESKTOP\MIKROISLEMCI PROJELER\MIKROBüT\TIMER\UNTITLED.ASM 68 : Found opcode in column 1. (CALL)
Warning[203] C:\USERS\RAMAZHAN\DESKTOP\MIKROISLEMCI PROJELER\MIKROBüT\TIMER\UNTITLED.ASM 69 : Found opcode in column 1. (MOVWF)
Warning[203] C:\USERS\RAMAZHAN\DESKTOP\MIKROISLEMCI PROJELER\MIKROBüT\TIMER\UNTITLED.ASM 70 : Found opcode in column 1. (CALL)
Warning[203] C:\USERS\RAMAZHAN\DESKTOP\MIKROISLEMCI PROJELER\MIKROBüT\TIMER\UNTITLED.ASM 71 : Found opcode in column 1. (MOVLW)
Warning[203] C:\USERS\RAMAZHAN\DESKTOP\MIKROISLEMCI PROJELER\MIKROBüT\TIMER\UNTITLED.ASM 72 : Found opcode in column 1. (MOVWF)
Warning[203] C:\USERS\RAMAZHAN\DESKTOP\MIKROISLEMCI PROJELER\MIKROBüT\TIMER\UNTITLED.ASM 73 : Found opcode in column 1. (MOVF)
Warning[203] C:\USERS\RAMAZHAN\DESKTOP\MIKROISLEMCI PROJELER\MIKROBüT\TIMER\UNTITLED.ASM 74 : Found opcode in column 1. (CALL)
Warning[203] C:\USERS\RAMAZHAN\DESKTOP\MIKROISLEMCI PROJELER\MIKROBüT\TIMER\UNTITLED.ASM 75 : Found opcode in column 1. (MOVWF)
Warning[203] C:\USERS\RAMAZHAN\DESKTOP\MIKROISLEMCI PROJELER\MIKROBüT\TIMER\UNTITLED.ASM 76 : Found opcode in column 1. (CALL)
Warning[203] C:\USERS\RAMAZHAN\DESKTOP\MIKROISLEMCI PROJELER\MIKROBüT\TIMER\UNTITLED.ASM 77 : Found opcode in column 1. (GOTO)
Warning[203] C:\USERS\RAMAZHAN\DESKTOP\MIKROISLEMCI PROJELER\MIKROBüT\TIMER\UNTITLED.ASM 83 : Found opcode in column 1. (ADDWF)
Warning[203] C:\USERS\RAMAZHAN\DESKTOP\MIKROISLEMCI PROJELER\MIKROBüT\TIMER\UNTITLED.ASM 84 : Found opcode in column 1. (RETLW)
Warning[203] C:\USERS\RAMAZHAN\DESKTOP\MIKROISLEMCI PROJELER\MIKROBüT\TIMER\UNTITLED.ASM 85 : Found opcode in column 1. (RETLW)
Warning[203] C:\USERS\RAMAZHAN\DESKTOP\MIKROISLEMCI PROJELER\MIKROBüT\TIMER\UNTITLED.ASM 86 : Found opcode in column 1. (RETLW)
Warning[203] C:\USERS\RAMAZHAN\DESKTOP\MIKROISLEMCI PROJELER\MIKROBüT\TIMER\UNTITLED.ASM 87 : Found opcode in column 1. (RETLW)
Warning[203] C:\USERS\RAMAZHAN\DESKTOP\MIKROISLEMCI PROJELER\MIKROBüT\TIMER\UNTITLED.ASM 88 : Found opcode in column 1. (RETLW)
Warning[203] C:\USERS\RAMAZHAN\DESKTOP\MIKROISLEMCI PROJELER\MIKROBüT\TIMER\UNTITLED.ASM 89 : Found opcode in column 1. (RETLW)
Warning[203] C:\USERS\RAMAZHAN\DESKTOP\MIKROISLEMCI PROJELER\MIKROBüT\TIMER\UNTITLED.ASM 90 : Found opcode in column 1. (RETLW)
Warning[203] C:\USERS\RAMAZHAN\DESKTOP\MIKROISLEMCI PROJELER\MIKROBüT\TIMER\UNTITLED.ASM 91 : Found opcode in column 1. (RETLW)
Warning[203] C:\USERS\RAMAZHAN\DESKTOP\MIKROISLEMCI PROJELER\MIKROBüT\TIMER\UNTITLED.ASM 92 : Found opcode in column 1. (RETLW)
Warning[203] C:\USERS\RAMAZHAN\DESKTOP\MIKROISLEMCI PROJELER\MIKROBüT\TIMER\UNTITLED.ASM 93 : Found opcode in column 1. (RETLW)
Warning[203] C:\USERS\RAMAZHAN\DESKTOP\MIKROISLEMCI PROJELER\MIKROBüT\TIMER\UNTITLED.ASM 94 : Found opcode in column 1. (RETURN)
Warning[203] C:\USERS\RAMAZHAN\DESKTOP\MIKROISLEMCI PROJELER\MIKROBüT\TIMER\UNTITLED.ASM 98 : Found opcode in column 1. (MOVLW)
Warning[203] C:\USERS\RAMAZHAN\DESKTOP\MIKROISLEMCI PROJELER\MIKROBüT\TIMER\UNTITLED.ASM 99 : Found opcode in column 1. (MOVWF)
Warning[203] C:\USERS\RAMAZHAN\DESKTOP\MIKROISLEMCI PROJELER\MIKROBüT\TIMER\UNTITLED.ASM 100 : Found opcode in column 1. (DECFSZ)
Warning[203] C:\USERS\RAMAZHAN\DESKTOP\MIKROISLEMCI PROJELER\MIKROBüT\TIMER\UNTITLED.ASM 101 : Found opcode in column 1. (GOTO)
Warning[203] C:\USERS\RAMAZHAN\DESKTOP\MIKROISLEMCI PROJELER\MIKROBüT\TIMER\UNTITLED.ASM 102 : Found opcode in column 1. (RETURN)
Warning[205] C:\USERS\RAMAZHAN\DESKTOP\MIKROISLEMCI PROJELER\MIKROBüT\TIMER\UNTITLED.ASM 105 : Found directive in column 1. (END)
