MPASM  5.37                      UNTITLED.ASM   1-21-2019  22:19:24         PAGE  1


LOC  OBJECT CODE     LINE SOURCE TEXT
  VALUE

Warning[205]: Found directive in column 1. (INCLUDE)
                      00001 INCLUDE<P16F877A.INC>
                      00001         LIST
                      00002 ; P16F877A.INC  Standard Header File, Version 1.00    Microchip Technology, Inc.
                      00400         LIST
                      00002 
                      00003 
  00000023            00004 SAYAC EQU 0X23
  00000024            00005 BIRLER EQU 0X24
  00000025            00006 ONLAR EQU 0X25
  00000026            00007 SAY EQU 0X26
                      00008 
Warning[205]: Found directive in column 1. (ORG)
0000                  00009 ORG 0X00
Warning[203]: Found opcode in column 1. (GOTO)
0000   2819           00010 GOTO ANAPROGRAM
Warning[205]: Found directive in column 1. (ORG)
0004                  00011 ORG     0X04
0004                  00012 KESME
Warning[203]: Found opcode in column 1. (BTFSS)
0004   1C0C           00013 BTFSS PIR1,TMR1IF
Warning[203]: Found opcode in column 1. (RETFIE)
0005   0009           00014 RETFIE
Warning[203]: Found opcode in column 1. (BCF)
0006   100C           00015 BCF PIR1,TMR1IF
Warning[203]: Found opcode in column 1. (MOVLW)
0007   303C           00016 MOVLW H'3C'
Warning[203]: Found opcode in column 1. (MOVWF)
0008   008F           00017 MOVWF TMR1H
Warning[203]: Found opcode in column 1. (MOVLW)
0009   30B0           00018 MOVLW H'B0'
Warning[203]: Found opcode in column 1. (MOVWF)
000A   008E           00019 MOVWF TMR1L
                      00020 
Warning[203]: Found opcode in column 1. (INCF)
000B   0AA3           00021 INCF SAYAC,F
Warning[203]: Found opcode in column 1. (MOVF)
000C   0823           00022 MOVF SAYAC,W
Warning[203]: Found opcode in column 1. (SUBLW)
000D   3C05           00023 SUBLW D'5'
Warning[203]: Found opcode in column 1. (BTFSS)
000E   1D03           00024 BTFSS STATUS,Z
Warning[203]: Found opcode in column 1. (RETFIE)
000F   0009           00025 RETFIE
Warning[203]: Found opcode in column 1. (CLRF)
0010   01A3           00026 CLRF SAYAC
Warning[203]: Found opcode in column 1. (INCF)
0011   0AA4           00027 INCF BIRLER,F
Warning[203]: Found opcode in column 1. (MOVF)
0012   0824           00028 MOVF BIRLER,W
Warning[203]: Found opcode in column 1. (SUBLW)
0013   3C0A           00029 SUBLW D'10'
Warning[203]: Found opcode in column 1. (BTFSS)
MPASM  5.37                      UNTITLED.ASM   1-21-2019  22:19:24         PAGE  2


LOC  OBJECT CODE     LINE SOURCE TEXT
  VALUE

0014   1D03           00030 BTFSS STATUS,Z
Warning[203]: Found opcode in column 1. (RETFIE)
0015   0009           00031 RETFIE
Warning[203]: Found opcode in column 1. (INCF)
0016   0AA5           00032 INCF ONLAR,F
Warning[203]: Found opcode in column 1. (CLRF)
0017   01A4           00033 CLRF BIRLER
Warning[203]: Found opcode in column 1. (RETFIE)
0018   0009           00034 RETFIE
                      00035 
                      00036 
                      00037 
                      00038 
0019                  00039 ANAPROGRAM
Warning[205]: Found directive in column 1. (BANKSEL)
0019   1683 1303      00040 BANKSEL TRISB
Warning[203]: Found opcode in column 1. (CLRF)
Message[302]: Register in operand not in bank 0.  Ensure that bank bits are correct.
001B   0186           00041 CLRF TRISB
Warning[203]: Found opcode in column 1. (CLRF)
Message[302]: Register in operand not in bank 0.  Ensure that bank bits are correct.
001C   0187           00042 CLRF TRISC
Warning[205]: Found directive in column 1. (BANKSEL)
001D   1283 1303      00043 BANKSEL PORTB
Warning[203]: Found opcode in column 1. (CLRF)
001F   0186           00044 CLRF PORTB
Warning[203]: Found opcode in column 1. (CLRF)
0020   01A3           00045 CLRF SAYAC
Warning[205]: Found directive in column 1. (BANKSEL)
0021   1283 1303      00046 BANKSEL T1CON
Warning[203]: Found opcode in column 1. (BCF)
0023   1210           00047 BCF T1CON,T1CKPS0
Warning[203]: Found opcode in column 1. (BSF)
0024   1690           00048 BSF T1CON,T1CKPS1
Warning[203]: Found opcode in column 1. (BSF)
0025   1410           00049 BSF T1CON,TMR1ON
Warning[205]: Found directive in column 1. (BANKSEL)
0026   1283 1303      00050 BANKSEL TMR1H
Warning[203]: Found opcode in column 1. (MOVLW)
0028   303C           00051 MOVLW H'3C'
Warning[203]: Found opcode in column 1. (MOVWF)
0029   008F           00052 MOVWF TMR1H
Warning[203]: Found opcode in column 1. (MOVLW)
002A   30B0           00053 MOVLW H'B0'
Warning[203]: Found opcode in column 1. (MOVWF)
002B   008E           00054 MOVWF TMR1L
Warning[205]: Found directive in column 1. (BANKSEL)
002C   1283 1303      00055 BANKSEL PIR1
Warning[203]: Found opcode in column 1. (BCF)
002E   100C           00056 BCF PIR1,TMR1IF
Warning[205]: Found directive in column 1. (BANKSEL)
002F   1683 1303      00057 BANKSEL PIE1
Warning[203]: Found opcode in column 1. (BSF)
MPASM  5.37                      UNTITLED.ASM   1-21-2019  22:19:24         PAGE  3


LOC  OBJECT CODE     LINE SOURCE TEXT
  VALUE

0031   178B           00058 BSF INTCON,GIE
Warning[203]: Found opcode in column 1. (BSF)
0032   170B           00059 BSF INTCON,PEIE
Warning[203]: Found opcode in column 1. (BSF)
Message[302]: Register in operand not in bank 0.  Ensure that bank bits are correct.
0033   140C           00060 BSF PIE1,TMR1IE
Warning[205]: Found directive in column 1. (BANKSEL)
0034   1283 1303      00061 BANKSEL PORTB
                      00062 
                      00063 
0036                  00064 SONSUZ
Warning[203]: Found opcode in column 1. (MOVLW)
0036   3001           00065 MOVLW D'1'
Warning[203]: Found opcode in column 1. (MOVWF)
0037   0087           00066 MOVWF PORTC
Warning[203]: Found opcode in column 1. (MOVF)
0038   0824           00067 MOVF BIRLER,W
Warning[203]: Found opcode in column 1. (CALL)
0039   2043           00068 CALL LOOKTABLE
Warning[203]: Found opcode in column 1. (MOVWF)
003A   0086           00069 MOVWF PORTB
Warning[203]: Found opcode in column 1. (CALL)
003B   204F           00070 CALL GECIKME
Warning[203]: Found opcode in column 1. (MOVLW)
003C   3002           00071 MOVLW D'2'
Warning[203]: Found opcode in column 1. (MOVWF)
003D   0087           00072 MOVWF PORTC
Warning[203]: Found opcode in column 1. (MOVF)
003E   0825           00073 MOVF ONLAR,W
Warning[203]: Found opcode in column 1. (CALL)
003F   2043           00074 CALL LOOKTABLE
Warning[203]: Found opcode in column 1. (MOVWF)
0040   0086           00075 MOVWF PORTB
Warning[203]: Found opcode in column 1. (CALL)
0041   204F           00076 CALL GECIKME
Warning[203]: Found opcode in column 1. (GOTO)
0042   2836           00077 GOTO SONSUZ
                      00078 
                      00079 
                      00080 
                      00081 
0043                  00082 LOOKTABLE
Warning[203]: Found opcode in column 1. (ADDWF)
0043   0782           00083 ADDWF PCL,F
Warning[203]: Found opcode in column 1. (RETLW)
0044   343F           00084 RETLW B'00111111'  ;0  
Warning[203]: Found opcode in column 1. (RETLW)
0045   3406           00085 RETLW B'00000110'  ;1
Warning[203]: Found opcode in column 1. (RETLW)
0046   345B           00086 RETLW B'01011011'  ;2
Warning[203]: Found opcode in column 1. (RETLW)
0047   344F           00087 RETLW B'01001111'  ;3
Warning[203]: Found opcode in column 1. (RETLW)
MPASM  5.37                      UNTITLED.ASM   1-21-2019  22:19:24         PAGE  4


LOC  OBJECT CODE     LINE SOURCE TEXT
  VALUE

0048   3466           00088 RETLW B'01100110'  ;4
Warning[203]: Found opcode in column 1. (RETLW)
0049   346D           00089 RETLW B'01101101'  ;5
Warning[203]: Found opcode in column 1. (RETLW)
004A   347D           00090 RETLW B'01111101'  ;6
Warning[203]: Found opcode in column 1. (RETLW)
004B   3407           00091 RETLW B'00000111'  ;7
Warning[203]: Found opcode in column 1. (RETLW)
004C   347F           00092 RETLW B'01111111'  ;8
Warning[203]: Found opcode in column 1. (RETLW)
004D   346F           00093 RETLW B'01101111'  ;9
Warning[203]: Found opcode in column 1. (RETURN)
004E   0008           00094 RETURN
                      00095 
                      00096 
004F                  00097 GECIKME
Warning[203]: Found opcode in column 1. (MOVLW)
004F   3064           00098 MOVLW D'100'
Warning[203]: Found opcode in column 1. (MOVWF)
0050   00A6           00099 MOVWF SAY
Warning[203]: Found opcode in column 1. (DECFSZ)
0051   0BA6           00100 DECFSZ SAY,F
Warning[203]: Found opcode in column 1. (GOTO)
0052   2851           00101 GOTO $-1
Warning[203]: Found opcode in column 1. (RETURN)
0053   0008           00102 RETURN
                      00103 
                      00104 
Warning[205]: Found directive in column 1. (END)
                      00105 END
MPASM  5.37                      UNTITLED.ASM   1-21-2019  22:19:24         PAGE  5


SYMBOL TABLE
  LABEL                             VALUE 

ACKDT                             00000005
ACKEN                             00000004
ACKSTAT                           00000006
ADCON0                            0000001F
ADCON1                            0000009F
ADCS0                             00000006
ADCS1                             00000007
ADCS2                             00000006
ADDEN                             00000003
ADFM                              00000007
ADIE                              00000006
ADIF                              00000006
ADON                              00000000
ADRESH                            0000001E
ADRESL                            0000009E
ANAPROGRAM                        00000019
BCLIE                             00000003
BCLIF                             00000003
BF                                00000000
BIRLER                            00000024
BRGH                              00000002
C                                 00000000
C1INV                             00000004
C1OUT                             00000006
C2INV                             00000005
C2OUT                             00000007
CCP1CON                           00000017
CCP1IE                            00000002
CCP1IF                            00000002
CCP1M0                            00000000
CCP1M1                            00000001
CCP1M2                            00000002
CCP1M3                            00000003
CCP1X                             00000005
CCP1Y                             00000004
CCP2CON                           0000001D
CCP2IE                            00000000
CCP2IF                            00000000
CCP2M0                            00000000
CCP2M1                            00000001
CCP2M2                            00000002
CCP2M3                            00000003
CCP2X                             00000005
CCP2Y                             00000004
CCPR1H                            00000016
CCPR1L                            00000015
CCPR2H                            0000001C
CCPR2L                            0000001B
CHS0                              00000003
CHS1                              00000004
CHS2                              00000005
CIS                               00000003
CKE                               00000006
MPASM  5.37                      UNTITLED.ASM   1-21-2019  22:19:24         PAGE  6


SYMBOL TABLE
  LABEL                             VALUE 

CKP                               00000004
CM0                               00000000
CM1                               00000001
CM2                               00000002
CMCON                             0000009C
CMIE                              00000006
CMIF                              00000006
CREN                              00000004
CSRC                              00000007
CVR0                              00000000
CVR1                              00000001
CVR2                              00000002
CVR3                              00000003
CVRCON                            0000009D
CVREN                             00000007
CVROE                             00000006
CVRR                              00000005
D                                 00000005
DATA_ADDRESS                      00000005
DC                                00000001
D_A                               00000005
EEADR                             0000010D
EEADRH                            0000010F
EECON1                            0000018C
EECON2                            0000018D
EEDATA                            0000010C
EEDATH                            0000010E
EEIE                              00000004
EEIF                              00000004
EEPGD                             00000007
F                                 00000001
FERR                              00000002
FSR                               00000004
GCEN                              00000007
GECIKME                           0000004F
GIE                               00000007
GO                                00000002
GO_DONE                           00000002
I2C_DATA                          00000005
I2C_READ                          00000002
I2C_START                         00000003
I2C_STOP                          00000004
IBF                               00000007
IBOV                              00000005
INDF                              00000000
INTCON                            0000000B
INTE                              00000004
INTEDG                            00000006
INTF                              00000001
IRP                               00000007
KESME                             00000004
LOOKTABLE                         00000043
NOT_A                             00000005
MPASM  5.37                      UNTITLED.ASM   1-21-2019  22:19:24         PAGE  7


SYMBOL TABLE
  LABEL                             VALUE 

NOT_ADDRESS                       00000005
NOT_BO                            00000000
NOT_BOR                           00000000
NOT_DONE                          00000002
NOT_PD                            00000003
NOT_POR                           00000001
NOT_RBPU                          00000007
NOT_RC8                           00000006
NOT_T1SYNC                        00000002
NOT_TO                            00000004
NOT_TX8                           00000006
NOT_W                             00000002
NOT_WRITE                         00000002
OBF                               00000006
OERR                              00000001
ONLAR                             00000025
OPTION_REG                        00000081
P                                 00000004
PCFG0                             00000000
PCFG1                             00000001
PCFG2                             00000002
PCFG3                             00000003
PCL                               00000002
PCLATH                            0000000A
PCON                              0000008E
PEIE                              00000006
PEN                               00000002
PIE1                              0000008C
PIE2                              0000008D
PIR1                              0000000C
PIR2                              0000000D
PORTA                             00000005
PORTB                             00000006
PORTC                             00000007
PORTD                             00000008
PORTE                             00000009
PR2                               00000092
PS0                               00000000
PS1                               00000001
PS2                               00000002
PSA                               00000003
PSPIE                             00000007
PSPIF                             00000007
PSPMODE                           00000004
R                                 00000002
RBIE                              00000003
RBIF                              00000000
RC8_9                             00000006
RC9                               00000006
RCD8                              00000000
RCEN                              00000003
RCIE                              00000005
RCIF                              00000005
MPASM  5.37                      UNTITLED.ASM   1-21-2019  22:19:24         PAGE  8


SYMBOL TABLE
  LABEL                             VALUE 

RCREG                             0000001A
RCSTA                             00000018
RD                                00000000
READ_WRITE                        00000002
RP0                               00000005
RP1                               00000006
RSEN                              00000001
RX9                               00000006
RX9D                              00000000
R_W                               00000002
S                                 00000003
SAY                               00000026
SAYAC                             00000023
SEN                               00000000
SMP                               00000007
SONSUZ                            00000036
SPBRG                             00000099
SPEN                              00000007
SREN                              00000005
SSPADD                            00000093
SSPBUF                            00000013
SSPCON                            00000014
SSPCON2                           00000091
SSPEN                             00000005
SSPIE                             00000003
SSPIF                             00000003
SSPM0                             00000000
SSPM1                             00000001
SSPM2                             00000002
SSPM3                             00000003
SSPOV                             00000006
SSPSTAT                           00000094
STATUS                            00000003
SYNC                              00000004
T0CS                              00000005
T0IE                              00000005
T0IF                              00000002
T0SE                              00000004
T1CKPS0                           00000004
T1CKPS1                           00000005
T1CON                             00000010
T1INSYNC                          00000002
T1OSCEN                           00000003
T1SYNC                            00000002
T2CKPS0                           00000000
T2CKPS1                           00000001
T2CON                             00000012
TMR0                              00000001
TMR0IE                            00000005
TMR0IF                            00000002
TMR1CS                            00000001
TMR1H                             0000000F
TMR1IE                            00000000
MPASM  5.37                      UNTITLED.ASM   1-21-2019  22:19:24         PAGE  9


SYMBOL TABLE
  LABEL                             VALUE 

TMR1IF                            00000000
TMR1L                             0000000E
TMR1ON                            00000000
TMR2                              00000011
TMR2IE                            00000001
TMR2IF                            00000001
TMR2ON                            00000002
TOUTPS0                           00000003
TOUTPS1                           00000004
TOUTPS2                           00000005
TOUTPS3                           00000006
TRISA                             00000085
TRISB                             00000086
TRISC                             00000087
TRISD                             00000088
TRISE                             00000089
TRISE0                            00000000
TRISE1                            00000001
TRISE2                            00000002
TRMT                              00000001
TX8_9                             00000006
TX9                               00000006
TX9D                              00000000
TXD8                              00000000
TXEN                              00000005
TXIE                              00000004
TXIF                              00000004
TXREG                             00000019
TXSTA                             00000098
UA                                00000001
W                                 00000000
WCOL                              00000007
WR                                00000001
WREN                              00000002
WRERR                             00000003
Z                                 00000002
_BODEN_OFF                        00003FBF
_BODEN_ON                         00003FFF
_CPD_OFF                          00003FFF
_CPD_ON                           00003EFF
_CP_ALL                           00001FFF
_CP_OFF                           00003FFF
_DEBUG_OFF                        00003FFF
_DEBUG_ON                         000037FF
_HS_OSC                           00003FFE
_LP_OSC                           00003FFC
_LVP_OFF                          00003F7F
_LVP_ON                           00003FFF
_PWRTE_OFF                        00003FFF
_PWRTE_ON                         00003FF7
_RC_OSC                           00003FFF
_WDT_OFF                          00003FFB
_WDT_ON                           00003FFF
MPASM  5.37                      UNTITLED.ASM   1-21-2019  22:19:24         PAGE 10


SYMBOL TABLE
  LABEL                             VALUE 

_WRT_1FOURTH                      00003BFF
_WRT_256                          00003DFF
_WRT_HALF                         000039FF
_WRT_OFF                          00003FFF
_XT_OSC                           00003FFD
__16F877A                         00000001
__DEBUG                           1


MEMORY USAGE MAP ('X' = Used,  '-' = Unused)

0000 : X---XXXXXXXXXXXX XXXXXXXXXXXXXXXX XXXXXXXXXXXXXXXX XXXXXXXXXXXXXXXX
0040 : XXXXXXXXXXXXXXXX XXXX------------ ---------------- ----------------

All other memory blocks unused.

Program Memory Words Used:    81
Program Memory Words Free:  8111


Errors   :     0
Warnings :    78 reported,     0 suppressed
Messages :     3 reported,     0 suppressed

