Warning[205] C:\USERS\FERHAT\DESKTOP\öRNEKLER\UNTITLED.ASM 2 : Found directive in column 1. (__CONFIG)
Warning[205] C:\USERS\FERHAT\DESKTOP\öRNEKLER\UNTITLED.ASM 5 : Found directive in column 1. (ORG)
Warning[203] C:\USERS\FERHAT\DESKTOP\öRNEKLER\UNTITLED.ASM 6 : Found opcode in column 1. (GOTO)
Warning[205] C:\USERS\FERHAT\DESKTOP\öRNEKLER\UNTITLED.ASM 8 : Found directive in column 1. (ORG)
Warning[203] C:\USERS\FERHAT\DESKTOP\öRNEKLER\UNTITLED.ASM 9 : Found opcode in column 1. (CALL)
Warning[205] C:\USERS\FERHAT\DESKTOP\öRNEKLER\UNTITLED.ASM 13 : Found directive in column 1. (BANKSEL)
Warning[203] C:\USERS\FERHAT\DESKTOP\öRNEKLER\UNTITLED.ASM 14 : Found opcode in column 1. (MOVLW)
Warning[203] C:\USERS\FERHAT\DESKTOP\öRNEKLER\UNTITLED.ASM 15 : Found opcode in column 1. (MOVWF)
Message[302] C:\USERS\FERHAT\DESKTOP\öRNEKLER\UNTITLED.ASM 15 : Register in operand not in bank 0.  Ensure that bank bits are correct.
Warning[203] C:\USERS\FERHAT\DESKTOP\öRNEKLER\UNTITLED.ASM 16 : Found opcode in column 1. (CLRF)
Message[302] C:\USERS\FERHAT\DESKTOP\öRNEKLER\UNTITLED.ASM 16 : Register in operand not in bank 0.  Ensure that bank bits are correct.
Warning[203] C:\USERS\FERHAT\DESKTOP\öRNEKLER\UNTITLED.ASM 17 : Found opcode in column 1. (CLRF)
Message[302] C:\USERS\FERHAT\DESKTOP\öRNEKLER\UNTITLED.ASM 17 : Register in operand not in bank 0.  Ensure that bank bits are correct.
Warning[203] C:\USERS\FERHAT\DESKTOP\öRNEKLER\UNTITLED.ASM 18 : Found opcode in column 1. (CLRF)
Message[302] C:\USERS\FERHAT\DESKTOP\öRNEKLER\UNTITLED.ASM 18 : Register in operand not in bank 0.  Ensure that bank bits are correct.
Warning[205] C:\USERS\FERHAT\DESKTOP\öRNEKLER\UNTITLED.ASM 19 : Found directive in column 1. (BANKSEL)
Warning[203] C:\USERS\FERHAT\DESKTOP\öRNEKLER\UNTITLED.ASM 20 : Found opcode in column 1. (CLRF)
Warning[203] C:\USERS\FERHAT\DESKTOP\öRNEKLER\UNTITLED.ASM 21 : Found opcode in column 1. (CLRF)
Warning[203] C:\USERS\FERHAT\DESKTOP\öRNEKLER\UNTITLED.ASM 22 : Found opcode in column 1. (CLRF)
Warning[205] C:\USERS\FERHAT\DESKTOP\öRNEKLER\UNTITLED.ASM 25 : Found directive in column 1. (BANKSEL)
Warning[203] C:\USERS\FERHAT\DESKTOP\öRNEKLER\UNTITLED.ASM 26 : Found opcode in column 1. (MOVLW)
Warning[203] C:\USERS\FERHAT\DESKTOP\öRNEKLER\UNTITLED.ASM 27 : Found opcode in column 1. (MOVWF)
Message[302] C:\USERS\FERHAT\DESKTOP\öRNEKLER\UNTITLED.ASM 27 : Register in operand not in bank 0.  Ensure that bank bits are correct.
Warning[205] C:\USERS\FERHAT\DESKTOP\öRNEKLER\UNTITLED.ASM 32 : Found directive in column 1. (BANKSEL)
Warning[203] C:\USERS\FERHAT\DESKTOP\öRNEKLER\UNTITLED.ASM 33 : Found opcode in column 1. (MOVLW)
Warning[203] C:\USERS\FERHAT\DESKTOP\öRNEKLER\UNTITLED.ASM 34 : Found opcode in column 1. (MOVWF)
Warning[203] C:\USERS\FERHAT\DESKTOP\öRNEKLER\UNTITLED.ASM 36 : Found opcode in column 1. (BSF)
Warning[203] C:\USERS\FERHAT\DESKTOP\öRNEKLER\UNTITLED.ASM 38 : Found opcode in column 1. (BTFSC)
Warning[203] C:\USERS\FERHAT\DESKTOP\öRNEKLER\UNTITLED.ASM 39 : Found opcode in column 1. (GOTO)
Warning[205] C:\USERS\FERHAT\DESKTOP\öRNEKLER\UNTITLED.ASM 40 : Found directive in column 1. (BANKSEL)
Warning[203] C:\USERS\FERHAT\DESKTOP\öRNEKLER\UNTITLED.ASM 41 : Found opcode in column 1. (MOVF)
Warning[205] C:\USERS\FERHAT\DESKTOP\öRNEKLER\UNTITLED.ASM 42 : Found directive in column 1. (BANKSEL)
Warning[203] C:\USERS\FERHAT\DESKTOP\öRNEKLER\UNTITLED.ASM 43 : Found opcode in column 1. (MOVWF)
Warning[205] C:\USERS\FERHAT\DESKTOP\öRNEKLER\UNTITLED.ASM 52 : Found directive in column 1. (BANKSEL)
Warning[203] C:\USERS\FERHAT\DESKTOP\öRNEKLER\UNTITLED.ASM 53 : Found opcode in column 1. (MOVLW)
Warning[203] C:\USERS\FERHAT\DESKTOP\öRNEKLER\UNTITLED.ASM 54 : Found opcode in column 1. (MOVWF)
Warning[203] C:\USERS\FERHAT\DESKTOP\öRNEKLER\UNTITLED.ASM 55 : Found opcode in column 1. (BSF)
Warning[203] C:\USERS\FERHAT\DESKTOP\öRNEKLER\UNTITLED.ASM 57 : Found opcode in column 1. (BTFSC)
Warning[203] C:\USERS\FERHAT\DESKTOP\öRNEKLER\UNTITLED.ASM 58 : Found opcode in column 1. (GOTO)
Warning[205] C:\USERS\FERHAT\DESKTOP\öRNEKLER\UNTITLED.ASM 59 : Found directive in column 1. (BANKSEL)
Warning[203] C:\USERS\FERHAT\DESKTOP\öRNEKLER\UNTITLED.ASM 60 : Found opcode in column 1. (MOVF)
Warning[205] C:\USERS\FERHAT\DESKTOP\öRNEKLER\UNTITLED.ASM 61 : Found directive in column 1. (BANKSEL)
Warning[203] C:\USERS\FERHAT\DESKTOP\öRNEKLER\UNTITLED.ASM 62 : Found opcode in column 1. (MOVWF)
Warning[205] C:\USERS\FERHAT\DESKTOP\öRNEKLER\UNTITLED.ASM 64 : Found directive in column 1. (BANKSEL)
Warning[203] C:\USERS\FERHAT\DESKTOP\öRNEKLER\UNTITLED.ASM 65 : Found opcode in column 1. (MOVF)
Warning[205] C:\USERS\FERHAT\DESKTOP\öRNEKLER\UNTITLED.ASM 66 : Found directive in column 1. (BANKSEL)
Warning[203] C:\USERS\FERHAT\DESKTOP\öRNEKLER\UNTITLED.ASM 67 : Found opcode in column 1. (MOVWF)
Warning[205] C:\USERS\FERHAT\DESKTOP\öRNEKLER\UNTITLED.ASM 68 : Found directive in column 1. (BANKSEL)
Warning[203] C:\USERS\FERHAT\DESKTOP\öRNEKLER\UNTITLED.ASM 69 : Found opcode in column 1. (MOVF)
Warning[205] C:\USERS\FERHAT\DESKTOP\öRNEKLER\UNTITLED.ASM 70 : Found directive in column 1. (BANKSEL)
Warning[203] C:\USERS\FERHAT\DESKTOP\öRNEKLER\UNTITLED.ASM 71 : Found opcode in column 1. (MOVWF)
Warning[203] C:\USERS\FERHAT\DESKTOP\öRNEKLER\UNTITLED.ASM 73 : Found opcode in column 1. (MOVF)
Warning[203] C:\USERS\FERHAT\DESKTOP\öRNEKLER\UNTITLED.ASM 74 : Found opcode in column 1. (SUBWF)
Warning[203] C:\USERS\FERHAT\DESKTOP\öRNEKLER\UNTITLED.ASM 75 : Found opcode in column 1. (BTFSC)
Warning[203] C:\USERS\FERHAT\DESKTOP\öRNEKLER\UNTITLED.ASM 76 : Found opcode in column 1. (GOTO)
Warning[203] C:\USERS\FERHAT\DESKTOP\öRNEKLER\UNTITLED.ASM 77 : Found opcode in column 1. (BTFSC)
Warning[203] C:\USERS\FERHAT\DESKTOP\öRNEKLER\UNTITLED.ASM 78 : Found opcode in column 1. (GOTO)
Warning[203] C:\USERS\FERHAT\DESKTOP\öRNEKLER\UNTITLED.ASM 79 : Found opcode in column 1. (GOTO)
Warning[203] C:\USERS\FERHAT\DESKTOP\öRNEKLER\UNTITLED.ASM 81 : Found opcode in column 1. (CLRF)
Warning[203] C:\USERS\FERHAT\DESKTOP\öRNEKLER\UNTITLED.ASM 82 : Found opcode in column 1. (BSF)
Warning[203] C:\USERS\FERHAT\DESKTOP\öRNEKLER\UNTITLED.ASM 84 : Found opcode in column 1. (BSF)
Warning[203] C:\USERS\FERHAT\DESKTOP\öRNEKLER\UNTITLED.ASM 85 : Found opcode in column 1. (GOTO)
Warning[203] C:\USERS\FERHAT\DESKTOP\öRNEKLER\UNTITLED.ASM 87 : Found opcode in column 1. (CLRF)
Warning[203] C:\USERS\FERHAT\DESKTOP\öRNEKLER\UNTITLED.ASM 88 : Found opcode in column 1. (BSF)
Warning[203] C:\USERS\FERHAT\DESKTOP\öRNEKLER\UNTITLED.ASM 89 : Found opcode in column 1. (BSF)
Warning[203] C:\USERS\FERHAT\DESKTOP\öRNEKLER\UNTITLED.ASM 90 : Found opcode in column 1. (GOTO)
Warning[203] C:\USERS\FERHAT\DESKTOP\öRNEKLER\UNTITLED.ASM 92 : Found opcode in column 1. (CLRF)
Warning[203] C:\USERS\FERHAT\DESKTOP\öRNEKLER\UNTITLED.ASM 93 : Found opcode in column 1. (BSF)
Warning[203] C:\USERS\FERHAT\DESKTOP\öRNEKLER\UNTITLED.ASM 94 : Found opcode in column 1. (BSF)
Warning[203] C:\USERS\FERHAT\DESKTOP\öRNEKLER\UNTITLED.ASM 95 : Found opcode in column 1. (GOTO)
Warning[205] C:\USERS\FERHAT\DESKTOP\öRNEKLER\UNTITLED.ASM 106 : Found directive in column 1. (END)
