Warning[205] C:\USERS\RAMAZ\ONEDRIVE\MASAüSTü\MIKROISLEMCI PROJELER\SANIYE_HAFTA3\SANIYE.ASM 1 : Found directive in column 1. (INCLUDE)
Warning[205] C:\USERS\RAMAZ\ONEDRIVE\MASAüSTü\MIKROISLEMCI PROJELER\SANIYE_HAFTA3\SANIYE.ASM 2 : Found directive in column 1. (__config)
Warning[205] C:\USERS\RAMAZ\ONEDRIVE\MASAüSTü\MIKROISLEMCI PROJELER\SANIYE_HAFTA3\SANIYE.ASM 8 : Found directive in column 1. (ORG)
Warning[203] C:\USERS\RAMAZ\ONEDRIVE\MASAüSTü\MIKROISLEMCI PROJELER\SANIYE_HAFTA3\SANIYE.ASM 9 : Found opcode in column 1. (goto)
Warning[205] C:\USERS\RAMAZ\ONEDRIVE\MASAüSTü\MIKROISLEMCI PROJELER\SANIYE_HAFTA3\SANIYE.ASM 11 : Found directive in column 1. (ORG)
Warning[203] C:\USERS\RAMAZ\ONEDRIVE\MASAüSTü\MIKROISLEMCI PROJELER\SANIYE_HAFTA3\SANIYE.ASM 13 : Found opcode in column 1. (BTFSS)
Warning[203] C:\USERS\RAMAZ\ONEDRIVE\MASAüSTü\MIKROISLEMCI PROJELER\SANIYE_HAFTA3\SANIYE.ASM 14 : Found opcode in column 1. (RETFIE)
Warning[203] C:\USERS\RAMAZ\ONEDRIVE\MASAüSTü\MIKROISLEMCI PROJELER\SANIYE_HAFTA3\SANIYE.ASM 15 : Found opcode in column 1. (BCF)
Warning[203] C:\USERS\RAMAZ\ONEDRIVE\MASAüSTü\MIKROISLEMCI PROJELER\SANIYE_HAFTA3\SANIYE.ASM 16 : Found opcode in column 1. (MOVLW)
Warning[203] C:\USERS\RAMAZ\ONEDRIVE\MASAüSTü\MIKROISLEMCI PROJELER\SANIYE_HAFTA3\SANIYE.ASM 17 : Found opcode in column 1. (MOVWF)
Warning[203] C:\USERS\RAMAZ\ONEDRIVE\MASAüSTü\MIKROISLEMCI PROJELER\SANIYE_HAFTA3\SANIYE.ASM 18 : Found opcode in column 1. (MOVLW)
Warning[203] C:\USERS\RAMAZ\ONEDRIVE\MASAüSTü\MIKROISLEMCI PROJELER\SANIYE_HAFTA3\SANIYE.ASM 19 : Found opcode in column 1. (MOVWF)
Warning[203] C:\USERS\RAMAZ\ONEDRIVE\MASAüSTü\MIKROISLEMCI PROJELER\SANIYE_HAFTA3\SANIYE.ASM 20 : Found opcode in column 1. (INCF)
Message[305] C:\USERS\RAMAZ\ONEDRIVE\MASAüSTü\MIKROISLEMCI PROJELER\SANIYE_HAFTA3\SANIYE.ASM 20 : Using default destination of 1 (file).
Warning[203] C:\USERS\RAMAZ\ONEDRIVE\MASAüSTü\MIKROISLEMCI PROJELER\SANIYE_HAFTA3\SANIYE.ASM 21 : Found opcode in column 1. (MOVF)
Warning[203] C:\USERS\RAMAZ\ONEDRIVE\MASAüSTü\MIKROISLEMCI PROJELER\SANIYE_HAFTA3\SANIYE.ASM 22 : Found opcode in column 1. (SUBLW)
Warning[203] C:\USERS\RAMAZ\ONEDRIVE\MASAüSTü\MIKROISLEMCI PROJELER\SANIYE_HAFTA3\SANIYE.ASM 23 : Found opcode in column 1. (BTFSS)
Warning[203] C:\USERS\RAMAZ\ONEDRIVE\MASAüSTü\MIKROISLEMCI PROJELER\SANIYE_HAFTA3\SANIYE.ASM 24 : Found opcode in column 1. (RETFIE)
Warning[203] C:\USERS\RAMAZ\ONEDRIVE\MASAüSTü\MIKROISLEMCI PROJELER\SANIYE_HAFTA3\SANIYE.ASM 25 : Found opcode in column 1. (CLRF)
Warning[203] C:\USERS\RAMAZ\ONEDRIVE\MASAüSTü\MIKROISLEMCI PROJELER\SANIYE_HAFTA3\SANIYE.ASM 26 : Found opcode in column 1. (INCF)
Message[305] C:\USERS\RAMAZ\ONEDRIVE\MASAüSTü\MIKROISLEMCI PROJELER\SANIYE_HAFTA3\SANIYE.ASM 26 : Using default destination of 1 (file).
Warning[203] C:\USERS\RAMAZ\ONEDRIVE\MASAüSTü\MIKROISLEMCI PROJELER\SANIYE_HAFTA3\SANIYE.ASM 27 : Found opcode in column 1. (MOVF)
Warning[203] C:\USERS\RAMAZ\ONEDRIVE\MASAüSTü\MIKROISLEMCI PROJELER\SANIYE_HAFTA3\SANIYE.ASM 28 : Found opcode in column 1. (SUBLW)
Warning[203] C:\USERS\RAMAZ\ONEDRIVE\MASAüSTü\MIKROISLEMCI PROJELER\SANIYE_HAFTA3\SANIYE.ASM 29 : Found opcode in column 1. (BTFSS)
Warning[203] C:\USERS\RAMAZ\ONEDRIVE\MASAüSTü\MIKROISLEMCI PROJELER\SANIYE_HAFTA3\SANIYE.ASM 30 : Found opcode in column 1. (RETFIE)
Warning[203] C:\USERS\RAMAZ\ONEDRIVE\MASAüSTü\MIKROISLEMCI PROJELER\SANIYE_HAFTA3\SANIYE.ASM 31 : Found opcode in column 1. (INCF)
Message[305] C:\USERS\RAMAZ\ONEDRIVE\MASAüSTü\MIKROISLEMCI PROJELER\SANIYE_HAFTA3\SANIYE.ASM 31 : Using default destination of 1 (file).
Warning[203] C:\USERS\RAMAZ\ONEDRIVE\MASAüSTü\MIKROISLEMCI PROJELER\SANIYE_HAFTA3\SANIYE.ASM 32 : Found opcode in column 1. (CLRF)
Warning[203] C:\USERS\RAMAZ\ONEDRIVE\MASAüSTü\MIKROISLEMCI PROJELER\SANIYE_HAFTA3\SANIYE.ASM 33 : Found opcode in column 1. (RETFIE)
Warning[205] C:\USERS\RAMAZ\ONEDRIVE\MASAüSTü\MIKROISLEMCI PROJELER\SANIYE_HAFTA3\SANIYE.ASM 37 : Found directive in column 1. (BANKSEL)
Warning[203] C:\USERS\RAMAZ\ONEDRIVE\MASAüSTü\MIKROISLEMCI PROJELER\SANIYE_HAFTA3\SANIYE.ASM 38 : Found opcode in column 1. (CLRF)
Message[302] C:\USERS\RAMAZ\ONEDRIVE\MASAüSTü\MIKROISLEMCI PROJELER\SANIYE_HAFTA3\SANIYE.ASM 38 : Register in operand not in bank 0.  Ensure that bank bits are correct.
Warning[203] C:\USERS\RAMAZ\ONEDRIVE\MASAüSTü\MIKROISLEMCI PROJELER\SANIYE_HAFTA3\SANIYE.ASM 39 : Found opcode in column 1. (CLRF)
Message[302] C:\USERS\RAMAZ\ONEDRIVE\MASAüSTü\MIKROISLEMCI PROJELER\SANIYE_HAFTA3\SANIYE.ASM 39 : Register in operand not in bank 0.  Ensure that bank bits are correct.
Warning[205] C:\USERS\RAMAZ\ONEDRIVE\MASAüSTü\MIKROISLEMCI PROJELER\SANIYE_HAFTA3\SANIYE.ASM 40 : Found directive in column 1. (BANKSEL)
Warning[203] C:\USERS\RAMAZ\ONEDRIVE\MASAüSTü\MIKROISLEMCI PROJELER\SANIYE_HAFTA3\SANIYE.ASM 41 : Found opcode in column 1. (CLRF)
Warning[203] C:\USERS\RAMAZ\ONEDRIVE\MASAüSTü\MIKROISLEMCI PROJELER\SANIYE_HAFTA3\SANIYE.ASM 42 : Found opcode in column 1. (CLRF)
Warning[203] C:\USERS\RAMAZ\ONEDRIVE\MASAüSTü\MIKROISLEMCI PROJELER\SANIYE_HAFTA3\SANIYE.ASM 43 : Found opcode in column 1. (CLRF)
Warning[203] C:\USERS\RAMAZ\ONEDRIVE\MASAüSTü\MIKROISLEMCI PROJELER\SANIYE_HAFTA3\SANIYE.ASM 44 : Found opcode in column 1. (CLRF)
Warning[203] C:\USERS\RAMAZ\ONEDRIVE\MASAüSTü\MIKROISLEMCI PROJELER\SANIYE_HAFTA3\SANIYE.ASM 45 : Found opcode in column 1. (MOVLW)
Warning[203] C:\USERS\RAMAZ\ONEDRIVE\MASAüSTü\MIKROISLEMCI PROJELER\SANIYE_HAFTA3\SANIYE.ASM 46 : Found opcode in column 1. (MOVWF)
Warning[205] C:\USERS\RAMAZ\ONEDRIVE\MASAüSTü\MIKROISLEMCI PROJELER\SANIYE_HAFTA3\SANIYE.ASM 48 : Found directive in column 1. (BANKSEL)
Warning[203] C:\USERS\RAMAZ\ONEDRIVE\MASAüSTü\MIKROISLEMCI PROJELER\SANIYE_HAFTA3\SANIYE.ASM 49 : Found opcode in column 1. (MOVLW)
Warning[203] C:\USERS\RAMAZ\ONEDRIVE\MASAüSTü\MIKROISLEMCI PROJELER\SANIYE_HAFTA3\SANIYE.ASM 50 : Found opcode in column 1. (MOVWF)
Warning[205] C:\USERS\RAMAZ\ONEDRIVE\MASAüSTü\MIKROISLEMCI PROJELER\SANIYE_HAFTA3\SANIYE.ASM 51 : Found directive in column 1. (BANKSEL)
Warning[203] C:\USERS\RAMAZ\ONEDRIVE\MASAüSTü\MIKROISLEMCI PROJELER\SANIYE_HAFTA3\SANIYE.ASM 52 : Found opcode in column 1. (MOVLW)
Warning[203] C:\USERS\RAMAZ\ONEDRIVE\MASAüSTü\MIKROISLEMCI PROJELER\SANIYE_HAFTA3\SANIYE.ASM 53 : Found opcode in column 1. (MOVWF)
Warning[203] C:\USERS\RAMAZ\ONEDRIVE\MASAüSTü\MIKROISLEMCI PROJELER\SANIYE_HAFTA3\SANIYE.ASM 54 : Found opcode in column 1. (MOVLW)
Warning[203] C:\USERS\RAMAZ\ONEDRIVE\MASAüSTü\MIKROISLEMCI PROJELER\SANIYE_HAFTA3\SANIYE.ASM 55 : Found opcode in column 1. (MOVWF)
Warning[205] C:\USERS\RAMAZ\ONEDRIVE\MASAüSTü\MIKROISLEMCI PROJELER\SANIYE_HAFTA3\SANIYE.ASM 56 : Found directive in column 1. (BANKSEL)
Warning[203] C:\USERS\RAMAZ\ONEDRIVE\MASAüSTü\MIKROISLEMCI PROJELER\SANIYE_HAFTA3\SANIYE.ASM 57 : Found opcode in column 1. (BCF)
Warning[205] C:\USERS\RAMAZ\ONEDRIVE\MASAüSTü\MIKROISLEMCI PROJELER\SANIYE_HAFTA3\SANIYE.ASM 58 : Found directive in column 1. (BANKSEL)
Warning[203] C:\USERS\RAMAZ\ONEDRIVE\MASAüSTü\MIKROISLEMCI PROJELER\SANIYE_HAFTA3\SANIYE.ASM 59 : Found opcode in column 1. (BSF)
Warning[203] C:\USERS\RAMAZ\ONEDRIVE\MASAüSTü\MIKROISLEMCI PROJELER\SANIYE_HAFTA3\SANIYE.ASM 60 : Found opcode in column 1. (BSF)
Warning[203] C:\USERS\RAMAZ\ONEDRIVE\MASAüSTü\MIKROISLEMCI PROJELER\SANIYE_HAFTA3\SANIYE.ASM 61 : Found opcode in column 1. (BSF)
Message[302] C:\USERS\RAMAZ\ONEDRIVE\MASAüSTü\MIKROISLEMCI PROJELER\SANIYE_HAFTA3\SANIYE.ASM 61 : Register in operand not in bank 0.  Ensure that bank bits are correct.
Warning[205] C:\USERS\RAMAZ\ONEDRIVE\MASAüSTü\MIKROISLEMCI PROJELER\SANIYE_HAFTA3\SANIYE.ASM 62 : Found directive in column 1. (BANKSEL)
Warning[203] C:\USERS\RAMAZ\ONEDRIVE\MASAüSTü\MIKROISLEMCI PROJELER\SANIYE_HAFTA3\SANIYE.ASM 65 : Found opcode in column 1. (MOVLW)
Warning[203] C:\USERS\RAMAZ\ONEDRIVE\MASAüSTü\MIKROISLEMCI PROJELER\SANIYE_HAFTA3\SANIYE.ASM 66 : Found opcode in column 1. (MOVWF)
Warning[203] C:\USERS\RAMAZ\ONEDRIVE\MASAüSTü\MIKROISLEMCI PROJELER\SANIYE_HAFTA3\SANIYE.ASM 67 : Found opcode in column 1. (MOVF)
Warning[203] C:\USERS\RAMAZ\ONEDRIVE\MASAüSTü\MIKROISLEMCI PROJELER\SANIYE_HAFTA3\SANIYE.ASM 68 : Found opcode in column 1. (CALL)
Warning[203] C:\USERS\RAMAZ\ONEDRIVE\MASAüSTü\MIKROISLEMCI PROJELER\SANIYE_HAFTA3\SANIYE.ASM 69 : Found opcode in column 1. (MOVWF)
Warning[203] C:\USERS\RAMAZ\ONEDRIVE\MASAüSTü\MIKROISLEMCI PROJELER\SANIYE_HAFTA3\SANIYE.ASM 70 : Found opcode in column 1. (CALL)
Warning[203] C:\USERS\RAMAZ\ONEDRIVE\MASAüSTü\MIKROISLEMCI PROJELER\SANIYE_HAFTA3\SANIYE.ASM 72 : Found opcode in column 1. (MOVLW)
Warning[203] C:\USERS\RAMAZ\ONEDRIVE\MASAüSTü\MIKROISLEMCI PROJELER\SANIYE_HAFTA3\SANIYE.ASM 73 : Found opcode in column 1. (MOVWF)
Warning[203] C:\USERS\RAMAZ\ONEDRIVE\MASAüSTü\MIKROISLEMCI PROJELER\SANIYE_HAFTA3\SANIYE.ASM 74 : Found opcode in column 1. (MOVF)
Warning[203] C:\USERS\RAMAZ\ONEDRIVE\MASAüSTü\MIKROISLEMCI PROJELER\SANIYE_HAFTA3\SANIYE.ASM 75 : Found opcode in column 1. (SUBLW)
Warning[203] C:\USERS\RAMAZ\ONEDRIVE\MASAüSTü\MIKROISLEMCI PROJELER\SANIYE_HAFTA3\SANIYE.ASM 76 : Found opcode in column 1. (BTFSC)
Warning[203] C:\USERS\RAMAZ\ONEDRIVE\MASAüSTü\MIKROISLEMCI PROJELER\SANIYE_HAFTA3\SANIYE.ASM 77 : Found opcode in column 1. (CLRF)
Warning[203] C:\USERS\RAMAZ\ONEDRIVE\MASAüSTü\MIKROISLEMCI PROJELER\SANIYE_HAFTA3\SANIYE.ASM 78 : Found opcode in column 1. (MOVF)
Warning[203] C:\USERS\RAMAZ\ONEDRIVE\MASAüSTü\MIKROISLEMCI PROJELER\SANIYE_HAFTA3\SANIYE.ASM 79 : Found opcode in column 1. (CALL)
Warning[203] C:\USERS\RAMAZ\ONEDRIVE\MASAüSTü\MIKROISLEMCI PROJELER\SANIYE_HAFTA3\SANIYE.ASM 80 : Found opcode in column 1. (MOVWF)
Warning[203] C:\USERS\RAMAZ\ONEDRIVE\MASAüSTü\MIKROISLEMCI PROJELER\SANIYE_HAFTA3\SANIYE.ASM 81 : Found opcode in column 1. (CALL)
Warning[203] C:\USERS\RAMAZ\ONEDRIVE\MASAüSTü\MIKROISLEMCI PROJELER\SANIYE_HAFTA3\SANIYE.ASM 82 : Found opcode in column 1. (GOTO)
Warning[203] C:\USERS\RAMAZ\ONEDRIVE\MASAüSTü\MIKROISLEMCI PROJELER\SANIYE_HAFTA3\SANIYE.ASM 86 : Found opcode in column 1. (MOVLW)
Warning[203] C:\USERS\RAMAZ\ONEDRIVE\MASAüSTü\MIKROISLEMCI PROJELER\SANIYE_HAFTA3\SANIYE.ASM 87 : Found opcode in column 1. (MOVWF)
Warning[203] C:\USERS\RAMAZ\ONEDRIVE\MASAüSTü\MIKROISLEMCI PROJELER\SANIYE_HAFTA3\SANIYE.ASM 88 : Found opcode in column 1. (DECFSZ)
Warning[203] C:\USERS\RAMAZ\ONEDRIVE\MASAüSTü\MIKROISLEMCI PROJELER\SANIYE_HAFTA3\SANIYE.ASM 89 : Found opcode in column 1. (GOTO)
Warning[203] C:\USERS\RAMAZ\ONEDRIVE\MASAüSTü\MIKROISLEMCI PROJELER\SANIYE_HAFTA3\SANIYE.ASM 90 : Found opcode in column 1. (RETURN)
Warning[203] C:\USERS\RAMAZ\ONEDRIVE\MASAüSTü\MIKROISLEMCI PROJELER\SANIYE_HAFTA3\SANIYE.ASM 94 : Found opcode in column 1. (ADDWF)
Warning[203] C:\USERS\RAMAZ\ONEDRIVE\MASAüSTü\MIKROISLEMCI PROJELER\SANIYE_HAFTA3\SANIYE.ASM 95 : Found opcode in column 1. (RETLW)
Warning[203] C:\USERS\RAMAZ\ONEDRIVE\MASAüSTü\MIKROISLEMCI PROJELER\SANIYE_HAFTA3\SANIYE.ASM 96 : Found opcode in column 1. (RETLW)
Warning[203] C:\USERS\RAMAZ\ONEDRIVE\MASAüSTü\MIKROISLEMCI PROJELER\SANIYE_HAFTA3\SANIYE.ASM 97 : Found opcode in column 1. (RETLW)
Warning[203] C:\USERS\RAMAZ\ONEDRIVE\MASAüSTü\MIKROISLEMCI PROJELER\SANIYE_HAFTA3\SANIYE.ASM 98 : Found opcode in column 1. (RETLW)
Warning[203] C:\USERS\RAMAZ\ONEDRIVE\MASAüSTü\MIKROISLEMCI PROJELER\SANIYE_HAFTA3\SANIYE.ASM 99 : Found opcode in column 1. (RETLW)
Warning[203] C:\USERS\RAMAZ\ONEDRIVE\MASAüSTü\MIKROISLEMCI PROJELER\SANIYE_HAFTA3\SANIYE.ASM 100 : Found opcode in column 1. (RETLW)
Warning[203] C:\USERS\RAMAZ\ONEDRIVE\MASAüSTü\MIKROISLEMCI PROJELER\SANIYE_HAFTA3\SANIYE.ASM 101 : Found opcode in column 1. (RETLW)
Warning[203] C:\USERS\RAMAZ\ONEDRIVE\MASAüSTü\MIKROISLEMCI PROJELER\SANIYE_HAFTA3\SANIYE.ASM 102 : Found opcode in column 1. (RETLW)
Warning[203] C:\USERS\RAMAZ\ONEDRIVE\MASAüSTü\MIKROISLEMCI PROJELER\SANIYE_HAFTA3\SANIYE.ASM 103 : Found opcode in column 1. (RETLW)
Warning[203] C:\USERS\RAMAZ\ONEDRIVE\MASAüSTü\MIKROISLEMCI PROJELER\SANIYE_HAFTA3\SANIYE.ASM 104 : Found opcode in column 1. (RETLW)
Warning[203] C:\USERS\RAMAZ\ONEDRIVE\MASAüSTü\MIKROISLEMCI PROJELER\SANIYE_HAFTA3\SANIYE.ASM 105 : Found opcode in column 1. (RETURN)
Warning[205] C:\USERS\RAMAZ\ONEDRIVE\MASAüSTü\MIKROISLEMCI PROJELER\SANIYE_HAFTA3\SANIYE.ASM 109 : Found directive in column 1. (END)
