MPASM  5.37                        SANIYE.ASM   11-6-2018  9:53:55         PAGE  1


LOC  OBJECT CODE     LINE SOURCE TEXT
  VALUE

Warning[205]: Found directive in column 1. (INCLUDE)
                      00001 INCLUDE<P16F877A.INC>
                      00001         LIST
                      00002 ; P16F877A.INC  Standard Header File, Version 1.00    Microchip Technology, Inc.
                      00400         LIST
Warning[205]: Found directive in column 1. (__config)
2007   3F31           00002 __config H'3F31'
                      00003 
  00000025            00004 SAYAC EQU 0X25
  00000026            00005 SAY EQU 0X26
  00000027            00006 LED1 EQU 0X27
  00000028            00007 LED2 EQU 0X28
Warning[205]: Found directive in column 1. (ORG)
0000                  00008 ORG 0X00
Warning[203]: Found opcode in column 1. (goto)
0000   2819           00009 goto anaprogram
                      00010 
Warning[205]: Found directive in column 1. (ORG)
0004                  00011 ORG 0X04
0004                  00012 KESME
Warning[203]: Found opcode in column 1. (BTFSS)
0004   1C0C           00013 BTFSS PIR1,TMR1IF
Warning[203]: Found opcode in column 1. (RETFIE)
0005   0009           00014 RETFIE
Warning[203]: Found opcode in column 1. (BCF)
0006   100C           00015 BCF PIR1,TMR1IF
Warning[203]: Found opcode in column 1. (MOVLW)
0007   303C           00016 MOVLW 0X3C
Warning[203]: Found opcode in column 1. (MOVWF)
0008   008F           00017 MOVWF TMR1H
Warning[203]: Found opcode in column 1. (MOVLW)
0009   30B0           00018 MOVLW 0XB0
Warning[203]: Found opcode in column 1. (MOVWF)
000A   008E           00019 MOVWF TMR1L
Warning[203]: Found opcode in column 1. (INCF)
Message[305]: Using default destination of 1 (file).
000B   0AA5           00020 INCF SAYAC
Warning[203]: Found opcode in column 1. (MOVF)
000C   0825           00021 MOVF SAYAC,W
Warning[203]: Found opcode in column 1. (SUBLW)
000D   3C05           00022 SUBLW D'5'                      ;1 saniye olmasý için gereken sayac
Warning[203]: Found opcode in column 1. (BTFSS)
000E   1D03           00023 BTFSS STATUS,Z
Warning[203]: Found opcode in column 1. (RETFIE)
000F   0009           00024 RETFIE
Warning[203]: Found opcode in column 1. (CLRF)
0010   01A5           00025 CLRF SAYAC
Warning[203]: Found opcode in column 1. (INCF)
Message[305]: Using default destination of 1 (file).
0011   0AA7           00026 INCF LED1                       ;Display1 1 artýrýldý
Warning[203]: Found opcode in column 1. (MOVF)
0012   0827           00027 MOVF LED1,W
Warning[203]: Found opcode in column 1. (SUBLW)
MPASM  5.37                        SANIYE.ASM   11-6-2018  9:53:55         PAGE  2


LOC  OBJECT CODE     LINE SOURCE TEXT
  VALUE

0013   3C0A           00028 SUBLW D'10'
Warning[203]: Found opcode in column 1. (BTFSS)
0014   1D03           00029 BTFSS STATUS,Z          ;0-9 dan sonra soldaki display2 
Warning[203]: Found opcode in column 1. (RETFIE)
0015   0009           00030 RETFIE                          ;1 artýrýldý
Warning[203]: Found opcode in column 1. (INCF)
Message[305]: Using default destination of 1 (file).
0016   0AA8           00031 INCF LED2
Warning[203]: Found opcode in column 1. (CLRF)
0017   01A7           00032 CLRF LED1
Warning[203]: Found opcode in column 1. (RETFIE)
0018   0009           00033 RETFIE
                      00034 
                      00035 
0019                  00036 anaprogram
Warning[205]: Found directive in column 1. (BANKSEL)
0019   1683 1303      00037 BANKSEL TRISB
Warning[203]: Found opcode in column 1. (CLRF)
Message[302]: Register in operand not in bank 0.  Ensure that bank bits are correct.
001B   0186           00038 CLRF TRISB
Warning[203]: Found opcode in column 1. (CLRF)
Message[302]: Register in operand not in bank 0.  Ensure that bank bits are correct.
001C   0185           00039 CLRF TRISA
Warning[205]: Found directive in column 1. (BANKSEL)
001D   1283 1303      00040 BANKSEL PORTB
Warning[203]: Found opcode in column 1. (CLRF)
001F   0186           00041 CLRF PORTB
Warning[203]: Found opcode in column 1. (CLRF)
0020   01A5           00042 CLRF SAYAC
Warning[203]: Found opcode in column 1. (CLRF)
0021   01A7           00043 CLRF LED1
Warning[203]: Found opcode in column 1. (CLRF)
0022   01A8           00044 CLRF LED2
Warning[203]: Found opcode in column 1. (MOVLW)
0023   3001           00045 MOVLW D'1'
Warning[203]: Found opcode in column 1. (MOVWF)
0024   00A8           00046 MOVWF LED2
                      00047 
Warning[205]: Found directive in column 1. (BANKSEL)
0025   1283 1303      00048 BANKSEL T1CON
Warning[203]: Found opcode in column 1. (MOVLW)
0027   3021           00049 MOVLW B'00100001'  ;Prescaler 1:4 
Warning[203]: Found opcode in column 1. (MOVWF)
0028   0090           00050 MOVWF T1CON
Warning[205]: Found directive in column 1. (BANKSEL)
0029   1283 1303      00051 BANKSEL TMR1H
Warning[203]: Found opcode in column 1. (MOVLW)
002B   303C           00052 MOVLW 0x3C              ;TMR1=15.536 50.000 SAYAR
Warning[203]: Found opcode in column 1. (MOVWF)
002C   008F           00053 MOVWF TMR1H
Warning[203]: Found opcode in column 1. (MOVLW)
002D   30B0           00054 MOVLW 0XB0
Warning[203]: Found opcode in column 1. (MOVWF)
MPASM  5.37                        SANIYE.ASM   11-6-2018  9:53:55         PAGE  3


LOC  OBJECT CODE     LINE SOURCE TEXT
  VALUE

002E   008E           00055 MOVWF TMR1L             ;
Warning[205]: Found directive in column 1. (BANKSEL)
002F   1283 1303      00056 BANKSEL PIR1
Warning[203]: Found opcode in column 1. (BCF)
0031   100C           00057 BCF PIR1,TMR1IF 
Warning[205]: Found directive in column 1. (BANKSEL)
0032   1683 1303      00058 BANKSEL PIE1
Warning[203]: Found opcode in column 1. (BSF)
0034   178B           00059 BSF INTCON,GIE
Warning[203]: Found opcode in column 1. (BSF)
0035   170B           00060 BSF INTCON,PEIE
Warning[203]: Found opcode in column 1. (BSF)
Message[302]: Register in operand not in bank 0.  Ensure that bank bits are correct.
0036   140C           00061 BSF PIE1,TMR1IE         ;Tmr1 saymaya basladý
Warning[205]: Found directive in column 1. (BANKSEL)
0037   1283 1303      00062 BANKSEL PORTB
                      00063 
0039                  00064 KESMEBEKLE
Warning[203]: Found opcode in column 1. (MOVLW)
0039   3002           00065 MOVLW D'2'
Warning[203]: Found opcode in column 1. (MOVWF)
003A   0085           00066 MOVWF PORTA
Warning[203]: Found opcode in column 1. (MOVF)
003B   0827           00067 MOVF LED1,W
Warning[203]: Found opcode in column 1. (CALL)
003C   204F           00068 CALL LOOKTABLE
Warning[203]: Found opcode in column 1. (MOVWF)
003D   0086           00069 MOVWF PORTB
Warning[203]: Found opcode in column 1. (CALL)
003E   204A           00070 CALL GECIKME            ;Supurme olayý
                      00071 
Warning[203]: Found opcode in column 1. (MOVLW)
003F   3001           00072 MOVLW D'1'
Warning[203]: Found opcode in column 1. (MOVWF)
0040   0085           00073 MOVWF PORTA
Warning[203]: Found opcode in column 1. (MOVF)
0041   0828           00074 MOVF LED2,W
Warning[203]: Found opcode in column 1. (SUBLW)
0042   3C06           00075 SUBLW D'6'
Warning[203]: Found opcode in column 1. (BTFSC)
0043   1903           00076 BTFSC STATUS,Z          ;60 olmussa 0 YAP
Warning[203]: Found opcode in column 1. (CLRF)
0044   01A8           00077 CLRF LED2
Warning[203]: Found opcode in column 1. (MOVF)
0045   0828           00078 MOVF LED2,W
Warning[203]: Found opcode in column 1. (CALL)
0046   204F           00079 CALL LOOKTABLE
Warning[203]: Found opcode in column 1. (MOVWF)
0047   0086           00080 MOVWF PORTB
Warning[203]: Found opcode in column 1. (CALL)
0048   204A           00081 CALL GECIKME
Warning[203]: Found opcode in column 1. (GOTO)
0049   2839           00082 GOTO KESMEBEKLE
MPASM  5.37                        SANIYE.ASM   11-6-2018  9:53:55         PAGE  4


LOC  OBJECT CODE     LINE SOURCE TEXT
  VALUE

                      00083 
                      00084 
004A                  00085 GECIKME
Warning[203]: Found opcode in column 1. (MOVLW)
004A   30FF           00086 MOVLW D'255'
Warning[203]: Found opcode in column 1. (MOVWF)
004B   00A6           00087 MOVWF SAY
Warning[203]: Found opcode in column 1. (DECFSZ)
004C   0BA6           00088 DECFSZ SAY,F
Warning[203]: Found opcode in column 1. (GOTO)
004D   284C           00089 GOTO $-1
Warning[203]: Found opcode in column 1. (RETURN)
004E   0008           00090 RETURN
                      00091 
                      00092 
004F                  00093 LOOKTABLE
Warning[203]: Found opcode in column 1. (ADDWF)
004F   0782           00094 ADDWF PCL,F
Warning[203]: Found opcode in column 1. (RETLW)
0050   343F           00095 RETLW B'00111111'  ;0  
Warning[203]: Found opcode in column 1. (RETLW)
0051   3406           00096 RETLW B'00000110'  ;1
Warning[203]: Found opcode in column 1. (RETLW)
0052   345B           00097 RETLW B'01011011'  ;2
Warning[203]: Found opcode in column 1. (RETLW)
0053   344F           00098 RETLW B'01001111'  ;3
Warning[203]: Found opcode in column 1. (RETLW)
0054   3466           00099 RETLW B'01100110'  ;4
Warning[203]: Found opcode in column 1. (RETLW)
0055   346D           00100 RETLW B'01101101'  ;5
Warning[203]: Found opcode in column 1. (RETLW)
0056   347D           00101 RETLW B'01111101'  ;6
Warning[203]: Found opcode in column 1. (RETLW)
0057   3407           00102 RETLW B'00000111'  ;7
Warning[203]: Found opcode in column 1. (RETLW)
0058   347F           00103 RETLW B'01111111'  ;8
Warning[203]: Found opcode in column 1. (RETLW)
0059   346F           00104 RETLW B'01101111'  ;9
Warning[203]: Found opcode in column 1. (RETURN)
005A   0008           00105 RETURN
                      00106 
                      00107 
                      00108 
Warning[205]: Found directive in column 1. (END)
                      00109 END
MPASM  5.37                        SANIYE.ASM   11-6-2018  9:53:55         PAGE  5


SYMBOL TABLE
  LABEL                             VALUE 

ACKDT                             00000005
ACKEN                             00000004
ACKSTAT                           00000006
ADCON0                            0000001F
ADCON1                            0000009F
ADCS0                             00000006
ADCS1                             00000007
ADCS2                             00000006
ADDEN                             00000003
ADFM                              00000007
ADIE                              00000006
ADIF                              00000006
ADON                              00000000
ADRESH                            0000001E
ADRESL                            0000009E
BCLIE                             00000003
BCLIF                             00000003
BF                                00000000
BRGH                              00000002
C                                 00000000
C1INV                             00000004
C1OUT                             00000006
C2INV                             00000005
C2OUT                             00000007
CCP1CON                           00000017
CCP1IE                            00000002
CCP1IF                            00000002
CCP1M0                            00000000
CCP1M1                            00000001
CCP1M2                            00000002
CCP1M3                            00000003
CCP1X                             00000005
CCP1Y                             00000004
CCP2CON                           0000001D
CCP2IE                            00000000
CCP2IF                            00000000
CCP2M0                            00000000
CCP2M1                            00000001
CCP2M2                            00000002
CCP2M3                            00000003
CCP2X                             00000005
CCP2Y                             00000004
CCPR1H                            00000016
CCPR1L                            00000015
CCPR2H                            0000001C
CCPR2L                            0000001B
CHS0                              00000003
CHS1                              00000004
CHS2                              00000005
CIS                               00000003
CKE                               00000006
CKP                               00000004
CM0                               00000000
MPASM  5.37                        SANIYE.ASM   11-6-2018  9:53:55         PAGE  6


SYMBOL TABLE
  LABEL                             VALUE 

CM1                               00000001
CM2                               00000002
CMCON                             0000009C
CMIE                              00000006
CMIF                              00000006
CREN                              00000004
CSRC                              00000007
CVR0                              00000000
CVR1                              00000001
CVR2                              00000002
CVR3                              00000003
CVRCON                            0000009D
CVREN                             00000007
CVROE                             00000006
CVRR                              00000005
D                                 00000005
DATA_ADDRESS                      00000005
DC                                00000001
D_A                               00000005
EEADR                             0000010D
EEADRH                            0000010F
EECON1                            0000018C
EECON2                            0000018D
EEDATA                            0000010C
EEDATH                            0000010E
EEIE                              00000004
EEIF                              00000004
EEPGD                             00000007
F                                 00000001
FERR                              00000002
FSR                               00000004
GCEN                              00000007
GECIKME                           0000004A
GIE                               00000007
GO                                00000002
GO_DONE                           00000002
I2C_DATA                          00000005
I2C_READ                          00000002
I2C_START                         00000003
I2C_STOP                          00000004
IBF                               00000007
IBOV                              00000005
INDF                              00000000
INTCON                            0000000B
INTE                              00000004
INTEDG                            00000006
INTF                              00000001
IRP                               00000007
KESME                             00000004
KESMEBEKLE                        00000039
LED1                              00000027
LED2                              00000028
LOOKTABLE                         0000004F
MPASM  5.37                        SANIYE.ASM   11-6-2018  9:53:55         PAGE  7


SYMBOL TABLE
  LABEL                             VALUE 

NOT_A                             00000005
NOT_ADDRESS                       00000005
NOT_BO                            00000000
NOT_BOR                           00000000
NOT_DONE                          00000002
NOT_PD                            00000003
NOT_POR                           00000001
NOT_RBPU                          00000007
NOT_RC8                           00000006
NOT_T1SYNC                        00000002
NOT_TO                            00000004
NOT_TX8                           00000006
NOT_W                             00000002
NOT_WRITE                         00000002
OBF                               00000006
OERR                              00000001
OPTION_REG                        00000081
P                                 00000004
PCFG0                             00000000
PCFG1                             00000001
PCFG2                             00000002
PCFG3                             00000003
PCL                               00000002
PCLATH                            0000000A
PCON                              0000008E
PEIE                              00000006
PEN                               00000002
PIE1                              0000008C
PIE2                              0000008D
PIR1                              0000000C
PIR2                              0000000D
PORTA                             00000005
PORTB                             00000006
PORTC                             00000007
PORTD                             00000008
PORTE                             00000009
PR2                               00000092
PS0                               00000000
PS1                               00000001
PS2                               00000002
PSA                               00000003
PSPIE                             00000007
PSPIF                             00000007
PSPMODE                           00000004
R                                 00000002
RBIE                              00000003
RBIF                              00000000
RC8_9                             00000006
RC9                               00000006
RCD8                              00000000
RCEN                              00000003
RCIE                              00000005
RCIF                              00000005
MPASM  5.37                        SANIYE.ASM   11-6-2018  9:53:55         PAGE  8


SYMBOL TABLE
  LABEL                             VALUE 

RCREG                             0000001A
RCSTA                             00000018
RD                                00000000
READ_WRITE                        00000002
RP0                               00000005
RP1                               00000006
RSEN                              00000001
RX9                               00000006
RX9D                              00000000
R_W                               00000002
S                                 00000003
SAY                               00000026
SAYAC                             00000025
SEN                               00000000
SMP                               00000007
SPBRG                             00000099
SPEN                              00000007
SREN                              00000005
SSPADD                            00000093
SSPBUF                            00000013
SSPCON                            00000014
SSPCON2                           00000091
SSPEN                             00000005
SSPIE                             00000003
SSPIF                             00000003
SSPM0                             00000000
SSPM1                             00000001
SSPM2                             00000002
SSPM3                             00000003
SSPOV                             00000006
SSPSTAT                           00000094
STATUS                            00000003
SYNC                              00000004
T0CS                              00000005
T0IE                              00000005
T0IF                              00000002
T0SE                              00000004
T1CKPS0                           00000004
T1CKPS1                           00000005
T1CON                             00000010
T1INSYNC                          00000002
T1OSCEN                           00000003
T1SYNC                            00000002
T2CKPS0                           00000000
T2CKPS1                           00000001
T2CON                             00000012
TMR0                              00000001
TMR0IE                            00000005
TMR0IF                            00000002
TMR1CS                            00000001
TMR1H                             0000000F
TMR1IE                            00000000
TMR1IF                            00000000
MPASM  5.37                        SANIYE.ASM   11-6-2018  9:53:55         PAGE  9


SYMBOL TABLE
  LABEL                             VALUE 

TMR1L                             0000000E
TMR1ON                            00000000
TMR2                              00000011
TMR2IE                            00000001
TMR2IF                            00000001
TMR2ON                            00000002
TOUTPS0                           00000003
TOUTPS1                           00000004
TOUTPS2                           00000005
TOUTPS3                           00000006
TRISA                             00000085
TRISB                             00000086
TRISC                             00000087
TRISD                             00000088
TRISE                             00000089
TRISE0                            00000000
TRISE1                            00000001
TRISE2                            00000002
TRMT                              00000001
TX8_9                             00000006
TX9                               00000006
TX9D                              00000000
TXD8                              00000000
TXEN                              00000005
TXIE                              00000004
TXIF                              00000004
TXREG                             00000019
TXSTA                             00000098
UA                                00000001
W                                 00000000
WCOL                              00000007
WR                                00000001
WREN                              00000002
WRERR                             00000003
Z                                 00000002
_BODEN_OFF                        00003FBF
_BODEN_ON                         00003FFF
_CPD_OFF                          00003FFF
_CPD_ON                           00003EFF
_CP_ALL                           00001FFF
_CP_OFF                           00003FFF
_DEBUG_OFF                        00003FFF
_DEBUG_ON                         000037FF
_HS_OSC                           00003FFE
_LP_OSC                           00003FFC
_LVP_OFF                          00003F7F
_LVP_ON                           00003FFF
_PWRTE_OFF                        00003FFF
_PWRTE_ON                         00003FF7
_RC_OSC                           00003FFF
_WDT_OFF                          00003FFB
_WDT_ON                           00003FFF
_WRT_1FOURTH                      00003BFF
MPASM  5.37                        SANIYE.ASM   11-6-2018  9:53:55         PAGE 10


SYMBOL TABLE
  LABEL                             VALUE 

_WRT_256                          00003DFF
_WRT_HALF                         000039FF
_WRT_OFF                          00003FFF
_XT_OSC                           00003FFD
__16F877A                         00000001
__DEBUG                           1
anaprogram                        00000019


MEMORY USAGE MAP ('X' = Used,  '-' = Unused)

0000 : X---XXXXXXXXXXXX XXXXXXXXXXXXXXXX XXXXXXXXXXXXXXXX XXXXXXXXXXXXXXXX
0040 : XXXXXXXXXXXXXXXX XXXXXXXXXXX----- ---------------- ----------------
2000 : -------X-------- ---------------- ---------------- ----------------

All other memory blocks unused.

Program Memory Words Used:    88
Program Memory Words Free:  8104


Errors   :     0
Warnings :    86 reported,     0 suppressed
Messages :     6 reported,     0 suppressed

