MPASM  5.37                       BASAMAK.ASM   1-10-2019  23:06:19         PAGE  1


LOC  OBJECT CODE     LINE SOURCE TEXT
  VALUE

Warning[205]: Found directive in column 1. (INCLUDE)
                      00001 INCLUDE<P16F877A.INC>
                      00001         LIST
                      00002 ; P16F877A.INC  Standard Header File, Version 1.00    Microchip Technology, Inc.
                      00400         LIST
                      00002 
                      00003 
  00000029            00004 ARA EQU 0X29
  00000023            00005 TEMP EQU 0X23
  00000027            00006 TEMP2 EQU 0X27
  00000028            00007 TEMP3 EQU 0X28
  00000024            00008 SAY1 EQU 0X24
  00000025            00009 SAY2 EQU 0X25
  00000026            00010 SAY3 EQU 0X26
  00000030            00011 ZAMAN EQU 0X30
Warning[205]: Found directive in column 1. (ORG)
0004                  00012 ORG 0X04
0004                  00013 anaprogram
Warning[203]: Found opcode in column 1. (CLRF)
0004   01A4           00014 CLRF SAY1
Warning[203]: Found opcode in column 1. (CLRF)
0005   01A5           00015 CLRF SAY2
Warning[203]: Found opcode in column 1. (CLRF)
0006   01A6           00016 CLRF SAY3
Warning[205]: Found directive in column 1. (BANKSEL)
0007   1683 1303      00017 BANKSEL TRISB
Warning[203]: Found opcode in column 1. (CLRF)
Message[302]: Register in operand not in bank 0.  Ensure that bank bits are correct.
0009   0186           00018 CLRF TRISB
Warning[203]: Found opcode in column 1. (CLRF)
Message[302]: Register in operand not in bank 0.  Ensure that bank bits are correct.
000A   0188           00019 CLRF TRISD
Warning[205]: Found directive in column 1. (BANKSEL)
000B   1283 1303      00020 BANKSEL PORTB
Warning[203]: Found opcode in column 1. (MOVLW)
000D   30F6           00021 MOVLW D'246'
Warning[203]: Found opcode in column 1. (MOVWF)
000E   00A3           00022 MOVWF TEMP
                      00023 
000F                  00024 BASLA
Warning[203]: Found opcode in column 1. (MOVLW)
000F   3064           00025 MOVLW D'100'
Warning[203]: Found opcode in column 1. (SUBWF)
0010   02A3           00026 SUBWF TEMP,F
Warning[203]: Found opcode in column 1. (BTFSC)
0011   1803           00027 BTFSC STATUS,C
Warning[203]: Found opcode in column 1. (GOTO)
0012   2814           00028 GOTO y
Warning[203]: Found opcode in column 1. (GOTO)
0013   2818           00029 GOTO BASLA2
                      00030 
0014                  00031 y
Warning[203]: Found opcode in column 1. (MOVF)
MPASM  5.37                       BASAMAK.ASM   1-10-2019  23:06:19         PAGE  2


LOC  OBJECT CODE     LINE SOURCE TEXT
  VALUE

0014   0823           00032 MOVF TEMP,W
Warning[203]: Found opcode in column 1. (MOVWF)
0015   00A7           00033 MOVWF TEMP2
Warning[203]: Found opcode in column 1. (INCF)
Message[305]: Using default destination of 1 (file).
0016   0AA4           00034 INCF SAY1
Warning[203]: Found opcode in column 1. (GOTO)
0017   280F           00035 GOTO BASLA
                      00036 
                      00037 
0018                  00038 BASLA2
Warning[203]: Found opcode in column 1. (MOVLW)
0018   300A           00039 MOVLW D'10'
Warning[203]: Found opcode in column 1. (SUBWF)
0019   02A7           00040 SUBWF TEMP2,F
Warning[203]: Found opcode in column 1. (BTFSC)
001A   1803           00041 BTFSC STATUS,C
Warning[203]: Found opcode in column 1. (GOTO)
001B   281D           00042 GOTO ONLAR
Warning[203]: Found opcode in column 1. (GOTO)
001C   2821           00043 GOTO BASLA3
                      00044 
001D                  00045 ONLAR
Warning[203]: Found opcode in column 1. (MOVF)
001D   0827           00046 MOVF TEMP2,W
Warning[203]: Found opcode in column 1. (MOVWF)
001E   00A8           00047 MOVWF TEMP3
Warning[203]: Found opcode in column 1. (INCF)
Message[305]: Using default destination of 1 (file).
001F   0AA5           00048 INCF SAY2
Warning[203]: Found opcode in column 1. (GOTO)
0020   2818           00049 GOTO BASLA2
                      00050 
0021                  00051 BASLA3
Warning[203]: Found opcode in column 1. (MOVF)
0021   0828           00052 MOVF TEMP3,W
Warning[203]: Found opcode in column 1. (MOVWF)
0022   00A6           00053 MOVWF SAY3
                      00054 
                      00055 
Warning[203]: Found opcode in column 1. (CALL)
0023   2026           00056 CALL komutgönder
Warning[203]: Found opcode in column 1. (CALL)
0024   202F           00057 CALL karaktergönder
                      00058 
0025                  00059 DONGU
Warning[203]: Found opcode in column 1. (GOTO)
0025   2825           00060 GOTO DONGU
                      00061 
                      00062 
0026                  00063 komutgönder
Warning[203]: Found opcode in column 1. (MOVLW)
0026   3002           00064 MOVLW 0X02
MPASM  5.37                       BASAMAK.ASM   1-10-2019  23:06:19         PAGE  3


LOC  OBJECT CODE     LINE SOURCE TEXT
  VALUE

Warning[203]: Found opcode in column 1. (CALL)
0027   2039           00065 CALL komutyaz
Warning[203]: Found opcode in column 1. (MOVLW)
0028   3028           00066 MOVLW 0X28
Warning[203]: Found opcode in column 1. (CALL)
0029   2039           00067 CALL komutyaz
Warning[203]: Found opcode in column 1. (MOVLW)
002A   300C           00068 MOVLW 0X0C
Warning[203]: Found opcode in column 1. (CALL)
002B   2039           00069 CALL komutyaz
Warning[203]: Found opcode in column 1. (MOVLW)
002C   3082           00070 MOVLW 0X82
Warning[203]: Found opcode in column 1. (CALL)
002D   2039           00071 CALL komutyaz
Warning[203]: Found opcode in column 1. (return)
002E   0008           00072 return
                      00073 
002F                  00074 karaktergönder
Warning[203]: Found opcode in column 1. (MOVF)
002F   0824           00075 MOVF SAY1,W
Warning[203]: Found opcode in column 1. (ADDLW)
0030   3E30           00076 ADDLW D'48'
Warning[203]: Found opcode in column 1. (CALL)
0031   2049           00077 CALL karakteryaz
Warning[203]: Found opcode in column 1. (MOVF)
0032   0825           00078 MOVF SAY2,W
Warning[203]: Found opcode in column 1. (ADDLW)
0033   3E30           00079 ADDLW D'48'
Warning[203]: Found opcode in column 1. (CALL)
0034   2049           00080 CALL karakteryaz
Warning[203]: Found opcode in column 1. (MOVF)
0035   0826           00081 MOVF SAY3,W
Warning[203]: Found opcode in column 1. (ADDLW)
0036   3E30           00082 ADDLW D'48'
Warning[203]: Found opcode in column 1. (CALL)
0037   2049           00083 CALL karakteryaz
Warning[203]: Found opcode in column 1. (RETURN)
0038   0008           00084 RETURN
                      00085 
                      00086 
0039                  00087 komutyaz
Warning[203]: Found opcode in column 1. (MOVWF)
0039   00A9           00088 MOVWF ARA
Warning[203]: Found opcode in column 1. (SWAPF)
003A   0E29           00089 SWAPF ARA,W
Warning[203]: Found opcode in column 1. (ANDLW)
003B   390F           00090 ANDLW 0X0F
Warning[203]: Found opcode in column 1. (MOVWF)
003C   0088           00091 MOVWF PORTD
Warning[203]: Found opcode in column 1. (BCF)
003D   1006           00092 BCF PORTB,0 ;rS 
Warning[203]: Found opcode in column 1. (BSF)
003E   1486           00093 BSF PORTB,1
MPASM  5.37                       BASAMAK.ASM   1-10-2019  23:06:19         PAGE  4


LOC  OBJECT CODE     LINE SOURCE TEXT
  VALUE

Warning[203]: Found opcode in column 1. (CALL)
003F   2059           00094 CALL GECIKME
Warning[203]: Found opcode in column 1. (BCF)
0040   1086           00095 BCF PORTB,1
                      00096 
                      00097 
Warning[203]: Found opcode in column 1. (MOVF)
0041   0829           00098 MOVF ARA,W
Warning[203]: Found opcode in column 1. (ANDLW)
0042   390F           00099 ANDLW 0X0F
Warning[203]: Found opcode in column 1. (MOVWF)
0043   0088           00100 MOVWF PORTD
Warning[203]: Found opcode in column 1. (BCF)
0044   1006           00101 BCF PORTB,0
Warning[203]: Found opcode in column 1. (BSF)
0045   1486           00102 BSF PORTB,1
Warning[203]: Found opcode in column 1. (CALL)
0046   2059           00103 CALL GECIKME
Warning[203]: Found opcode in column 1. (BCF)
0047   1086           00104 BCF PORTB,1
                      00105 
Warning[203]: Found opcode in column 1. (RETURN)
0048   0008           00106 RETURN
                      00107 
                      00108 
0049                  00109 karakteryaz
Warning[203]: Found opcode in column 1. (MOVWF)
0049   00A9           00110 MOVWF ARA
Warning[203]: Found opcode in column 1. (SWAPF)
004A   0E29           00111 SWAPF ARA,W
Warning[203]: Found opcode in column 1. (ANDLW)
004B   390F           00112 ANDLW 0X0F
Warning[203]: Found opcode in column 1. (MOVWF)
004C   0088           00113 MOVWF PORTD
Warning[203]: Found opcode in column 1. (BSF)
004D   1406           00114 BSF PORTB,0 ;RS
Warning[203]: Found opcode in column 1. (BSF)
004E   1486           00115 BSF PORTB,1
Warning[203]: Found opcode in column 1. (CALL)
004F   2059           00116 CALL GECIKME
Warning[203]: Found opcode in column 1. (BCF)
0050   1086           00117 BCF PORTB,1
                      00118 
                      00119 
Warning[203]: Found opcode in column 1. (MOVF)
0051   0829           00120 MOVF ARA,W
Warning[203]: Found opcode in column 1. (ANDLW)
0052   390F           00121 ANDLW 0X0F
Warning[203]: Found opcode in column 1. (MOVWF)
0053   0088           00122 MOVWF PORTD
Warning[203]: Found opcode in column 1. (BSF)
0054   1406           00123 BSF PORTB,0
Warning[203]: Found opcode in column 1. (BSF)
MPASM  5.37                       BASAMAK.ASM   1-10-2019  23:06:19         PAGE  5


LOC  OBJECT CODE     LINE SOURCE TEXT
  VALUE

0055   1486           00124 BSF PORTB,1
Warning[203]: Found opcode in column 1. (CALL)
0056   2059           00125 CALL GECIKME
Warning[203]: Found opcode in column 1. (BCF)
0057   1086           00126 BCF PORTB,1
                      00127 
Warning[203]: Found opcode in column 1. (RETURN)
0058   0008           00128 RETURN
                      00129 
                      00130 
                      00131 
0059                  00132 GECIKME
Warning[203]: Found opcode in column 1. (MOVLW)
0059   30FF           00133 MOVLW D'255'
Warning[203]: Found opcode in column 1. (MOVWF)
005A   00B0           00134 MOVWF ZAMAN
Warning[203]: Found opcode in column 1. (DECFSZ)
005B   0BB0           00135 DECFSZ ZAMAN,F
Warning[203]: Found opcode in column 1. (GOTO)
005C   285B           00136 GOTO $-1
Warning[203]: Found opcode in column 1. (RETURN)
005D   0008           00137 RETURN
                      00138 
Warning[205]: Found directive in column 1. (END)
                      00139 END
MPASM  5.37                       BASAMAK.ASM   1-10-2019  23:06:19         PAGE  6


SYMBOL TABLE
  LABEL                             VALUE 

ACKDT                             00000005
ACKEN                             00000004
ACKSTAT                           00000006
ADCON0                            0000001F
ADCON1                            0000009F
ADCS0                             00000006
ADCS1                             00000007
ADCS2                             00000006
ADDEN                             00000003
ADFM                              00000007
ADIE                              00000006
ADIF                              00000006
ADON                              00000000
ADRESH                            0000001E
ADRESL                            0000009E
ARA                               00000029
BASLA                             0000000F
BASLA2                            00000018
BASLA3                            00000021
BCLIE                             00000003
BCLIF                             00000003
BF                                00000000
BRGH                              00000002
C                                 00000000
C1INV                             00000004
C1OUT                             00000006
C2INV                             00000005
C2OUT                             00000007
CCP1CON                           00000017
CCP1IE                            00000002
CCP1IF                            00000002
CCP1M0                            00000000
CCP1M1                            00000001
CCP1M2                            00000002
CCP1M3                            00000003
CCP1X                             00000005
CCP1Y                             00000004
CCP2CON                           0000001D
CCP2IE                            00000000
CCP2IF                            00000000
CCP2M0                            00000000
CCP2M1                            00000001
CCP2M2                            00000002
CCP2M3                            00000003
CCP2X                             00000005
CCP2Y                             00000004
CCPR1H                            00000016
CCPR1L                            00000015
CCPR2H                            0000001C
CCPR2L                            0000001B
CHS0                              00000003
CHS1                              00000004
CHS2                              00000005
MPASM  5.37                       BASAMAK.ASM   1-10-2019  23:06:19         PAGE  7


SYMBOL TABLE
  LABEL                             VALUE 

CIS                               00000003
CKE                               00000006
CKP                               00000004
CM0                               00000000
CM1                               00000001
CM2                               00000002
CMCON                             0000009C
CMIE                              00000006
CMIF                              00000006
CREN                              00000004
CSRC                              00000007
CVR0                              00000000
CVR1                              00000001
CVR2                              00000002
CVR3                              00000003
CVRCON                            0000009D
CVREN                             00000007
CVROE                             00000006
CVRR                              00000005
D                                 00000005
DATA_ADDRESS                      00000005
DC                                00000001
DONGU                             00000025
D_A                               00000005
EEADR                             0000010D
EEADRH                            0000010F
EECON1                            0000018C
EECON2                            0000018D
EEDATA                            0000010C
EEDATH                            0000010E
EEIE                              00000004
EEIF                              00000004
EEPGD                             00000007
F                                 00000001
FERR                              00000002
FSR                               00000004
GCEN                              00000007
GECIKME                           00000059
GIE                               00000007
GO                                00000002
GO_DONE                           00000002
I2C_DATA                          00000005
I2C_READ                          00000002
I2C_START                         00000003
I2C_STOP                          00000004
IBF                               00000007
IBOV                              00000005
INDF                              00000000
INTCON                            0000000B
INTE                              00000004
INTEDG                            00000006
INTF                              00000001
IRP                               00000007
MPASM  5.37                       BASAMAK.ASM   1-10-2019  23:06:19         PAGE  8


SYMBOL TABLE
  LABEL                             VALUE 

NOT_A                             00000005
NOT_ADDRESS                       00000005
NOT_BO                            00000000
NOT_BOR                           00000000
NOT_DONE                          00000002
NOT_PD                            00000003
NOT_POR                           00000001
NOT_RBPU                          00000007
NOT_RC8                           00000006
NOT_T1SYNC                        00000002
NOT_TO                            00000004
NOT_TX8                           00000006
NOT_W                             00000002
NOT_WRITE                         00000002
OBF                               00000006
OERR                              00000001
ONLAR                             0000001D
OPTION_REG                        00000081
P                                 00000004
PCFG0                             00000000
PCFG1                             00000001
PCFG2                             00000002
PCFG3                             00000003
PCL                               00000002
PCLATH                            0000000A
PCON                              0000008E
PEIE                              00000006
PEN                               00000002
PIE1                              0000008C
PIE2                              0000008D
PIR1                              0000000C
PIR2                              0000000D
PORTA                             00000005
PORTB                             00000006
PORTC                             00000007
PORTD                             00000008
PORTE                             00000009
PR2                               00000092
PS0                               00000000
PS1                               00000001
PS2                               00000002
PSA                               00000003
PSPIE                             00000007
PSPIF                             00000007
PSPMODE                           00000004
R                                 00000002
RBIE                              00000003
RBIF                              00000000
RC8_9                             00000006
RC9                               00000006
RCD8                              00000000
RCEN                              00000003
RCIE                              00000005
MPASM  5.37                       BASAMAK.ASM   1-10-2019  23:06:19         PAGE  9


SYMBOL TABLE
  LABEL                             VALUE 

RCIF                              00000005
RCREG                             0000001A
RCSTA                             00000018
RD                                00000000
READ_WRITE                        00000002
RP0                               00000005
RP1                               00000006
RSEN                              00000001
RX9                               00000006
RX9D                              00000000
R_W                               00000002
S                                 00000003
SAY1                              00000024
SAY2                              00000025
SAY3                              00000026
SEN                               00000000
SMP                               00000007
SPBRG                             00000099
SPEN                              00000007
SREN                              00000005
SSPADD                            00000093
SSPBUF                            00000013
SSPCON                            00000014
SSPCON2                           00000091
SSPEN                             00000005
SSPIE                             00000003
SSPIF                             00000003
SSPM0                             00000000
SSPM1                             00000001
SSPM2                             00000002
SSPM3                             00000003
SSPOV                             00000006
SSPSTAT                           00000094
STATUS                            00000003
SYNC                              00000004
T0CS                              00000005
T0IE                              00000005
T0IF                              00000002
T0SE                              00000004
T1CKPS0                           00000004
T1CKPS1                           00000005
T1CON                             00000010
T1INSYNC                          00000002
T1OSCEN                           00000003
T1SYNC                            00000002
T2CKPS0                           00000000
T2CKPS1                           00000001
T2CON                             00000012
TEMP                              00000023
TEMP2                             00000027
TEMP3                             00000028
TMR0                              00000001
TMR0IE                            00000005
MPASM  5.37                       BASAMAK.ASM   1-10-2019  23:06:19         PAGE 10


SYMBOL TABLE
  LABEL                             VALUE 

TMR0IF                            00000002
TMR1CS                            00000001
TMR1H                             0000000F
TMR1IE                            00000000
TMR1IF                            00000000
TMR1L                             0000000E
TMR1ON                            00000000
TMR2                              00000011
TMR2IE                            00000001
TMR2IF                            00000001
TMR2ON                            00000002
TOUTPS0                           00000003
TOUTPS1                           00000004
TOUTPS2                           00000005
TOUTPS3                           00000006
TRISA                             00000085
TRISB                             00000086
TRISC                             00000087
TRISD                             00000088
TRISE                             00000089
TRISE0                            00000000
TRISE1                            00000001
TRISE2                            00000002
TRMT                              00000001
TX8_9                             00000006
TX9                               00000006
TX9D                              00000000
TXD8                              00000000
TXEN                              00000005
TXIE                              00000004
TXIF                              00000004
TXREG                             00000019
TXSTA                             00000098
UA                                00000001
W                                 00000000
WCOL                              00000007
WR                                00000001
WREN                              00000002
WRERR                             00000003
Z                                 00000002
ZAMAN                             00000030
_BODEN_OFF                        00003FBF
_BODEN_ON                         00003FFF
_CPD_OFF                          00003FFF
_CPD_ON                           00003EFF
_CP_ALL                           00001FFF
_CP_OFF                           00003FFF
_DEBUG_OFF                        00003FFF
_DEBUG_ON                         000037FF
_HS_OSC                           00003FFE
_LP_OSC                           00003FFC
_LVP_OFF                          00003F7F
_LVP_ON                           00003FFF
MPASM  5.37                       BASAMAK.ASM   1-10-2019  23:06:19         PAGE 11


SYMBOL TABLE
  LABEL                             VALUE 

_PWRTE_OFF                        00003FFF
_PWRTE_ON                         00003FF7
_RC_OSC                           00003FFF
_WDT_OFF                          00003FFB
_WDT_ON                           00003FFF
_WRT_1FOURTH                      00003BFF
_WRT_256                          00003DFF
_WRT_HALF                         000039FF
_WRT_OFF                          00003FFF
_XT_OSC                           00003FFD
__16F877A                         00000001
__DEBUG                           1
anaprogram                        00000004
karaktergönder                    0000002F
karakteryaz                       00000049
komutgönder                       00000026
komutyaz                          00000039
y                                 00000014


MEMORY USAGE MAP ('X' = Used,  '-' = Unused)

0000 : ----XXXXXXXXXXXX XXXXXXXXXXXXXXXX XXXXXXXXXXXXXXXX XXXXXXXXXXXXXXXX
0040 : XXXXXXXXXXXXXXXX XXXXXXXXXXXXXX-- ---------------- ----------------

All other memory blocks unused.

Program Memory Words Used:    90
Program Memory Words Free:  8102


Errors   :     0
Warnings :    91 reported,     0 suppressed
Messages :     4 reported,     0 suppressed

