Warning[205] C:\USERS\RAMAZHAN\DESKTOP\MIKROISLEMCI PROJELER\BASAMAKBULMA\BASAMAK.ASM 1 : Found directive in column 1. (INCLUDE)
Warning[205] C:\USERS\RAMAZHAN\DESKTOP\MIKROISLEMCI PROJELER\BASAMAKBULMA\BASAMAK.ASM 12 : Found directive in column 1. (ORG)
Warning[203] C:\USERS\RAMAZHAN\DESKTOP\MIKROISLEMCI PROJELER\BASAMAKBULMA\BASAMAK.ASM 14 : Found opcode in column 1. (CLRF)
Warning[203] C:\USERS\RAMAZHAN\DESKTOP\MIKROISLEMCI PROJELER\BASAMAKBULMA\BASAMAK.ASM 15 : Found opcode in column 1. (CLRF)
Warning[203] C:\USERS\RAMAZHAN\DESKTOP\MIKROISLEMCI PROJELER\BASAMAKBULMA\BASAMAK.ASM 16 : Found opcode in column 1. (CLRF)
Warning[205] C:\USERS\RAMAZHAN\DESKTOP\MIKROISLEMCI PROJELER\BASAMAKBULMA\BASAMAK.ASM 17 : Found directive in column 1. (BANKSEL)
Warning[203] C:\USERS\RAMAZHAN\DESKTOP\MIKROISLEMCI PROJELER\BASAMAKBULMA\BASAMAK.ASM 18 : Found opcode in column 1. (CLRF)
Message[302] C:\USERS\RAMAZHAN\DESKTOP\MIKROISLEMCI PROJELER\BASAMAKBULMA\BASAMAK.ASM 18 : Register in operand not in bank 0.  Ensure that bank bits are correct.
Warning[203] C:\USERS\RAMAZHAN\DESKTOP\MIKROISLEMCI PROJELER\BASAMAKBULMA\BASAMAK.ASM 19 : Found opcode in column 1. (CLRF)
Message[302] C:\USERS\RAMAZHAN\DESKTOP\MIKROISLEMCI PROJELER\BASAMAKBULMA\BASAMAK.ASM 19 : Register in operand not in bank 0.  Ensure that bank bits are correct.
Warning[205] C:\USERS\RAMAZHAN\DESKTOP\MIKROISLEMCI PROJELER\BASAMAKBULMA\BASAMAK.ASM 20 : Found directive in column 1. (BANKSEL)
Warning[203] C:\USERS\RAMAZHAN\DESKTOP\MIKROISLEMCI PROJELER\BASAMAKBULMA\BASAMAK.ASM 21 : Found opcode in column 1. (MOVLW)
Warning[203] C:\USERS\RAMAZHAN\DESKTOP\MIKROISLEMCI PROJELER\BASAMAKBULMA\BASAMAK.ASM 22 : Found opcode in column 1. (MOVWF)
Warning[203] C:\USERS\RAMAZHAN\DESKTOP\MIKROISLEMCI PROJELER\BASAMAKBULMA\BASAMAK.ASM 25 : Found opcode in column 1. (MOVLW)
Warning[203] C:\USERS\RAMAZHAN\DESKTOP\MIKROISLEMCI PROJELER\BASAMAKBULMA\BASAMAK.ASM 26 : Found opcode in column 1. (SUBWF)
Warning[203] C:\USERS\RAMAZHAN\DESKTOP\MIKROISLEMCI PROJELER\BASAMAKBULMA\BASAMAK.ASM 27 : Found opcode in column 1. (BTFSC)
Warning[203] C:\USERS\RAMAZHAN\DESKTOP\MIKROISLEMCI PROJELER\BASAMAKBULMA\BASAMAK.ASM 28 : Found opcode in column 1. (GOTO)
Warning[203] C:\USERS\RAMAZHAN\DESKTOP\MIKROISLEMCI PROJELER\BASAMAKBULMA\BASAMAK.ASM 29 : Found opcode in column 1. (GOTO)
Warning[203] C:\USERS\RAMAZHAN\DESKTOP\MIKROISLEMCI PROJELER\BASAMAKBULMA\BASAMAK.ASM 32 : Found opcode in column 1. (MOVF)
Warning[203] C:\USERS\RAMAZHAN\DESKTOP\MIKROISLEMCI PROJELER\BASAMAKBULMA\BASAMAK.ASM 33 : Found opcode in column 1. (MOVWF)
Warning[203] C:\USERS\RAMAZHAN\DESKTOP\MIKROISLEMCI PROJELER\BASAMAKBULMA\BASAMAK.ASM 34 : Found opcode in column 1. (INCF)
Message[305] C:\USERS\RAMAZHAN\DESKTOP\MIKROISLEMCI PROJELER\BASAMAKBULMA\BASAMAK.ASM 34 : Using default destination of 1 (file).
Warning[203] C:\USERS\RAMAZHAN\DESKTOP\MIKROISLEMCI PROJELER\BASAMAKBULMA\BASAMAK.ASM 35 : Found opcode in column 1. (GOTO)
Warning[203] C:\USERS\RAMAZHAN\DESKTOP\MIKROISLEMCI PROJELER\BASAMAKBULMA\BASAMAK.ASM 39 : Found opcode in column 1. (MOVLW)
Warning[203] C:\USERS\RAMAZHAN\DESKTOP\MIKROISLEMCI PROJELER\BASAMAKBULMA\BASAMAK.ASM 40 : Found opcode in column 1. (SUBWF)
Warning[203] C:\USERS\RAMAZHAN\DESKTOP\MIKROISLEMCI PROJELER\BASAMAKBULMA\BASAMAK.ASM 41 : Found opcode in column 1. (BTFSC)
Warning[203] C:\USERS\RAMAZHAN\DESKTOP\MIKROISLEMCI PROJELER\BASAMAKBULMA\BASAMAK.ASM 42 : Found opcode in column 1. (GOTO)
Warning[203] C:\USERS\RAMAZHAN\DESKTOP\MIKROISLEMCI PROJELER\BASAMAKBULMA\BASAMAK.ASM 43 : Found opcode in column 1. (GOTO)
Warning[203] C:\USERS\RAMAZHAN\DESKTOP\MIKROISLEMCI PROJELER\BASAMAKBULMA\BASAMAK.ASM 46 : Found opcode in column 1. (MOVF)
Warning[203] C:\USERS\RAMAZHAN\DESKTOP\MIKROISLEMCI PROJELER\BASAMAKBULMA\BASAMAK.ASM 47 : Found opcode in column 1. (MOVWF)
Warning[203] C:\USERS\RAMAZHAN\DESKTOP\MIKROISLEMCI PROJELER\BASAMAKBULMA\BASAMAK.ASM 48 : Found opcode in column 1. (INCF)
Message[305] C:\USERS\RAMAZHAN\DESKTOP\MIKROISLEMCI PROJELER\BASAMAKBULMA\BASAMAK.ASM 48 : Using default destination of 1 (file).
Warning[203] C:\USERS\RAMAZHAN\DESKTOP\MIKROISLEMCI PROJELER\BASAMAKBULMA\BASAMAK.ASM 49 : Found opcode in column 1. (GOTO)
Warning[203] C:\USERS\RAMAZHAN\DESKTOP\MIKROISLEMCI PROJELER\BASAMAKBULMA\BASAMAK.ASM 52 : Found opcode in column 1. (MOVF)
Warning[203] C:\USERS\RAMAZHAN\DESKTOP\MIKROISLEMCI PROJELER\BASAMAKBULMA\BASAMAK.ASM 53 : Found opcode in column 1. (MOVWF)
Warning[203] C:\USERS\RAMAZHAN\DESKTOP\MIKROISLEMCI PROJELER\BASAMAKBULMA\BASAMAK.ASM 56 : Found opcode in column 1. (CALL)
Warning[203] C:\USERS\RAMAZHAN\DESKTOP\MIKROISLEMCI PROJELER\BASAMAKBULMA\BASAMAK.ASM 57 : Found opcode in column 1. (CALL)
Warning[203] C:\USERS\RAMAZHAN\DESKTOP\MIKROISLEMCI PROJELER\BASAMAKBULMA\BASAMAK.ASM 60 : Found opcode in column 1. (GOTO)
Warning[203] C:\USERS\RAMAZHAN\DESKTOP\MIKROISLEMCI PROJELER\BASAMAKBULMA\BASAMAK.ASM 64 : Found opcode in column 1. (MOVLW)
Warning[203] C:\USERS\RAMAZHAN\DESKTOP\MIKROISLEMCI PROJELER\BASAMAKBULMA\BASAMAK.ASM 65 : Found opcode in column 1. (CALL)
Warning[203] C:\USERS\RAMAZHAN\DESKTOP\MIKROISLEMCI PROJELER\BASAMAKBULMA\BASAMAK.ASM 66 : Found opcode in column 1. (MOVLW)
Warning[203] C:\USERS\RAMAZHAN\DESKTOP\MIKROISLEMCI PROJELER\BASAMAKBULMA\BASAMAK.ASM 67 : Found opcode in column 1. (CALL)
Warning[203] C:\USERS\RAMAZHAN\DESKTOP\MIKROISLEMCI PROJELER\BASAMAKBULMA\BASAMAK.ASM 68 : Found opcode in column 1. (MOVLW)
Warning[203] C:\USERS\RAMAZHAN\DESKTOP\MIKROISLEMCI PROJELER\BASAMAKBULMA\BASAMAK.ASM 69 : Found opcode in column 1. (CALL)
Warning[203] C:\USERS\RAMAZHAN\DESKTOP\MIKROISLEMCI PROJELER\BASAMAKBULMA\BASAMAK.ASM 70 : Found opcode in column 1. (MOVLW)
Warning[203] C:\USERS\RAMAZHAN\DESKTOP\MIKROISLEMCI PROJELER\BASAMAKBULMA\BASAMAK.ASM 71 : Found opcode in column 1. (CALL)
Warning[203] C:\USERS\RAMAZHAN\DESKTOP\MIKROISLEMCI PROJELER\BASAMAKBULMA\BASAMAK.ASM 72 : Found opcode in column 1. (return)
Warning[203] C:\USERS\RAMAZHAN\DESKTOP\MIKROISLEMCI PROJELER\BASAMAKBULMA\BASAMAK.ASM 75 : Found opcode in column 1. (MOVF)
Warning[203] C:\USERS\RAMAZHAN\DESKTOP\MIKROISLEMCI PROJELER\BASAMAKBULMA\BASAMAK.ASM 76 : Found opcode in column 1. (ADDLW)
Warning[203] C:\USERS\RAMAZHAN\DESKTOP\MIKROISLEMCI PROJELER\BASAMAKBULMA\BASAMAK.ASM 77 : Found opcode in column 1. (CALL)
Warning[203] C:\USERS\RAMAZHAN\DESKTOP\MIKROISLEMCI PROJELER\BASAMAKBULMA\BASAMAK.ASM 78 : Found opcode in column 1. (MOVF)
Warning[203] C:\USERS\RAMAZHAN\DESKTOP\MIKROISLEMCI PROJELER\BASAMAKBULMA\BASAMAK.ASM 79 : Found opcode in column 1. (ADDLW)
Warning[203] C:\USERS\RAMAZHAN\DESKTOP\MIKROISLEMCI PROJELER\BASAMAKBULMA\BASAMAK.ASM 80 : Found opcode in column 1. (CALL)
Warning[203] C:\USERS\RAMAZHAN\DESKTOP\MIKROISLEMCI PROJELER\BASAMAKBULMA\BASAMAK.ASM 81 : Found opcode in column 1. (MOVF)
Warning[203] C:\USERS\RAMAZHAN\DESKTOP\MIKROISLEMCI PROJELER\BASAMAKBULMA\BASAMAK.ASM 82 : Found opcode in column 1. (ADDLW)
Warning[203] C:\USERS\RAMAZHAN\DESKTOP\MIKROISLEMCI PROJELER\BASAMAKBULMA\BASAMAK.ASM 83 : Found opcode in column 1. (CALL)
Warning[203] C:\USERS\RAMAZHAN\DESKTOP\MIKROISLEMCI PROJELER\BASAMAKBULMA\BASAMAK.ASM 84 : Found opcode in column 1. (RETURN)
Warning[203] C:\USERS\RAMAZHAN\DESKTOP\MIKROISLEMCI PROJELER\BASAMAKBULMA\BASAMAK.ASM 88 : Found opcode in column 1. (MOVWF)
Warning[203] C:\USERS\RAMAZHAN\DESKTOP\MIKROISLEMCI PROJELER\BASAMAKBULMA\BASAMAK.ASM 89 : Found opcode in column 1. (SWAPF)
Warning[203] C:\USERS\RAMAZHAN\DESKTOP\MIKROISLEMCI PROJELER\BASAMAKBULMA\BASAMAK.ASM 90 : Found opcode in column 1. (ANDLW)
Warning[203] C:\USERS\RAMAZHAN\DESKTOP\MIKROISLEMCI PROJELER\BASAMAKBULMA\BASAMAK.ASM 91 : Found opcode in column 1. (MOVWF)
Warning[203] C:\USERS\RAMAZHAN\DESKTOP\MIKROISLEMCI PROJELER\BASAMAKBULMA\BASAMAK.ASM 92 : Found opcode in column 1. (BCF)
Warning[203] C:\USERS\RAMAZHAN\DESKTOP\MIKROISLEMCI PROJELER\BASAMAKBULMA\BASAMAK.ASM 93 : Found opcode in column 1. (BSF)
Warning[203] C:\USERS\RAMAZHAN\DESKTOP\MIKROISLEMCI PROJELER\BASAMAKBULMA\BASAMAK.ASM 94 : Found opcode in column 1. (CALL)
Warning[203] C:\USERS\RAMAZHAN\DESKTOP\MIKROISLEMCI PROJELER\BASAMAKBULMA\BASAMAK.ASM 95 : Found opcode in column 1. (BCF)
Warning[203] C:\USERS\RAMAZHAN\DESKTOP\MIKROISLEMCI PROJELER\BASAMAKBULMA\BASAMAK.ASM 98 : Found opcode in column 1. (MOVF)
Warning[203] C:\USERS\RAMAZHAN\DESKTOP\MIKROISLEMCI PROJELER\BASAMAKBULMA\BASAMAK.ASM 99 : Found opcode in column 1. (ANDLW)
Warning[203] C:\USERS\RAMAZHAN\DESKTOP\MIKROISLEMCI PROJELER\BASAMAKBULMA\BASAMAK.ASM 100 : Found opcode in column 1. (MOVWF)
Warning[203] C:\USERS\RAMAZHAN\DESKTOP\MIKROISLEMCI PROJELER\BASAMAKBULMA\BASAMAK.ASM 101 : Found opcode in column 1. (BCF)
Warning[203] C:\USERS\RAMAZHAN\DESKTOP\MIKROISLEMCI PROJELER\BASAMAKBULMA\BASAMAK.ASM 102 : Found opcode in column 1. (BSF)
Warning[203] C:\USERS\RAMAZHAN\DESKTOP\MIKROISLEMCI PROJELER\BASAMAKBULMA\BASAMAK.ASM 103 : Found opcode in column 1. (CALL)
Warning[203] C:\USERS\RAMAZHAN\DESKTOP\MIKROISLEMCI PROJELER\BASAMAKBULMA\BASAMAK.ASM 104 : Found opcode in column 1. (BCF)
Warning[203] C:\USERS\RAMAZHAN\DESKTOP\MIKROISLEMCI PROJELER\BASAMAKBULMA\BASAMAK.ASM 106 : Found opcode in column 1. (RETURN)
Warning[203] C:\USERS\RAMAZHAN\DESKTOP\MIKROISLEMCI PROJELER\BASAMAKBULMA\BASAMAK.ASM 110 : Found opcode in column 1. (MOVWF)
Warning[203] C:\USERS\RAMAZHAN\DESKTOP\MIKROISLEMCI PROJELER\BASAMAKBULMA\BASAMAK.ASM 111 : Found opcode in column 1. (SWAPF)
Warning[203] C:\USERS\RAMAZHAN\DESKTOP\MIKROISLEMCI PROJELER\BASAMAKBULMA\BASAMAK.ASM 112 : Found opcode in column 1. (ANDLW)
Warning[203] C:\USERS\RAMAZHAN\DESKTOP\MIKROISLEMCI PROJELER\BASAMAKBULMA\BASAMAK.ASM 113 : Found opcode in column 1. (MOVWF)
Warning[203] C:\USERS\RAMAZHAN\DESKTOP\MIKROISLEMCI PROJELER\BASAMAKBULMA\BASAMAK.ASM 114 : Found opcode in column 1. (BSF)
Warning[203] C:\USERS\RAMAZHAN\DESKTOP\MIKROISLEMCI PROJELER\BASAMAKBULMA\BASAMAK.ASM 115 : Found opcode in column 1. (BSF)
Warning[203] C:\USERS\RAMAZHAN\DESKTOP\MIKROISLEMCI PROJELER\BASAMAKBULMA\BASAMAK.ASM 116 : Found opcode in column 1. (CALL)
Warning[203] C:\USERS\RAMAZHAN\DESKTOP\MIKROISLEMCI PROJELER\BASAMAKBULMA\BASAMAK.ASM 117 : Found opcode in column 1. (BCF)
Warning[203] C:\USERS\RAMAZHAN\DESKTOP\MIKROISLEMCI PROJELER\BASAMAKBULMA\BASAMAK.ASM 120 : Found opcode in column 1. (MOVF)
Warning[203] C:\USERS\RAMAZHAN\DESKTOP\MIKROISLEMCI PROJELER\BASAMAKBULMA\BASAMAK.ASM 121 : Found opcode in column 1. (ANDLW)
Warning[203] C:\USERS\RAMAZHAN\DESKTOP\MIKROISLEMCI PROJELER\BASAMAKBULMA\BASAMAK.ASM 122 : Found opcode in column 1. (MOVWF)
Warning[203] C:\USERS\RAMAZHAN\DESKTOP\MIKROISLEMCI PROJELER\BASAMAKBULMA\BASAMAK.ASM 123 : Found opcode in column 1. (BSF)
Warning[203] C:\USERS\RAMAZHAN\DESKTOP\MIKROISLEMCI PROJELER\BASAMAKBULMA\BASAMAK.ASM 124 : Found opcode in column 1. (BSF)
Warning[203] C:\USERS\RAMAZHAN\DESKTOP\MIKROISLEMCI PROJELER\BASAMAKBULMA\BASAMAK.ASM 125 : Found opcode in column 1. (CALL)
Warning[203] C:\USERS\RAMAZHAN\DESKTOP\MIKROISLEMCI PROJELER\BASAMAKBULMA\BASAMAK.ASM 126 : Found opcode in column 1. (BCF)
Warning[203] C:\USERS\RAMAZHAN\DESKTOP\MIKROISLEMCI PROJELER\BASAMAKBULMA\BASAMAK.ASM 128 : Found opcode in column 1. (RETURN)
Warning[203] C:\USERS\RAMAZHAN\DESKTOP\MIKROISLEMCI PROJELER\BASAMAKBULMA\BASAMAK.ASM 133 : Found opcode in column 1. (MOVLW)
Warning[203] C:\USERS\RAMAZHAN\DESKTOP\MIKROISLEMCI PROJELER\BASAMAKBULMA\BASAMAK.ASM 134 : Found opcode in column 1. (MOVWF)
Warning[203] C:\USERS\RAMAZHAN\DESKTOP\MIKROISLEMCI PROJELER\BASAMAKBULMA\BASAMAK.ASM 135 : Found opcode in column 1. (DECFSZ)
Warning[203] C:\USERS\RAMAZHAN\DESKTOP\MIKROISLEMCI PROJELER\BASAMAKBULMA\BASAMAK.ASM 136 : Found opcode in column 1. (GOTO)
Warning[203] C:\USERS\RAMAZHAN\DESKTOP\MIKROISLEMCI PROJELER\BASAMAKBULMA\BASAMAK.ASM 137 : Found opcode in column 1. (RETURN)
Warning[205] C:\USERS\RAMAZHAN\DESKTOP\MIKROISLEMCI PROJELER\BASAMAKBULMA\BASAMAK.ASM 139 : Found directive in column 1. (END)
