Warning[205] C:\USERS\RAMAZHAN\DESKTOP\TIMER\TIMER.ASM 1 : Found directive in column 1. (INCLUDE)
Warning[205] C:\USERS\RAMAZHAN\DESKTOP\TIMER\TIMER.ASM 3 : Found directive in column 1. (ORG)
Warning[203] C:\USERS\RAMAZHAN\DESKTOP\TIMER\TIMER.ASM 4 : Found opcode in column 1. (GOTO)
Warning[205] C:\USERS\RAMAZHAN\DESKTOP\TIMER\TIMER.ASM 5 : Found directive in column 1. (ORG)
Warning[205] C:\USERS\RAMAZHAN\DESKTOP\TIMER\TIMER.ASM 6 : Found directive in column 1. (BANKSEL)
Warning[203] C:\USERS\RAMAZHAN\DESKTOP\TIMER\TIMER.ASM 7 : Found opcode in column 1. (BTFSS)
Warning[203] C:\USERS\RAMAZHAN\DESKTOP\TIMER\TIMER.ASM 8 : Found opcode in column 1. (RETFIE)
Warning[203] C:\USERS\RAMAZHAN\DESKTOP\TIMER\TIMER.ASM 9 : Found opcode in column 1. (BCF)
Warning[205] C:\USERS\RAMAZHAN\DESKTOP\TIMER\TIMER.ASM 10 : Found directive in column 1. (BANKSEL)
Warning[203] C:\USERS\RAMAZHAN\DESKTOP\TIMER\TIMER.ASM 11 : Found opcode in column 1. (MOVLW)
Warning[203] C:\USERS\RAMAZHAN\DESKTOP\TIMER\TIMER.ASM 12 : Found opcode in column 1. (MOVWF)
Warning[203] C:\USERS\RAMAZHAN\DESKTOP\TIMER\TIMER.ASM 13 : Found opcode in column 1. (MOVLW)
Warning[203] C:\USERS\RAMAZHAN\DESKTOP\TIMER\TIMER.ASM 14 : Found opcode in column 1. (MOVWF)
Warning[203] C:\USERS\RAMAZHAN\DESKTOP\TIMER\TIMER.ASM 15 : Found opcode in column 1. (INCF)
Warning[203] C:\USERS\RAMAZHAN\DESKTOP\TIMER\TIMER.ASM 16 : Found opcode in column 1. (MOVF)
Warning[203] C:\USERS\RAMAZHAN\DESKTOP\TIMER\TIMER.ASM 17 : Found opcode in column 1. (SUBLW)
Warning[203] C:\USERS\RAMAZHAN\DESKTOP\TIMER\TIMER.ASM 18 : Found opcode in column 1. (BTFSS)
Warning[203] C:\USERS\RAMAZHAN\DESKTOP\TIMER\TIMER.ASM 19 : Found opcode in column 1. (RETFIE)
Warning[203] C:\USERS\RAMAZHAN\DESKTOP\TIMER\TIMER.ASM 20 : Found opcode in column 1. (COMF)
Warning[203] C:\USERS\RAMAZHAN\DESKTOP\TIMER\TIMER.ASM 21 : Found opcode in column 1. (CLRF)
Warning[203] C:\USERS\RAMAZHAN\DESKTOP\TIMER\TIMER.ASM 22 : Found opcode in column 1. (RETFIE)
Warning[205] C:\USERS\RAMAZHAN\DESKTOP\TIMER\TIMER.ASM 27 : Found directive in column 1. (BANKSEL)
Warning[203] C:\USERS\RAMAZHAN\DESKTOP\TIMER\TIMER.ASM 28 : Found opcode in column 1. (CLRF)
Warning[205] C:\USERS\RAMAZHAN\DESKTOP\TIMER\TIMER.ASM 29 : Found directive in column 1. (BANKSEL)
Warning[203] C:\USERS\RAMAZHAN\DESKTOP\TIMER\TIMER.ASM 30 : Found opcode in column 1. (CLRF)
Message[302] C:\USERS\RAMAZHAN\DESKTOP\TIMER\TIMER.ASM 30 : Register in operand not in bank 0.  Ensure that bank bits are correct.
Warning[203] C:\USERS\RAMAZHAN\DESKTOP\TIMER\TIMER.ASM 31 : Found opcode in column 1. (CLRF)
Warning[205] C:\USERS\RAMAZHAN\DESKTOP\TIMER\TIMER.ASM 32 : Found directive in column 1. (BANKSEL)
Warning[203] C:\USERS\RAMAZHAN\DESKTOP\TIMER\TIMER.ASM 33 : Found opcode in column 1. (MOVLW)
Warning[203] C:\USERS\RAMAZHAN\DESKTOP\TIMER\TIMER.ASM 34 : Found opcode in column 1. (MOVWF)
Warning[203] C:\USERS\RAMAZHAN\DESKTOP\TIMER\TIMER.ASM 35 : Found opcode in column 1. (MOVLW)
Warning[203] C:\USERS\RAMAZHAN\DESKTOP\TIMER\TIMER.ASM 36 : Found opcode in column 1. (MOVWF)
Warning[205] C:\USERS\RAMAZHAN\DESKTOP\TIMER\TIMER.ASM 37 : Found directive in column 1. (BANKSEL)
Warning[203] C:\USERS\RAMAZHAN\DESKTOP\TIMER\TIMER.ASM 38 : Found opcode in column 1. (MOVLW)
Warning[203] C:\USERS\RAMAZHAN\DESKTOP\TIMER\TIMER.ASM 39 : Found opcode in column 1. (MOVWF)
Warning[205] C:\USERS\RAMAZHAN\DESKTOP\TIMER\TIMER.ASM 40 : Found directive in column 1. (BANKSEL)
Warning[203] C:\USERS\RAMAZHAN\DESKTOP\TIMER\TIMER.ASM 41 : Found opcode in column 1. (BSF)
Warning[203] C:\USERS\RAMAZHAN\DESKTOP\TIMER\TIMER.ASM 42 : Found opcode in column 1. (BSF)
Warning[205] C:\USERS\RAMAZHAN\DESKTOP\TIMER\TIMER.ASM 43 : Found directive in column 1. (BANKSEL)
Warning[203] C:\USERS\RAMAZHAN\DESKTOP\TIMER\TIMER.ASM 44 : Found opcode in column 1. (BSF)
Message[302] C:\USERS\RAMAZHAN\DESKTOP\TIMER\TIMER.ASM 44 : Register in operand not in bank 0.  Ensure that bank bits are correct.
Warning[203] C:\USERS\RAMAZHAN\DESKTOP\TIMER\TIMER.ASM 47 : Found opcode in column 1. (GOTO)
Warning[205] C:\USERS\RAMAZHAN\DESKTOP\TIMER\TIMER.ASM 49 : Found directive in column 1. (END)
