Warning[205] C:\USERS\RAMAZ\ONEDRIVE\MASAüSTü\MIKROISLEMCI PROJELER\ADC_HAFTA4\ADC.ASM 1 : Found directive in column 1. (INCLUDE)
Warning[205] C:\USERS\RAMAZ\ONEDRIVE\MASAüSTü\MIKROISLEMCI PROJELER\ADC_HAFTA4\ADC.ASM 2 : Found directive in column 1. (__config)
Warning[205] C:\USERS\RAMAZ\ONEDRIVE\MASAüSTü\MIKROISLEMCI PROJELER\ADC_HAFTA4\ADC.ASM 5 : Found directive in column 1. (ORG)
Warning[203] C:\USERS\RAMAZ\ONEDRIVE\MASAüSTü\MIKROISLEMCI PROJELER\ADC_HAFTA4\ADC.ASM 6 : Found opcode in column 1. (goto)
Warning[205] C:\USERS\RAMAZ\ONEDRIVE\MASAüSTü\MIKROISLEMCI PROJELER\ADC_HAFTA4\ADC.ASM 7 : Found directive in column 1. (ORG)
Warning[203] C:\USERS\RAMAZ\ONEDRIVE\MASAüSTü\MIKROISLEMCI PROJELER\ADC_HAFTA4\ADC.ASM 10 : Found opcode in column 1. (BTFSS)
Warning[203] C:\USERS\RAMAZ\ONEDRIVE\MASAüSTü\MIKROISLEMCI PROJELER\ADC_HAFTA4\ADC.ASM 11 : Found opcode in column 1. (RETFIE)
Warning[203] C:\USERS\RAMAZ\ONEDRIVE\MASAüSTü\MIKROISLEMCI PROJELER\ADC_HAFTA4\ADC.ASM 12 : Found opcode in column 1. (BCF)
Warning[205] C:\USERS\RAMAZ\ONEDRIVE\MASAüSTü\MIKROISLEMCI PROJELER\ADC_HAFTA4\ADC.ASM 13 : Found directive in column 1. (BANKSEL)
Warning[203] C:\USERS\RAMAZ\ONEDRIVE\MASAüSTü\MIKROISLEMCI PROJELER\ADC_HAFTA4\ADC.ASM 14 : Found opcode in column 1. (MOVF)
Warning[203] C:\USERS\RAMAZ\ONEDRIVE\MASAüSTü\MIKROISLEMCI PROJELER\ADC_HAFTA4\ADC.ASM 15 : Found opcode in column 1. (MOVWF)
Warning[205] C:\USERS\RAMAZ\ONEDRIVE\MASAüSTü\MIKROISLEMCI PROJELER\ADC_HAFTA4\ADC.ASM 16 : Found directive in column 1. (BANKSEL)
Warning[203] C:\USERS\RAMAZ\ONEDRIVE\MASAüSTü\MIKROISLEMCI PROJELER\ADC_HAFTA4\ADC.ASM 17 : Found opcode in column 1. (MOVF)
Message[302] C:\USERS\RAMAZ\ONEDRIVE\MASAüSTü\MIKROISLEMCI PROJELER\ADC_HAFTA4\ADC.ASM 17 : Register in operand not in bank 0.  Ensure that bank bits are correct.
Warning[205] C:\USERS\RAMAZ\ONEDRIVE\MASAüSTü\MIKROISLEMCI PROJELER\ADC_HAFTA4\ADC.ASM 18 : Found directive in column 1. (BANKSEL)
Warning[203] C:\USERS\RAMAZ\ONEDRIVE\MASAüSTü\MIKROISLEMCI PROJELER\ADC_HAFTA4\ADC.ASM 19 : Found opcode in column 1. (MOVWF)
Warning[205] C:\USERS\RAMAZ\ONEDRIVE\MASAüSTü\MIKROISLEMCI PROJELER\ADC_HAFTA4\ADC.ASM 20 : Found directive in column 1. (BANKSEL)
Warning[203] C:\USERS\RAMAZ\ONEDRIVE\MASAüSTü\MIKROISLEMCI PROJELER\ADC_HAFTA4\ADC.ASM 21 : Found opcode in column 1. (BSF)
Warning[203] C:\USERS\RAMAZ\ONEDRIVE\MASAüSTü\MIKROISLEMCI PROJELER\ADC_HAFTA4\ADC.ASM 22 : Found opcode in column 1. (RETFIE)
Warning[203] C:\USERS\RAMAZ\ONEDRIVE\MASAüSTü\MIKROISLEMCI PROJELER\ADC_HAFTA4\ADC.ASM 26 : Found opcode in column 1. (CLRF)
Warning[203] C:\USERS\RAMAZ\ONEDRIVE\MASAüSTü\MIKROISLEMCI PROJELER\ADC_HAFTA4\ADC.ASM 27 : Found opcode in column 1. (CLRF)
Warning[205] C:\USERS\RAMAZ\ONEDRIVE\MASAüSTü\MIKROISLEMCI PROJELER\ADC_HAFTA4\ADC.ASM 28 : Found directive in column 1. (BANKSEL)
Warning[203] C:\USERS\RAMAZ\ONEDRIVE\MASAüSTü\MIKROISLEMCI PROJELER\ADC_HAFTA4\ADC.ASM 29 : Found opcode in column 1. (CLRF)
Message[302] C:\USERS\RAMAZ\ONEDRIVE\MASAüSTü\MIKROISLEMCI PROJELER\ADC_HAFTA4\ADC.ASM 29 : Register in operand not in bank 0.  Ensure that bank bits are correct.
Warning[203] C:\USERS\RAMAZ\ONEDRIVE\MASAüSTü\MIKROISLEMCI PROJELER\ADC_HAFTA4\ADC.ASM 30 : Found opcode in column 1. (CLRF)
Message[302] C:\USERS\RAMAZ\ONEDRIVE\MASAüSTü\MIKROISLEMCI PROJELER\ADC_HAFTA4\ADC.ASM 30 : Register in operand not in bank 0.  Ensure that bank bits are correct.
Warning[203] C:\USERS\RAMAZ\ONEDRIVE\MASAüSTü\MIKROISLEMCI PROJELER\ADC_HAFTA4\ADC.ASM 31 : Found opcode in column 1. (MOVLW)
Warning[203] C:\USERS\RAMAZ\ONEDRIVE\MASAüSTü\MIKROISLEMCI PROJELER\ADC_HAFTA4\ADC.ASM 32 : Found opcode in column 1. (MOVWF)
Message[302] C:\USERS\RAMAZ\ONEDRIVE\MASAüSTü\MIKROISLEMCI PROJELER\ADC_HAFTA4\ADC.ASM 32 : Register in operand not in bank 0.  Ensure that bank bits are correct.
Warning[203] C:\USERS\RAMAZ\ONEDRIVE\MASAüSTü\MIKROISLEMCI PROJELER\ADC_HAFTA4\ADC.ASM 34 : Found opcode in column 1. (MOVLW)
Warning[203] C:\USERS\RAMAZ\ONEDRIVE\MASAüSTü\MIKROISLEMCI PROJELER\ADC_HAFTA4\ADC.ASM 35 : Found opcode in column 1. (MOVWF)
Message[302] C:\USERS\RAMAZ\ONEDRIVE\MASAüSTü\MIKROISLEMCI PROJELER\ADC_HAFTA4\ADC.ASM 35 : Register in operand not in bank 0.  Ensure that bank bits are correct.
Warning[205] C:\USERS\RAMAZ\ONEDRIVE\MASAüSTü\MIKROISLEMCI PROJELER\ADC_HAFTA4\ADC.ASM 37 : Found directive in column 1. (BANKSEL)
Warning[203] C:\USERS\RAMAZ\ONEDRIVE\MASAüSTü\MIKROISLEMCI PROJELER\ADC_HAFTA4\ADC.ASM 38 : Found opcode in column 1. (BCF)
Warning[203] C:\USERS\RAMAZ\ONEDRIVE\MASAüSTü\MIKROISLEMCI PROJELER\ADC_HAFTA4\ADC.ASM 39 : Found opcode in column 1. (BSF)
Warning[203] C:\USERS\RAMAZ\ONEDRIVE\MASAüSTü\MIKROISLEMCI PROJELER\ADC_HAFTA4\ADC.ASM 40 : Found opcode in column 1. (BSF)
Warning[203] C:\USERS\RAMAZ\ONEDRIVE\MASAüSTü\MIKROISLEMCI PROJELER\ADC_HAFTA4\ADC.ASM 42 : Found opcode in column 1. (MOVLW)
Warning[203] C:\USERS\RAMAZ\ONEDRIVE\MASAüSTü\MIKROISLEMCI PROJELER\ADC_HAFTA4\ADC.ASM 43 : Found opcode in column 1. (MOVWF)
Warning[205] C:\USERS\RAMAZ\ONEDRIVE\MASAüSTü\MIKROISLEMCI PROJELER\ADC_HAFTA4\ADC.ASM 45 : Found directive in column 1. (BANKSEL)
Warning[203] C:\USERS\RAMAZ\ONEDRIVE\MASAüSTü\MIKROISLEMCI PROJELER\ADC_HAFTA4\ADC.ASM 46 : Found opcode in column 1. (BSF)
Message[302] C:\USERS\RAMAZ\ONEDRIVE\MASAüSTü\MIKROISLEMCI PROJELER\ADC_HAFTA4\ADC.ASM 46 : Register in operand not in bank 0.  Ensure that bank bits are correct.
Warning[205] C:\USERS\RAMAZ\ONEDRIVE\MASAüSTü\MIKROISLEMCI PROJELER\ADC_HAFTA4\ADC.ASM 47 : Found directive in column 1. (BANKSEL)
Warning[203] C:\USERS\RAMAZ\ONEDRIVE\MASAüSTü\MIKROISLEMCI PROJELER\ADC_HAFTA4\ADC.ASM 48 : Found opcode in column 1. (BSF)
Warning[203] C:\USERS\RAMAZ\ONEDRIVE\MASAüSTü\MIKROISLEMCI PROJELER\ADC_HAFTA4\ADC.ASM 51 : Found opcode in column 1. (GOTO)
Warning[205] C:\USERS\RAMAZ\ONEDRIVE\MASAüSTü\MIKROISLEMCI PROJELER\ADC_HAFTA4\ADC.ASM 52 : Found directive in column 1. (END)
