MPASM  5.37                     BCDSAYICI.ASM   10-8-2018  21:42:07         PAGE  1


LOC  OBJECT CODE     LINE SOURCE TEXT
  VALUE

                      00001 #INCLUDE <P16F877A.INC>
                      00001         LIST
                      00002 ; P16F877A.INC  Standard Header File, Version 1.00    Microchip Technology, Inc.
                      00400         LIST
                      00002 
Warning[205]: Found directive in column 1. (ORG)
0000                  00003 ORG 0X00
Warning[203]: Found opcode in column 1. (goto)
0000   2805           00004 goto anaprogram
                      00005 
Warning[205]: Found directive in column 1. (ORG)
0004                  00006 ORG 0X04
                      00007 
0004                  00008 kesme
Warning[203]: Found opcode in column 1. (retfie)
0004   0009           00009 retfie
                      00010 
0005                  00011 anaprogram
Warning[203]: Found opcode in column 1. (BSF)
0005   1683           00012 BSF STATUS,RP0 ;1 BANKA GEÇTÝK
Warning[203]: Found opcode in column 1. (MOVLW)
0006   3006           00013 MOVLW 0X06
Warning[203]: Found opcode in column 1. (MOVWF)
Message[302]: Register in operand not in bank 0.  Ensure that bank bits are correct.
0007   009F           00014 MOVWF ADCON1
Warning[203]: Found opcode in column 1. (MOVLW)
0008   30CF           00015 MOVLW 0xCF
Warning[203]: Found opcode in column 1. (MOVWF)
Message[302]: Register in operand not in bank 0.  Ensure that bank bits are correct.
0009   0085           00016 MOVWF TRISA
                      00017 
Warning[205]: Found directive in column 1. (BANKSEL)
000A   1683 1303      00018 BANKSEL TRISB
Warning[203]: Found opcode in column 1. (CLRF)
Message[302]: Register in operand not in bank 0.  Ensure that bank bits are correct.
000C   0186           00019 CLRF TRISB ;PORTB YÝ CIKIS YAPTIK
Warning[205]: Found directive in column 1. (BANKSEL)
000D   1283 1303      00020 BANKSEL PORTB
Warning[203]: Found opcode in column 1. (CLRF)
000F   0186           00021 CLRF PORTB
                      00022 
0010                  00023 DÜZEN
Warning[203]: Found opcode in column 1. (BTFSS)
0010   1C05           00024 BTFSS PORTA,0
Warning[203]: Found opcode in column 1. (GOTO)
0011   281F           00025 GOTO KONTROL
Warning[203]: Found opcode in column 1. (GOTO)
0012   2813           00026 GOTO DOKUZMU
                      00027 
                      00028 
0013                  00029 DOKUZMU
Warning[203]: Found opcode in column 1. (BTFSS)
0013   1C06           00030 BTFSS PORTB,0
MPASM  5.37                     BCDSAYICI.ASM   10-8-2018  21:42:07         PAGE  2


LOC  OBJECT CODE     LINE SOURCE TEXT
  VALUE

Warning[203]: Found opcode in column 1. (GOTO)
0014   281A           00031 GOTO ARTIR
Warning[203]: Found opcode in column 1. (BTFSS)
0015   1D86           00032 BTFSS PORTB,3
Warning[203]: Found opcode in column 1. (GOTO)
0016   281A           00033 GOTO ARTIR
Warning[203]: Found opcode in column 1. (MOVLW)
0017   3000           00034 MOVLW D'0'
Warning[203]: Found opcode in column 1. (MOVWF)
0018   0086           00035 MOVWF PORTB
Warning[203]: Found opcode in column 1. (GOTO)
0019   281C           00036 GOTO DONGU 
                      00037 
                      00038 
001A                  00039 ARTIR
Warning[203]: Found opcode in column 1. (INCF)
001A   0A86           00040 INCF PORTB,1
Warning[203]: Found opcode in column 1. (GOTO)
001B   281C           00041 GOTO DONGU
                      00042  
                      00043 
001C                  00044 DONGU
Warning[203]: Found opcode in column 1. (BTFSS)
001C   1C05           00045 BTFSS PORTA,0
Warning[203]: Found opcode in column 1. (GOTO)
001D   2810           00046 GOTO DÜZEN
Warning[203]: Found opcode in column 1. (GOTO)
001E   281C           00047 GOTO DONGU 
                      00048 
001F                  00049 KONTROL
Warning[203]: Found opcode in column 1. (BTFSS)
001F   1C85           00050 BTFSS PORTA,1
Warning[203]: Found opcode in column 1. (GOTO)
0020   2810           00051 GOTO DÜZEN
Warning[203]: Found opcode in column 1. (GOTO)
0021   2822           00052 GOTO SIFIRMI
                      00053 
                      00054 
0022                  00055 SIFIRMI
Warning[203]: Found opcode in column 1. (BTFSC)
0022   1806           00056 BTFSC PORTB,0
Warning[203]: Found opcode in column 1. (GOTO)
0023   282D           00057 GOTO AZALT
Warning[203]: Found opcode in column 1. (BTFSC)
0024   1886           00058 BTFSC PORTB,1
Warning[203]: Found opcode in column 1. (GOTO)
0025   282D           00059 GOTO AZALT
Warning[203]: Found opcode in column 1. (BTFSC)
0026   1906           00060 BTFSC PORTB,2
Warning[203]: Found opcode in column 1. (GOTO)
0027   282D           00061 GOTO AZALT
Warning[203]: Found opcode in column 1. (BTFSC)
0028   1986           00062 BTFSC PORTB,3
MPASM  5.37                     BCDSAYICI.ASM   10-8-2018  21:42:07         PAGE  3


LOC  OBJECT CODE     LINE SOURCE TEXT
  VALUE

Warning[203]: Found opcode in column 1. (GOTO)
0029   282D           00063 GOTO AZALT
Warning[203]: Found opcode in column 1. (MOVLW)
002A   3009           00064 MOVLW D'9'
Warning[203]: Found opcode in column 1. (MOVWF)
002B   0086           00065 MOVWF PORTB
Warning[203]: Found opcode in column 1. (GOTO)
002C   282F           00066 GOTO DONGU2
                      00067 
002D                  00068 AZALT
Warning[203]: Found opcode in column 1. (DECF)
002D   0386           00069 DECF PORTB,1
Warning[203]: Found opcode in column 1. (GOTO)
002E   282F           00070 GOTO DONGU2
                      00071 
                      00072 
002F                  00073 DONGU2
Warning[203]: Found opcode in column 1. (BTFSS)
002F   1C85           00074 BTFSS PORTA,1
Warning[203]: Found opcode in column 1. (GOTO)
0030   2810           00075 GOTO DÜZEN
Warning[203]: Found opcode in column 1. (GOTO)
0031   282F           00076 GOTO DONGU2
                      00077 
                      00078 
                      00079 
Warning[205]: Found directive in column 1. (END)
                      00080 END
MPASM  5.37                     BCDSAYICI.ASM   10-8-2018  21:42:07         PAGE  4


SYMBOL TABLE
  LABEL                             VALUE 

ACKDT                             00000005
ACKEN                             00000004
ACKSTAT                           00000006
ADCON0                            0000001F
ADCON1                            0000009F
ADCS0                             00000006
ADCS1                             00000007
ADCS2                             00000006
ADDEN                             00000003
ADFM                              00000007
ADIE                              00000006
ADIF                              00000006
ADON                              00000000
ADRESH                            0000001E
ADRESL                            0000009E
ARTIR                             0000001A
AZALT                             0000002D
BCLIE                             00000003
BCLIF                             00000003
BF                                00000000
BRGH                              00000002
C                                 00000000
C1INV                             00000004
C1OUT                             00000006
C2INV                             00000005
C2OUT                             00000007
CCP1CON                           00000017
CCP1IE                            00000002
CCP1IF                            00000002
CCP1M0                            00000000
CCP1M1                            00000001
CCP1M2                            00000002
CCP1M3                            00000003
CCP1X                             00000005
CCP1Y                             00000004
CCP2CON                           0000001D
CCP2IE                            00000000
CCP2IF                            00000000
CCP2M0                            00000000
CCP2M1                            00000001
CCP2M2                            00000002
CCP2M3                            00000003
CCP2X                             00000005
CCP2Y                             00000004
CCPR1H                            00000016
CCPR1L                            00000015
CCPR2H                            0000001C
CCPR2L                            0000001B
CHS0                              00000003
CHS1                              00000004
CHS2                              00000005
CIS                               00000003
CKE                               00000006
MPASM  5.37                     BCDSAYICI.ASM   10-8-2018  21:42:07         PAGE  5


SYMBOL TABLE
  LABEL                             VALUE 

CKP                               00000004
CM0                               00000000
CM1                               00000001
CM2                               00000002
CMCON                             0000009C
CMIE                              00000006
CMIF                              00000006
CREN                              00000004
CSRC                              00000007
CVR0                              00000000
CVR1                              00000001
CVR2                              00000002
CVR3                              00000003
CVRCON                            0000009D
CVREN                             00000007
CVROE                             00000006
CVRR                              00000005
D                                 00000005
DATA_ADDRESS                      00000005
DC                                00000001
DOKUZMU                           00000013
DONGU                             0000001C
DONGU2                            0000002F
D_A                               00000005
DÜZEN                             00000010
EEADR                             0000010D
EEADRH                            0000010F
EECON1                            0000018C
EECON2                            0000018D
EEDATA                            0000010C
EEDATH                            0000010E
EEIE                              00000004
EEIF                              00000004
EEPGD                             00000007
F                                 00000001
FERR                              00000002
FSR                               00000004
GCEN                              00000007
GIE                               00000007
GO                                00000002
GO_DONE                           00000002
I2C_DATA                          00000005
I2C_READ                          00000002
I2C_START                         00000003
I2C_STOP                          00000004
IBF                               00000007
IBOV                              00000005
INDF                              00000000
INTCON                            0000000B
INTE                              00000004
INTEDG                            00000006
INTF                              00000001
IRP                               00000007
MPASM  5.37                     BCDSAYICI.ASM   10-8-2018  21:42:07         PAGE  6


SYMBOL TABLE
  LABEL                             VALUE 

KONTROL                           0000001F
NOT_A                             00000005
NOT_ADDRESS                       00000005
NOT_BO                            00000000
NOT_BOR                           00000000
NOT_DONE                          00000002
NOT_PD                            00000003
NOT_POR                           00000001
NOT_RBPU                          00000007
NOT_RC8                           00000006
NOT_T1SYNC                        00000002
NOT_TO                            00000004
NOT_TX8                           00000006
NOT_W                             00000002
NOT_WRITE                         00000002
OBF                               00000006
OERR                              00000001
OPTION_REG                        00000081
P                                 00000004
PCFG0                             00000000
PCFG1                             00000001
PCFG2                             00000002
PCFG3                             00000003
PCL                               00000002
PCLATH                            0000000A
PCON                              0000008E
PEIE                              00000006
PEN                               00000002
PIE1                              0000008C
PIE2                              0000008D
PIR1                              0000000C
PIR2                              0000000D
PORTA                             00000005
PORTB                             00000006
PORTC                             00000007
PORTD                             00000008
PORTE                             00000009
PR2                               00000092
PS0                               00000000
PS1                               00000001
PS2                               00000002
PSA                               00000003
PSPIE                             00000007
PSPIF                             00000007
PSPMODE                           00000004
R                                 00000002
RBIE                              00000003
RBIF                              00000000
RC8_9                             00000006
RC9                               00000006
RCD8                              00000000
RCEN                              00000003
RCIE                              00000005
MPASM  5.37                     BCDSAYICI.ASM   10-8-2018  21:42:07         PAGE  7


SYMBOL TABLE
  LABEL                             VALUE 

RCIF                              00000005
RCREG                             0000001A
RCSTA                             00000018
RD                                00000000
READ_WRITE                        00000002
RP0                               00000005
RP1                               00000006
RSEN                              00000001
RX9                               00000006
RX9D                              00000000
R_W                               00000002
S                                 00000003
SEN                               00000000
SIFIRMI                           00000022
SMP                               00000007
SPBRG                             00000099
SPEN                              00000007
SREN                              00000005
SSPADD                            00000093
SSPBUF                            00000013
SSPCON                            00000014
SSPCON2                           00000091
SSPEN                             00000005
SSPIE                             00000003
SSPIF                             00000003
SSPM0                             00000000
SSPM1                             00000001
SSPM2                             00000002
SSPM3                             00000003
SSPOV                             00000006
SSPSTAT                           00000094
STATUS                            00000003
SYNC                              00000004
T0CS                              00000005
T0IE                              00000005
T0IF                              00000002
T0SE                              00000004
T1CKPS0                           00000004
T1CKPS1                           00000005
T1CON                             00000010
T1INSYNC                          00000002
T1OSCEN                           00000003
T1SYNC                            00000002
T2CKPS0                           00000000
T2CKPS1                           00000001
T2CON                             00000012
TMR0                              00000001
TMR0IE                            00000005
TMR0IF                            00000002
TMR1CS                            00000001
TMR1H                             0000000F
TMR1IE                            00000000
TMR1IF                            00000000
MPASM  5.37                     BCDSAYICI.ASM   10-8-2018  21:42:07         PAGE  8


SYMBOL TABLE
  LABEL                             VALUE 

TMR1L                             0000000E
TMR1ON                            00000000
TMR2                              00000011
TMR2IE                            00000001
TMR2IF                            00000001
TMR2ON                            00000002
TOUTPS0                           00000003
TOUTPS1                           00000004
TOUTPS2                           00000005
TOUTPS3                           00000006
TRISA                             00000085
TRISB                             00000086
TRISC                             00000087
TRISD                             00000088
TRISE                             00000089
TRISE0                            00000000
TRISE1                            00000001
TRISE2                            00000002
TRMT                              00000001
TX8_9                             00000006
TX9                               00000006
TX9D                              00000000
TXD8                              00000000
TXEN                              00000005
TXIE                              00000004
TXIF                              00000004
TXREG                             00000019
TXSTA                             00000098
UA                                00000001
W                                 00000000
WCOL                              00000007
WR                                00000001
WREN                              00000002
WRERR                             00000003
Z                                 00000002
_BODEN_OFF                        00003FBF
_BODEN_ON                         00003FFF
_CPD_OFF                          00003FFF
_CPD_ON                           00003EFF
_CP_ALL                           00001FFF
_CP_OFF                           00003FFF
_DEBUG_OFF                        00003FFF
_DEBUG_ON                         000037FF
_HS_OSC                           00003FFE
_LP_OSC                           00003FFC
_LVP_OFF                          00003F7F
_LVP_ON                           00003FFF
_PWRTE_OFF                        00003FFF
_PWRTE_ON                         00003FF7
_RC_OSC                           00003FFF
_WDT_OFF                          00003FFB
_WDT_ON                           00003FFF
_WRT_1FOURTH                      00003BFF
MPASM  5.37                     BCDSAYICI.ASM   10-8-2018  21:42:07         PAGE  9


SYMBOL TABLE
  LABEL                             VALUE 

_WRT_256                          00003DFF
_WRT_HALF                         000039FF
_WRT_OFF                          00003FFF
_XT_OSC                           00003FFD
__16F877A                         00000001
__DEBUG                           1
anaprogram                        00000005
kesme                             00000004


MEMORY USAGE MAP ('X' = Used,  '-' = Unused)

0000 : X---XXXXXXXXXXXX XXXXXXXXXXXXXXXX XXXXXXXXXXXXXXXX XX--------------

All other memory blocks unused.

Program Memory Words Used:    47
Program Memory Words Free:  8145


Errors   :     0
Warnings :    48 reported,     0 suppressed
Messages :     3 reported,     0 suppressed

