Warning[205] C:\USERS\RAMAZ\ONEDRIVE\MASAüSTü\MIKROISLEMCI PROJELER\BCD SAYICI\BCDSAYICI.ASM 3 : Found directive in column 1. (ORG)
Warning[203] C:\USERS\RAMAZ\ONEDRIVE\MASAüSTü\MIKROISLEMCI PROJELER\BCD SAYICI\BCDSAYICI.ASM 4 : Found opcode in column 1. (goto)
Warning[205] C:\USERS\RAMAZ\ONEDRIVE\MASAüSTü\MIKROISLEMCI PROJELER\BCD SAYICI\BCDSAYICI.ASM 6 : Found directive in column 1. (ORG)
Warning[203] C:\USERS\RAMAZ\ONEDRIVE\MASAüSTü\MIKROISLEMCI PROJELER\BCD SAYICI\BCDSAYICI.ASM 9 : Found opcode in column 1. (retfie)
Warning[203] C:\USERS\RAMAZ\ONEDRIVE\MASAüSTü\MIKROISLEMCI PROJELER\BCD SAYICI\BCDSAYICI.ASM 12 : Found opcode in column 1. (BSF)
Warning[203] C:\USERS\RAMAZ\ONEDRIVE\MASAüSTü\MIKROISLEMCI PROJELER\BCD SAYICI\BCDSAYICI.ASM 13 : Found opcode in column 1. (MOVLW)
Warning[203] C:\USERS\RAMAZ\ONEDRIVE\MASAüSTü\MIKROISLEMCI PROJELER\BCD SAYICI\BCDSAYICI.ASM 14 : Found opcode in column 1. (MOVWF)
Message[302] C:\USERS\RAMAZ\ONEDRIVE\MASAüSTü\MIKROISLEMCI PROJELER\BCD SAYICI\BCDSAYICI.ASM 14 : Register in operand not in bank 0.  Ensure that bank bits are correct.
Warning[203] C:\USERS\RAMAZ\ONEDRIVE\MASAüSTü\MIKROISLEMCI PROJELER\BCD SAYICI\BCDSAYICI.ASM 15 : Found opcode in column 1. (MOVLW)
Warning[203] C:\USERS\RAMAZ\ONEDRIVE\MASAüSTü\MIKROISLEMCI PROJELER\BCD SAYICI\BCDSAYICI.ASM 16 : Found opcode in column 1. (MOVWF)
Message[302] C:\USERS\RAMAZ\ONEDRIVE\MASAüSTü\MIKROISLEMCI PROJELER\BCD SAYICI\BCDSAYICI.ASM 16 : Register in operand not in bank 0.  Ensure that bank bits are correct.
Warning[205] C:\USERS\RAMAZ\ONEDRIVE\MASAüSTü\MIKROISLEMCI PROJELER\BCD SAYICI\BCDSAYICI.ASM 18 : Found directive in column 1. (BANKSEL)
Warning[203] C:\USERS\RAMAZ\ONEDRIVE\MASAüSTü\MIKROISLEMCI PROJELER\BCD SAYICI\BCDSAYICI.ASM 19 : Found opcode in column 1. (CLRF)
Message[302] C:\USERS\RAMAZ\ONEDRIVE\MASAüSTü\MIKROISLEMCI PROJELER\BCD SAYICI\BCDSAYICI.ASM 19 : Register in operand not in bank 0.  Ensure that bank bits are correct.
Warning[205] C:\USERS\RAMAZ\ONEDRIVE\MASAüSTü\MIKROISLEMCI PROJELER\BCD SAYICI\BCDSAYICI.ASM 20 : Found directive in column 1. (BANKSEL)
Warning[203] C:\USERS\RAMAZ\ONEDRIVE\MASAüSTü\MIKROISLEMCI PROJELER\BCD SAYICI\BCDSAYICI.ASM 21 : Found opcode in column 1. (CLRF)
Warning[203] C:\USERS\RAMAZ\ONEDRIVE\MASAüSTü\MIKROISLEMCI PROJELER\BCD SAYICI\BCDSAYICI.ASM 24 : Found opcode in column 1. (BTFSS)
Warning[203] C:\USERS\RAMAZ\ONEDRIVE\MASAüSTü\MIKROISLEMCI PROJELER\BCD SAYICI\BCDSAYICI.ASM 25 : Found opcode in column 1. (GOTO)
Warning[203] C:\USERS\RAMAZ\ONEDRIVE\MASAüSTü\MIKROISLEMCI PROJELER\BCD SAYICI\BCDSAYICI.ASM 26 : Found opcode in column 1. (GOTO)
Warning[203] C:\USERS\RAMAZ\ONEDRIVE\MASAüSTü\MIKROISLEMCI PROJELER\BCD SAYICI\BCDSAYICI.ASM 30 : Found opcode in column 1. (BTFSS)
Warning[203] C:\USERS\RAMAZ\ONEDRIVE\MASAüSTü\MIKROISLEMCI PROJELER\BCD SAYICI\BCDSAYICI.ASM 31 : Found opcode in column 1. (GOTO)
Warning[203] C:\USERS\RAMAZ\ONEDRIVE\MASAüSTü\MIKROISLEMCI PROJELER\BCD SAYICI\BCDSAYICI.ASM 32 : Found opcode in column 1. (BTFSS)
Warning[203] C:\USERS\RAMAZ\ONEDRIVE\MASAüSTü\MIKROISLEMCI PROJELER\BCD SAYICI\BCDSAYICI.ASM 33 : Found opcode in column 1. (GOTO)
Warning[203] C:\USERS\RAMAZ\ONEDRIVE\MASAüSTü\MIKROISLEMCI PROJELER\BCD SAYICI\BCDSAYICI.ASM 34 : Found opcode in column 1. (MOVLW)
Warning[203] C:\USERS\RAMAZ\ONEDRIVE\MASAüSTü\MIKROISLEMCI PROJELER\BCD SAYICI\BCDSAYICI.ASM 35 : Found opcode in column 1. (MOVWF)
Warning[203] C:\USERS\RAMAZ\ONEDRIVE\MASAüSTü\MIKROISLEMCI PROJELER\BCD SAYICI\BCDSAYICI.ASM 36 : Found opcode in column 1. (GOTO)
Warning[203] C:\USERS\RAMAZ\ONEDRIVE\MASAüSTü\MIKROISLEMCI PROJELER\BCD SAYICI\BCDSAYICI.ASM 40 : Found opcode in column 1. (INCF)
Warning[203] C:\USERS\RAMAZ\ONEDRIVE\MASAüSTü\MIKROISLEMCI PROJELER\BCD SAYICI\BCDSAYICI.ASM 41 : Found opcode in column 1. (GOTO)
Warning[203] C:\USERS\RAMAZ\ONEDRIVE\MASAüSTü\MIKROISLEMCI PROJELER\BCD SAYICI\BCDSAYICI.ASM 45 : Found opcode in column 1. (BTFSS)
Warning[203] C:\USERS\RAMAZ\ONEDRIVE\MASAüSTü\MIKROISLEMCI PROJELER\BCD SAYICI\BCDSAYICI.ASM 46 : Found opcode in column 1. (GOTO)
Warning[203] C:\USERS\RAMAZ\ONEDRIVE\MASAüSTü\MIKROISLEMCI PROJELER\BCD SAYICI\BCDSAYICI.ASM 47 : Found opcode in column 1. (GOTO)
Warning[203] C:\USERS\RAMAZ\ONEDRIVE\MASAüSTü\MIKROISLEMCI PROJELER\BCD SAYICI\BCDSAYICI.ASM 50 : Found opcode in column 1. (BTFSS)
Warning[203] C:\USERS\RAMAZ\ONEDRIVE\MASAüSTü\MIKROISLEMCI PROJELER\BCD SAYICI\BCDSAYICI.ASM 51 : Found opcode in column 1. (GOTO)
Warning[203] C:\USERS\RAMAZ\ONEDRIVE\MASAüSTü\MIKROISLEMCI PROJELER\BCD SAYICI\BCDSAYICI.ASM 52 : Found opcode in column 1. (GOTO)
Warning[203] C:\USERS\RAMAZ\ONEDRIVE\MASAüSTü\MIKROISLEMCI PROJELER\BCD SAYICI\BCDSAYICI.ASM 56 : Found opcode in column 1. (BTFSC)
Warning[203] C:\USERS\RAMAZ\ONEDRIVE\MASAüSTü\MIKROISLEMCI PROJELER\BCD SAYICI\BCDSAYICI.ASM 57 : Found opcode in column 1. (GOTO)
Warning[203] C:\USERS\RAMAZ\ONEDRIVE\MASAüSTü\MIKROISLEMCI PROJELER\BCD SAYICI\BCDSAYICI.ASM 58 : Found opcode in column 1. (BTFSC)
Warning[203] C:\USERS\RAMAZ\ONEDRIVE\MASAüSTü\MIKROISLEMCI PROJELER\BCD SAYICI\BCDSAYICI.ASM 59 : Found opcode in column 1. (GOTO)
Warning[203] C:\USERS\RAMAZ\ONEDRIVE\MASAüSTü\MIKROISLEMCI PROJELER\BCD SAYICI\BCDSAYICI.ASM 60 : Found opcode in column 1. (BTFSC)
Warning[203] C:\USERS\RAMAZ\ONEDRIVE\MASAüSTü\MIKROISLEMCI PROJELER\BCD SAYICI\BCDSAYICI.ASM 61 : Found opcode in column 1. (GOTO)
Warning[203] C:\USERS\RAMAZ\ONEDRIVE\MASAüSTü\MIKROISLEMCI PROJELER\BCD SAYICI\BCDSAYICI.ASM 62 : Found opcode in column 1. (BTFSC)
Warning[203] C:\USERS\RAMAZ\ONEDRIVE\MASAüSTü\MIKROISLEMCI PROJELER\BCD SAYICI\BCDSAYICI.ASM 63 : Found opcode in column 1. (GOTO)
Warning[203] C:\USERS\RAMAZ\ONEDRIVE\MASAüSTü\MIKROISLEMCI PROJELER\BCD SAYICI\BCDSAYICI.ASM 64 : Found opcode in column 1. (MOVLW)
Warning[203] C:\USERS\RAMAZ\ONEDRIVE\MASAüSTü\MIKROISLEMCI PROJELER\BCD SAYICI\BCDSAYICI.ASM 65 : Found opcode in column 1. (MOVWF)
Warning[203] C:\USERS\RAMAZ\ONEDRIVE\MASAüSTü\MIKROISLEMCI PROJELER\BCD SAYICI\BCDSAYICI.ASM 66 : Found opcode in column 1. (GOTO)
Warning[203] C:\USERS\RAMAZ\ONEDRIVE\MASAüSTü\MIKROISLEMCI PROJELER\BCD SAYICI\BCDSAYICI.ASM 69 : Found opcode in column 1. (DECF)
Warning[203] C:\USERS\RAMAZ\ONEDRIVE\MASAüSTü\MIKROISLEMCI PROJELER\BCD SAYICI\BCDSAYICI.ASM 70 : Found opcode in column 1. (GOTO)
Warning[203] C:\USERS\RAMAZ\ONEDRIVE\MASAüSTü\MIKROISLEMCI PROJELER\BCD SAYICI\BCDSAYICI.ASM 74 : Found opcode in column 1. (BTFSS)
Warning[203] C:\USERS\RAMAZ\ONEDRIVE\MASAüSTü\MIKROISLEMCI PROJELER\BCD SAYICI\BCDSAYICI.ASM 75 : Found opcode in column 1. (GOTO)
Warning[203] C:\USERS\RAMAZ\ONEDRIVE\MASAüSTü\MIKROISLEMCI PROJELER\BCD SAYICI\BCDSAYICI.ASM 76 : Found opcode in column 1. (GOTO)
Warning[205] C:\USERS\RAMAZ\ONEDRIVE\MASAüSTü\MIKROISLEMCI PROJELER\BCD SAYICI\BCDSAYICI.ASM 80 : Found directive in column 1. (END)
